#
# A fatal error has been detected by the Java Runtime Environment:
#
#  SIGSEGV (0xb) at pc=0x0000000000000000, pid=6913, tid=6952
#
# JRE version: OpenJDK Runtime Environment Temurin-25.0.1+8 (25.0.1+8) (build 25.0.1+8-LTS)
# Java VM: OpenJDK 64-Bit Server VM Temurin-25.0.1+8 (25.0.1+8-LTS, mixed mode, sharing, tiered, compressed oops, compressed class ptrs, g1 gc, linux-amd64)
# Problematic frame:
# V  [libjvm.so+0x8d36b4]  G1CMRootRegionScanTask::work(unsigned int)+0x114
#
# Core dump will be written. Default location: Core dumps may be processed with "/usr/lib/systemd/systemd-coredump %P %u %g %s %t %c %h" (or dumping to /home/bilal/NetBeansProjects/Project-UAS-PBO-Restaurant/core.6913)
#
# If you would like to submit a bug report, please visit:
#   https://github.com/adoptium/adoptium-support/issues
#

---------------  S U M M A R Y ------------

Command Line: --enable-native-access=ALL-UNNAMED -Dclassworlds.conf=/usr/lib/apache-netbeans/java/maven/bin/m2.conf -Dmaven.home=/usr/lib/apache-netbeans/java/maven -Dlibrary.jansi.path=/usr/lib/apache-netbeans/java/maven/lib/jansi-native -Dmaven.multiModuleProjectDirectory=/home/bilal/NetBeansProjects/Project-UAS-PBO-Restaurant org.codehaus.plexus.classworlds.launcher.Launcher -Dnetbeans.deploy.debugmode=true -Dnetbeans.deploy=true -Dexec.vmArgs= -Dexec.appArgs= -Dmaven.ext.class.path=/usr/lib/apache-netbeans/java/maven-nblib/netbeans-eventspy.jar --no-transfer-progress package

Host: AMD Ryzen 5 3500U with Radeon Vega Mobile Gfx, 8 cores, 17G, Fedora release 42 (Adams)
Time: Tue Jan 13 07:38:31 2026 WIB elapsed time: 6.931640 seconds (0d 0h 0m 6s)

---------------  T H R E A D  ---------------

Current thread (0x00007fafbc061700):  WorkerThread "G1 Conc#0"      [id=6952, stack(0x00007fafc21ba000,0x00007fafc22ba000) (1024K)]

Stack: [0x00007fafc21ba000,0x00007fafc22ba000],  sp=0x00007fafc22b8d30,  free space=1019k
Native frames: (J=compiled Java code, j=interpreted, Vv=VM code, C=native code)
V  [libjvm.so+0x8d36b4]  G1CMRootRegionScanTask::work(unsigned int)+0x114
V  [libjvm.so+0x123e1f0]  WorkerThread::run()+0x80
V  [libjvm.so+0x116ab9f]  Thread::call_run()+0x9f
V  [libjvm.so+0xe71cc6]  thread_native_entry(Thread*)+0xd6
C  [libc.so.6+0x71f14]  start_thread+0x2e4

siginfo: si_signo: 11 (SIGSEGV), si_code: 1 (SEGV_MAPERR), si_addr: 0x0000000000000000

Registers:
RAX=0x00007fafc58e27f0, RBX=0x00000006e8400000, RCX=0x0000000000000030, RDX=0x000000001c327922
RSP=0x00007fafc22b8d28, RBP=0x00007fafc22b8dc0, RSI=0x00000006e80bd900, RDI=0x00007fafc22b8d60
R8 =0x0000000000000007, R9 =0x00007fafa43f0110, R10=0x0000000000000001, R11=0x000000001c3e0160
R12=0x00007fafc5920040, R13=0x00007fafc22b8d60, R14=0x0000000000000240, R15=0x00000006e80cd900
RIP=0x0000000000000000, EFLAGS=0x0000000000010216, CSGSFS=0x002b000000000033, ERR=0x0000000000000014
  TRAPNO=0x000000000000000e

XMM[0]=0x00007fafbc0527d0 0x00007fafbc03e870
XMM[1]=0x0000000000000000 0x00007fafbc0527d0
XMM[2]=0x0000000000000000 0x00000000000000ff
XMM[3]=0x0000000000000000 0x00000000000000ff
XMM[4]=0x00007fafbc061700 0x0000000000000000
XMM[5]=0x00007faf94000ba0 0x0000000000100000
XMM[6]=0x00007fafc5cc6c17 0x00007fafc22b8e40
XMM[7]=0x0000000000000008 0x0000000000000004
XMM[8]=0x202c746e637a6c20 0x2c746e63706f7020
XMM[9]=0x0020202020202020 0x2000202020202020
XMM[10]=0x3f3f3f3f3f3f3f3f 0x3f3f3f3f3f3f3f3f
XMM[11]=0x9999999999999999 0x9999999999999999
XMM[12]=0x2020202020202020 0x2020202020202020
XMM[13]=0x0000000000000000 0x0000000000000000
XMM[14]=0x0000000000000000 0x0000000000000000
XMM[15]=0xcafebabecafebabe 0xcafebabecafebabe
  MXCSR=0x00001fa2


Register to memory mapping:

RAX=0x00007fafc58e27f0: <offset 0x00000000016e27f0> in /usr/lib/apache-netbeans/jdk/lib/server/libjvm.so at 0x00007fafc4200000
RBX=0x00000006e8400000 is an oop: [B 
{0x00000006e8400000} - klass: {type array byte} - flags: is_cloneable_fast 

 - length: 44
 -   0: 54 T
 -   1: 6f o
 -   2: 6f o
 -   3: 20  
 -   4: 6d m
 -   5: 61 a
 -   6: 6e n
 -   7: 79 y
 -   8: 20  
 -   9: 70 p
 -  10: 61 a
 -  11: 72 r
 -  12: 61 a
 -  13: 6d m
 -  14: 65 e
 -  15: 74 t
 -  16: 65 e
 -  17: 72 r
 -  18: 73 s
 -  19: 20  
 -  20: 66 f
 -  21: 6f o
 -  22: 72 r
 -  23: 20  
 -  24: 61 a
 -  25: 6e n
 -  26: 20  
 -  27: 61 a
 -  28: 6e n
 -  29: 6e n
 -  30: 6f o
 -  31: 74 t
 -  32: 61 a
 -  33: 74 t
 -  34: 69 i
 -  35: 6f o
 -  36: 6e n
 -  37: 20  
 -  38: 6d m
 -  39: 65 e
 -  40: 74 t
 -  41: 68 h
 -  42: 6f o
 -  43: 64 d
RCX=0x0000000000000030 is an unknown value
RDX=0x000000001c327922 is pointing into metadata
RSP=0x00007fafc22b8d28 points into unknown readable memory: 0x00007fafc4ad36b4 | b4 36 ad c4 af 7f 00 00
RBP=0x00007fafc22b8dc0 points into unknown readable memory: 0x00007fafc22b8e10 | 10 8e 2b c2 af 7f 00 00
RSI=0x00000006e80bd900 is an unknown heap location
RDI=0x00007fafc22b8d60 points into unknown readable memory: 0x00007fafc57ff5d8 | d8 f5 7f c5 af 7f 00 00
R8 =0x0000000000000007 is an unknown value
R9 =0x00007fafa43f0110 points into unknown readable memory: 0x4891224489122440 | 40 24 12 89 44 22 91 48
R10=0x0000000000000001 is an unknown value
R11=0x000000001c3e0160 is pointing into metadata
R12=0x00007fafc5920040: <offset 0x0000000001720040> in /usr/lib/apache-netbeans/jdk/lib/server/libjvm.so at 0x00007fafc4200000
R13=0x00007fafc22b8d60 points into unknown readable memory: 0x00007fafc57ff5d8 | d8 f5 7f c5 af 7f 00 00
R14=0x0000000000000240 is an unknown value
R15=0x00000006e80cd900 is an oop: java.lang.classfile.Opcode 
{0x00000006e80cd900} - klass: 'java/lang/classfile/Opcode' - flags: 

 - ---- fields (total size 5 words):
 - private final 'ordinal' 'I' @12  158 (0x0000009e)
 - private 'hash' 'I' @16  0 (0x00000000)
 - private final 'name' 'Ljava/lang/String;' @20  "IFLE"{0x00000007ffc54a18} (0xfff8a943)
 - private final 'kind' 'Ljava/lang/classfile/Opcode$Kind;' @24  a 'java/lang/classfile/Opcode$Kind'{0x00000006e80b26e8} (0xdd0164dd)
 - private final 'bytecode' 'I' @28  158 (0x0000009e)
 - private final 'sizeIfFixed' 'I' @32  3 (0x00000003)

Top of Stack: (sp=0x00007fafc22b8d28)
0x00007fafc22b8d28:   00007fafc4ad36b4 00007fafbc052848   .6......H(......
0x00007fafc22b8d38:   00000006e80b9560 000000001c1830e0   `........0......
0x00007fafc22b8d48:   00000001c5b062fb 00007fafc23b9bc0   .b........;.....
0x00007fafc22b8d58:   00007fafbc0527d0 00007fafc57ff5d8   .'..............
0x00007fafc22b8d68:   0000000000000000 00007faf00000003   ................
0x00007fafc22b8d78:   00007fafbc03e870 00007fafbc0527d0   p........'......
0x00007fafc22b8d88:   0000000000000001 00007fafc22b8db0   ..........+.....
0x00007fafc22b8d98:   00007fafbc0616a8 00007fafc22b8ddc   ..........+.....
0x00007fafc22b8da8:   00007fafbc061700 0000000000000001   ................
0x00007fafc22b8db8:   0000000000000001 00007fafc22b8e10   ..........+.....
0x00007fafc22b8dc8:   00007fafc543e1f0 00007fafc22b8e10   ..C.......+.....
0x00007fafc22b8dd8:   ffffffffc506fa72 23636e6f43203147   r.......G1 Conc#
0x00007fafc22b8de8:   00007fafbc061700 00007fafc21ba000   ................
0x00007fafc22b8df8:   0000000000100000 00007fafc22b9cdc   ..........+.....
0x00007fafc22b8e08:   00007fafc41fc777 00007fafc22b8e70   w.......p.+.....
0x00007fafc22b8e18:   00007fafc536ab9f 00007fafc22b96c0   ..6.......+.....
0x00007fafc22b8e28:   00007fafbc061700 00007fafbc062690   .........&......
0x00007fafc22b8e38:   0000000000000000 00007fafc22b8e70   ........p.+.....
0x00007fafc22b8e48:   00007fafc501ab29 00007fafc22b8e70   ).......p.+.....
0x00007fafc22b8e58:   00007fafbc0625c0 00007fafbc062690   .%.......&......
0x00007fafc22b8e68:   00007fafbc061700 00007fafc22b8ea0   ..........+.....
0x00007fafc22b8e78:   00007fafc5071cc6 0000000000000000   ................
0x00007fafc22b8e88:   00007fafc22b96c0 00007fafc22b96c0   ..+.......+.....
0x00007fafc22b8e98:   00007fafc41fc670 00007fafc22b8f70   p.......p.+.....
0x00007fafc22b8ea8:   00007fafc5afdf14 0000000000000000   ................
0x00007fafc22b8eb8:   0000000000000000 0000000000000000   ................
0x00007fafc22b8ec8:   0000008000000000 ffffffffffffff40   ........@.......
0x00007fafc22b8ed8:   0000000000000000 0000000000000020   ........ .......
0x00007fafc22b8ee8:   00007fafc22b96c0 00007fafc22b96c0   ..+.......+.....
0x00007fafc22b8ef8:   510917967ec20cf6 00007fafc22b96c0   ...~...Q..+.....
0x00007fafc22b8f08:   00007fafc41fc670 0000000000000016   p...............
0x00007fafc22b8f18:   00007fafc41fc777 510917967d420cf6   w.........B}...Q

Instructions: (pc=0x00007fafc4ad36b4)
  0x00007fafc4ad35b4:   49 8b 51 78 49 8b 41 70 48 39 c2 0f 83 77 02 00
  0x00007fafc4ad35c4:   00 4d 8d 51 78 b8 01 00 00 00 f0 49 0f c1 02 49
  0x00007fafc4ad35d4:   8b 51 70 48 39 d0 0f 83 5c 02 00 00 48 c1 e0 04
  0x00007fafc4ad35e4:   49 03 41 60 0f 84 4e 02 00 00 55 48 89 f9 48 89
  0x00007fafc4ad35f4:   e5 41 57 4d 89 cf 41 56 41 55 4c 8d 6d a0 41 54
  0x00007fafc4ad3604:   4c 8d 25 35 ca e4 00 53 48 83 ec 68 4c 89 95 70
  0x00007fafc4ad3614:   ff ff ff 89 75 8c 66 0f 1f 44 00 00 48 8b 51 18
  0x00007fafc4ad3624:   48 8d 1d ad bf d2 00 48 89 5d a0 8b 5d 8c f3 0f
  0x00007fafc4ad3634:   7e 42 08 66 48 0f 6e ca 48 c7 45 a8 00 00 00 00
  0x00007fafc4ad3644:   89 5d c8 48 8d 1d a2 fd e0 00 66 0f 6c c1 c7 45
  0x00007fafc4ad3654:   b0 03 00 00 00 0f 11 45 b8 48 8b 30 48 8b 40 08
  0x00007fafc4ad3664:   4c 8b 33 48 8d 1c c6 48 39 de 0f 83 d1 00 00 00
  0x00007fafc4ad3674:   4c 89 7d 98 48 89 4d 90 eb 42 66 90 f6 c1 01 74
  0x00007fafc4ad3684:   1a 48 8b 02 48 8d 3d 21 55 be ff 48 8b 80 00 01
  0x00007fafc4ad3694:   00 00 48 39 f8 0f 85 79 01 00 00 c1 f9 03 48 63
  0x00007fafc4ad36a4:   c9 4c 8d 3c ce 0f b7 4a 0c 4c 89 ef 41 ff 14 cc
=>0x00007fafc4ad36b4:   49 39 df 0f 83 80 00 00 00 4c 89 fe 42 0f 18 0c
  0x00007fafc4ad36c4:   36 48 8d 05 f4 cd e1 00 8b 00 85 c0 0f 84 ea 00
  0x00007fafc4ad36d4:   00 00 83 f8 01 0f 84 b9 00 00 00 48 8b 56 08 8b
  0x00007fafc4ad36e4:   4a 08 85 c9 7f 96 0f 84 e0 00 00 00 48 8d 05 b5
  0x00007fafc4ad36f4:   fb e0 00 8b 38 48 8d 05 5c 13 e8 00 48 63 00 44
  0x00007fafc4ad3704:   8d 47 ff f7 df 4d 63 c0 48 63 ff 48 63 04 06 48
  0x00007fafc4ad3714:   d3 e0 c1 f9 10 4c 01 c0 0f b6 c9 48 01 c8 0f b7
  0x00007fafc4ad3724:   4a 0c 48 21 f8 4c 89 ef 48 83 e0 f8 4c 8d 3c 06
  0x00007fafc4ad3734:   41 ff 14 cc 49 39 df 72 80 4c 8b 7d 98 48 8b 4d
  0x00007fafc4ad3744:   90 41 0f b6 87 81 00 00 00 84 c0 75 35 49 8b 57
  0x00007fafc4ad3754:   78 49 8b 47 70 48 39 c2 73 28 48 8b 9d 70 ff ff
  0x00007fafc4ad3764:   ff b8 01 00 00 00 f0 48 0f c1 03 49 8b 57 70 48
  0x00007fafc4ad3774:   39 d0 73 0e 48 c1 e0 04 49 03 47 60 0f 85 9a fe
  0x00007fafc4ad3784:   ff ff 48 83 c4 68 5b 41 5c 41 5d 41 5e 41 5f 5d
  0x00007fafc4ad3794:   c3 0f 1f 00 8b 56 08 48 8d 05 46 f0 e0 00 8b 08
  0x00007fafc4ad37a4:   48 8d 05 45 f0 e0 00 48 d3 e2 48 03 10 e9 2d ff


Stack slot to memory mapping:

stack at sp + 0 slots: 0x00007fafbc052848 points into unknown readable memory: 0x0000000000000006 | 06 00 00 00 00 00 00 00
stack at sp + 1 slots: 0x00000006e80b9560 is an oop: java.lang.Class 
{0x00000006e80b9560} - klass: 'java/lang/Class' - flags: 

 - ---- fields (total size 15 words):
 - private volatile transient 'classRedefinedCount' 'I' @12  0 (0x00000000)
 - injected 'klass' 'J' @16  486539776 (0x000000001d000200)
 - injected 'array_klass' 'J' @24  0 (0x0000000000000000)
 - injected 'oop_size' 'I' @32  15 (0x0000000f)
 - injected 'static_oop_field_count' 'I' @36  0 (0x00000000)
 - private final transient 'modifiers' 'C' @40    1041 (0x0411)
 - private final transient 'primitive' 'Z' @42  false (0x00)
 - private volatile transient 'cachedConstructor' 'Ljava/lang/reflect/Constructor;' @44  null (0x00000000)
 - private transient 'name' 'Ljava/lang/String;' @48  null (0x00000000)
 - private transient 'module' 'Ljava/lang/Module;' @52  a 'java/lang/Module'{0x00000006e8004cc8} (0xdd000999)
 - private final 'classLoader' 'Ljava/lang/ClassLoader;' @56  null (0x00000000)
 - private transient 'classData' 'Ljava/lang/Object;' @60  null (0x00000000)
 - private transient 'signers' '[Ljava/lang/Object;' @64  null (0x00000000)
 - private transient 'packageName' 'Ljava/lang/String;' @68  null (0x00000000)
 - private final transient 'componentType' 'Ljava/lang/Class;' @72  a 'java/lang/Class'{0x00000007ffc81790} = 'java/net/URL' (0xfff902f2)
 - private final transient 'protectionDomain' 'Ljava/security/ProtectionDomain;' @76  null (0x00000000)
 - private volatile transient 'reflectionData' 'Ljava/lang/ref/SoftReference;' @80  null (0x00000000)
 - private volatile transient 'genericInfo' 'Lsun/reflect/generics/repository/ClassRepository;' @84  null (0x00000000)
 - private volatile transient 'enumConstants' '[Ljava/lang/Object;' @88  null (0x00000000)
 - private volatile transient 'enumConstantDirectory' 'Ljava/util/Map;' @92  null (0x00000000)
 - private volatile transient 'annotationData' 'Ljava/lang/Class$AnnotationData;' @96  null (0x00000000)
 - private volatile transient 'annotationType' 'Lsun/reflect/annotation/AnnotationType;' @100  null (0x00000000)
 - transient 'classValueMap' 'Ljava/lang/ClassValue$ClassValueMap;' @104  null (0x00000000)
 - injected 'source_file' 'Ljava/lang/Object;' @108  null (0x00000000)
 - injected '<init_lock>' 'Ljava/lang/Object;' @112  null (0x00000000)
 - signature: [Ljava/net/URL;
stack at sp + 2 slots: 0x000000001c1830e0 is a pointer to class: 
java.lang.Class {0x000000001c1830e0}
 - instance size:     15
 - klass size:        97
 - access:            public final synchronized 
 - flags:             rewritten has_nonstatic_fields has_nonstatic_concrete_methods defined_by_boot_loader has_localvariable_table has_resolved_methods 
 - state:             fully_initialized
 - name:              'java/lang/Class'
 - super:             'java/lang/Object'
 - sub:               
 - arrays:            'java/lang/Class'[]
 - methods:           Array<T>(0x000000001c72ba40)
 - method ordering:   Array<T>(0x000000001c67b060)
 - local interfaces:  Array<T>(0x000000001c7318b8)
 - trans. interfaces: Array<T>(0x000000001c7318f0)
 - secondary supers: Array<T>(0x000000001c7279d8)
 - hash_slot:         25
 - secondary bitmap: 0x8002040300880000
 - constants:         constant pool [1652]/operands[42] {0x000000001c728510} for 'java/lang/Class' cache=0x000000001c185090
 - class loader data:  loader data: 0x00007fafbc0a7f90 of 'bootstrap'
 - source file:       'Class.java'
 - field annotations:       Array<T>(0x000000001c72b918)
 - generic signature: '<T:Ljava/lang/Object;>Ljava/lang/Object;Ljava/io/Serializable;Ljava/lang/reflect/GenericDeclaration;Ljava/lang/reflect/Type;Ljava/lang/reflect/AnnotatedElement;Ljava/lang/invoke/TypeDescriptor$OfField<Ljava/lang/Class<*>;>;Ljava/lang/constant/Constable;'
 - inner classes:     Array<T>(0x000000001c67a478)
 - nest members:     Array<T>(0x000000001c67b448)
 - permitted subclasses:     Array<T>(0x000000001c678420)
 - java mirror:       a 'java/lang/Class'{0x00000007ffc7d588} = 'java/lang/Class'
 - vtable length      5  (start addr: 0x000000001c1832b8)
 - itable length      32 (start addr: 0x000000001c1832e0)
 - ---- static fields (5 words):
 - private static final 'ANNOTATION' 'I' @144 
 - private static final 'ENUM' 'I' @148 
 - private static final 'SYNTHETIC' 'I' @152 
 - private static final 'EMPTY_CLASS_ARRAY' '[Ljava/lang/Class;' @120 
 - private static final 'serialVersionUID' 'J' @136 
 - private static final 'serialPersistentFields' '[Ljava/io/ObjectStreamField;' @124 
 - private static 'reflectionFactory' 'Ljdk/internal/reflect/ReflectionFactory;' @128 
 - ---- non-static fields (26 words):
 - private volatile transient 'classRedefinedCount' 'I' @12 
 - injected 'klass' 'J' @16 
 - injected 'array_klass' 'J' @24 
 - injected 'oop_size' 'I' @32 
 - injected 'static_oop_field_count' 'I' @36 
 - private final transient 'modifiers' 'C' @40 
 - private final transient 'primitive' 'Z' @42 
 - private volatile transient 'cachedConstructor' 'Ljava/lang/reflect/Constructor;' @44 
 - private transient 'name' 'Ljava/lang/String;' @48 
 - private transient 'module' 'Ljava/lang/Module;' @52 
 - private final 'classLoader' 'Ljava/lang/ClassLoader;' @56 
 - private transient 'classData' 'Ljava/lang/Object;' @60 
 - private transient 'signers' '[Ljava/lang/Object;' @64 
 - private transient 'packageName' 'Ljava/lang/String;' @68 
 - private final transient 'componentType' 'Ljava/lang/Class;' @72 
 - private final transient 'protectionDomain' 'Ljava/security/ProtectionDomain;' @76 
 - private volatile transient 'reflectionData' 'Ljava/lang/ref/SoftReference;' @80 
 - private volatile transient 'genericInfo' 'Lsun/reflect/generics/repository/ClassRepository;' @84 
 - private volatile transient 'enumConstants' '[Ljava/lang/Object;' @88 
 - private volatile transient 'enumConstantDirectory' 'Ljava/util/Map;' @92 
 - private volatile transient 'annotationData' 'Ljava/lang/Class$AnnotationData;' @96 
 - private volatile transient 'annotationType' 'Lsun/reflect/annotation/AnnotationType;' @100 
 - transient 'classValueMap' 'Ljava/lang/ClassValue$ClassValueMap;' @104 
 - injected 'source_file' 'Ljava/lang/Object;' @108 
 - injected '<init_lock>' 'Ljava/lang/Object;' @112 
 - non-static oop maps (1 entries): 44-112 
 - ---- field info search table:
   [0] #22,#23 = modifiers:C @ 0x1c4ad068,0x1c4b1730
   [2] #350,#351 = name:Ljava/lang/String; @ 0x1c4aeae8,0x1c4b1ea8
   [4] #797,#798 = classRedefinedCount:I @ 0x1c4b5558,0x1c4b1748
   [6] #14,#15 = classLoader:Ljava/lang/ClassLoader; @ 0x1c4b5578,0x1c4b1e38
   [8] #18,#19 = componentType:Ljava/lang/Class; @ 0x1c4b5590,0x1c4b1e90
   [10] #1270,#1271 = serialPersistentFields:[Ljava/io/ObjectStreamField; @ 0x1c4b8340,0x1c4b8360
   [12] #1294,#1295 = serialVersionUID:J @ 0x1c4b8428,0x1c4b1750
   [14] #26,#27 = protectionDomain:Ljava/security/ProtectionDomain; @ 0x1c4ba3a8,0x1c4ad478
   [16] #30,#31 = primitive:Z @ 0x1c4ba3c0,0x1c4b1760
   [18] #286,#287 = cachedConstructor:Ljava/lang/reflect/Constructor; @ 0x1c4ba930,0x1c4ba948
   [20] #357,#358 = module:Ljava/lang/Module; @ 0x1c4bac08,0x1c4b1f50
   [22] #361,#362 = classData:Ljava/lang/Object; @ 0x1c4bac18,0x1c4b1e58
   [24] #380,#351 = packageName:Ljava/lang/String; @ 0x1c4bad20,0x1c4b1ea8
   [26] #402,#794 = reflectionData:Ljava/lang/ref/SoftReference; @ 0x1c4bad80,0x1c4ad450
   [28] #448,#449 = signers:[Ljava/lang/Object; @ 0x1c4baf80,0x1c4b1e70
   [30] #833,#834 = genericInfo:Lsun/reflect/generics/repository/ClassRepository; @ 0x1c4bc228,0x1c4bc240
   [32] #925,#409 = EMPTY_CLASS_ARRAY:[Ljava/lang/Class; @ 0x1c4bc6e0,0x1c4b1e20
   [34] #965,#966 = reflectionFactory:Ljdk/internal/reflect/ReflectionFactory; @ 0x1c4bc8a8,0x1c4bc8c0
   [36] #973,#449 = enumConstants:[Ljava/lang/Object; @ 0x1c4bc910,0x1c4b1e70
   [38] #990,#952 = enumConstantDirectory:Ljava/util/Map; @ 0x1c4bc938,0x1c4bc860
   [40] #1027,#1063 = annotationData:Ljava/lang/Class$AnnotationData; @ 0x1c4bca18,0x1c4bccb0
   [42] #1148,#1149 = annotationType:Lsun/reflect/annotation/AnnotationType; @ 0x1c4bd078,0x1c4bd090
   [44] #1280,#798 = ANNOTATION:I @ 0x1c4bd638,0x1c4b1748
   [46] #1283,#798 = ENUM:I @ 0x1c4bd648,0x1c4b1748
   [48] #1285,#798 = SYNTHETIC:I @ 0x1c4bd658,0x1c4b1748
   [50] #1300,#1301 = classValueMap:Ljava/lang/ClassValue$ClassValueMap; @ 0x1c4bd768,0x1c4bd780
stack at sp + 3 slots: 0x00000001c5b062fb is an unknown value
stack at sp + 4 slots: 0x00007fafc23b9bc0 points into unknown readable memory: 0x00007fafc57ff710 | 10 f7 7f c5 af 7f 00 00
stack at sp + 5 slots: 0x00007fafbc0527d0 points into unknown readable memory: 0x00007fafbc060530 | 30 05 06 bc af 7f 00 00
stack at sp + 6 slots: 0x00007fafc57ff5d8: <offset 0x00000000015ff5d8> in /usr/lib/apache-netbeans/jdk/lib/server/libjvm.so at 0x00007fafc4200000
stack at sp + 7 slots: 0x0 is null


---------------  P R O C E S S  ---------------

Threads class SMR info:
_java_thread_list=0x00007fafbcd81b20, length=20, elements={
0x00007fafbc02b6f0, 0x00007fafbc0c8d50, 0x00007fafbc0c9f40, 0x00007fafbc0cbab0,
0x00007fafbc0cd3d0, 0x00007fafbc0cec50, 0x00007fafbc0d0a50, 0x00007fafbc0d2440,
0x00007fafbc10b180, 0x00007fafbc10dad0, 0x00007faf546f7660, 0x00007faf5470d010,
0x00007fafbcd78d80, 0x00007fafbcd79630, 0x00007fafbcd79ff0, 0x00007fafbcd7b050,
0x00007fafbcd7c6e0, 0x00007fafbcd7db30, 0x00007fafbcd7ee90, 0x00007fafbcd80300
}

Java Threads: ( => current thread )
  0x00007fafbc02b6f0 JavaThread "main"                              [_thread_in_native, id=6949, stack(0x00007fafc4100000,0x00007fafc4200000) (1024K)]
  0x00007fafbc0c8d50 JavaThread "Reference Handler"          daemon [_thread_blocked, id=6960, stack(0x00007fafc157b000,0x00007fafc167b000) (1024K)]
  0x00007fafbc0c9f40 JavaThread "Finalizer"                  daemon [_thread_blocked, id=6961, stack(0x00007fafc125c000,0x00007fafc135c000) (1024K)]
  0x00007fafbc0cbab0 JavaThread "Signal Dispatcher"          daemon [_thread_blocked, id=6962, stack(0x00007fafc115c000,0x00007fafc125c000) (1024K)]
  0x00007fafbc0cd3d0 JavaThread "Service Thread"             daemon [_thread_blocked, id=6963, stack(0x00007fafc105c000,0x00007fafc115c000) (1024K)]
  0x00007fafbc0cec50 JavaThread "Monitor Deflation Thread"   daemon [_thread_blocked, id=6964, stack(0x00007fafc0f5c000,0x00007fafc105c000) (1024K)]
  0x00007fafbc0d0a50 JavaThread "C2 CompilerThread0"         daemon [_thread_in_native, id=6965, stack(0x00007fafc0e5c000,0x00007fafc0f5c000) (1024K)]
  0x00007fafbc0d2440 JavaThread "C1 CompilerThread0"         daemon [_thread_in_native, id=6966, stack(0x00007fafc0d5c000,0x00007fafc0e5c000) (1024K)]
  0x00007fafbc10b180 JavaThread "Notification Thread"        daemon [_thread_blocked, id=6967, stack(0x00007fafc0c1a000,0x00007fafc0d1a000) (1024K)]
  0x00007fafbc10dad0 JavaThread "Common-Cleaner"             daemon [_thread_blocked, id=6968, stack(0x00007fafc0b1a000,0x00007fafc0c1a000) (1024K)]
  0x00007faf546f7660 JavaThread "C2 CompilerThread1"         daemon [_thread_in_native, id=6978, stack(0x00007fafc09fc000,0x00007fafc0afc000) (1024K)]
  0x00007faf5470d010 JavaThread "C2 CompilerThread2"         daemon [_thread_in_native, id=6979, stack(0x00007fafc08fc000,0x00007fafc09fc000) (1024K)]
  0x00007fafbcd78d80 JavaThread "pool-2-thread-1"                   [_thread_in_native, id=6986, stack(0x00007faf9dafe000,0x00007faf9dbfe000) (1024K)]
  0x00007fafbcd79630 JavaThread "pool-2-thread-2"                   [_thread_in_native, id=6987, stack(0x00007faf9d8fd000,0x00007faf9d9fd000) (1024K)]
  0x00007fafbcd79ff0 JavaThread "pool-2-thread-3"                   [_thread_in_native, id=6988, stack(0x00007faf9d7fd000,0x00007faf9d8fd000) (1024K)]
  0x00007fafbcd7b050 JavaThread "pool-2-thread-4"                   [_thread_in_native, id=6989, stack(0x00007faf9d6fd000,0x00007faf9d7fd000) (1024K)]
  0x00007fafbcd7c6e0 JavaThread "pool-2-thread-5"                   [_thread_in_native, id=6990, stack(0x00007faf9d5fd000,0x00007faf9d6fd000) (1024K)]
  0x00007fafbcd7db30 JavaThread "pool-2-thread-6"                   [_thread_in_native, id=6991, stack(0x00007faf9d4fd000,0x00007faf9d5fd000) (1024K)]
  0x00007fafbcd7ee90 JavaThread "pool-2-thread-7"                   [_thread_in_native, id=6992, stack(0x00007faf9d3fd000,0x00007faf9d4fd000) (1024K)]
  0x00007fafbcd80300 JavaThread "pool-2-thread-8"                   [_thread_in_native, id=6993, stack(0x00007faf9d2fd000,0x00007faf9d3fd000) (1024K)]
Total: 20

Other Threads:
  0x00007fafbc0befb0 VMThread "VM Thread"                           [id=6959, stack(0x00007fafc147a000,0x00007fafc157a000) (1024K)]
  0x00007fafbc0aea70 WatcherThread "VM Periodic Task Thread"        [id=6958, stack(0x00007fafc167c000,0x00007fafc177c000) (1024K)]
  0x00007fafbc051b90 WorkerThread "GC Thread#0"                     [id=6950, stack(0x00007fafc23bc000,0x00007fafc24bc000) (1024K)]
  0x00007faf78007c90 WorkerThread "GC Thread#1"                     [id=6973, stack(0x00007fafc0500000,0x00007fafc0600000) (1024K)]
  0x00007faf78008680 WorkerThread "GC Thread#2"                     [id=6974, stack(0x00007fafc03ff000,0x00007fafc04ff000) (1024K)]
  0x00007faf78009210 WorkerThread "GC Thread#3"                     [id=6975, stack(0x00007fafc02fe000,0x00007fafc03fe000) (1024K)]
  0x00007faf78009f70 WorkerThread "GC Thread#4"                     [id=6976, stack(0x00007fafc01fd000,0x00007fafc02fd000) (1024K)]
  0x00007faf7800acf0 WorkerThread "GC Thread#5"                     [id=6977, stack(0x00007fafc00fc000,0x00007fafc01fc000) (1024K)]
  0x00007faf78011720 WorkerThread "GC Thread#6"                     [id=6981, stack(0x00007faf9dd00000,0x00007faf9de00000) (1024K)]
  0x00007faf78012680 WorkerThread "GC Thread#7"                     [id=6982, stack(0x00007faf9dbff000,0x00007faf9dcff000) (1024K)]
  0x00007fafbc060530 ConcurrentGCThread "G1 Main Marker"            [id=6951, stack(0x00007fafc22bb000,0x00007fafc23bb000) (1024K)]
=>0x00007fafbc061700 WorkerThread "G1 Conc#0"                       [id=6952, stack(0x00007fafc21ba000,0x00007fafc22ba000) (1024K)]
  0x00007faf90000cd0 WorkerThread "G1 Conc#1"                       [id=6985, stack(0x00007faf9d9fe000,0x00007faf9dafe000) (1024K)]
  0x00007fafbc09fd10 ConcurrentGCThread "G1 Refine#0"               [id=6953, stack(0x00007fafc18b1000,0x00007fafc19b1000) (1024K)]
  0x00007fafbc0a0f00 ConcurrentGCThread "G1 Service"                [id=6954, stack(0x00007fafc17b0000,0x00007fafc18b0000) (1024K)]
Total: 15

Threads with active compile tasks:
C2 CompilerThread0  6981 5918   !   4       com.google.inject.spi.InjectionPoint::getInjectionPoints (489 bytes)
C1 CompilerThread0  6981 6084       3       org.slf4j.impl.SimpleLogger::log (298 bytes)
C2 CompilerThread1  6981 5785       4       org.apache.maven.model.inheritance.DefaultInheritanceAssembler$InheritanceModelMerger::mergePluginContainer_Plugins (433 bytes)
C2 CompilerThread2  6981 5922       4       java.util.stream.SortedOps$SizedRefSortingSink::end (129 bytes)
Total: 4

VM state: not at safepoint (normal execution)

VM Mutex/Monitor currently owned by a thread: None

Heap address: 0x00000006e8000000, size: 4480 MB, Compressed Oops mode: Zero based, Oop shift amount: 3

CDS archive(s) mapped at: [0x000000001c000000-0x000000001cd8c000-0x000000001cd8c000), size 14204928, SharedBaseAddress: 0x000000001c000000, ArchiveRelocationMode: 1.
Compressed class space mapped at: 0x000000001d000000-0x000000005d000000, reserved size: 1073741824
UseCompressedClassPointers 1, UseCompactObjectHeaders 0
Narrow klass pointer bits 32, Max shift 3
Narrow klass base: 0x000000001c000000, Narrow klass shift: 0
Encoding Range: [0x000000001c000000 - 0x000000011c000000), (4294967296 bytes)
Klass Range:    [0x000000001c001000 - 0x000000005d000000), (1090514944 bytes)
Klass ID Range:  [4096 - 1090519033) (1090514937)
Protection zone: [0x000000001c000000 - 0x000000001c001000), (4096 bytes)

GC Precious Log:
 CardTable entry size: 512
 Card Set container configuration: InlinePtr #cards 4 size 8 Array Of Cards #cards 32 size 80 Howl #buckets 8 coarsen threshold 7372 Howl Bitmap #cards 1024 size 144 coarsen threshold 921 Card regions per heap region 1 cards per card region 8192
 CPUs: 8 total, 8 available
 Memory: 17906M
 Large Page Support: Disabled
 NUMA Support: Disabled
 Compressed Oops: Enabled (Zero based)
 Heap Region Size: 4M
 Heap Min Capacity: 8M
 Heap Initial Capacity: 280M
 Heap Max Capacity: 4480M
 Pre-touch: Disabled
 Parallel Workers: 8
 Concurrent Workers: 2
 Concurrent Refinement Workers: 8
 Periodic GC: Disabled

Heap:
 garbage-first heap   total reserved 4587520K, committed 290816K, used 34435K [0x00000006e8000000, 0x0000000800000000)
  region size 4096K, 8 young (32768K), 4 survivors (16384K)

Heap Regions: E=young(eden), S=young(survivor), O=old, HS=humongous(starts), HC=humongous(continues), CS=collection set, F=free, TAMS=top-at-mark-start, PB=parsable bottom
|   0|0x00000006e8000000, 0x00000006e8400000, 0x00000006e8400000|100%| O|  |TAMS 0x00000006e8000000| PB 0x00000006e8000000| Untracked |  0
|   1|0x00000006e8400000, 0x00000006e847ffe0, 0x00000006e8800000| 12%| O|  |TAMS 0x00000006e8400000| PB 0x00000006e8400000| Untracked |  0
|   2|0x00000006e8800000, 0x00000006e8800000, 0x00000006e8c00000|  0%| F|  |TAMS 0x00000006e8800000| PB 0x00000006e8800000| Untracked |  0
|   3|0x00000006e8c00000, 0x00000006e8c00000, 0x00000006e9000000|  0%| F|  |TAMS 0x00000006e8c00000| PB 0x00000006e8c00000| Untracked |  0
|   4|0x00000006e9000000, 0x00000006e9000000, 0x00000006e9400000|  0%| F|  |TAMS 0x00000006e9000000| PB 0x00000006e9000000| Untracked |  0
|   5|0x00000006e9400000, 0x00000006e9400000, 0x00000006e9800000|  0%| F|  |TAMS 0x00000006e9400000| PB 0x00000006e9400000| Untracked |  0
|   6|0x00000006e9800000, 0x00000006e9800000, 0x00000006e9c00000|  0%| F|  |TAMS 0x00000006e9800000| PB 0x00000006e9800000| Untracked |  0
|   7|0x00000006e9c00000, 0x00000006e9c00000, 0x00000006ea000000|  0%| F|  |TAMS 0x00000006e9c00000| PB 0x00000006e9c00000| Untracked |  0
|   8|0x00000006ea000000, 0x00000006ea000000, 0x00000006ea400000|  0%| F|  |TAMS 0x00000006ea000000| PB 0x00000006ea000000| Untracked |  0
|   9|0x00000006ea400000, 0x00000006ea400000, 0x00000006ea800000|  0%| F|  |TAMS 0x00000006ea400000| PB 0x00000006ea400000| Untracked |  0
|  10|0x00000006ea800000, 0x00000006ea800000, 0x00000006eac00000|  0%| F|  |TAMS 0x00000006ea800000| PB 0x00000006ea800000| Untracked |  0
|  11|0x00000006eac00000, 0x00000006eac00000, 0x00000006eb000000|  0%| F|  |TAMS 0x00000006eac00000| PB 0x00000006eac00000| Untracked |  0
|  12|0x00000006eb000000, 0x00000006eb000000, 0x00000006eb400000|  0%| F|  |TAMS 0x00000006eb000000| PB 0x00000006eb000000| Untracked |  0
|  13|0x00000006eb400000, 0x00000006eb400000, 0x00000006eb800000|  0%| F|  |TAMS 0x00000006eb400000| PB 0x00000006eb400000| Untracked |  0
|  14|0x00000006eb800000, 0x00000006eb800000, 0x00000006ebc00000|  0%| F|  |TAMS 0x00000006eb800000| PB 0x00000006eb800000| Untracked |  0
|  15|0x00000006ebc00000, 0x00000006ebc00000, 0x00000006ec000000|  0%| F|  |TAMS 0x00000006ebc00000| PB 0x00000006ebc00000| Untracked |  0
|  16|0x00000006ec000000, 0x00000006ec000000, 0x00000006ec400000|  0%| F|  |TAMS 0x00000006ec000000| PB 0x00000006ec000000| Untracked |  0
|  17|0x00000006ec400000, 0x00000006ec400000, 0x00000006ec800000|  0%| F|  |TAMS 0x00000006ec400000| PB 0x00000006ec400000| Untracked |  0
|  18|0x00000006ec800000, 0x00000006ec800000, 0x00000006ecc00000|  0%| F|  |TAMS 0x00000006ec800000| PB 0x00000006ec800000| Untracked |  0
|  19|0x00000006ecc00000, 0x00000006ecc00000, 0x00000006ed000000|  0%| F|  |TAMS 0x00000006ecc00000| PB 0x00000006ecc00000| Untracked |  0
|  20|0x00000006ed000000, 0x00000006ed000000, 0x00000006ed400000|  0%| F|  |TAMS 0x00000006ed000000| PB 0x00000006ed000000| Untracked |  0
|  21|0x00000006ed400000, 0x00000006ed400000, 0x00000006ed800000|  0%| F|  |TAMS 0x00000006ed400000| PB 0x00000006ed400000| Untracked |  0
|  22|0x00000006ed800000, 0x00000006ed800000, 0x00000006edc00000|  0%| F|  |TAMS 0x00000006ed800000| PB 0x00000006ed800000| Untracked |  0
|  23|0x00000006edc00000, 0x00000006edc00000, 0x00000006ee000000|  0%| F|  |TAMS 0x00000006edc00000| PB 0x00000006edc00000| Untracked |  0
|  24|0x00000006ee000000, 0x00000006ee000000, 0x00000006ee400000|  0%| F|  |TAMS 0x00000006ee000000| PB 0x00000006ee000000| Untracked |  0
|  25|0x00000006ee400000, 0x00000006ee400000, 0x00000006ee800000|  0%| F|  |TAMS 0x00000006ee400000| PB 0x00000006ee400000| Untracked |  0
|  26|0x00000006ee800000, 0x00000006ee800000, 0x00000006eec00000|  0%| F|  |TAMS 0x00000006ee800000| PB 0x00000006ee800000| Untracked |  0
|  27|0x00000006eec00000, 0x00000006eec00000, 0x00000006ef000000|  0%| F|  |TAMS 0x00000006eec00000| PB 0x00000006eec00000| Untracked |  0
|  28|0x00000006ef000000, 0x00000006ef000000, 0x00000006ef400000|  0%| F|  |TAMS 0x00000006ef000000| PB 0x00000006ef000000| Untracked |  0
|  29|0x00000006ef400000, 0x00000006ef400000, 0x00000006ef800000|  0%| F|  |TAMS 0x00000006ef400000| PB 0x00000006ef400000| Untracked |  0
|  30|0x00000006ef800000, 0x00000006ef800000, 0x00000006efc00000|  0%| F|  |TAMS 0x00000006ef800000| PB 0x00000006ef800000| Untracked |  0
|  31|0x00000006efc00000, 0x00000006efc00000, 0x00000006f0000000|  0%| F|  |TAMS 0x00000006efc00000| PB 0x00000006efc00000| Untracked |  0
|  32|0x00000006f0000000, 0x00000006f0000000, 0x00000006f0400000|  0%| F|  |TAMS 0x00000006f0000000| PB 0x00000006f0000000| Untracked |  0
|  33|0x00000006f0400000, 0x00000006f0400000, 0x00000006f0800000|  0%| F|  |TAMS 0x00000006f0400000| PB 0x00000006f0400000| Untracked |  0
|  34|0x00000006f0800000, 0x00000006f0800000, 0x00000006f0c00000|  0%| F|  |TAMS 0x00000006f0800000| PB 0x00000006f0800000| Untracked |  0
|  35|0x00000006f0c00000, 0x00000006f0c00000, 0x00000006f1000000|  0%| F|  |TAMS 0x00000006f0c00000| PB 0x00000006f0c00000| Untracked |  0
|  36|0x00000006f1000000, 0x00000006f1000000, 0x00000006f1400000|  0%| F|  |TAMS 0x00000006f1000000| PB 0x00000006f1000000| Untracked |  0
|  37|0x00000006f1400000, 0x00000006f1400000, 0x00000006f1800000|  0%| F|  |TAMS 0x00000006f1400000| PB 0x00000006f1400000| Untracked |  0
|  38|0x00000006f1800000, 0x00000006f1800000, 0x00000006f1c00000|  0%| F|  |TAMS 0x00000006f1800000| PB 0x00000006f1800000| Untracked |  0
|  39|0x00000006f1c00000, 0x00000006f1c00000, 0x00000006f2000000|  0%| F|  |TAMS 0x00000006f1c00000| PB 0x00000006f1c00000| Untracked |  0
|  40|0x00000006f2000000, 0x00000006f2000000, 0x00000006f2400000|  0%| F|  |TAMS 0x00000006f2000000| PB 0x00000006f2000000| Untracked |  0
|  41|0x00000006f2400000, 0x00000006f2400000, 0x00000006f2800000|  0%| F|  |TAMS 0x00000006f2400000| PB 0x00000006f2400000| Untracked |  0
|  42|0x00000006f2800000, 0x00000006f2800000, 0x00000006f2c00000|  0%| F|  |TAMS 0x00000006f2800000| PB 0x00000006f2800000| Untracked |  0
|  43|0x00000006f2c00000, 0x00000006f2c00000, 0x00000006f3000000|  0%| F|  |TAMS 0x00000006f2c00000| PB 0x00000006f2c00000| Untracked |  0
|  44|0x00000006f3000000, 0x00000006f3000000, 0x00000006f3400000|  0%| F|  |TAMS 0x00000006f3000000| PB 0x00000006f3000000| Untracked |  0
|  45|0x00000006f3400000, 0x00000006f3400000, 0x00000006f3800000|  0%| F|  |TAMS 0x00000006f3400000| PB 0x00000006f3400000| Untracked |  0
|  46|0x00000006f3800000, 0x00000006f3800000, 0x00000006f3c00000|  0%| F|  |TAMS 0x00000006f3800000| PB 0x00000006f3800000| Untracked |  0
|  47|0x00000006f3c00000, 0x00000006f3c00000, 0x00000006f4000000|  0%| F|  |TAMS 0x00000006f3c00000| PB 0x00000006f3c00000| Untracked |  0
|  48|0x00000006f4000000, 0x00000006f4000000, 0x00000006f4400000|  0%| F|  |TAMS 0x00000006f4000000| PB 0x00000006f4000000| Untracked |  0
|  49|0x00000006f4400000, 0x00000006f4400000, 0x00000006f4800000|  0%| F|  |TAMS 0x00000006f4400000| PB 0x00000006f4400000| Untracked |  0
|  50|0x00000006f4800000, 0x00000006f4c00000, 0x00000006f4c00000|100%| S|CS|TAMS 0x00000006f4800000| PB 0x00000006f4800000| Complete |  0
|  51|0x00000006f4c00000, 0x00000006f5000000, 0x00000006f5000000|100%| S|CS|TAMS 0x00000006f4c00000| PB 0x00000006f4c00000| Complete |  0
|  52|0x00000006f5000000, 0x00000006f5400000, 0x00000006f5400000|100%| S|CS|TAMS 0x00000006f5000000| PB 0x00000006f5000000| Complete |  0
|  53|0x00000006f5400000, 0x00000006f5800000, 0x00000006f5800000|100%| S|CS|TAMS 0x00000006f5400000| PB 0x00000006f5400000| Complete |  0
|  54|0x00000006f5800000, 0x00000006f5800000, 0x00000006f5c00000|  0%| F|  |TAMS 0x00000006f5800000| PB 0x00000006f5800000| Untracked |  0
|  55|0x00000006f5c00000, 0x00000006f5c00000, 0x00000006f6000000|  0%| F|  |TAMS 0x00000006f5c00000| PB 0x00000006f5c00000| Untracked |  0
|  56|0x00000006f6000000, 0x00000006f6000000, 0x00000006f6400000|  0%| F|  |TAMS 0x00000006f6000000| PB 0x00000006f6000000| Untracked |  0
|  57|0x00000006f6400000, 0x00000006f6400000, 0x00000006f6800000|  0%| F|  |TAMS 0x00000006f6400000| PB 0x00000006f6400000| Untracked |  0
|  58|0x00000006f6800000, 0x00000006f6800000, 0x00000006f6c00000|  0%| F|  |TAMS 0x00000006f6800000| PB 0x00000006f6800000| Untracked |  0
|  59|0x00000006f6c00000, 0x00000006f6c00000, 0x00000006f7000000|  0%| F|  |TAMS 0x00000006f6c00000| PB 0x00000006f6c00000| Untracked |  0
|  60|0x00000006f7000000, 0x00000006f7000000, 0x00000006f7400000|  0%| F|  |TAMS 0x00000006f7000000| PB 0x00000006f7000000| Untracked |  0
|  61|0x00000006f7400000, 0x00000006f7400000, 0x00000006f7800000|  0%| F|  |TAMS 0x00000006f7400000| PB 0x00000006f7400000| Untracked |  0
|  62|0x00000006f7800000, 0x00000006f7800000, 0x00000006f7c00000|  0%| F|  |TAMS 0x00000006f7800000| PB 0x00000006f7800000| Untracked |  0
|  63|0x00000006f7c00000, 0x00000006f7c00000, 0x00000006f8000000|  0%| F|  |TAMS 0x00000006f7c00000| PB 0x00000006f7c00000| Untracked |  0
|  64|0x00000006f8000000, 0x00000006f8000000, 0x00000006f8400000|  0%| F|  |TAMS 0x00000006f8000000| PB 0x00000006f8000000| Untracked |  0
|  65|0x00000006f8400000, 0x00000006f8400000, 0x00000006f8800000|  0%| F|  |TAMS 0x00000006f8400000| PB 0x00000006f8400000| Untracked |  0
|  66|0x00000006f8800000, 0x00000006f8ba5f30, 0x00000006f8c00000| 91%| E|  |TAMS 0x00000006f8800000| PB 0x00000006f8800000| Complete |  0
|  67|0x00000006f8c00000, 0x00000006f9000000, 0x00000006f9000000|100%| E|CS|TAMS 0x00000006f8c00000| PB 0x00000006f8c00000| Complete |  0
|  68|0x00000006f9000000, 0x00000006f9400000, 0x00000006f9400000|100%| E|CS|TAMS 0x00000006f9000000| PB 0x00000006f9000000| Complete |  0
|  69|0x00000006f9400000, 0x00000006f9800000, 0x00000006f9800000|100%| E|CS|TAMS 0x00000006f9400000| PB 0x00000006f9400000| Complete |  0
|1119|0x00000007ffc00000, 0x00000007ffd20fd8, 0x0000000800000000| 28%| O|  |TAMS 0x00000007ffd20fd8| PB 0x00000007ffc00000| Untracked |  0

Card table byte_map: [0x00007fafc2529000,0x00007fafc2de9000] _byte_map_base: 0x00007fafbede9000

Marking Bits: (CMBitMap*) 0x00007fafbc0527e0
 Bits: [0x00007faf9fe00000, 0x00007fafa4400000)

Polling page: 0x00007fafc5c8d000

Metaspace:
Metaspace        used 21359K, committed 21696K, reserved 1114112K
 class space     used 1979K, committed 2112K, reserved 1048576K

Usage:
  Non-class:     18.93 MB used.
      Class:      1.93 MB used.
       Both:     20.86 MB used.

Virtual space:
  Non-class space:       64.00 MB reserved,      19.12 MB ( 30%) committed,  1 nodes.
      Class space:        1.00 GB reserved,       2.06 MB ( <1%) committed,  1 nodes.
             Both:        1.06 GB reserved,      21.19 MB (  2%) committed. 

Chunk freelists:
   Non-Class:  12.59 MB
       Class:  13.97 MB
        Both:  26.56 MB

MaxMetaspaceSize: unlimited
CompressedClassSpaceSize: 1.00 GB
Initial GC threshold: 21.00 MB
Current GC threshold: 21.31 MB
CDS: on
 - commit_granule_bytes: 65536.
 - commit_granule_words: 8192.
 - virtual_space_node_default_size: 8388608.
 - enlarge_chunks_in_place: 1.
UseCompressedClassPointers 1, UseCompactObjectHeaders 0
Narrow klass pointer bits 32, Max shift 3
Narrow klass base: 0x000000001c000000, Narrow klass shift: 0
Encoding Range: [0x000000001c000000 - 0x000000011c000000), (4294967296 bytes)
Klass Range:    [0x000000001c001000 - 0x000000005d000000), (1090514944 bytes)
Klass ID Range:  [4096 - 1090519033) (1090514937)
Protection zone: [0x000000001c000000 - 0x000000001c001000), (4096 bytes)


Internal statistics:

num_allocs_failed_limit: 3.
num_arena_births: 216.
num_arena_deaths: 0.
num_vsnodes_births: 2.
num_vsnodes_deaths: 0.
num_space_committed: 339.
num_space_uncommitted: 0.
num_chunks_returned_to_freelist: 3.
num_chunks_taken_from_freelist: 972.
num_chunk_merges: 3.
num_chunk_splits: 671.
num_chunks_enlarged: 522.
num_inconsistent_stats: 0.

CodeHeap 'non-profiled nmethods': size=120032Kb used=2117Kb max_used=2117Kb free=117915Kb
 bounds [0x00007fafabec8000, 0x00007fafac138000, 0x00007fafb3400000]
CodeHeap 'profiled nmethods': size=120028Kb used=10359Kb max_used=10359Kb free=109668Kb
 bounds [0x00007fafa4400000, 0x00007fafa4e20000, 0x00007fafab937000]
CodeHeap 'non-nmethods': size=5700Kb used=1515Kb max_used=1623Kb free=4184Kb
 bounds [0x00007fafab937000, 0x00007fafabba7000, 0x00007fafabec8000]
CodeCache: size=245760Kb, used=13991Kb, max_used=14099Kb, free=231767Kb
 total_blobs=6598, nmethods=6021, adapters=480, full_count=0
Compilation: enabled, stopped_count=0, restarted_count=0

Compilation events (20 events):
Event: 6.854 Thread 0x00007fafbc0d2440 6058       3       sun.nio.fs.AbstractBasicFileAttributeView$AttributesBuilder::match (26 bytes)
Event: 6.854 Thread 0x00007fafbc0d2440 nmethod 6058 0x00007fafa4e13088 code [0x00007fafa4e13180, 0x00007fafa4e133c8]
Event: 6.860 Thread 0x00007fafbc0d2440 6059       3       java.util.RegularEnumSet::add (9 bytes)
Event: 6.861 Thread 0x00007fafbc0d2440 nmethod 6059 0x00007fafa4e13408 code [0x00007fafa4e13500, 0x00007fafa4e13780]
Event: 6.861 Thread 0x00007fafbc0d2440 6060       3       java.util.RegularEnumSet::add (40 bytes)
Event: 6.861 Thread 0x00007fafbc0d2440 nmethod 6060 0x00007fafa4e13788 code [0x00007fafa4e13880, 0x00007fafa4e13b48]
Event: 6.861 Thread 0x00007fafbc0d2440 6061       3       java.util.EnumSet::typeCheck (59 bytes)
Event: 6.862 Thread 0x00007fafbc0d2440 nmethod 6061 0x00007fafa4e13b88 code [0x00007fafa4e13c80, 0x00007fafa4e14b78]
Event: 6.862 Thread 0x00007fafbc0d2440 6062       3       sun.nio.fs.AbstractBasicFileAttributeView$AttributesBuilder::add (13 bytes)
Event: 6.863 Thread 0x00007fafbc0d2440 nmethod 6062 0x00007fafa4e14b88 code [0x00007fafa4e14c80, 0x00007fafa4e14e48]
Event: 6.863 Thread 0x00007fafbc0d2440 6063       3       java.io.File::lastModified (17 bytes)
Event: 6.864 Thread 0x00007fafbc0d2440 nmethod 6063 0x00007fafa4e14e88 code [0x00007fafa4e14f80, 0x00007fafa4e154e8]
Event: 6.864 Thread 0x00007fafbc0d2440 6064       3       java.io.UnixFileSystem::getLastModifiedTime (10 bytes)
Event: 6.864 Thread 0x00007fafbc0d2440 nmethod 6064 0x00007fafa4e15508 code [0x00007fafa4e15600, 0x00007fafa4e159e8]
Event: 6.864 Thread 0x00007fafbc0d2440 6065   !   3       sun.nio.fs.UnixNativeDispatcher::lstat (47 bytes)
Event: 6.865 Thread 0x00007fafbc0d2440 nmethod 6065 0x00007fafa4e15a08 code [0x00007fafa4e15b00, 0x00007fafa4e15ff8]
Event: 6.865 Thread 0x00007fafbc0d2440 6066       3       java.lang.StringCoding::implEncodeAsciiArray (47 bytes)
Event: 6.866 Thread 0x00007fafbc0d2440 nmethod 6066 0x00007fafa4e16008 code [0x00007fafa4e16100, 0x00007fafa4e16328]
Event: 6.880 Thread 0x00007fafbc0d2440 6067       3       java.util.Locale::getDefault (63 bytes)
Event: 6.882 Thread 0x00007fafbc0d2440 nmethod 6067 0x00007fafa4e16388 code [0x00007fafa4e16480, 0x00007fafa4e16d38]

GC Heap Usage History (6 events):
Event: 2.049 {heap Before GC invocations=0 (full 0):
 garbage-first heap   total reserved 4587520K, committed 290816K, used 50307K [0x00000006e8000000, 0x0000000800000000)
  region size 4096K, 12 young (49152K), 0 survivors (0K)
}
Event: 2.056 {heap After GC invocations=1 (full 0):
 garbage-first heap   total reserved 4587520K, committed 290816K, used 5849K [0x00000006e8000000, 0x0000000800000000)
  region size 4096K, 2 young (8192K), 2 survivors (8192K)
}
Event: 5.626 {heap Before GC invocations=1 (full 0):
 garbage-first heap   total reserved 4587520K, committed 290816K, used 124633K [0x00000006e8000000, 0x0000000800000000)
  region size 4096K, 31 young (126976K), 2 survivors (8192K)
}
Event: 5.649 {heap After GC invocations=2 (full 0):
 garbage-first heap   total reserved 4587520K, committed 290816K, used 13443K [0x00000006e8000000, 0x0000000800000000)
  region size 4096K, 3 young (12288K), 3 survivors (12288K)
}
Event: 6.892 {heap Before GC invocations=2 (full 0):
 garbage-first heap   total reserved 4587520K, committed 290816K, used 70787K [0x00000006e8000000, 0x0000000800000000)
  region size 4096K, 19 young (77824K), 3 survivors (12288K)
}
Event: 6.911 {heap After GC invocations=3 (full 0):
 garbage-first heap   total reserved 4587520K, committed 290816K, used 22147K [0x00000006e8000000, 0x0000000800000000)
  region size 4096K, 4 young (16384K), 4 survivors (16384K)
}

Metaspace Usage History (6 events):
Event: 2.049 {metaspace Before GC invocations=0 (full 0):
 Metaspace       used 9797K, committed 9920K, reserved 1114112K
  class space    used 883K, committed 960K, reserved 1048576K
}
Event: 2.056 {metaspace After GC invocations=1 (full 0):
 Metaspace       used 9797K, committed 9920K, reserved 1114112K
  class space    used 883K, committed 960K, reserved 1048576K
}
Event: 5.626 {metaspace Before GC invocations=1 (full 0):
 Metaspace       used 17848K, committed 18176K, reserved 1114112K
  class space    used 1665K, committed 1792K, reserved 1048576K
}
Event: 5.649 {metaspace After GC invocations=2 (full 0):
 Metaspace       used 17848K, committed 18176K, reserved 1114112K
  class space    used 1665K, committed 1792K, reserved 1048576K
}
Event: 6.892 {metaspace Before GC invocations=2 (full 0):
 Metaspace       used 21180K, committed 21504K, reserved 1114112K
  class space    used 1961K, committed 2112K, reserved 1048576K
}
Event: 6.911 {metaspace After GC invocations=3 (full 0):
 Metaspace       used 21180K, committed 21504K, reserved 1114112K
  class space    used 1961K, committed 2112K, reserved 1048576K
}

Dll operation events (8 events):
Event: 0.003 Loaded shared library /usr/lib/apache-netbeans/jdk/lib/libjava.so
Event: 0.039 Loaded shared library /usr/lib/apache-netbeans/jdk/lib/libsimdsort.so
Event: 0.076 Loaded shared library /usr/lib/apache-netbeans/jdk/lib/libnio.so
Event: 0.084 Loaded shared library /usr/lib/apache-netbeans/jdk/lib/libzip.so
Event: 0.097 Loaded shared library /usr/lib/apache-netbeans/jdk/lib/libnet.so
Event: 0.273 Loaded shared library /usr/lib/apache-netbeans/jdk/lib/libjimage.so
Event: 0.288 Loaded shared library /tmp/jansi-2.4.2-3b164ec14e12f6b-libjansi.so
Event: 0.307 Loaded shared library /usr/lib/apache-netbeans/jdk/lib/libverify.so

Deoptimization events (20 events):
Event: 6.724 Thread 0x00007fafbc02b6f0 Uncommon trap: trap_request=0xffffffc6 fr.pc=0x00007fafac048d18 relative=0x0000000000000518
Event: 6.724 Thread 0x00007fafbc02b6f0 Uncommon trap: reason=bimorphic_or_optimized_type_check action=maybe_recompile pc=0x00007fafac048d18 method=java.util.regex.Pattern$Slice.match(Ljava/util/regex/Matcher;ILjava/lang/CharSequence;)Z @ 75 c2
Event: 6.724 Thread 0x00007fafbc02b6f0 DEOPT PACKING pc=0x00007fafac048d18 sp=0x00007fafc41fcea0
Event: 6.724 Thread 0x00007fafbc02b6f0 DEOPT UNPACKING pc=0x00007fafaba57479 sp=0x00007fafc41fce40 mode 2
Event: 6.768 Thread 0x00007fafbc02b6f0 Uncommon trap: trap_request=0xffffffde fr.pc=0x00007fafabf49e1c relative=0x0000000000001c1c
Event: 6.768 Thread 0x00007fafbc02b6f0 Uncommon trap: reason=class_check action=maybe_recompile pc=0x00007fafabf49e1c method=jdk.internal.loader.URLClassPath.getLoader(I)Ljdk/internal/loader/URLClassPath$Loader; @ 91 c2
Event: 6.768 Thread 0x00007fafbc02b6f0 DEOPT PACKING pc=0x00007fafabf49e1c sp=0x00007fafc41fcb50
Event: 6.768 Thread 0x00007fafbc02b6f0 DEOPT UNPACKING pc=0x00007fafaba57479 sp=0x00007fafc41fca98 mode 2
Event: 6.799 Thread 0x00007fafbc02b6f0 Uncommon trap: trap_request=0xffffffc6 fr.pc=0x00007fafabf1e980 relative=0x0000000000000280
Event: 6.799 Thread 0x00007fafbc02b6f0 Uncommon trap: reason=bimorphic_or_optimized_type_check action=maybe_recompile pc=0x00007fafabf1e980 method=java.nio.Buffer.<init>(IIIILjava/lang/foreign/MemorySegment;)V @ 39 c2
Event: 6.799 Thread 0x00007fafbc02b6f0 DEOPT PACKING pc=0x00007fafabf1e980 sp=0x00007fafc41fc160
Event: 6.800 Thread 0x00007fafbc02b6f0 DEOPT UNPACKING pc=0x00007fafaba57479 sp=0x00007fafc41fc108 mode 2
Event: 6.801 Thread 0x00007fafbc02b6f0 Uncommon trap: trap_request=0xffffff45 fr.pc=0x00007fafac0d4e7c relative=0x00000000000003fc
Event: 6.801 Thread 0x00007fafbc02b6f0 Uncommon trap: reason=unstable_if action=reinterpret pc=0x00007fafac0d4e7c method=java.util.regex.Pattern$BmpCharPropertyGreedy.match(Ljava/util/regex/Matcher;ILjava/lang/CharSequence;)Z @ 12 c2
Event: 6.801 Thread 0x00007fafbc02b6f0 DEOPT PACKING pc=0x00007fafac0d4e7c sp=0x00007fafc41fca70
Event: 6.801 Thread 0x00007fafbc02b6f0 DEOPT UNPACKING pc=0x00007fafaba57479 sp=0x00007fafc41fca28 mode 2
Event: 6.826 Thread 0x00007fafbc02b6f0 Uncommon trap: trap_request=0xffffffbe fr.pc=0x00007fafabf8d520 relative=0x0000000000000f20
Event: 6.826 Thread 0x00007fafbc02b6f0 Uncommon trap: reason=profile_predicate action=maybe_recompile pc=0x00007fafabf8d520 method=java.util.TimSort.binarySort([Ljava/lang/Object;IIILjava/util/Comparator;)V @ 34 c2
Event: 6.826 Thread 0x00007fafbc02b6f0 DEOPT PACKING pc=0x00007fafabf8d520 sp=0x00007fafc41fd210
Event: 6.827 Thread 0x00007fafbc02b6f0 DEOPT UNPACKING pc=0x00007fafaba57479 sp=0x00007fafc41fd1d0 mode 2

Classes loaded (20 events):
Event: 6.839 Loading class java/util/Vector$Itr
Event: 6.839 Loading class java/util/Vector$Itr done
Event: 6.867 Loading class java/util/zip/ZipException
Event: 6.867 Loading class java/util/zip/ZipException done
Event: 6.876 Loading class sun/nio/cs/StandardCharsets$Aliases
Event: 6.876 Loading class sun/util/PreHashedMap
Event: 6.876 Loading class sun/util/PreHashedMap done
Event: 6.876 Loading class sun/nio/cs/StandardCharsets$Aliases done
Event: 6.877 Loading class sun/nio/cs/StandardCharsets$Cache
Event: 6.877 Loading class sun/nio/cs/StandardCharsets$Cache done
Event: 6.881 Loading class java/util/zip/Deflater
Event: 6.881 Loading class java/util/zip/Deflater done
Event: 6.882 Loading class java/util/zip/Deflater$DeflaterZStreamRef
Event: 6.882 Loading class java/util/zip/Deflater$DeflaterZStreamRef done
Event: 6.888 Loading class java/io/SequenceInputStream
Event: 6.888 Loading class java/io/SequenceInputStream done
Event: 6.915 Loading class java/util/concurrent/ConcurrentLinkedDeque
Event: 6.916 Loading class java/util/concurrent/ConcurrentLinkedDeque done
Event: 6.916 Loading class java/util/concurrent/ConcurrentLinkedDeque$Node
Event: 6.916 Loading class java/util/concurrent/ConcurrentLinkedDeque$Node done

Classes unloaded (0 events):
No events

Classes redefined (0 events):
No events

Internal exceptions (20 events):
Event: 3.165 Thread 0x00007fafbc02b6f0 Exception <a 'java/lang/NoSuchMethodError'{0x00000006f821a7e8}: 'void java.lang.invoke.DirectMethodHandle$Holder.invokeSpecial(java.lang.Object, java.lang.Object, java.lang.Object, java.lang.Object, java.lang.Object)'> (0x00000006f821a7e8) 
thrown [src/hotspot/share/interpreter/linkResolver.cpp, line 803]
Event: 3.178 Thread 0x00007fafbc02b6f0 Exception <a 'java/lang/NoSuchMethodError'{0x00000006f8250720}: 'java.lang.Object java.lang.invoke.DirectMethodHandle$Holder.invokeVirtual(java.lang.Object, java.lang.Object, java.lang.Object)'> (0x00000006f8250720) 
thrown [src/hotspot/share/interpreter/linkResolver.cpp, line 803]
Event: 3.187 Thread 0x00007fafbc02b6f0 Exception <a 'java/lang/NoSuchMethodError'{0x00000006f8276fe0}: 'void java.lang.invoke.DirectMethodHandle$Holder.invokeSpecial(java.lang.Object, java.lang.Object, java.lang.Object, java.lang.Object, java.lang.Object, java.lang.Object)'> (0x00000006f8276fe0) 
thrown [src/hotspot/share/interpreter/linkResolver.cpp, line 803]
Event: 3.264 Thread 0x00007fafbc02b6f0 Exception <a 'java/lang/NoSuchMethodError'{0x00000006f8395798}: 'void java.lang.invoke.DirectMethodHandle$Holder.invokeVirtual(java.lang.Object, java.lang.Object, int)'> (0x00000006f8395798) 
thrown [src/hotspot/share/interpreter/linkResolver.cpp, line 803]
Event: 3.266 Thread 0x00007fafbc02b6f0 Exception <a 'java/lang/NoSuchMethodError'{0x00000006f839df88}: 'void java.lang.invoke.DirectMethodHandle$Holder.invokeSpecial(java.lang.Object, java.lang.Object, java.lang.Object, int)'> (0x00000006f839df88) 
thrown [src/hotspot/share/interpreter/linkResolver.cpp, line 803]
Event: 3.267 Thread 0x00007fafbc02b6f0 Exception <a 'java/lang/NoSuchMethodError'{0x00000006f83a6320}: 'void java.lang.invoke.DelegatingMethodHandle$Holder.reinvoke_L(java.lang.Object, java.lang.Object, int)'> (0x00000006f83a6320) 
thrown [src/hotspot/share/interpreter/linkResolver.cpp, line 803]
Event: 3.921 Thread 0x00007fafbc02b6f0 Implicit null exception at 0x00007fafabfcf0cb to 0x00007fafabfcf2cc
Event: 3.922 Thread 0x00007fafbc02b6f0 Implicit null exception at 0x00007fafabf62f4b to 0x00007fafabf63140
Event: 3.922 Thread 0x00007fafbc02b6f0 Implicit null exception at 0x00007fafabf7cf9d to 0x00007fafabf7d015
Event: 3.949 Thread 0x00007fafbc02b6f0 Exception <a 'java/lang/NoSuchMethodError'{0x00000006f6b33c70}: 'java.lang.Object java.lang.invoke.DirectMethodHandle$Holder.newInvokeSpecial(java.lang.Object, java.lang.Object, java.lang.Object, java.lang.Object, java.lang.Object, java.lang.Object, java.lang.Object)'> (0x00000006f6b33c70) 
thrown [src/hotspot/share/interpreter/linkResolver.cpp, line 803]
Event: 4.217 Thread 0x00007fafbc02b6f0 Exception <a 'java/lang/NoSuchMethodError'{0x00000006f55e5de8}: 'int java.lang.invoke.DirectMethodHandle$Holder.invokeVirtual(java.lang.Object, java.lang.Object)'> (0x00000006f55e5de8) 
thrown [src/hotspot/share/interpreter/linkResolver.cpp, line 803]
Event: 4.260 Thread 0x00007fafbc02b6f0 Exception <a 'java/lang/NoSuchMethodError'{0x00000006f5712220}: 'void java.lang.invoke.Invokers$Holder.invokeExact_MT(java.lang.Object, java.lang.Object, int, java.lang.Object)'> (0x00000006f5712220) 
thrown [src/hotspot/share/interpreter/linkResolver.cpp, line 803]
Event: 4.718 Thread 0x00007fafbc02b6f0 Implicit null exception at 0x00007fafabf7fdae to 0x00007fafabf8072c
Event: 5.888 Thread 0x00007fafbca97ff0 Exception <a 'java/lang/NoSuchMethodError'{0x00000006f8a48f08}: 'java.lang.Object java.lang.invoke.DirectMethodHandle$Holder.invokeStatic(java.lang.Object, long, java.lang.Object)'> (0x00000006f8a48f08) 
thrown [src/hotspot/share/interpreter/linkResolver.cpp, line 803]
Event: 5.889 Thread 0x00007fafbca97ff0 Exception <a 'java/lang/NoSuchMethodError'{0x00000006f8a50da8}: 'java.lang.Object java.lang.invoke.DirectMethodHandle$Holder.invokeStaticInit(java.lang.Object, long, java.lang.Object)'> (0x00000006f8a50da8) 
thrown [src/hotspot/share/interpreter/linkResolver.cpp, line 803]
Event: 5.891 Thread 0x00007fafbca97ff0 Exception <a 'java/lang/NoSuchMethodError'{0x00000006f8a60058}: 'java.lang.Object java.lang.invoke.DirectMethodHandle$Holder.newInvokeSpecial(java.lang.Object, long)'> (0x00000006f8a60058) 
thrown [src/hotspot/share/interpreter/linkResolver.cpp, line 803]
Event: 5.894 Thread 0x00007fafbca97ff0 Exception <a 'java/lang/NoSuchMethodError'{0x00000006f8a694a0}: 'long java.lang.invoke.DirectMethodHandle$Holder.invokeInterface(java.lang.Object, java.lang.Object)'> (0x00000006f8a694a0) 
thrown [src/hotspot/share/interpreter/linkResolver.cpp, line 803]
Event: 5.895 Thread 0x00007fafbca97ff0 Exception <a 'java/lang/NoSuchMethodError'{0x00000006f8a714b0}: 'long java.lang.invoke.DelegatingMethodHandle$Holder.reinvoke_L(java.lang.Object, java.lang.Object)'> (0x00000006f8a714b0) 
thrown [src/hotspot/share/interpreter/linkResolver.cpp, line 803]
Event: 6.817 Thread 0x00007fafbc02b6f0 Exception <a 'java/lang/NoSuchMethodError'{0x00000006f621bb68}: 'java.lang.Object java.lang.invoke.DirectMethodHandle$Holder.newInvokeSpecial(java.lang.Object, java.lang.Object, java.lang.Object, int)'> (0x00000006f621bb68) 
thrown [src/hotspot/share/interpreter/linkResolver.cpp, line 803]
Event: 6.819 Thread 0x00007fafbc02b6f0 Exception <a 'java/lang/NoSuchMethodError'{0x00000006f6224870}: 'java.lang.Object java.lang.invoke.Invokers$Holder.linkToTargetMethod(java.lang.Object, java.lang.Object, int, java.lang.Object)'> (0x00000006f6224870) 
thrown [src/hotspot/share/interpreter/linkResolver.cpp, line 803]

VM Operations (20 events):
Event: 3.102 Executing non-safepoint VM operation: HandshakeAllThreads (Deoptimize)
Event: 3.102 Executing non-safepoint VM operation: HandshakeAllThreads (Deoptimize) done
Event: 3.104 Executing non-safepoint VM operation: HandshakeAllThreads (Deoptimize)
Event: 3.104 Executing non-safepoint VM operation: HandshakeAllThreads (Deoptimize) done
Event: 3.880 Executing non-safepoint VM operation: HandshakeAllThreads (Deoptimize)
Event: 3.880 Executing non-safepoint VM operation: HandshakeAllThreads (Deoptimize) done
Event: 3.882 Executing non-safepoint VM operation: HandshakeAllThreads (Deoptimize)
Event: 3.882 Executing non-safepoint VM operation: HandshakeAllThreads (Deoptimize) done
Event: 4.258 Executing non-safepoint VM operation: HandshakeAllThreads (Deoptimize)
Event: 4.258 Executing non-safepoint VM operation: HandshakeAllThreads (Deoptimize) done
Event: 5.626 Executing safepoint VM operation: G1CollectForAllocation (G1 Evacuation Pause)
Event: 5.649 Executing safepoint VM operation: G1CollectForAllocation (G1 Evacuation Pause) done
Event: 5.842 Executing non-safepoint VM operation: HandshakeAllThreads (Deoptimize)
Event: 5.842 Executing non-safepoint VM operation: HandshakeAllThreads (Deoptimize) done
Event: 6.530 Executing non-safepoint VM operation: HandshakeAllThreads (Deoptimize)
Event: 6.530 Executing non-safepoint VM operation: HandshakeAllThreads (Deoptimize) done
Event: 6.548 Executing non-safepoint VM operation: HandshakeAllThreads (Deoptimize)
Event: 6.548 Executing non-safepoint VM operation: HandshakeAllThreads (Deoptimize) done
Event: 6.892 Executing safepoint VM operation: CollectForMetadataAllocation (Metadata GC Threshold)
Event: 6.911 Executing safepoint VM operation: CollectForMetadataAllocation (Metadata GC Threshold) done

Memory protections (18 events):
Event: 0.003 Protecting memory [0x00007fafc4100000,0x00007fafc4104000] with protection modes 0
Event: 0.013 Protecting memory [0x000000001c000000,0x000000001c001000] with protection modes 0
Event: 0.035 Protecting memory [0x00007fafc157b000,0x00007fafc157f000] with protection modes 0
Event: 0.036 Protecting memory [0x00007fafc125c000,0x00007fafc1260000] with protection modes 0
Event: 0.036 Protecting memory [0x00007fafc115c000,0x00007fafc1160000] with protection modes 0
Event: 0.037 Protecting memory [0x00007fafc105c000,0x00007fafc1060000] with protection modes 0
Event: 0.037 Protecting memory [0x00007fafc0f5c000,0x00007fafc0f60000] with protection modes 0
Event: 0.037 Protecting memory [0x00007fafc0e5c000,0x00007fafc0e60000] with protection modes 0
Event: 0.038 Protecting memory [0x00007fafc0d5c000,0x00007fafc0d60000] with protection modes 0
Event: 0.069 Protecting memory [0x00007fafc0c1a000,0x00007fafc0c1e000] with protection modes 0
Event: 0.072 Protecting memory [0x00007fafc0b1a000,0x00007fafc0b1e000] with protection modes 0
Event: 0.163 Protecting memory [0x00007fafc09fc000,0x00007fafc0a00000] with protection modes 0
Event: 0.267 Protecting memory [0x00007fafc08fc000,0x00007fafc0900000] with protection modes 0
Event: 0.971 Protecting memory [0x00007fafc09fc000,0x00007fafc0a00000] with protection modes 0
Event: 1.009 Protecting memory [0x00007fafc08fc000,0x00007fafc0900000] with protection modes 0
Event: 3.408 Protecting memory [0x00007fafc09fc000,0x00007fafc0a00000] with protection modes 0
Event: 3.478 Protecting memory [0x00007fafc08fc000,0x00007fafc0900000] with protection modes 0
Event: 5.847 Protecting memory [0x00007faf9dafe000,0x00007faf9db02000] with protection modes 0

Nmethod flushes (0 events):
No events

Events (20 events):
Event: 0.036 Thread 0x00007fafbc02b6f0 Thread added: 0x00007fafbc0c9f40
Event: 0.036 Thread 0x00007fafbc02b6f0 Thread added: 0x00007fafbc0cbab0
Event: 0.037 Thread 0x00007fafbc02b6f0 Thread added: 0x00007fafbc0cd3d0
Event: 0.037 Thread 0x00007fafbc02b6f0 Thread added: 0x00007fafbc0cec50
Event: 0.037 Thread 0x00007fafbc02b6f0 Thread added: 0x00007fafbc0d0a50
Event: 0.038 Thread 0x00007fafbc02b6f0 Thread added: 0x00007fafbc0d2440
Event: 0.069 Thread 0x00007fafbc02b6f0 Thread added: 0x00007fafbc10b180
Event: 0.072 Thread 0x00007fafbc02b6f0 Thread added: 0x00007fafbc10dad0
Event: 0.162 Thread 0x00007fafbc0d2440 Thread added: 0x00007faf5409e400
Event: 0.267 Thread 0x00007fafbc02b6f0 Thread added: 0x00007fafbc311c30
Event: 0.282 Thread 0x00007fafbc311c30 Thread exited: 0x00007fafbc311c30
Event: 0.865 Thread 0x00007faf5409e400 Thread exited: 0x00007faf5409e400
Event: 0.971 Thread 0x00007fafbc0d2440 Thread added: 0x00007faf544e1020
Event: 1.009 Thread 0x00007fafbc0d0a50 Thread added: 0x00007faf50185560
Event: 1.808 Thread 0x00007faf50185560 Thread exited: 0x00007faf50185560
Event: 3.285 Thread 0x00007faf544e1020 Thread exited: 0x00007faf544e1020
Event: 3.408 Thread 0x00007fafbc0d2440 Thread added: 0x00007faf546f7660
Event: 3.478 Thread 0x00007fafbc0d2440 Thread added: 0x00007faf5470d010
Event: 5.847 Thread 0x00007fafbc02b6f0 Thread added: 0x00007fafbca97ff0
Event: 5.899 Thread 0x00007fafbca97ff0 Thread exited: 0x00007fafbca97ff0


Dynamic libraries:
1c000000-1c001000 ---p 00000000 00:00 0 
1c001000-1cd8c000 rw-p 00001000 00:22 383280                             /usr/lib/apache-netbeans/jdk/lib/server/classes.jsa
1cd8c000-1d000000 ---p 00000000 00:00 0 
1d000000-1d040000 rw-p 00000000 00:00 0 
1d040000-1d210000 rw-p 00000000 00:00 0 
1d210000-5d000000 ---p 00000000 00:00 0 
6e8000000-6f9800000 rw-p 00000000 00:00 0 
6f9800000-7ffc00000 ---p 00000000 00:00 0 
7ffc00000-7ffd21000 rw-p 00dbf000 00:22 383280                           /usr/lib/apache-netbeans/jdk/lib/server/classes.jsa
7ffd21000-800000000 rw-p 00000000 00:00 0 
5556c731a000-5556c731b000 r--p 00000000 00:22 382840                     /usr/lib/apache-netbeans/jdk/bin/java
5556c731b000-5556c731c000 r-xp 00001000 00:22 382840                     /usr/lib/apache-netbeans/jdk/bin/java
5556c731c000-5556c731d000 r--p 00002000 00:22 382840                     /usr/lib/apache-netbeans/jdk/bin/java
5556c731d000-5556c731e000 r--p 00002000 00:22 382840                     /usr/lib/apache-netbeans/jdk/bin/java
5556c731e000-5556c731f000 rw-p 00003000 00:22 382840                     /usr/lib/apache-netbeans/jdk/bin/java
5556eae29000-5556eae72000 rw-p 00000000 00:00 0                          [heap]
7faf00000000-7faf00045000 rw-p 00000000 00:00 0 
7faf00045000-7faf04000000 ---p 00000000 00:00 0 
7faf04000000-7faf04045000 rw-p 00000000 00:00 0 
7faf04045000-7faf08000000 ---p 00000000 00:00 0 
7faf08000000-7faf08045000 rw-p 00000000 00:00 0 
7faf08045000-7faf0c000000 ---p 00000000 00:00 0 
7faf0c000000-7faf0c045000 rw-p 00000000 00:00 0 
7faf0c045000-7faf10000000 ---p 00000000 00:00 0 
7faf10000000-7faf10045000 rw-p 00000000 00:00 0 
7faf10045000-7faf14000000 ---p 00000000 00:00 0 
7faf14000000-7faf14045000 rw-p 00000000 00:00 0 
7faf14045000-7faf18000000 ---p 00000000 00:00 0 
7faf18000000-7faf18049000 rw-p 00000000 00:00 0 
7faf18049000-7faf1c000000 ---p 00000000 00:00 0 
7faf1c000000-7faf1c046000 rw-p 00000000 00:00 0 
7faf1c046000-7faf20000000 ---p 00000000 00:00 0 
7faf20000000-7faf20021000 rw-p 00000000 00:00 0 
7faf20021000-7faf24000000 ---p 00000000 00:00 0 
7faf24000000-7faf24021000 rw-p 00000000 00:00 0 
7faf24021000-7faf28000000 ---p 00000000 00:00 0 
7faf28000000-7faf2966f000 rw-p 00000000 00:00 0 
7faf2966f000-7faf2c000000 ---p 00000000 00:00 0 
7faf2c000000-7faf2c021000 rw-p 00000000 00:00 0 
7faf2c021000-7faf30000000 ---p 00000000 00:00 0 
7faf30000000-7faf30021000 rw-p 00000000 00:00 0 
7faf30021000-7faf34000000 ---p 00000000 00:00 0 
7faf34000000-7faf34021000 rw-p 00000000 00:00 0 
7faf34021000-7faf38000000 ---p 00000000 00:00 0 
7faf38000000-7faf38021000 rw-p 00000000 00:00 0 
7faf38021000-7faf3c000000 ---p 00000000 00:00 0 
7faf3c000000-7faf3c021000 rw-p 00000000 00:00 0 
7faf3c021000-7faf40000000 ---p 00000000 00:00 0 
7faf40000000-7faf41184000 rw-p 00000000 00:00 0 
7faf41184000-7faf44000000 ---p 00000000 00:00 0 
7faf44000000-7faf4444a000 rw-p 00000000 00:00 0 
7faf4444a000-7faf48000000 ---p 00000000 00:00 0 
7faf48000000-7faf48021000 rw-p 00000000 00:00 0 
7faf48021000-7faf4c000000 ---p 00000000 00:00 0 
7faf4c000000-7faf4c021000 rw-p 00000000 00:00 0 
7faf4c021000-7faf50000000 ---p 00000000 00:00 0 
7faf50000000-7faf5173c000 rw-p 00000000 00:00 0 
7faf5173c000-7faf54000000 ---p 00000000 00:00 0 
7faf54000000-7faf54d97000 rw-p 00000000 00:00 0 
7faf54d97000-7faf58000000 ---p 00000000 00:00 0 
7faf58000000-7faf58021000 rw-p 00000000 00:00 0 
7faf58021000-7faf5c000000 ---p 00000000 00:00 0 
7faf5c000000-7faf5c021000 rw-p 00000000 00:00 0 
7faf5c021000-7faf60000000 ---p 00000000 00:00 0 
7faf60000000-7faf60021000 rw-p 00000000 00:00 0 
7faf60021000-7faf64000000 ---p 00000000 00:00 0 
7faf66000000-7faf73e70000 r--p 00000000 00:22 1467629                    /usr/lib/locale/locale-archive
7faf74000000-7faf74400000 rw-p 00000000 00:00 0 
7faf74400000-7faf74fc0000 rw-p 00000000 00:00 0 
7faf74fc0000-7faf75000000 rw-p 00000000 00:00 0 
7faf75000000-7faf75100000 rw-p 00000000 00:00 0 
7faf75100000-7faf751b0000 rw-p 00000000 00:00 0 
7faf751b0000-7faf75200000 ---p 00000000 00:00 0 
7faf75200000-7faf75370000 rw-p 00000000 00:00 0 
7faf75370000-7faf78000000 ---p 00000000 00:00 0 
7faf78000000-7faf78021000 rw-p 00000000 00:00 0 
7faf78021000-7faf7c000000 ---p 00000000 00:00 0 
7faf7c000000-7faf7c021000 rw-p 00000000 00:00 0 
7faf7c021000-7faf80000000 ---p 00000000 00:00 0 
7faf80000000-7faf80021000 rw-p 00000000 00:00 0 
7faf80021000-7faf84000000 ---p 00000000 00:00 0 
7faf84000000-7faf84021000 rw-p 00000000 00:00 0 
7faf84021000-7faf88000000 ---p 00000000 00:00 0 
7faf88000000-7faf88021000 rw-p 00000000 00:00 0 
7faf88021000-7faf8c000000 ---p 00000000 00:00 0 
7faf8c000000-7faf8c021000 rw-p 00000000 00:00 0 
7faf8c021000-7faf90000000 ---p 00000000 00:00 0 
7faf90000000-7faf90021000 rw-p 00000000 00:00 0 
7faf90021000-7faf94000000 ---p 00000000 00:00 0 
7faf94000000-7faf94537000 rw-p 00000000 00:00 0 
7faf94537000-7faf98000000 ---p 00000000 00:00 0 
7faf98000000-7faf98021000 rw-p 00000000 00:00 0 
7faf98021000-7faf9c000000 ---p 00000000 00:00 0 
7faf9d2fd000-7faf9d301000 ---p 00000000 00:00 0 
7faf9d301000-7faf9d3fd000 rw-p 00000000 00:00 0 
7faf9d3fd000-7faf9d401000 ---p 00000000 00:00 0 
7faf9d401000-7faf9d4fd000 rw-p 00000000 00:00 0 
7faf9d4fd000-7faf9d501000 ---p 00000000 00:00 0 
7faf9d501000-7faf9d5fd000 rw-p 00000000 00:00 0 
7faf9d5fd000-7faf9d601000 ---p 00000000 00:00 0 
7faf9d601000-7faf9d6fd000 rw-p 00000000 00:00 0 
7faf9d6fd000-7faf9d701000 ---p 00000000 00:00 0 
7faf9d701000-7faf9d7fd000 rw-p 00000000 00:00 0 
7faf9d7fd000-7faf9d801000 ---p 00000000 00:00 0 
7faf9d801000-7faf9d8fd000 rw-p 00000000 00:00 0 
7faf9d8fd000-7faf9d901000 ---p 00000000 00:00 0 
7faf9d901000-7faf9d9fd000 rw-p 00000000 00:00 0 
7faf9d9fd000-7faf9d9fe000 ---p 00000000 00:00 0 
7faf9d9fe000-7faf9dafe000 rw-p 00000000 00:00 0 
7faf9dafe000-7faf9db02000 ---p 00000000 00:00 0 
7faf9db02000-7faf9dbfe000 rw-p 00000000 00:00 0 
7faf9dbfe000-7faf9dbff000 ---p 00000000 00:00 0 
7faf9dbff000-7faf9dcff000 rw-p 00000000 00:00 0 
7faf9dcff000-7faf9dd00000 ---p 00000000 00:00 0 
7faf9dd00000-7faf9de00000 rw-p 00000000 00:00 0 
7faf9de00000-7fafa0260000 rw-p 00000000 00:00 0 
7fafa0260000-7fafa43f0000 ---p 00000000 00:00 0 
7fafa43f0000-7fafa4400000 rw-p 00000000 00:00 0 
7fafa4400000-7fafa4e30000 rwxp 00000000 00:00 0 
7fafa4e30000-7fafab937000 ---p 00000000 00:00 0 
7fafab937000-7fafabba7000 rwxp 00000000 00:00 0 
7fafabba7000-7fafabec8000 ---p 00000000 00:00 0 
7fafabec8000-7fafac138000 rwxp 00000000 00:00 0 
7fafac138000-7fafb3400000 ---p 00000000 00:00 0 
7fafb3400000-7fafbbf19000 r--s 00000000 00:22 383272                     /usr/lib/apache-netbeans/jdk/lib/modules
7fafbc000000-7fafbcd87000 rw-p 00000000 00:00 0 
7fafbcd87000-7fafc0000000 ---p 00000000 00:00 0 
7fafc00fb000-7fafc00fc000 ---p 00000000 00:00 0 
7fafc00fc000-7fafc01fc000 rw-p 00000000 00:00 0 
7fafc01fc000-7fafc01fd000 ---p 00000000 00:00 0 
7fafc01fd000-7fafc02fd000 rw-p 00000000 00:00 0 
7fafc02fd000-7fafc02fe000 ---p 00000000 00:00 0 
7fafc02fe000-7fafc03fe000 rw-p 00000000 00:00 0 
7fafc03fe000-7fafc03ff000 ---p 00000000 00:00 0 
7fafc03ff000-7fafc04ff000 rw-p 00000000 00:00 0 
7fafc04ff000-7fafc0500000 ---p 00000000 00:00 0 
7fafc0500000-7fafc0600000 rw-p 00000000 00:00 0 
7fafc0600000-7fafc0603000 r-xp 00000000 00:2b 358                        /tmp/jansi-2.4.2-3b164ec14e12f6b-libjansi.so
7fafc0603000-7fafc0802000 ---p 00003000 00:2b 358                        /tmp/jansi-2.4.2-3b164ec14e12f6b-libjansi.so
7fafc0802000-7fafc0803000 r--p 00002000 00:2b 358                        /tmp/jansi-2.4.2-3b164ec14e12f6b-libjansi.so
7fafc0803000-7fafc0804000 rw-p 00003000 00:2b 358                        /tmp/jansi-2.4.2-3b164ec14e12f6b-libjansi.so
7fafc0841000-7fafc0864000 r-xp 00000000 00:22 1467050                    /usr/lib64/libgcc_s-15-20251211.so.1
7fafc0864000-7fafc086b000 r--p 00023000 00:22 1467050                    /usr/lib64/libgcc_s-15-20251211.so.1
7fafc086b000-7fafc086c000 r--p 0002a000 00:22 1467050                    /usr/lib64/libgcc_s-15-20251211.so.1
7fafc086c000-7fafc086d000 rw-p 00000000 00:00 0 
7fafc086d000-7fafc08b9000 r-xp 00000000 00:22 40553                      /usr/lib64/libnss_systemd.so.2
7fafc08b9000-7fafc08d1000 r--p 0004c000 00:22 40553                      /usr/lib64/libnss_systemd.so.2
7fafc08d1000-7fafc08d6000 r--p 00063000 00:22 40553                      /usr/lib64/libnss_systemd.so.2
7fafc08d6000-7fafc08d7000 rw-p 00068000 00:22 40553                      /usr/lib64/libnss_systemd.so.2
7fafc08ea000-7fafc08ee000 r--p 00000000 00:22 383270                     /usr/lib/apache-netbeans/jdk/lib/libverify.so
7fafc08ee000-7fafc08f7000 r-xp 00004000 00:22 383270                     /usr/lib/apache-netbeans/jdk/lib/libverify.so
7fafc08f7000-7fafc08f9000 r--p 0000d000 00:22 383270                     /usr/lib/apache-netbeans/jdk/lib/libverify.so
7fafc08f9000-7fafc08fb000 r--p 0000e000 00:22 383270                     /usr/lib/apache-netbeans/jdk/lib/libverify.so
7fafc08fb000-7fafc08fc000 rw-p 00010000 00:22 383270                     /usr/lib/apache-netbeans/jdk/lib/libverify.so
7fafc08fc000-7fafc0900000 ---p 00000000 00:00 0 
7fafc0900000-7fafc09fc000 rw-p 00000000 00:00 0 
7fafc09fc000-7fafc0a00000 ---p 00000000 00:00 0 
7fafc0a00000-7fafc0afc000 rw-p 00000000 00:00 0 
7fafc0afc000-7fafc0afe000 r--p 00000000 00:22 383271                     /usr/lib/apache-netbeans/jdk/lib/libzip.so
7fafc0afe000-7fafc0b10000 r-xp 00002000 00:22 383271                     /usr/lib/apache-netbeans/jdk/lib/libzip.so
7fafc0b10000-7fafc0b18000 r--p 00014000 00:22 383271                     /usr/lib/apache-netbeans/jdk/lib/libzip.so
7fafc0b18000-7fafc0b19000 r--p 0001b000 00:22 383271                     /usr/lib/apache-netbeans/jdk/lib/libzip.so
7fafc0b19000-7fafc0b1a000 rw-p 0001c000 00:22 383271                     /usr/lib/apache-netbeans/jdk/lib/libzip.so
7fafc0b1a000-7fafc0b1e000 ---p 00000000 00:00 0 
7fafc0b1e000-7fafc0c1a000 rw-p 00000000 00:00 0 
7fafc0c1a000-7fafc0c1e000 ---p 00000000 00:00 0 
7fafc0c1e000-7fafc0d1a000 rw-p 00000000 00:00 0 
7fafc0d1a000-7fafc0d1b000 r--p 00000000 00:22 383267                     /usr/lib/apache-netbeans/jdk/lib/libsimdsort.so
7fafc0d1b000-7fafc0d54000 r-xp 00001000 00:22 383267                     /usr/lib/apache-netbeans/jdk/lib/libsimdsort.so
7fafc0d54000-7fafc0d5a000 r--p 0003a000 00:22 383267                     /usr/lib/apache-netbeans/jdk/lib/libsimdsort.so
7fafc0d5a000-7fafc0d5b000 r--p 0003f000 00:22 383267                     /usr/lib/apache-netbeans/jdk/lib/libsimdsort.so
7fafc0d5b000-7fafc0d5c000 rw-p 00040000 00:22 383267                     /usr/lib/apache-netbeans/jdk/lib/libsimdsort.so
7fafc0d5c000-7fafc0d60000 ---p 00000000 00:00 0 
7fafc0d60000-7fafc0e5c000 rw-p 00000000 00:00 0 
7fafc0e5c000-7fafc0e60000 ---p 00000000 00:00 0 
7fafc0e60000-7fafc0f5c000 rw-p 00000000 00:00 0 
7fafc0f5c000-7fafc0f60000 ---p 00000000 00:00 0 
7fafc0f60000-7fafc105c000 rw-p 00000000 00:00 0 
7fafc105c000-7fafc1060000 ---p 00000000 00:00 0 
7fafc1060000-7fafc115c000 rw-p 00000000 00:00 0 
7fafc115c000-7fafc1160000 ---p 00000000 00:00 0 
7fafc1160000-7fafc125c000 rw-p 00000000 00:00 0 
7fafc125c000-7fafc1260000 ---p 00000000 00:00 0 
7fafc1260000-7fafc135c000 rw-p 00000000 00:00 0 
7fafc135c000-7fafc1479000 rw-p 00000000 00:00 0 
7fafc1479000-7fafc147a000 ---p 00000000 00:00 0 
7fafc147a000-7fafc157a000 rw-p 00000000 00:00 0 
7fafc157a000-7fafc157b000 ---p 00000000 00:00 0 
7fafc157b000-7fafc157f000 ---p 00000000 00:00 0 
7fafc157f000-7fafc167b000 rw-p 00000000 00:00 0 
7fafc167b000-7fafc167c000 ---p 00000000 00:00 0 
7fafc167c000-7fafc177c000 rw-p 00000000 00:00 0 
7fafc177d000-7fafc1783000 r-xp 00000000 00:22 39662                      /usr/lib64/libcap.so.2.73
7fafc1783000-7fafc1787000 r--p 00006000 00:22 39662                      /usr/lib64/libcap.so.2.73
7fafc1787000-7fafc1788000 r--p 00009000 00:22 39662                      /usr/lib64/libcap.so.2.73
7fafc1788000-7fafc1789000 rw-p 0000a000 00:22 39662                      /usr/lib64/libcap.so.2.73
7fafc1789000-7fafc178c000 r--p 00000000 00:22 383261                     /usr/lib/apache-netbeans/jdk/lib/libnet.so
7fafc178c000-7fafc1794000 r-xp 00003000 00:22 383261                     /usr/lib/apache-netbeans/jdk/lib/libnet.so
7fafc1794000-7fafc1796000 r--p 0000b000 00:22 383261                     /usr/lib/apache-netbeans/jdk/lib/libnet.so
7fafc1796000-7fafc1797000 r--p 0000c000 00:22 383261                     /usr/lib/apache-netbeans/jdk/lib/libnet.so
7fafc1797000-7fafc1798000 rw-p 0000d000 00:22 383261                     /usr/lib/apache-netbeans/jdk/lib/libnet.so
7fafc1798000-7fafc17a0000 r--p 00000000 00:22 383262                     /usr/lib/apache-netbeans/jdk/lib/libnio.so
7fafc17a0000-7fafc17a9000 r-xp 00008000 00:22 383262                     /usr/lib/apache-netbeans/jdk/lib/libnio.so
7fafc17a9000-7fafc17ad000 r--p 00011000 00:22 383262                     /usr/lib/apache-netbeans/jdk/lib/libnio.so
7fafc17ad000-7fafc17ae000 r--p 00015000 00:22 383262                     /usr/lib/apache-netbeans/jdk/lib/libnio.so
7fafc17ae000-7fafc17af000 rw-p 00016000 00:22 383262                     /usr/lib/apache-netbeans/jdk/lib/libnio.so
7fafc17af000-7fafc17b0000 ---p 00000000 00:00 0 
7fafc17b0000-7fafc18b0000 rw-p 00000000 00:00 0 
7fafc18b0000-7fafc18b1000 ---p 00000000 00:00 0 
7fafc18b1000-7fafc19b1000 rw-p 00000000 00:00 0 
7fafc19b1000-7fafc21b9000 rw-p 00000000 00:00 0 
7fafc21b9000-7fafc21ba000 ---p 00000000 00:00 0 
7fafc21ba000-7fafc22ba000 rw-p 00000000 00:00 0 
7fafc22ba000-7fafc22bb000 ---p 00000000 00:00 0 
7fafc22bb000-7fafc23bb000 rw-p 00000000 00:00 0 
7fafc23bb000-7fafc23bc000 ---p 00000000 00:00 0 
7fafc23bc000-7fafc24bc000 rw-p 00000000 00:00 0 
7fafc24bc000-7fafc25b5000 rw-p 00000000 00:00 0 
7fafc25b5000-7fafc2de7000 ---p 00000000 00:00 0 
7fafc2de7000-7fafc2e75000 rw-p 00000000 00:00 0 
7fafc2e75000-7fafc36a7000 ---p 00000000 00:00 0 
7fafc36a7000-7fafc3eda000 rw-p 00000000 00:00 0 
7fafc3eda000-7fafc3fc0000 ---p 00000000 00:00 0 
7fafc3fc0000-7fafc3fc5000 rw-p 00000000 00:00 0 
7fafc3fc5000-7fafc3fcc000 ---p 00000000 00:00 0 
7fafc3fcc000-7fafc3fe1000 rw-p 00000000 00:00 0 
7fafc3fe1000-7fafc40b7000 ---p 00000000 00:00 0 
7fafc40b7000-7fafc40c5000 r--p 00000000 00:22 383247                     /usr/lib/apache-netbeans/jdk/lib/libjava.so
7fafc40c5000-7fafc40d3000 r-xp 0000e000 00:22 383247                     /usr/lib/apache-netbeans/jdk/lib/libjava.so
7fafc40d3000-7fafc40d8000 r--p 0001c000 00:22 383247                     /usr/lib/apache-netbeans/jdk/lib/libjava.so
7fafc40d8000-7fafc40d9000 r--p 00021000 00:22 383247                     /usr/lib/apache-netbeans/jdk/lib/libjava.so
7fafc40d9000-7fafc40da000 rw-p 00022000 00:22 383247                     /usr/lib/apache-netbeans/jdk/lib/libjava.so
7fafc40da000-7fafc40db000 rw-p 00000000 00:00 0 
7fafc40db000-7fafc40df000 r--p 00000000 00:22 383251                     /usr/lib/apache-netbeans/jdk/lib/libjimage.so
7fafc40df000-7fafc40f7000 r-xp 00004000 00:22 383251                     /usr/lib/apache-netbeans/jdk/lib/libjimage.so
7fafc40f7000-7fafc40fd000 r--p 0001c000 00:22 383251                     /usr/lib/apache-netbeans/jdk/lib/libjimage.so
7fafc40fd000-7fafc40ff000 r--p 00021000 00:22 383251                     /usr/lib/apache-netbeans/jdk/lib/libjimage.so
7fafc40ff000-7fafc4100000 rw-p 00023000 00:22 383251                     /usr/lib/apache-netbeans/jdk/lib/libjimage.so
7fafc4100000-7fafc4104000 ---p 00000000 00:00 0 
7fafc4104000-7fafc4200000 rw-p 00000000 00:00 0 
7fafc4200000-7fafc44e2000 r--p 00000000 00:22 383285                     /usr/lib/apache-netbeans/jdk/lib/server/libjvm.so
7fafc44e2000-7fafc54e2000 r-xp 002e2000 00:22 383285                     /usr/lib/apache-netbeans/jdk/lib/server/libjvm.so
7fafc54e2000-7fafc57f2000 r--p 012e2000 00:22 383285                     /usr/lib/apache-netbeans/jdk/lib/server/libjvm.so
7fafc57f2000-7fafc58dd000 r--p 015f2000 00:22 383285                     /usr/lib/apache-netbeans/jdk/lib/server/libjvm.so
7fafc58dd000-7fafc5908000 rw-p 016dd000 00:22 383285                     /usr/lib/apache-netbeans/jdk/lib/server/libjvm.so
7fafc5908000-7fafc5984000 rw-p 00000000 00:00 0 
7fafc5988000-7fafc598f000 r--s 00000000 00:22 1505679                    /usr/lib64/gconv/gconv-modules.cache
7fafc598f000-7fafc5a0c000 r-xp 00000000 00:22 1467676                    /usr/lib64/libm.so.6
7fafc5a0c000-7fafc5a7c000 r--p 0007d000 00:22 1467676                    /usr/lib64/libm.so.6
7fafc5a7c000-7fafc5a7d000 r--p 000ec000 00:22 1467676                    /usr/lib64/libm.so.6
7fafc5a7d000-7fafc5a7e000 rw-p 000ed000 00:22 1467676                    /usr/lib64/libm.so.6
7fafc5a7e000-7fafc5a7f000 r-xp 00000000 00:22 1467684                    /usr/lib64/librt.so.1
7fafc5a7f000-7fafc5a80000 r--p 00001000 00:22 1467684                    /usr/lib64/librt.so.1
7fafc5a80000-7fafc5a81000 r--p 00001000 00:22 1467684                    /usr/lib64/librt.so.1
7fafc5a81000-7fafc5a84000 rw-p 00000000 00:00 0 
7fafc5a84000-7fafc5a85000 r-xp 00000000 00:22 1467682                    /usr/lib64/libpthread.so.0
7fafc5a85000-7fafc5a86000 r--p 00001000 00:22 1467682                    /usr/lib64/libpthread.so.0
7fafc5a86000-7fafc5a87000 r--p 00001000 00:22 1467682                    /usr/lib64/libpthread.so.0
7fafc5a87000-7fafc5a88000 rw-p 00000000 00:00 0 
7fafc5a88000-7fafc5a89000 r-xp 00000000 00:22 1467675                    /usr/lib64/libdl.so.2
7fafc5a89000-7fafc5a8a000 r--p 00001000 00:22 1467675                    /usr/lib64/libdl.so.2
7fafc5a8a000-7fafc5a8b000 r--p 00001000 00:22 1467675                    /usr/lib64/libdl.so.2
7fafc5a8b000-7fafc5a8c000 rw-p 00000000 00:00 0 
7fafc5a8c000-7fafc5bfa000 r-xp 00000000 00:22 1467674                    /usr/lib64/libc.so.6
7fafc5bfa000-7fafc5c6f000 r--p 0016e000 00:22 1467674                    /usr/lib64/libc.so.6
7fafc5c6f000-7fafc5c73000 r--p 001e2000 00:22 1467674                    /usr/lib64/libc.so.6
7fafc5c73000-7fafc5c75000 rw-p 001e6000 00:22 1467674                    /usr/lib64/libc.so.6
7fafc5c75000-7fafc5c7d000 rw-p 00000000 00:00 0 
7fafc5c7f000-7fafc5c80000 rw-p 00000000 00:00 0 
7fafc5c80000-7fafc5c81000 rw-p 00000000 00:00 0 
7fafc5c81000-7fafc5c82000 r-xp 00000000 00:22 1467686                    /usr/lib64/libutil.so.1
7fafc5c82000-7fafc5c83000 r--p 00001000 00:22 1467686                    /usr/lib64/libutil.so.1
7fafc5c83000-7fafc5c84000 r--p 00001000 00:22 1467686                    /usr/lib64/libutil.so.1
7fafc5c84000-7fafc5c85000 rw-p 00000000 00:00 0 
7fafc5c85000-7fafc5c8d000 rw-s 00000000 00:2b 356                        /tmp/hsperfdata_bilal/6913
7fafc5c8d000-7fafc5c8e000 ---p 00000000 00:00 0 
7fafc5c8e000-7fafc5c8f000 r--p 00000000 00:00 0 
7fafc5c8f000-7fafc5c90000 ---p 00000000 00:00 0 
7fafc5c90000-7fafc5c93000 r--p 00000000 00:22 383252                     /usr/lib/apache-netbeans/jdk/lib/libjli.so
7fafc5c93000-7fafc5ca4000 r-xp 00003000 00:22 383252                     /usr/lib/apache-netbeans/jdk/lib/libjli.so
7fafc5ca4000-7fafc5cab000 r--p 00014000 00:22 383252                     /usr/lib/apache-netbeans/jdk/lib/libjli.so
7fafc5cab000-7fafc5cac000 r--p 0001a000 00:22 383252                     /usr/lib/apache-netbeans/jdk/lib/libjli.so
7fafc5cac000-7fafc5cad000 rw-p 0001b000 00:22 383252                     /usr/lib/apache-netbeans/jdk/lib/libjli.so
7fafc5cad000-7fafc5caf000 rw-p 00000000 00:00 0 
7fafc5caf000-7fafc5cb1000 r--p 00000000 00:00 0                          [vvar]
7fafc5cb1000-7fafc5cb3000 r--p 00000000 00:00 0                          [vvar_vclock]
7fafc5cb3000-7fafc5cb5000 r-xp 00000000 00:00 0                          [vdso]
7fafc5cb5000-7fafc5cde000 r-xp 00000000 00:22 1467671                    /usr/lib64/ld-linux-x86-64.so.2
7fafc5cde000-7fafc5ce9000 r--p 00029000 00:22 1467671                    /usr/lib64/ld-linux-x86-64.so.2
7fafc5ce9000-7fafc5ceb000 r--p 00034000 00:22 1467671                    /usr/lib64/ld-linux-x86-64.so.2
7fafc5ceb000-7fafc5cec000 rw-p 00036000 00:22 1467671                    /usr/lib64/ld-linux-x86-64.so.2
7fafc5cec000-7fafc5ced000 rw-p 00000000 00:00 0 
7ffe55307000-7ffe55328000 rw-p 00000000 00:00 0                          [stack]
ffffffffff600000-ffffffffff601000 --xp 00000000 00:00 0                  [vsyscall]
Total number of mappings: 294

JVMTI agents: none


VM Arguments:
jvm_args: --enable-native-access=ALL-UNNAMED -Dclassworlds.conf=/usr/lib/apache-netbeans/java/maven/bin/m2.conf -Dmaven.home=/usr/lib/apache-netbeans/java/maven -Dlibrary.jansi.path=/usr/lib/apache-netbeans/java/maven/lib/jansi-native -Dmaven.multiModuleProjectDirectory=/home/bilal/NetBeansProjects/Project-UAS-PBO-Restaurant 
java_command: org.codehaus.plexus.classworlds.launcher.Launcher -Dnetbeans.deploy.debugmode=true -Dnetbeans.deploy=true -Dexec.vmArgs= -Dexec.appArgs= -Dmaven.ext.class.path=/usr/lib/apache-netbeans/java/maven-nblib/netbeans-eventspy.jar --no-transfer-progress package
java_class_path (initial): /usr/lib/apache-netbeans/java/maven/boot/plexus-classworlds-2.9.0.jar
Launcher Type: SUN_STANDARD

[Global flags]
     intx CICompilerCount                          = 4                                         {product} {ergonomic}
     uint ConcGCThreads                            = 2                                         {product} {ergonomic}
     uint G1ConcRefinementThreads                  = 8                                         {product} {ergonomic}
   size_t G1HeapRegionSize                         = 4194304                                   {product} {ergonomic}
   size_t InitialHeapSize                          = 293601280                                 {product} {ergonomic}
   size_t MarkStackSize                            = 4194304                                   {product} {ergonomic}
   size_t MarkStackSizeMax                         = 536870912                                 {product} {ergonomic}
   size_t MaxHeapSize                              = 4697620480                                {product} {ergonomic}
   size_t MaxNewSize                               = 2818572288                                {product} {ergonomic}
   size_t MinHeapDeltaBytes                        = 4194304                                   {product} {ergonomic}
   size_t MinHeapSize                              = 8388608                                   {product} {ergonomic}
    uintx NonNMethodCodeHeapSize                   = 5836800                                {pd product} {ergonomic}
    uintx NonProfiledCodeHeapSize                  = 122912768                              {pd product} {ergonomic}
    uintx ProfiledCodeHeapSize                     = 122908672                              {pd product} {ergonomic}
    uintx ReservedCodeCacheSize                    = 251658240                              {pd product} {ergonomic}
     bool SegmentedCodeCache                       = true                                      {product} {ergonomic}
   size_t SoftMaxHeapSize                          = 4697620480                             {manageable} {ergonomic}
     bool UseCompressedOops                        = true                           {product lp64_product} {ergonomic}
     bool UseG1GC                                  = true                                      {product} {ergonomic}

Logging:
Log output configuration:
 #0: stdout all=warning uptime,level,tags foldmultilines=false
 #1: stderr all=off uptime,level,tags foldmultilines=false

Release file:
IMPLEMENTOR="Eclipse Adoptium"
IMPLEMENTOR_VERSION="Temurin-25.0.1+8"
JAVA_RUNTIME_VERSION="25.0.1+8-LTS"
JAVA_VERSION="25.0.1"
JAVA_VERSION_DATE="2025-10-21"
LIBC="gnu"
MODULES="java.base java.compiler java.datatransfer java.xml java.prefs java.desktop java.instrument java.logging java.management java.security.sasl java.naming java.rmi java.management.rmi java.net.http java.scripting java.security.jgss java.transaction.xa java.sql java.sql.rowset java.xml.crypto java.se java.smartcardio jdk.accessibility jdk.internal.jvmstat jdk.attach jdk.charsets jdk.internal.opt jdk.zipfs jdk.compiler jdk.crypto.cryptoki jdk.crypto.ec jdk.dynalink jdk.internal.ed jdk.editpad jdk.internal.vm.ci jdk.graal.compiler jdk.graal.compiler.management jdk.hotspot.agent jdk.httpserver jdk.incubator.vector jdk.internal.le jdk.internal.md jdk.jartool jdk.javadoc jdk.jcmd jdk.management jdk.management.agent jdk.jconsole jdk.jdeps jdk.jdwp.agent jdk.jdi jdk.jfr jdk.jlink jdk.jpackage jdk.jshell jdk.jsobject jdk.jstatd jdk.localedata jdk.management.jfr jdk.naming.dns jdk.naming.rmi jdk.net jdk.nio.mapmode jdk.sctp jdk.security.auth jdk.security.jgss jdk.unsupported jdk.unsupported.desktop jdk.xml.dom"
OS_ARCH="x86_64"
OS_NAME="Linux"
SOURCE=".:git:61d6a2c1b35e"
BUILD_SOURCE="git:839fa0b45d809157cffd3dc8515aad262a4a1776"
BUILD_SOURCE_REPO="https://github.com/adoptium/temurin-build.git"
SOURCE_REPO="https://github.com/adoptium/jdk25u.git"
FULL_VERSION="25.0.1+8-LTS"
SEMANTIC_VERSION="25.0.1+8"
BUILD_INFO="OS: Linux Version: 6.8.0-1036-azure"
JVM_VARIANT="Hotspot"
JVM_VERSION="25.0.1+8-LTS"
IMAGE_TYPE="JDK"

Environment Variables:
JAVA_HOME=/usr/lib/apache-netbeans/jdk
PATH=/home/bilal/.local/bin:/home/bilal/bin:/usr/local/bin:/usr/bin:/var/lib/snapd/snap/bin:/usr/local/sbin
USERNAME=bilal
SHELL=/bin/bash
DISPLAY=:0
LANG=en_US.UTF-8

Active Locale:
LC_ALL=en_US.UTF-8
LC_COLLATE=en_US.UTF-8
LC_CTYPE=en_US.UTF-8
LC_MESSAGES=en_US.UTF-8
LC_MONETARY=en_US.UTF-8
LC_NUMERIC=en_US.UTF-8
LC_TIME=en_US.UTF-8

Signal Handlers:
   SIGSEGV: crash_handler in libjvm.so, mask=11100100010111111101111111111110, flags=SA_RESTART|SA_SIGINFO, unblocked
    SIGBUS: crash_handler in libjvm.so, mask=11100100010111111101111111111110, flags=SA_RESTART|SA_SIGINFO, unblocked
    SIGFPE: crash_handler in libjvm.so, mask=11100100010111111101111111111110, flags=SA_RESTART|SA_SIGINFO, unblocked
   SIGPIPE: javaSignalHandler in libjvm.so, mask=11100100010111111101111111111110, flags=SA_RESTART|SA_SIGINFO, blocked
   SIGXFSZ: javaSignalHandler in libjvm.so, mask=11100100010111111101111111111110, flags=SA_RESTART|SA_SIGINFO, blocked
    SIGILL: crash_handler in libjvm.so, mask=11100100010111111101111111111110, flags=SA_RESTART|SA_SIGINFO, unblocked
   SIGUSR2: SR_handler in libjvm.so, mask=00000000000000000000000000000000, flags=SA_RESTART|SA_SIGINFO, blocked
    SIGHUP: UserHandler in libjvm.so, mask=11100100010111111101111111111110, flags=SA_RESTART|SA_SIGINFO, blocked
    SIGINT: SIG_IGN, mask=00000000000000000000000000000000, flags=none, blocked
   SIGTERM: UserHandler in libjvm.so, mask=11100100010111111101111111111110, flags=SA_RESTART|SA_SIGINFO, blocked
   SIGQUIT: UserHandler in libjvm.so, mask=11100100010111111101111111111110, flags=SA_RESTART|SA_SIGINFO, blocked
   SIGTRAP: crash_handler in libjvm.so, mask=11100100010111111101111111111110, flags=SA_RESTART|SA_SIGINFO, unblocked


Compilation memory statistics disabled.

Periodic native trim disabled

---------------  S Y S T E M  ---------------

OS:
Fedora release 42 (Adams)
uname: Linux 6.14.0-63.fc42.x86_64 #1 SMP PREEMPT_DYNAMIC Mon Mar 24 19:53:37 UTC 2025 x86_64
OS uptime: 0 days 1:59 hours
libc: glibc 2.41 NPTL 2.41 
rlimit (soft/hard): STACK 8192k/infinity , CORE infinity/infinity , NPROC 71241/71241 , NOFILE 524288/524288 , AS infinity/infinity , CPU infinity/infinity , DATA infinity/infinity , FSIZE infinity/infinity , MEMLOCK 8192k/8192k
load average: 4.60 3.05 1.63

/proc/meminfo:
MemTotal:       18336688 kB
MemFree:         4985644 kB
MemAvailable:   11569552 kB
Buffers:            6520 kB
Cached:          8799468 kB
SwapCached:            0 kB
Active:         10127008 kB
Inactive:        2379796 kB
Active(anon):    5720896 kB
Inactive(anon):        0 kB
Active(file):    4406112 kB
Inactive(file):  2379796 kB
Unevictable:        6088 kB
Mlocked:            6088 kB
SwapTotal:       8388604 kB
SwapFree:        8388604 kB
Zswap:                 0 kB
Zswapped:              0 kB
Dirty:              2472 kB
Writeback:             0 kB
AnonPages:       3707540 kB
Mapped:          1258972 kB
Shmem:           2014468 kB
KReclaimable:     128368 kB
Slab:             332160 kB
SReclaimable:     128368 kB
SUnreclaim:       203792 kB
KernelStack:       24404 kB
PageTables:        54592 kB
SecPageTables:      4092 kB
NFS_Unstable:          0 kB
Bounce:                0 kB
WritebackTmp:          0 kB
CommitLimit:    17556948 kB
Committed_AS:   15532560 kB
VmallocTotal:   34359738367 kB
VmallocUsed:      120184 kB
VmallocChunk:          0 kB
Percpu:             8544 kB
HardwareCorrupted:     0 kB
AnonHugePages:         0 kB
ShmemHugePages:        0 kB
ShmemPmdMapped:        0 kB
FileHugePages:         0 kB
FilePmdMapped:         0 kB
CmaTotal:              0 kB
CmaFree:               0 kB
Unaccepted:            0 kB
HugePages_Total:       0
HugePages_Free:        0
HugePages_Rsvd:        0
HugePages_Surp:        0
Hugepagesize:       2048 kB
Hugetlb:               0 kB
DirectMap4k:      456276 kB
DirectMap2M:    12060672 kB
DirectMap1G:     7340032 kB

/sys/kernel/mm/transparent_hugepage/enabled: always [madvise] never
/sys/kernel/mm/transparent_hugepage/hpage_pmd_size: 2097152
/sys/kernel/mm/transparent_hugepage/shmem_enabled: always within_size advise [never] deny force
/sys/kernel/mm/transparent_hugepage/defrag (defrag/compaction efforts parameter): always defer defer+madvise [madvise] never

Process Memory:
Virtual Size: 8837720K (peak: 8837720K)
Resident Set Size: 302952K (peak: 302952K) (anon: 275936K, file: 27016K, shmem: 0K)
Swapped out: 0K
C-Heap outstanding allocations: 85440K, retained: 39803K
glibc malloc tunables: (default)

/proc/sys/kernel/threads-max (system-wide limit on the number of threads): 142482
/proc/sys/vm/max_map_count (maximum number of memory map areas a process may have): 1048576
/proc/sys/vm/swappiness (control to define how aggressively the kernel swaps out anonymous memory): 60
/proc/sys/kernel/pid_max (system-wide limit on number of process identifiers): 4194304

container information not found.
Steal ticks since vm start: 0
Steal ticks percentage since vm start:  0.000

CPU: total 8 (initial active 8) (8 cores per cpu, 2 threads per core) family 23 model 24 stepping 1 microcode 0x8108109, cx8, cmov, fxsr, ht, mmx, 3dnowpref, sse, sse2, sse3, ssse3, sse4a, sse4.1, sse4.2, popcnt, lzcnt, tsc, tscinvbit, avx, avx2, aes, clmul, bmi1, bmi2, adx, sha, fma, vzeroupper, clflush, clflushopt, rdtscp, f16c
CPU Model and flags from /proc/cpuinfo:
model name	: AMD Ryzen 5 3500U with Radeon Vega Mobile Gfx
flags		: fpu vme de pse tsc msr pae mce cx8 apic sep mtrr pge mca cmov pat pse36 clflush mmx fxsr sse sse2 ht syscall nx mmxext fxsr_opt pdpe1gb rdtscp lm constant_tsc rep_good nopl nonstop_tsc cpuid extd_apicid aperfmperf rapl pni pclmulqdq monitor ssse3 fma cx16 sse4_1 sse4_2 movbe popcnt aes xsave avx f16c rdrand lahf_lm cmp_legacy svm extapic cr8_legacy abm sse4a misalignsse 3dnowprefetch osvw skinit wdt tce topoext perfctr_core perfctr_nb bpext perfctr_llc mwaitx cpb hw_pstate ssbd ibpb vmmcall fsgsbase bmi1 avx2 smep bmi2 rdseed adx smap clflushopt sha_ni xsaveopt xsavec xgetbv1 clzero irperf xsaveerptr arat npt lbrv svm_lock nrip_save tsc_scale vmcb_clean flushbyasid decodeassists pausefilter pfthreshold avic v_vmsave_vmload vgif overflow_recov succor smca sev sev_es

Online cpus: 0-7
Offline cpus: 
BIOS frequency limitation: 2100000
Frequency switch latency (ns): 0
Available cpu frequencies: 2100000 1700000 1400000 
Current governor: schedutil
Core performance/turbo boost: 1

Memory: 4k page, physical 18336688k(11571652k free), swap 8388604k(8388604k free)
Page Sizes: 4k

vm_info: OpenJDK 64-Bit Server VM (25.0.1+8-LTS) for linux-amd64 JRE (25.0.1+8-LTS), built on 2025-10-21T00:00:00Z with gcc 14.2.0

END.
