#
# A fatal error has been detected by the Java Runtime Environment:
#
#  SIGSEGV (0xb) at pc=0x00007f5c86448ba0, pid=9580, tid=9633
#
# JRE version: OpenJDK Runtime Environment Temurin-25.0.1+8 (25.0.1+8) (build 25.0.1+8-LTS)
# Java VM: OpenJDK 64-Bit Server VM Temurin-25.0.1+8 (25.0.1+8-LTS, mixed mode, sharing, tiered, compressed oops, compressed class ptrs, g1 gc, linux-amd64)
# Problematic frame:
# V  [libjvm.so+0x848ba0]  NTarjan::LINK(NTarjan*, NTarjan*)+0xc0
#
# Core dump will be written. Default location: Core dumps may be processed with "/usr/lib/systemd/systemd-coredump %P %u %g %s %t %c %h" (or dumping to /home/bilal/NetBeansProjects/Project-UAS-PBO-Restaurant/core.9580)
#
# If you would like to submit a bug report, please visit:
#   https://github.com/adoptium/adoptium-support/issues
#

---------------  S U M M A R Y ------------

Command Line: --enable-native-access=ALL-UNNAMED -Dclassworlds.conf=/usr/lib/apache-netbeans/java/maven/bin/m2.conf -Dmaven.home=/usr/lib/apache-netbeans/java/maven -Dlibrary.jansi.path=/usr/lib/apache-netbeans/java/maven/lib/jansi-native -Dmaven.multiModuleProjectDirectory=/home/bilal/NetBeansProjects/Project-UAS-PBO-Restaurant org.codehaus.plexus.classworlds.launcher.Launcher -Dmaven.ext.class.path=/usr/lib/apache-netbeans/java/maven-nblib/netbeans-eventspy.jar --no-transfer-progress clean install

Host: AMD Ryzen 5 3500U with Radeon Vega Mobile Gfx, 8 cores, 17G, Fedora release 42 (Adams)
Time: Thu Jan 15 15:26:45 2026 WIB elapsed time: 4.910203 seconds (0d 0h 0m 4s)

---------------  T H R E A D  ---------------

Current thread (0x00007f5c800d0980):  JavaThread "C2 CompilerThread0" daemon [_thread_in_native, id=9633, stack(0x00007f5c606f8000,0x00007f5c607f8000) (1024K)]


Current CompileTask:
C2:4910 5239       4       java.lang.invoke.MethodType::makeImpl (109 bytes)

Stack: [0x00007f5c606f8000,0x00007f5c607f8000],  sp=0x00007f5c607f3438,  free space=1005k
Native frames: (J=compiled Java code, j=interpreted, Vv=VM code, C=native code)
V  [libjvm.so+0x848ba0]  NTarjan::LINK(NTarjan*, NTarjan*)+0xc0
V  [libjvm.so+0xd1ed6c]  PhaseIdealLoop::build_and_optimize()+0x39c
V  [libjvm.so+0x73b1e9]  PhaseIdealLoop::optimize(PhaseIterGVN&, LoopOptsMode)+0x279
V  [libjvm.so+0x735b2e]  Compile::Optimize()+0x10de
V  [libjvm.so+0x739f79]  Compile::Compile(ciEnv*, ciMethod*, int, Options, DirectiveSet*)+0x1069
V  [libjvm.so+0x651a91]  C2Compiler::compile_method(ciEnv*, ciMethod*, int, bool, DirectiveSet*)+0x1c1
V  [libjvm.so+0x742601]  CompileBroker::invoke_compiler_on_method(CompileTask*)+0xb01
V  [libjvm.so+0x7438e8]  CompileBroker::compiler_thread_loop()+0x518
V  [libjvm.so+0xa3bd1e]  JavaThread::thread_main_inner()+0x1de
V  [libjvm.so+0x116ab9f]  Thread::call_run()+0x9f
V  [libjvm.so+0xe71cc6]  thread_native_entry(Thread*)+0xd6
C  [libc.so.6+0x71f14]  start_thread+0x2e4

siginfo: si_signo: 11 (SIGSEGV), si_code: 128 (SI_KERNEL), si_addr: 0x0000000000000000

Registers:
RAX=0x0000ff5c145c22a8, RBX=0x000000000000001b, RCX=0x0000000000000006, RDX=0x0000ff5c145c22a8
RSP=0x00007f5c607f3438, RBP=0x00007f5c607f3530, RSI=0x00007f5c145e5528, RDI=0x0000000000000000
R8 =0x00007f5c145e5528, R9 =0x00007f5c145e54d8, R10=0x00007f5c145c22a8, R11=0x0000000000000000
R12=0x00007f5c043089c0, R13=0x00007f5c145c22a8, R14=0x00007f5c145e5528, R15=0x00007f5c14567d48
RIP=0x00007f5c86448ba0, EFLAGS=0x0000000000010287, CSGSFS=0x002b000000000033, ERR=0x0000000000000000
  TRAPNO=0x000000000000000d

XMM[0]=0x0000000000000000 0x0000000000000000
XMM[1]=0x0000000000000000 0x00007f5c800d13c0
XMM[2]=0x0000000000000000 0x00007f5c1445b500
XMM[3]=0x0000000000000000 0x0000000000000000
XMM[4]=0x0000000000000000 0x00007f5c14000090
XMM[5]=0x00007f5c1402bb28 0x00007f5c1402bb28
XMM[6]=0x00007f5c1402bb28 0x00007f5c1402bb28
XMM[7]=0x00007f5c1402bb28 0x00007f5c1402bb28
XMM[8]=0x00007f5c1402c390 0x00007f5c1402c390
XMM[9]=0x0000000000000000 0x46293e5939a08cea
XMM[10]=0x0000000000000000 0x4376345785d8a000
XMM[11]=0x00007f5c18a183b0 0x00007f5c18a18348
XMM[12]=0xc19bf1749bdc06a7 0x80deb1fe72be5d74
XMM[13]=0x550c7dc3243185be 0x12835b01d807aa98
XMM[14]=0xab1c5ed5923f82a4 0x59f111f13956c25b
XMM[15]=0x0000000000000000 0x0000000000000000
  MXCSR=0x00001fa2


Register to memory mapping:

RAX=0x0000ff5c145c22a8 is an unknown value
RBX=0x000000000000001b is an unknown value
RCX=0x0000000000000006 is an unknown value
RDX=0x0000ff5c145c22a8 is an unknown value
RSP=0x00007f5c607f3438 is pointing into the stack for thread: 0x00007f5c800d0980
RBP=0x00007f5c607f3530 is pointing into the stack for thread: 0x00007f5c800d0980
RSI=0x00007f5c145e5528 points into unknown readable memory: 0x00007f5c043089c0 | c0 89 30 04 5c 7f 00 00
RDI=0x0 is null
R8 =0x00007f5c145e5528 points into unknown readable memory: 0x00007f5c043089c0 | c0 89 30 04 5c 7f 00 00
R9 =0x00007f5c145e54d8 points into unknown readable memory: 0x00007f5c04308958 | 58 89 30 04 5c 7f 00 00
R10=0x00007f5c145c22a8 points into unknown readable memory: 0x0000000000000000 | 00 00 00 00 00 00 00 00
R11=0x0 is null
R12=0x00007f5c043089c0 points into unknown readable memory: 0x00007f5c872b0ee8 | e8 0e 2b 87 5c 7f 00 00
R13=0x00007f5c145c22a8 points into unknown readable memory: 0x0000000000000000 | 00 00 00 00 00 00 00 00
R14=0x00007f5c145e5528 points into unknown readable memory: 0x00007f5c043089c0 | c0 89 30 04 5c 7f 00 00
R15=0x00007f5c14567d48 points into unknown readable memory: 0xffffffff00000001 | 01 00 00 00 ff ff ff ff

Top of Stack: (sp=0x00007f5c607f3438)
0x00007f5c607f3438:   00007f5c86448f37 00007f5c607f3470   7.D.\...p4.`\...
0x00007f5c607f3448:   00007f5c800d13c0 0000000000000000   ....\...........
0x00007f5c607f3458:   00007f5c800d13c0 00007f5c14567d48   ....\...H}V.\...
0x00007f5c607f3468:   000000000004fc90 00007f5c14502170   ........p!P.\...
0x00007f5c607f3478:   00007f5c800d13c0 00007f5c14502170   ....\...p!P.\...
0x00007f5c607f3488:   00007f5c1450a628 00000ff880a17af8   (.P.\....z......
0x00007f5c607f3498:   00007f5c1450a628 00007f5c1450a628   (.P.\...(.P.\...
0x00007f5c607f34a8:   00000000000c9810 00007f5c18104608   .........F..\...
0x00007f5c607f34b8:   00007f5c14567d48 00007f5c145c22f8   H}V.\...."\.\...
0x00007f5c607f34c8:   00007f5c607f3700 00007f5c8734e278   .7.`\...x.4.\...
0x00007f5c607f34d8:   00007f5c144f1810 0000020000000200   ..O.\...........
0x00007f5c607f34e8:   00007f5c041a41b0 00007f5c800d13c0   .A..\.......\...
0x00007f5c607f34f8:   00007f5c80135378 0000000000000001   xS..\...........
0x00007f5c607f3508:   00007f5c607f3580 0000000000000002   .5.`\...........
0x00007f5c607f3518:   0000000000000001 00007f5c18246ab0   .........j$.\...
0x00007f5c607f3528:   00007f5c607f3700 00007f5c607f36c0   .7.`\....6.`\...
0x00007f5c607f3538:   00007f5c8691ed6c 0000000000000000   l...\...........
0x00007f5c607f3548:   00007f5c183887f8 00007f5c607f3590   ..8.\....5.`\...
0x00007f5c607f3558:   00007f5c86ac2848 00007f5c1416ca00   H(..\.......\...
0x00007f5c607f3568:   00007f5c80003940 00007f5c04304d20   @9..\... M0.\...
0x00007f5c607f3578:   0000000000000000 0000000200000002   ................
0x00007f5c607f3588:   00007f5c18246aa8 00007f5c800d13c0   .j$.\.......\...
0x00007f5c607f3598:   00007f5c86a3204c 00007f5c607f5a00   L ..\....Z.`\...
0x00007f5c607f35a8:   00007f5c607f39e0 00007f5c607f35e0   .9.`\....5.`\...
0x00007f5c607f35b8:   00007f5c1440b940 00007f5c04304d20   @.@.\... M0.\...
0x00007f5c607f35c8:   00007f5c800d13c0 00007f5c607f39e0   ....\....9.`\...
0x00007f5c607f35d8:   00007f5c800d13c0 00007f5c607f36c0   ....\....6.`\...
0x00007f5c607f35e8:   00007f5c86abdde1 0000000000020018   ....\...........
0x00007f5c607f35f8:   00007f5c14000030 00007f5c607f3670   0...\...p6.`\...
0x00007f5c607f3608:   00007f5c860c4e77 00007f5c607f3680   wN..\....6.`\...
0x00007f5c607f3618:   00007f5c607f39e0 00007f5c18246720   .9.`\... g$.\...
0x00007f5c607f3628:   00007f5c18246a38 00000000000981f8   8j$.\...........

Instructions: (pc=0x00007f5c86448ba0)
  0x00007f5c86448aa0:   49 8b 50 18 49 8b 41 18 8b 4a 08 39 48 08 73 07
  0x00007f5c86448ab0:   49 89 40 18 48 89 c2 4d 8b 49 20 4d 89 48 20 49
  0x00007f5c86448ac0:   8b 41 18 8b 72 08 39 70 08 48 0f 43 c2 c3 66 90
  0x00007f5c86448ad0:   49 89 41 18 e9 2a ff ff ff 90 66 0f 1f 44 00 00
  0x00007f5c86448ae0:   49 89 f0 49 89 d2 48 8b 76 18 49 89 f9 49 8b 50
  0x00007f5c86448af0:   28 48 8b 42 18 8b 40 08 39 46 08 0f 83 df 00 00
  0x00007f5c86448b00:   00 4c 89 c1 66 66 2e 0f 1f 84 00 00 00 00 00 66
  0x00007f5c86448b10:   66 2e 0f 1f 84 00 00 00 00 00 66 66 2e 0f 1f 84
  0x00007f5c86448b20:   00 00 00 00 00 66 66 2e 0f 1f 84 00 00 00 00 00
  0x00007f5c86448b30:   66 66 2e 0f 1f 84 00 00 00 00 00 0f 1f 44 00 00
  0x00007f5c86448b40:   48 8b 42 28 8b 71 0c 8b 78 0c 8b 42 0c 01 f7 01
  0x00007f5c86448b50:   c0 39 c7 72 5b 48 89 4a 20 48 8b 41 28 48 8b 50
  0x00007f5c86448b60:   28 48 89 51 28 48 8b 42 18 49 8b 70 18 8b 40 08
  0x00007f5c86448b70:   39 46 08 72 cb 48 89 c8 48 89 70 18 41 8b 50 0c
  0x00007f5c86448b80:   41 03 51 0c 41 89 51 0c 41 8b 48 0c 01 c9 39 ca
  0x00007f5c86448b90:   73 16 49 8b 51 28 49 89 41 28 48 89 d0 eb 09 90
=>0x00007f5c86448ba0:   4c 89 48 20 48 8b 40 28 49 39 c2 75 f3 c3 66 90
  0x00007f5c86448bb0:   89 72 0c 48 8b 41 28 48 89 41 20 48 8b 50 28 49
  0x00007f5c86448bc0:   8b 70 18 48 8b 4a 18 8b 79 08 39 7e 08 73 a9 48
  0x00007f5c86448bd0:   89 c1 e9 69 ff ff ff 66 0f 1f 84 00 00 00 00 00
  0x00007f5c86448be0:   4c 89 c0 eb 93 90 66 2e 0f 1f 84 00 00 00 00 00
  0x00007f5c86448bf0:   55 48 89 e5 41 57 49 89 ff 41 56 4c 8d 75 b0 41
  0x00007f5c86448c00:   55 41 54 53 48 81 ec c8 00 00 00 66 48 8d 3d 95
  0x00007f5c86448c10:   43 e9 00 66 66 48 e8 c5 98 a9 ff 31 f6 48 8b 00
  0x00007f5c86448c20:   4c 8b a0 00 04 00 00 49 8b 44 24 28 f3 41 0f 6f
  0x00007f5c86448c30:   4c 24 18 48 89 85 70 ff ff ff 49 8b 44 24 08 66
  0x00007f5c86448c40:   48 0f 7e cb 0f 29 8d 50 ff ff ff 48 89 85 78 ff
  0x00007f5c86448c50:   ff ff 49 8b 47 10 0f 17 8d 68 ff ff ff 8b 80 70
  0x00007f5c86448c60:   02 00 00 83 c0 01 48 8d 3c 80 48 c1 e7 04 e8 5d
  0x00007f5c86448c70:   b0 6d 00 31 f6 49 89 c5 49 8b 47 10 4c 89 ef 8b
  0x00007f5c86448c80:   80 70 02 00 00 83 c0 01 48 8d 14 80 48 c1 e2 04
  0x00007f5c86448c90:   e8 bb 96 a9 ff 49 8b 47 10 31 f6 8b 80 70 02 00


Stack slot to memory mapping:

stack at sp + 0 slots: 0x00007f5c86448f37: <offset 0x0000000000848f37> in /usr/lib/apache-netbeans/jdk/lib/server/libjvm.so at 0x00007f5c85c00000
stack at sp + 1 slots: 0x00007f5c607f3470 is pointing into the stack for thread: 0x00007f5c800d0980
stack at sp + 2 slots: 0x00007f5c800d13c0 points into unknown readable memory: 0x0000000000000007 | 07 00 00 00 00 00 00 00
stack at sp + 3 slots: 0x0 is null
stack at sp + 4 slots: 0x00007f5c800d13c0 points into unknown readable memory: 0x0000000000000007 | 07 00 00 00 00 00 00 00
stack at sp + 5 slots: 0x00007f5c14567d48 points into unknown readable memory: 0xffffffff00000001 | 01 00 00 00 ff ff ff ff
stack at sp + 6 slots: 0x000000000004fc90 is an unknown value
stack at sp + 7 slots: 0x00007f5c14502170 points into unknown readable memory: 0x00007f5c145c2290 | 90 22 5c 14 5c 7f 00 00

Lock stack of current Java thread (top to bottom):


---------------  P R O C E S S  ---------------

Threads class SMR info:
_java_thread_list=0x00007f5c187dca00, length=12, elements={
0x00007f5c8002b680, 0x00007f5c800c8c80, 0x00007f5c800c9e70, 0x00007f5c800cb9e0,
0x00007f5c800cd300, 0x00007f5c800ceb80, 0x00007f5c800d0980, 0x00007f5c800d2370,
0x00007f5c8010bbb0, 0x00007f5c8010e500, 0x00007f5c187baab0, 0x00007f5c187dbb00
}

Java Threads: ( => current thread )
  0x00007f5c8002b680 JavaThread "main"                              [_thread_in_vm, id=9617, stack(0x00007f5c85b00000,0x00007f5c85c00000) (1024K)]
  0x00007f5c800c8c80 JavaThread "Reference Handler"          daemon [_thread_blocked, id=9628, stack(0x00007f5c60cfa000,0x00007f5c60dfa000) (1024K)]
  0x00007f5c800c9e70 JavaThread "Finalizer"                  daemon [_thread_blocked, id=9629, stack(0x00007f5c60af8000,0x00007f5c60bf8000) (1024K)]
  0x00007f5c800cb9e0 JavaThread "Signal Dispatcher"          daemon [_thread_blocked, id=9630, stack(0x00007f5c609f8000,0x00007f5c60af8000) (1024K)]
  0x00007f5c800cd300 JavaThread "Service Thread"             daemon [_thread_blocked, id=9631, stack(0x00007f5c608f8000,0x00007f5c609f8000) (1024K)]
  0x00007f5c800ceb80 JavaThread "Monitor Deflation Thread"   daemon [_thread_blocked, id=9632, stack(0x00007f5c607f8000,0x00007f5c608f8000) (1024K)]
=>0x00007f5c800d0980 JavaThread "C2 CompilerThread0"         daemon [_thread_in_native, id=9633, stack(0x00007f5c606f8000,0x00007f5c607f8000) (1024K)]
  0x00007f5c800d2370 JavaThread "C1 CompilerThread0"         daemon [_thread_in_vm, id=9634, stack(0x00007f5c605f8000,0x00007f5c606f8000) (1024K)]
  0x00007f5c8010bbb0 JavaThread "Notification Thread"        daemon [_thread_blocked, id=9635, stack(0x00007f5c604f8000,0x00007f5c605f8000) (1024K)]
  0x00007f5c8010e500 JavaThread "Common-Cleaner"             daemon [_thread_blocked, id=9636, stack(0x00007f5c603f8000,0x00007f5c604f8000) (1024K)]
  0x00007f5c187baab0 JavaThread "C2 CompilerThread1"         daemon [_thread_in_native, id=9651, stack(0x00007f5c602f8000,0x00007f5c603f8000) (1024K)]
  0x00007f5c187dbb00 JavaThread "C2 CompilerThread2"         daemon [_thread_blocked, id=9652, stack(0x00007f5c601f8000,0x00007f5c602f8000) (1024K)]
Total: 12

Other Threads:
  0x00007f5c800beee0 VMThread "VM Thread"                           [id=9627, stack(0x00007f5c60bf9000,0x00007f5c60cf9000) (1024K)]
  0x00007f5c800aea00 WatcherThread "VM Periodic Task Thread"        [id=9626, stack(0x00007f5c60dfb000,0x00007f5c60efb000) (1024K)]
  0x00007f5c80051b20 WorkerThread "GC Thread#0"                     [id=9618, stack(0x00007f5c846d1000,0x00007f5c847d1000) (1024K)]
  0x00007f5c3c007c90 WorkerThread "GC Thread#1"                     [id=9645, stack(0x00007f5c600f8000,0x00007f5c601f8000) (1024K)]
  0x00007f5c3c008930 WorkerThread "GC Thread#2"                     [id=9646, stack(0x00007f5c37f00000,0x00007f5c38000000) (1024K)]
  0x00007f5c3c009670 WorkerThread "GC Thread#3"                     [id=9647, stack(0x00007f5c29f00000,0x00007f5c2a000000) (1024K)]
  0x00007f5c3c00a3d0 WorkerThread "GC Thread#4"                     [id=9648, stack(0x00007f5c29b00000,0x00007f5c29c00000) (1024K)]
  0x00007f5c3c00b150 WorkerThread "GC Thread#5"                     [id=9649, stack(0x00007f5c299ff000,0x00007f5c29aff000) (1024K)]
  0x00007f5c800604c0 ConcurrentGCThread "G1 Main Marker"            [id=9619, stack(0x00007f5c845d0000,0x00007f5c846d0000) (1024K)]
  0x00007f5c80061690 WorkerThread "G1 Conc#0"                       [id=9620, stack(0x00007f5c844cf000,0x00007f5c845cf000) (1024K)]
  0x00007f5c8009fca0 ConcurrentGCThread "G1 Refine#0"               [id=9621, stack(0x00007f5c60ffd000,0x00007f5c610fd000) (1024K)]
  0x00007f5c800a0e90 ConcurrentGCThread "G1 Service"                [id=9622, stack(0x00007f5c60efc000,0x00007f5c60ffc000) (1024K)]
Total: 12

Threads with active compile tasks:
C2 CompilerThread0  4952 5239       4       java.lang.invoke.MethodType::makeImpl (109 bytes)
C2 CompilerThread1  4952 4874   !   4       org.codehaus.plexus.interpolation.StringSearchInterpolator::interpolate (692 bytes)
Total: 2

VM state: not at safepoint (normal execution)

VM Mutex/Monitor currently owned by a thread: None

Heap address: 0x00000006e8000000, size: 4480 MB, Compressed Oops mode: Zero based, Oop shift amount: 3

CDS archive(s) mapped at: [0x0000000031000000-0x0000000031d8c000-0x0000000031d8c000), size 14204928, SharedBaseAddress: 0x0000000031000000, ArchiveRelocationMode: 1.
Compressed class space mapped at: 0x0000000032000000-0x0000000072000000, reserved size: 1073741824
UseCompressedClassPointers 1, UseCompactObjectHeaders 0
Narrow klass pointer bits 32, Max shift 3
Narrow klass base: 0x0000000031000000, Narrow klass shift: 0
Encoding Range: [0x0000000031000000 - 0x0000000131000000), (4294967296 bytes)
Klass Range:    [0x0000000031001000 - 0x0000000072000000), (1090514944 bytes)
Klass ID Range:  [4096 - 1090519033) (1090514937)
Protection zone: [0x0000000031000000 - 0x0000000031001000), (4096 bytes)

GC Precious Log:
 CardTable entry size: 512
 Card Set container configuration: InlinePtr #cards 4 size 8 Array Of Cards #cards 32 size 80 Howl #buckets 8 coarsen threshold 7372 Howl Bitmap #cards 1024 size 144 coarsen threshold 921 Card regions per heap region 1 cards per card region 8192
 CPUs: 8 total, 8 available
 Memory: 17906M
 Large Page Support: Disabled
 NUMA Support: Disabled
 Compressed Oops: Enabled (Zero based)
 Heap Region Size: 4M
 Heap Min Capacity: 8M
 Heap Initial Capacity: 280M
 Heap Max Capacity: 4480M
 Pre-touch: Disabled
 Parallel Workers: 8
 Concurrent Workers: 2
 Concurrent Refinement Workers: 8
 Periodic GC: Disabled

Heap:
 garbage-first heap   total reserved 4587520K, committed 290816K, used 108436K [0x00000006e8000000, 0x0000000800000000)
  region size 4096K, 28 young (114688K), 2 survivors (8192K)

Heap Regions: E=young(eden), S=young(survivor), O=old, HS=humongous(starts), HC=humongous(continues), CS=collection set, F=free, TAMS=top-at-mark-start, PB=parsable bottom
|   0|0x00000006e8000000, 0x00000006e8000000, 0x00000006e8400000|  0%| F|  |TAMS 0x00000006e8000000| PB 0x00000006e8000000| Untracked |  0
|   1|0x00000006e8400000, 0x00000006e8400000, 0x00000006e8800000|  0%| F|  |TAMS 0x00000006e8400000| PB 0x00000006e8400000| Untracked |  0
|   2|0x00000006e8800000, 0x00000006e8800000, 0x00000006e8c00000|  0%| F|  |TAMS 0x00000006e8800000| PB 0x00000006e8800000| Untracked |  0
|   3|0x00000006e8c00000, 0x00000006e8c00000, 0x00000006e9000000|  0%| F|  |TAMS 0x00000006e8c00000| PB 0x00000006e8c00000| Untracked |  0
|   4|0x00000006e9000000, 0x00000006e9000000, 0x00000006e9400000|  0%| F|  |TAMS 0x00000006e9000000| PB 0x00000006e9000000| Untracked |  0
|   5|0x00000006e9400000, 0x00000006e9400000, 0x00000006e9800000|  0%| F|  |TAMS 0x00000006e9400000| PB 0x00000006e9400000| Untracked |  0
|   6|0x00000006e9800000, 0x00000006e9800000, 0x00000006e9c00000|  0%| F|  |TAMS 0x00000006e9800000| PB 0x00000006e9800000| Untracked |  0
|   7|0x00000006e9c00000, 0x00000006e9c00000, 0x00000006ea000000|  0%| F|  |TAMS 0x00000006e9c00000| PB 0x00000006e9c00000| Untracked |  0
|   8|0x00000006ea000000, 0x00000006ea000000, 0x00000006ea400000|  0%| F|  |TAMS 0x00000006ea000000| PB 0x00000006ea000000| Untracked |  0
|   9|0x00000006ea400000, 0x00000006ea400000, 0x00000006ea800000|  0%| F|  |TAMS 0x00000006ea400000| PB 0x00000006ea400000| Untracked |  0
|  10|0x00000006ea800000, 0x00000006ea800000, 0x00000006eac00000|  0%| F|  |TAMS 0x00000006ea800000| PB 0x00000006ea800000| Untracked |  0
|  11|0x00000006eac00000, 0x00000006eac00000, 0x00000006eb000000|  0%| F|  |TAMS 0x00000006eac00000| PB 0x00000006eac00000| Untracked |  0
|  12|0x00000006eb000000, 0x00000006eb000000, 0x00000006eb400000|  0%| F|  |TAMS 0x00000006eb000000| PB 0x00000006eb000000| Untracked |  0
|  13|0x00000006eb400000, 0x00000006eb400000, 0x00000006eb800000|  0%| F|  |TAMS 0x00000006eb400000| PB 0x00000006eb400000| Untracked |  0
|  14|0x00000006eb800000, 0x00000006eb800000, 0x00000006ebc00000|  0%| F|  |TAMS 0x00000006eb800000| PB 0x00000006eb800000| Untracked |  0
|  15|0x00000006ebc00000, 0x00000006ebc00000, 0x00000006ec000000|  0%| F|  |TAMS 0x00000006ebc00000| PB 0x00000006ebc00000| Untracked |  0
|  16|0x00000006ec000000, 0x00000006ec000000, 0x00000006ec400000|  0%| F|  |TAMS 0x00000006ec000000| PB 0x00000006ec000000| Untracked |  0
|  17|0x00000006ec400000, 0x00000006ec400000, 0x00000006ec800000|  0%| F|  |TAMS 0x00000006ec400000| PB 0x00000006ec400000| Untracked |  0
|  18|0x00000006ec800000, 0x00000006ec800000, 0x00000006ecc00000|  0%| F|  |TAMS 0x00000006ec800000| PB 0x00000006ec800000| Untracked |  0
|  19|0x00000006ecc00000, 0x00000006ecc00000, 0x00000006ed000000|  0%| F|  |TAMS 0x00000006ecc00000| PB 0x00000006ecc00000| Untracked |  0
|  20|0x00000006ed000000, 0x00000006ed000000, 0x00000006ed400000|  0%| F|  |TAMS 0x00000006ed000000| PB 0x00000006ed000000| Untracked |  0
|  21|0x00000006ed400000, 0x00000006ed400000, 0x00000006ed800000|  0%| F|  |TAMS 0x00000006ed400000| PB 0x00000006ed400000| Untracked |  0
|  22|0x00000006ed800000, 0x00000006ed800000, 0x00000006edc00000|  0%| F|  |TAMS 0x00000006ed800000| PB 0x00000006ed800000| Untracked |  0
|  23|0x00000006edc00000, 0x00000006edc00000, 0x00000006ee000000|  0%| F|  |TAMS 0x00000006edc00000| PB 0x00000006edc00000| Untracked |  0
|  24|0x00000006ee000000, 0x00000006ee000000, 0x00000006ee400000|  0%| F|  |TAMS 0x00000006ee000000| PB 0x00000006ee000000| Untracked |  0
|  25|0x00000006ee400000, 0x00000006ee400000, 0x00000006ee800000|  0%| F|  |TAMS 0x00000006ee400000| PB 0x00000006ee400000| Untracked |  0
|  26|0x00000006ee800000, 0x00000006ee800000, 0x00000006eec00000|  0%| F|  |TAMS 0x00000006ee800000| PB 0x00000006ee800000| Untracked |  0
|  27|0x00000006eec00000, 0x00000006eec00000, 0x00000006ef000000|  0%| F|  |TAMS 0x00000006eec00000| PB 0x00000006eec00000| Untracked |  0
|  28|0x00000006ef000000, 0x00000006ef000000, 0x00000006ef400000|  0%| F|  |TAMS 0x00000006ef000000| PB 0x00000006ef000000| Untracked |  0
|  29|0x00000006ef400000, 0x00000006ef400000, 0x00000006ef800000|  0%| F|  |TAMS 0x00000006ef400000| PB 0x00000006ef400000| Untracked |  0
|  30|0x00000006ef800000, 0x00000006ef800000, 0x00000006efc00000|  0%| F|  |TAMS 0x00000006ef800000| PB 0x00000006ef800000| Untracked |  0
|  31|0x00000006efc00000, 0x00000006efc00000, 0x00000006f0000000|  0%| F|  |TAMS 0x00000006efc00000| PB 0x00000006efc00000| Untracked |  0
|  32|0x00000006f0000000, 0x00000006f0000000, 0x00000006f0400000|  0%| F|  |TAMS 0x00000006f0000000| PB 0x00000006f0000000| Untracked |  0
|  33|0x00000006f0400000, 0x00000006f0400000, 0x00000006f0800000|  0%| F|  |TAMS 0x00000006f0400000| PB 0x00000006f0400000| Untracked |  0
|  34|0x00000006f0800000, 0x00000006f0800000, 0x00000006f0c00000|  0%| F|  |TAMS 0x00000006f0800000| PB 0x00000006f0800000| Untracked |  0
|  35|0x00000006f0c00000, 0x00000006f0c00000, 0x00000006f1000000|  0%| F|  |TAMS 0x00000006f0c00000| PB 0x00000006f0c00000| Untracked |  0
|  36|0x00000006f1000000, 0x00000006f1000000, 0x00000006f1400000|  0%| F|  |TAMS 0x00000006f1000000| PB 0x00000006f1000000| Untracked |  0
|  37|0x00000006f1400000, 0x00000006f1400000, 0x00000006f1800000|  0%| F|  |TAMS 0x00000006f1400000| PB 0x00000006f1400000| Untracked |  0
|  38|0x00000006f1800000, 0x00000006f1800000, 0x00000006f1c00000|  0%| F|  |TAMS 0x00000006f1800000| PB 0x00000006f1800000| Untracked |  0
|  39|0x00000006f1c00000, 0x00000006f1c00000, 0x00000006f2000000|  0%| F|  |TAMS 0x00000006f1c00000| PB 0x00000006f1c00000| Untracked |  0
|  40|0x00000006f2000000, 0x00000006f2000000, 0x00000006f2400000|  0%| F|  |TAMS 0x00000006f2000000| PB 0x00000006f2000000| Untracked |  0
|  41|0x00000006f2400000, 0x00000006f2400000, 0x00000006f2800000|  0%| F|  |TAMS 0x00000006f2400000| PB 0x00000006f2400000| Untracked |  0
|  42|0x00000006f2800000, 0x00000006f28c6608, 0x00000006f2c00000| 19%| E|  |TAMS 0x00000006f2800000| PB 0x00000006f2800000| Complete |  0
|  43|0x00000006f2c00000, 0x00000006f3000000, 0x00000006f3000000|100%| E|CS|TAMS 0x00000006f2c00000| PB 0x00000006f2c00000| Complete |  0
|  44|0x00000006f3000000, 0x00000006f3400000, 0x00000006f3400000|100%| E|CS|TAMS 0x00000006f3000000| PB 0x00000006f3000000| Complete |  0
|  45|0x00000006f3400000, 0x00000006f3800000, 0x00000006f3800000|100%| E|CS|TAMS 0x00000006f3400000| PB 0x00000006f3400000| Complete |  0
|  46|0x00000006f3800000, 0x00000006f3c00000, 0x00000006f3c00000|100%| E|CS|TAMS 0x00000006f3800000| PB 0x00000006f3800000| Complete |  0
|  47|0x00000006f3c00000, 0x00000006f4000000, 0x00000006f4000000|100%| E|CS|TAMS 0x00000006f3c00000| PB 0x00000006f3c00000| Complete |  0
|  48|0x00000006f4000000, 0x00000006f4400000, 0x00000006f4400000|100%| E|CS|TAMS 0x00000006f4000000| PB 0x00000006f4000000| Complete |  0
|  49|0x00000006f4400000, 0x00000006f4800000, 0x00000006f4800000|100%| E|CS|TAMS 0x00000006f4400000| PB 0x00000006f4400000| Complete |  0
|  50|0x00000006f4800000, 0x00000006f4c00000, 0x00000006f4c00000|100%| E|CS|TAMS 0x00000006f4800000| PB 0x00000006f4800000| Complete |  0
|  51|0x00000006f4c00000, 0x00000006f5000000, 0x00000006f5000000|100%| E|CS|TAMS 0x00000006f4c00000| PB 0x00000006f4c00000| Complete |  0
|  52|0x00000006f5000000, 0x00000006f5400000, 0x00000006f5400000|100%| E|CS|TAMS 0x00000006f5000000| PB 0x00000006f5000000| Complete |  0
|  53|0x00000006f5400000, 0x00000006f5800000, 0x00000006f5800000|100%| E|CS|TAMS 0x00000006f5400000| PB 0x00000006f5400000| Complete |  0
|  54|0x00000006f5800000, 0x00000006f5c00000, 0x00000006f5c00000|100%| E|CS|TAMS 0x00000006f5800000| PB 0x00000006f5800000| Complete |  0
|  55|0x00000006f5c00000, 0x00000006f6000000, 0x00000006f6000000|100%| E|CS|TAMS 0x00000006f5c00000| PB 0x00000006f5c00000| Complete |  0
|  56|0x00000006f6000000, 0x00000006f60c4110, 0x00000006f6400000| 19%| S|CS|TAMS 0x00000006f6000000| PB 0x00000006f6000000| Complete |  0
|  57|0x00000006f6400000, 0x00000006f6800000, 0x00000006f6800000|100%| S|CS|TAMS 0x00000006f6400000| PB 0x00000006f6400000| Complete |  0
|  58|0x00000006f6800000, 0x00000006f6c00000, 0x00000006f6c00000|100%| E|CS|TAMS 0x00000006f6800000| PB 0x00000006f6800000| Complete |  0
|  59|0x00000006f6c00000, 0x00000006f7000000, 0x00000006f7000000|100%| E|CS|TAMS 0x00000006f6c00000| PB 0x00000006f6c00000| Complete |  0
|  60|0x00000006f7000000, 0x00000006f7400000, 0x00000006f7400000|100%| E|CS|TAMS 0x00000006f7000000| PB 0x00000006f7000000| Complete |  0
|  61|0x00000006f7400000, 0x00000006f7800000, 0x00000006f7800000|100%| E|CS|TAMS 0x00000006f7400000| PB 0x00000006f7400000| Complete |  0
|  62|0x00000006f7800000, 0x00000006f7c00000, 0x00000006f7c00000|100%| E|CS|TAMS 0x00000006f7800000| PB 0x00000006f7800000| Complete |  0
|  63|0x00000006f7c00000, 0x00000006f8000000, 0x00000006f8000000|100%| E|CS|TAMS 0x00000006f7c00000| PB 0x00000006f7c00000| Complete |  0
|  64|0x00000006f8000000, 0x00000006f8400000, 0x00000006f8400000|100%| E|CS|TAMS 0x00000006f8000000| PB 0x00000006f8000000| Complete |  0
|  65|0x00000006f8400000, 0x00000006f8800000, 0x00000006f8800000|100%| E|CS|TAMS 0x00000006f8400000| PB 0x00000006f8400000| Complete |  0
|  66|0x00000006f8800000, 0x00000006f8c00000, 0x00000006f8c00000|100%| E|CS|TAMS 0x00000006f8800000| PB 0x00000006f8800000| Complete |  0
|  67|0x00000006f8c00000, 0x00000006f9000000, 0x00000006f9000000|100%| E|CS|TAMS 0x00000006f8c00000| PB 0x00000006f8c00000| Complete |  0
|  68|0x00000006f9000000, 0x00000006f9400000, 0x00000006f9400000|100%| E|CS|TAMS 0x00000006f9000000| PB 0x00000006f9000000| Complete |  0
|  69|0x00000006f9400000, 0x00000006f9800000, 0x00000006f9800000|100%| E|CS|TAMS 0x00000006f9400000| PB 0x00000006f9400000| Complete |  0
|1119|0x00000007ffc00000, 0x00000007ffd20fd8, 0x0000000800000000| 28%| O|  |TAMS 0x00000007ffc00000| PB 0x00000007ffc00000| Untracked |  0

Card table byte_map: [0x00007f5c67b40000,0x00007f5c68400000] _byte_map_base: 0x00007f5c64400000

Marking Bits: (CMBitMap*) 0x00007f5c80052770
 Bits: [0x00007f5c63400000, 0x00007f5c67a00000)

Polling page: 0x00007f5c876d7000

Metaspace:
Metaspace        used 18312K, committed 18624K, reserved 1114112K
 class space     used 1737K, committed 1856K, reserved 1048576K

Usage:
  Non-class:     16.19 MB used.
      Class:      1.70 MB used.
       Both:     17.88 MB used.

Virtual space:
  Non-class space:       64.00 MB reserved,      16.38 MB ( 26%) committed,  1 nodes.
      Class space:        1.00 GB reserved,       1.81 MB ( <1%) committed,  1 nodes.
             Both:        1.06 GB reserved,      18.19 MB (  2%) committed. 

Chunk freelists:
   Non-Class:  15.27 MB
       Class:  14.20 MB
        Both:  29.47 MB

MaxMetaspaceSize: unlimited
CompressedClassSpaceSize: 1.00 GB
Initial GC threshold: 21.00 MB
Current GC threshold: 21.00 MB
CDS: on
 - commit_granule_bytes: 65536.
 - commit_granule_words: 8192.
 - virtual_space_node_default_size: 8388608.
 - enlarge_chunks_in_place: 1.
UseCompressedClassPointers 1, UseCompactObjectHeaders 0
Narrow klass pointer bits 32, Max shift 3
Narrow klass base: 0x0000000031000000, Narrow klass shift: 0
Encoding Range: [0x0000000031000000 - 0x0000000131000000), (4294967296 bytes)
Klass Range:    [0x0000000031001000 - 0x0000000072000000), (1090514944 bytes)
Klass ID Range:  [4096 - 1090519033) (1090514937)
Protection zone: [0x0000000031000000 - 0x0000000031001000), (4096 bytes)


Internal statistics:

num_allocs_failed_limit: 0.
num_arena_births: 184.
num_arena_deaths: 0.
num_vsnodes_births: 2.
num_vsnodes_deaths: 0.
num_space_committed: 291.
num_space_uncommitted: 0.
num_chunks_returned_to_freelist: 0.
num_chunks_taken_from_freelist: 832.
num_chunk_merges: 0.
num_chunk_splits: 577.
num_chunks_enlarged: 456.
num_inconsistent_stats: 0.

CodeHeap 'non-profiled nmethods': size=120032Kb used=1725Kb max_used=1725Kb free=118306Kb
 bounds [0x00007f5c6fec8000, 0x00007f5c70138000, 0x00007f5c77400000]
CodeHeap 'profiled nmethods': size=120028Kb used=8294Kb max_used=8294Kb free=111733Kb
 bounds [0x00007f5c68400000, 0x00007f5c68c20000, 0x00007f5c6f937000]
CodeHeap 'non-nmethods': size=5700Kb used=1479Kb max_used=1533Kb free=4220Kb
 bounds [0x00007f5c6f937000, 0x00007f5c6fba7000, 0x00007f5c6fec8000]
CodeCache: size=245760Kb, used=11498Kb, max_used=11552Kb, free=234259Kb
 total_blobs=5739, nmethods=5194, adapters=448, full_count=0
Compilation: enabled, stopped_count=0, restarted_count=0

Compilation events (20 events):
Event: 4.868 Thread 0x00007f5c800d2370 nmethod 5259 0x00007f5c68c0c108 code [0x00007f5c68c0c200, 0x00007f5c68c0d160]
Event: 4.868 Thread 0x00007f5c800d2370 5261       3       org.codehaus.plexus.util.SelectorUtils::match (534 bytes)
Event: 4.874 Thread 0x00007f5c187dbb00 nmethod 5265 0x00007f5c70074a88 code [0x00007f5c70074b80, 0x00007f5c70074f70]
Event: 4.874 Thread 0x00007f5c187dbb00 5266  s    4       java.util.Vector::addElement (24 bytes)
Event: 4.875 Thread 0x00007f5c800d2370 nmethod 5261 0x00007f5c68c0d188 code [0x00007f5c68c0d280, 0x00007f5c68c0eb00]
Event: 4.875 Thread 0x00007f5c800d2370 5260       3       org.codehaus.plexus.util.SelectorUtils::tokenizePath (38 bytes)
Event: 4.876 Thread 0x00007f5c800d2370 nmethod 5260 0x00007f5c68c0eb88 code [0x00007f5c68c0ec80, 0x00007f5c68c0f718]
Event: 4.876 Thread 0x00007f5c800d2370 5264       3       org.codehaus.plexus.util.SelectorUtils::matchAntPathPattern (566 bytes)
Event: 4.877 Thread 0x00007f5c187dbb00 nmethod 5266 0x00007f5c70074f88 code [0x00007f5c70075080, 0x00007f5c70075518]
Event: 4.878 Thread 0x00007f5c187dbb00 5267  s    4       java.util.Vector::elementAt (48 bytes)
Event: 4.880 Thread 0x00007f5c187dbb00 nmethod 5267 0x00007f5c70075588 code [0x00007f5c70075680, 0x00007f5c700758d0]
Event: 4.882 Thread 0x00007f5c800d2370 nmethod 5264 0x00007f5c68c0f788 code [0x00007f5c68c0f880, 0x00007f5c68c12020]
Event: 4.882 Thread 0x00007f5c800d2370 5257       3       java.util.StringTokenizer::<init> (8 bytes)
Event: 4.882 Thread 0x00007f5c800d2370 nmethod 5257 0x00007f5c68c12088 code [0x00007f5c68c12180, 0x00007f5c68c122b8]
Event: 4.882 Thread 0x00007f5c800d2370 5258       3       java.util.StringTokenizer::<init> (52 bytes)
Event: 4.882 Thread 0x00007f5c187dbb00 5269       4       java.util.StringTokenizer::skipDelimiters (116 bytes)
Event: 4.883 Thread 0x00007f5c800d2370 nmethod 5258 0x00007f5c68c12388 code [0x00007f5c68c12480, 0x00007f5c68c128f0]
Event: 4.883 Thread 0x00007f5c800d2370 5262       3       org.codehaus.plexus.util.AbstractScanner::matchPath (7 bytes)
Event: 4.883 Thread 0x00007f5c800d2370 nmethod 5262 0x00007f5c68c12908 code [0x00007f5c68c12a00, 0x00007f5c68c12b18]
Event: 4.883 Thread 0x00007f5c800d2370 5263       3       org.codehaus.plexus.util.SelectorUtils::matchPath (129 bytes)

GC Heap Usage History (2 events):
Event: 2.035 {heap Before GC invocations=0 (full 0):
 garbage-first heap   total reserved 4587520K, committed 290816K, used 50307K [0x00000006e8000000, 0x0000000800000000)
  region size 4096K, 12 young (49152K), 0 survivors (0K)
}
Event: 2.044 {heap After GC invocations=1 (full 0):
 garbage-first heap   total reserved 4587520K, committed 290816K, used 6036K [0x00000006e8000000, 0x0000000800000000)
  region size 4096K, 2 young (8192K), 2 survivors (8192K)
}

Metaspace Usage History (2 events):
Event: 2.035 {metaspace Before GC invocations=0 (full 0):
 Metaspace       used 9807K, committed 9920K, reserved 1114112K
  class space    used 884K, committed 960K, reserved 1048576K
}
Event: 2.044 {metaspace After GC invocations=1 (full 0):
 Metaspace       used 9807K, committed 9920K, reserved 1114112K
  class space    used 884K, committed 960K, reserved 1048576K
}

Dll operation events (8 events):
Event: 0.003 Loaded shared library /usr/lib/apache-netbeans/jdk/lib/libjava.so
Event: 0.029 Loaded shared library /usr/lib/apache-netbeans/jdk/lib/libsimdsort.so
Event: 0.051 Loaded shared library /usr/lib/apache-netbeans/jdk/lib/libnio.so
Event: 0.058 Loaded shared library /usr/lib/apache-netbeans/jdk/lib/libzip.so
Event: 0.081 Loaded shared library /usr/lib/apache-netbeans/jdk/lib/libnet.so
Event: 0.278 Loaded shared library /usr/lib/apache-netbeans/jdk/lib/libjimage.so
Event: 0.299 Loaded shared library /tmp/jansi-2.4.2-d5662ab29e615642-libjansi.so
Event: 0.316 Loaded shared library /usr/lib/apache-netbeans/jdk/lib/libverify.so

Deoptimization events (20 events):
Event: 4.345 Thread 0x00007f5c8002b680 DEOPT PACKING pc=0x00007f5c70045980 sp=0x00007f5c85bfbe00
Event: 4.345 Thread 0x00007f5c8002b680 DEOPT UNPACKING pc=0x00007f5c6fa58af9 sp=0x00007f5c85bfbdb0 mode 2
Event: 4.345 Thread 0x00007f5c8002b680 Uncommon trap: trap_request=0xffffffbe fr.pc=0x00007f5c70045980 relative=0x0000000000000380
Event: 4.345 Thread 0x00007f5c8002b680 Uncommon trap: reason=profile_predicate action=maybe_recompile pc=0x00007f5c70045980 method=java.util.regex.Pattern$Slice.match(Ljava/util/regex/Matcher;ILjava/lang/CharSequence;)Z @ 18 c2
Event: 4.345 Thread 0x00007f5c8002b680 DEOPT PACKING pc=0x00007f5c70045980 sp=0x00007f5c85bfbe00
Event: 4.345 Thread 0x00007f5c8002b680 DEOPT UNPACKING pc=0x00007f5c6fa58af9 sp=0x00007f5c85bfbdb0 mode 2
Event: 4.392 Thread 0x00007f5c8002b680 Uncommon trap: trap_request=0xffffffde fr.pc=0x00007f5c6feff138 relative=0x0000000000000c38
Event: 4.392 Thread 0x00007f5c8002b680 Uncommon trap: reason=class_check action=maybe_recompile pc=0x00007f5c6feff138 method=java.util.concurrent.ConcurrentHashMap.putVal(Ljava/lang/Object;Ljava/lang/Object;Z)Ljava/lang/Object; @ 242 c2
Event: 4.392 Thread 0x00007f5c8002b680 DEOPT PACKING pc=0x00007f5c6feff138 sp=0x00007f5c85bfc730
Event: 4.392 Thread 0x00007f5c8002b680 DEOPT UNPACKING pc=0x00007f5c6fa58af9 sp=0x00007f5c85bfc690 mode 2
Event: 4.460 Thread 0x00007f5c8002b680 DEOPT PACKING pc=0x00007f5c6890f819 sp=0x00007f5c85bfbe60
Event: 4.460 Thread 0x00007f5c8002b680 DEOPT UNPACKING pc=0x00007f5c6f987fef sp=0x00007f5c85bfb360 mode 0
Event: 4.527 Thread 0x00007f5c8002b680 Uncommon trap: trap_request=0xffffff45 fr.pc=0x00007f5c6ff411c4 relative=0x00000000000009c4
Event: 4.527 Thread 0x00007f5c8002b680 Uncommon trap: reason=unstable_if action=reinterpret pc=0x00007f5c6ff411c4 method=java.lang.AbstractStringBuilder.append(Ljava/lang/String;)Ljava/lang/AbstractStringBuilder; @ 1 c2
Event: 4.527 Thread 0x00007f5c8002b680 DEOPT PACKING pc=0x00007f5c6ff411c4 sp=0x00007f5c85bfb780
Event: 4.527 Thread 0x00007f5c8002b680 DEOPT UNPACKING pc=0x00007f5c6fa58af9 sp=0x00007f5c85bfb700 mode 2
Event: 4.666 Thread 0x00007f5c8002b680 Uncommon trap: trap_request=0xffffffde fr.pc=0x00007f5c6feff138 relative=0x0000000000000c38
Event: 4.666 Thread 0x00007f5c8002b680 Uncommon trap: reason=class_check action=maybe_recompile pc=0x00007f5c6feff138 method=java.util.concurrent.ConcurrentHashMap.putVal(Ljava/lang/Object;Ljava/lang/Object;Z)Ljava/lang/Object; @ 242 c2
Event: 4.666 Thread 0x00007f5c8002b680 DEOPT PACKING pc=0x00007f5c6feff138 sp=0x00007f5c85bfc570
Event: 4.666 Thread 0x00007f5c8002b680 DEOPT UNPACKING pc=0x00007f5c6fa58af9 sp=0x00007f5c85bfc4d0 mode 2

Classes loaded (20 events):
Event: 4.245 Loading class java/nio/file/attribute/PosixFileAttributeView
Event: 4.245 Loading class java/nio/file/attribute/FileOwnerAttributeView
Event: 4.245 Loading class java/nio/file/attribute/FileOwnerAttributeView done
Event: 4.246 Loading class java/nio/file/attribute/PosixFileAttributeView done
Event: 4.246 Loading class sun/nio/fs/UnixFileAttributeViews$Posix
Event: 4.246 Loading class sun/nio/fs/UnixFileAttributeViews$Posix done
Event: 4.246 Loading class java/nio/file/attribute/PosixFilePermission
Event: 4.246 Loading class java/nio/file/attribute/PosixFilePermission done
Event: 4.247 Loading class java/util/RegularEnumSet$EnumSetIterator
Event: 4.247 Loading class java/util/RegularEnumSet$EnumSetIterator done
Event: 4.247 Loading class sun/nio/fs/UnixFileModeAttribute$1
Event: 4.247 Loading class sun/nio/fs/UnixFileModeAttribute$1 done
Event: 4.337 Loading class java/util/Collections$UnmodifiableList$1
Event: 4.337 Loading class java/util/Collections$UnmodifiableList$1 done
Event: 4.751 Loading class java/io/FileWriter
Event: 4.751 Loading class java/io/FileWriter done
Event: 4.800 Loading class jdk/internal/reflect/MethodHandleIntegerFieldAccessorImpl
Event: 4.800 Loading class jdk/internal/reflect/MethodHandleIntegerFieldAccessorImpl done
Event: 4.879 Loading class java/io/FileReader
Event: 4.879 Loading class java/io/FileReader done

Classes unloaded (0 events):
No events

Classes redefined (0 events):
No events

Internal exceptions (20 events):
Event: 2.273 Thread 0x00007f5c8002b680 Implicit null exception at 0x00007f5c6ff4051a to 0x00007f5c6ff406ac
Event: 2.276 Thread 0x00007f5c8002b680 Exception <a 'java/lang/NoSuchMethodError'{0x00000006f91c8530}: 'java.lang.Object java.lang.invoke.Invokers$Holder.invokeExact_MT(java.lang.Object, int, java.lang.Object)'> (0x00000006f91c8530) 
thrown [src/hotspot/share/interpreter/linkResolver.cpp, line 803]
Event: 2.654 Thread 0x00007f5c8002b680 Exception <a 'java/lang/NoSuchMethodError'{0x00000006f89a3b70}: 'void java.lang.invoke.Invokers$Holder.invokeExact_MT(java.lang.Object, java.lang.Object, java.lang.Object, java.lang.Object)'> (0x00000006f89a3b70) 
thrown [src/hotspot/share/interpreter/linkResolver.cpp, line 803]
Event: 2.683 Thread 0x00007f5c8002b680 Exception <a 'java/lang/NoClassDefFoundError'{0x00000006f8a33170}: com/google/inject/servlet/ServletModuleTargetVisitor> (0x00000006f8a33170) 
thrown [src/hotspot/share/classfile/systemDictionary.cpp, line 316]
Event: 2.834 Thread 0x00007f5c8002b680 Exception <a 'java/lang/NoSuchMethodError'{0x00000006f84cf760}: 'void java.lang.invoke.DirectMethodHandle$Holder.invokeVirtual(java.lang.Object, java.lang.Object)'> (0x00000006f84cf760) 
thrown [src/hotspot/share/interpreter/linkResolver.cpp, line 803]
Event: 3.088 Thread 0x00007f5c8002b680 Exception <a 'java/lang/NoSuchMethodError'{0x00000006f820a510}: 'void java.lang.invoke.DirectMethodHandle$Holder.invokeSpecial(java.lang.Object, java.lang.Object, java.lang.Object, java.lang.Object, java.lang.Object)'> (0x00000006f820a510) 
thrown [src/hotspot/share/interpreter/linkResolver.cpp, line 803]
Event: 3.095 Thread 0x00007f5c8002b680 Exception <a 'java/lang/NoSuchMethodError'{0x00000006f8240448}: 'java.lang.Object java.lang.invoke.DirectMethodHandle$Holder.invokeVirtual(java.lang.Object, java.lang.Object, java.lang.Object)'> (0x00000006f8240448) 
thrown [src/hotspot/share/interpreter/linkResolver.cpp, line 803]
Event: 3.099 Thread 0x00007f5c8002b680 Exception <a 'java/lang/NoSuchMethodError'{0x00000006f8266a20}: 'void java.lang.invoke.DirectMethodHandle$Holder.invokeSpecial(java.lang.Object, java.lang.Object, java.lang.Object, java.lang.Object, java.lang.Object, java.lang.Object)'> (0x00000006f8266a20) 
thrown [src/hotspot/share/interpreter/linkResolver.cpp, line 803]
Event: 3.147 Thread 0x00007f5c8002b680 Exception <a 'java/lang/NoSuchMethodError'{0x00000006f8386d60}: 'void java.lang.invoke.DirectMethodHandle$Holder.invokeVirtual(java.lang.Object, java.lang.Object, int)'> (0x00000006f8386d60) 
thrown [src/hotspot/share/interpreter/linkResolver.cpp, line 803]
Event: 3.148 Thread 0x00007f5c8002b680 Exception <a 'java/lang/NoSuchMethodError'{0x00000006f838f550}: 'void java.lang.invoke.DirectMethodHandle$Holder.invokeSpecial(java.lang.Object, java.lang.Object, java.lang.Object, int)'> (0x00000006f838f550) 
thrown [src/hotspot/share/interpreter/linkResolver.cpp, line 803]
Event: 3.149 Thread 0x00007f5c8002b680 Exception <a 'java/lang/NoSuchMethodError'{0x00000006f83978e8}: 'void java.lang.invoke.DelegatingMethodHandle$Holder.reinvoke_L(java.lang.Object, java.lang.Object, int)'> (0x00000006f83978e8) 
thrown [src/hotspot/share/interpreter/linkResolver.cpp, line 803]
Event: 3.842 Thread 0x00007f5c8002b680 Implicit null exception at 0x00007f5c6ff62b4b to 0x00007f5c6ff62d4c
Event: 3.842 Thread 0x00007f5c8002b680 Implicit null exception at 0x00007f5c6ff60f4b to 0x00007f5c6ff61124
Event: 3.842 Thread 0x00007f5c8002b680 Implicit null exception at 0x00007f5c6ff5741d to 0x00007f5c6ff57495
Event: 3.869 Thread 0x00007f5c8002b680 Exception <a 'java/lang/NoSuchMethodError'{0x00000006f5f19700}: 'java.lang.Object java.lang.invoke.DirectMethodHandle$Holder.newInvokeSpecial(java.lang.Object, java.lang.Object, java.lang.Object, java.lang.Object, java.lang.Object, java.lang.Object, java.lang.Object)'> (0x00000006f5f19700) 
thrown [src/hotspot/share/interpreter/linkResolver.cpp, line 803]
Event: 3.967 Thread 0x00007f5c8002b680 Exception <a 'java/lang/NoSuchMethodError'{0x00000006f5b06600}: 'int java.lang.invoke.DirectMethodHandle$Holder.invokeVirtual(java.lang.Object, java.lang.Object)'> (0x00000006f5b06600) 
thrown [src/hotspot/share/interpreter/linkResolver.cpp, line 803]
Event: 4.007 Thread 0x00007f5c8002b680 Exception <a 'java/lang/NoSuchMethodError'{0x00000006f54741f0}: 'void java.lang.invoke.Invokers$Holder.invokeExact_MT(java.lang.Object, java.lang.Object, int, java.lang.Object)'> (0x00000006f54741f0) 
thrown [src/hotspot/share/interpreter/linkResolver.cpp, line 803]
Event: 4.015 Thread 0x00007f5c8002b680 Exception <a 'java/lang/NoSuchMethodError'{0x00000006f54aa190}: 'void java.lang.invoke.DirectMethodHandle$Holder.invokeInterface(java.lang.Object, java.lang.Object, java.lang.Object)'> (0x00000006f54aa190) 
thrown [src/hotspot/share/interpreter/linkResolver.cpp, line 803]
Event: 4.243 Thread 0x00007f5c8002b680 Exception <a 'sun/nio/fs/UnixException'{0x00000006f4ebefa8}> (0x00000006f4ebefa8) 
thrown [src/hotspot/share/prims/jni.cpp, line 516]
Event: 4.527 Thread 0x00007f5c8002b680 Implicit null exception at 0x00007f5c6ff4082e to 0x00007f5c6ff411ac

VM Operations (20 events):
Event: 2.417 Executing non-safepoint VM operation: HandshakeAllThreads (Deoptimize)
Event: 2.417 Executing non-safepoint VM operation: HandshakeAllThreads (Deoptimize) done
Event: 2.646 Executing non-safepoint VM operation: HandshakeAllThreads (Deoptimize)
Event: 2.647 Executing non-safepoint VM operation: HandshakeAllThreads (Deoptimize) done
Event: 2.858 Executing non-safepoint VM operation: HandshakeAllThreads (Deoptimize)
Event: 2.858 Executing non-safepoint VM operation: HandshakeAllThreads (Deoptimize) done
Event: 2.924 Executing non-safepoint VM operation: HandshakeAllThreads (Deoptimize)
Event: 2.924 Executing non-safepoint VM operation: HandshakeAllThreads (Deoptimize) done
Event: 2.976 Executing non-safepoint VM operation: HandshakeAllThreads (Deoptimize)
Event: 2.976 Executing non-safepoint VM operation: HandshakeAllThreads (Deoptimize) done
Event: 3.031 Executing non-safepoint VM operation: HandshakeAllThreads (Deoptimize)
Event: 3.031 Executing non-safepoint VM operation: HandshakeAllThreads (Deoptimize) done
Event: 3.034 Executing non-safepoint VM operation: HandshakeAllThreads (Deoptimize)
Event: 3.034 Executing non-safepoint VM operation: HandshakeAllThreads (Deoptimize) done
Event: 3.800 Executing non-safepoint VM operation: HandshakeAllThreads (Deoptimize)
Event: 3.800 Executing non-safepoint VM operation: HandshakeAllThreads (Deoptimize) done
Event: 3.801 Executing non-safepoint VM operation: HandshakeAllThreads (Deoptimize)
Event: 3.801 Executing non-safepoint VM operation: HandshakeAllThreads (Deoptimize) done
Event: 4.006 Executing non-safepoint VM operation: HandshakeAllThreads (Deoptimize)
Event: 4.006 Executing non-safepoint VM operation: HandshakeAllThreads (Deoptimize) done

Memory protections (17 events):
Event: 0.003 Protecting memory [0x00007f5c85b00000,0x00007f5c85b04000] with protection modes 0
Event: 0.012 Protecting memory [0x0000000031000000,0x0000000031001000] with protection modes 0
Event: 0.026 Protecting memory [0x00007f5c60cfa000,0x00007f5c60cfe000] with protection modes 0
Event: 0.027 Protecting memory [0x00007f5c60af8000,0x00007f5c60afc000] with protection modes 0
Event: 0.027 Protecting memory [0x00007f5c609f8000,0x00007f5c609fc000] with protection modes 0
Event: 0.027 Protecting memory [0x00007f5c608f8000,0x00007f5c608fc000] with protection modes 0
Event: 0.027 Protecting memory [0x00007f5c607f8000,0x00007f5c607fc000] with protection modes 0
Event: 0.028 Protecting memory [0x00007f5c606f8000,0x00007f5c606fc000] with protection modes 0
Event: 0.028 Protecting memory [0x00007f5c605f8000,0x00007f5c605fc000] with protection modes 0
Event: 0.046 Protecting memory [0x00007f5c604f8000,0x00007f5c604fc000] with protection modes 0
Event: 0.049 Protecting memory [0x00007f5c603f8000,0x00007f5c603fc000] with protection modes 0
Event: 0.211 Protecting memory [0x00007f5c602f8000,0x00007f5c602fc000] with protection modes 0
Event: 0.272 Protecting memory [0x00007f5c601f8000,0x00007f5c601fc000] with protection modes 0
Event: 1.002 Protecting memory [0x00007f5c602f8000,0x00007f5c602fc000] with protection modes 0
Event: 1.029 Protecting memory [0x00007f5c601f8000,0x00007f5c601fc000] with protection modes 0
Event: 3.278 Protecting memory [0x00007f5c602f8000,0x00007f5c602fc000] with protection modes 0
Event: 3.387 Protecting memory [0x00007f5c601f8000,0x00007f5c601fc000] with protection modes 0

Nmethod flushes (0 events):
No events

Events (20 events):
Event: 0.015 Thread 0x00007f5c8002b680 Thread added: 0x00007f5c8002b680
Event: 0.026 Thread 0x00007f5c8002b680 Thread added: 0x00007f5c800c8c80
Event: 0.027 Thread 0x00007f5c8002b680 Thread added: 0x00007f5c800c9e70
Event: 0.027 Thread 0x00007f5c8002b680 Thread added: 0x00007f5c800cb9e0
Event: 0.027 Thread 0x00007f5c8002b680 Thread added: 0x00007f5c800cd300
Event: 0.027 Thread 0x00007f5c8002b680 Thread added: 0x00007f5c800ceb80
Event: 0.028 Thread 0x00007f5c8002b680 Thread added: 0x00007f5c800d0980
Event: 0.028 Thread 0x00007f5c8002b680 Thread added: 0x00007f5c800d2370
Event: 0.046 Thread 0x00007f5c8002b680 Thread added: 0x00007f5c8010bbb0
Event: 0.049 Thread 0x00007f5c8002b680 Thread added: 0x00007f5c8010e500
Event: 0.211 Thread 0x00007f5c800d0980 Thread added: 0x00007f5c140f9880
Event: 0.272 Thread 0x00007f5c8002b680 Thread added: 0x00007f5c80332240
Event: 0.290 Thread 0x00007f5c80332240 Thread exited: 0x00007f5c80332240
Event: 0.830 Thread 0x00007f5c140f9880 Thread exited: 0x00007f5c140f9880
Event: 1.002 Thread 0x00007f5c800d2370 Thread added: 0x00007f5c185316f0
Event: 1.029 Thread 0x00007f5c800d2370 Thread added: 0x00007f5c1853ae70
Event: 3.210 Thread 0x00007f5c1853ae70 Thread exited: 0x00007f5c1853ae70
Event: 3.210 Thread 0x00007f5c185316f0 Thread exited: 0x00007f5c185316f0
Event: 3.278 Thread 0x00007f5c800d2370 Thread added: 0x00007f5c187baab0
Event: 3.387 Thread 0x00007f5c800d2370 Thread added: 0x00007f5c187dbb00


Dynamic libraries:
31000000-31001000 ---p 00000000 00:00 0 
31001000-31d8c000 rw-p 00001000 00:22 383280                             /usr/lib/apache-netbeans/jdk/lib/server/classes.jsa
31d8c000-32000000 ---p 00000000 00:00 0 
32000000-32040000 rw-p 00000000 00:00 0 
32040000-321d0000 rw-p 00000000 00:00 0 
321d0000-72000000 ---p 00000000 00:00 0 
6e8000000-6f9800000 rw-p 00000000 00:00 0 
6f9800000-7ffc00000 ---p 00000000 00:00 0 
7ffc00000-7ffd21000 rw-p 00dbf000 00:22 383280                           /usr/lib/apache-netbeans/jdk/lib/server/classes.jsa
7ffd21000-800000000 rw-p 00000000 00:00 0 
55fee818c000-55fee818d000 r--p 00000000 00:22 382840                     /usr/lib/apache-netbeans/jdk/bin/java
55fee818d000-55fee818e000 r-xp 00001000 00:22 382840                     /usr/lib/apache-netbeans/jdk/bin/java
55fee818e000-55fee818f000 r--p 00002000 00:22 382840                     /usr/lib/apache-netbeans/jdk/bin/java
55fee818f000-55fee8190000 r--p 00002000 00:22 382840                     /usr/lib/apache-netbeans/jdk/bin/java
55fee8190000-55fee8191000 rw-p 00003000 00:22 382840                     /usr/lib/apache-netbeans/jdk/bin/java
55ff16626000-55ff1666f000 rw-p 00000000 00:00 0                          [heap]
7f5bec000000-7f5bec021000 rw-p 00000000 00:00 0 
7f5bec021000-7f5bf0000000 ---p 00000000 00:00 0 
7f5bf4000000-7f5bf4021000 rw-p 00000000 00:00 0 
7f5bf4021000-7f5bf8000000 ---p 00000000 00:00 0 
7f5bf8000000-7f5bf8021000 rw-p 00000000 00:00 0 
7f5bf8021000-7f5bfc000000 ---p 00000000 00:00 0 
7f5bfc000000-7f5bfc021000 rw-p 00000000 00:00 0 
7f5bfc021000-7f5c00000000 ---p 00000000 00:00 0 
7f5c00000000-7f5c00021000 rw-p 00000000 00:00 0 
7f5c00021000-7f5c04000000 ---p 00000000 00:00 0 
7f5c04000000-7f5c04acc000 rw-p 00000000 00:00 0 
7f5c04acc000-7f5c08000000 ---p 00000000 00:00 0 
7f5c08000000-7f5c0891b000 rw-p 00000000 00:00 0 
7f5c0891b000-7f5c0c000000 ---p 00000000 00:00 0 
7f5c0c000000-7f5c0c021000 rw-p 00000000 00:00 0 
7f5c0c021000-7f5c10000000 ---p 00000000 00:00 0 
7f5c10000000-7f5c10021000 rw-p 00000000 00:00 0 
7f5c10021000-7f5c14000000 ---p 00000000 00:00 0 
7f5c14000000-7f5c14b83000 rw-p 00000000 00:00 0 
7f5c14b83000-7f5c18000000 ---p 00000000 00:00 0 
7f5c18000000-7f5c18ad5000 rw-p 00000000 00:00 0 
7f5c18ad5000-7f5c1c000000 ---p 00000000 00:00 0 
7f5c1c000000-7f5c1c021000 rw-p 00000000 00:00 0 
7f5c1c021000-7f5c20000000 ---p 00000000 00:00 0 
7f5c20000000-7f5c20021000 rw-p 00000000 00:00 0 
7f5c20021000-7f5c24000000 ---p 00000000 00:00 0 
7f5c24000000-7f5c24021000 rw-p 00000000 00:00 0 
7f5c24021000-7f5c28000000 ---p 00000000 00:00 0 
7f5c299fe000-7f5c299ff000 ---p 00000000 00:00 0 
7f5c299ff000-7f5c29aff000 rw-p 00000000 00:00 0 
7f5c29aff000-7f5c29b00000 ---p 00000000 00:00 0 
7f5c29b00000-7f5c29c00000 rw-p 00000000 00:00 0 
7f5c29c00000-7f5c29c03000 r-xp 00000000 00:2b 302                        /tmp/jansi-2.4.2-d5662ab29e615642-libjansi.so
7f5c29c03000-7f5c29e02000 ---p 00003000 00:2b 302                        /tmp/jansi-2.4.2-d5662ab29e615642-libjansi.so
7f5c29e02000-7f5c29e03000 r--p 00002000 00:2b 302                        /tmp/jansi-2.4.2-d5662ab29e615642-libjansi.so
7f5c29e03000-7f5c29e04000 rw-p 00003000 00:2b 302                        /tmp/jansi-2.4.2-d5662ab29e615642-libjansi.so
7f5c29eff000-7f5c29f00000 ---p 00000000 00:00 0 
7f5c29f00000-7f5c2a000000 rw-p 00000000 00:00 0 
7f5c2a000000-7f5c37e70000 r--p 00000000 00:22 1467629                    /usr/lib/locale/locale-archive
7f5c37eff000-7f5c37f00000 ---p 00000000 00:00 0 
7f5c37f00000-7f5c38000000 rw-p 00000000 00:00 0 
7f5c38000000-7f5c38400000 rw-p 00000000 00:00 0 
7f5c38400000-7f5c38f80000 rw-p 00000000 00:00 0 
7f5c38f80000-7f5c38fa0000 rw-p 00000000 00:00 0 
7f5c38fa0000-7f5c39000000 ---p 00000000 00:00 0 
7f5c39000000-7f5c390c0000 rw-p 00000000 00:00 0 
7f5c390c0000-7f5c3c000000 ---p 00000000 00:00 0 
7f5c3c000000-7f5c3c021000 rw-p 00000000 00:00 0 
7f5c3c021000-7f5c40000000 ---p 00000000 00:00 0 
7f5c40000000-7f5c40021000 rw-p 00000000 00:00 0 
7f5c40021000-7f5c44000000 ---p 00000000 00:00 0 
7f5c44000000-7f5c44021000 rw-p 00000000 00:00 0 
7f5c44021000-7f5c48000000 ---p 00000000 00:00 0 
7f5c48000000-7f5c48021000 rw-p 00000000 00:00 0 
7f5c48021000-7f5c4c000000 ---p 00000000 00:00 0 
7f5c4c000000-7f5c4c021000 rw-p 00000000 00:00 0 
7f5c4c021000-7f5c50000000 ---p 00000000 00:00 0 
7f5c50000000-7f5c50021000 rw-p 00000000 00:00 0 
7f5c50021000-7f5c54000000 ---p 00000000 00:00 0 
7f5c54000000-7f5c54021000 rw-p 00000000 00:00 0 
7f5c54021000-7f5c58000000 ---p 00000000 00:00 0 
7f5c58000000-7f5c58021000 rw-p 00000000 00:00 0 
7f5c58021000-7f5c5c000000 ---p 00000000 00:00 0 
7f5c5c000000-7f5c5c021000 rw-p 00000000 00:00 0 
7f5c5c021000-7f5c60000000 ---p 00000000 00:00 0 
7f5c600f7000-7f5c600f8000 ---p 00000000 00:00 0 
7f5c600f8000-7f5c601f8000 rw-p 00000000 00:00 0 
7f5c601f8000-7f5c601fc000 ---p 00000000 00:00 0 
7f5c601fc000-7f5c602f8000 rw-p 00000000 00:00 0 
7f5c602f8000-7f5c602fc000 ---p 00000000 00:00 0 
7f5c602fc000-7f5c603f8000 rw-p 00000000 00:00 0 
7f5c603f8000-7f5c603fc000 ---p 00000000 00:00 0 
7f5c603fc000-7f5c604f8000 rw-p 00000000 00:00 0 
7f5c604f8000-7f5c604fc000 ---p 00000000 00:00 0 
7f5c604fc000-7f5c605f8000 rw-p 00000000 00:00 0 
7f5c605f8000-7f5c605fc000 ---p 00000000 00:00 0 
7f5c605fc000-7f5c606f8000 rw-p 00000000 00:00 0 
7f5c606f8000-7f5c606fc000 ---p 00000000 00:00 0 
7f5c606fc000-7f5c607f8000 rw-p 00000000 00:00 0 
7f5c607f8000-7f5c607fc000 ---p 00000000 00:00 0 
7f5c607fc000-7f5c608f8000 rw-p 00000000 00:00 0 
7f5c608f8000-7f5c608fc000 ---p 00000000 00:00 0 
7f5c608fc000-7f5c609f8000 rw-p 00000000 00:00 0 
7f5c609f8000-7f5c609fc000 ---p 00000000 00:00 0 
7f5c609fc000-7f5c60af8000 rw-p 00000000 00:00 0 
7f5c60af8000-7f5c60afc000 ---p 00000000 00:00 0 
7f5c60afc000-7f5c60bf8000 rw-p 00000000 00:00 0 
7f5c60bf8000-7f5c60bf9000 ---p 00000000 00:00 0 
7f5c60bf9000-7f5c60cf9000 rw-p 00000000 00:00 0 
7f5c60cf9000-7f5c60cfa000 ---p 00000000 00:00 0 
7f5c60cfa000-7f5c60cfe000 ---p 00000000 00:00 0 
7f5c60cfe000-7f5c60dfa000 rw-p 00000000 00:00 0 
7f5c60dfa000-7f5c60dfb000 ---p 00000000 00:00 0 
7f5c60dfb000-7f5c60efb000 rw-p 00000000 00:00 0 
7f5c60efb000-7f5c60efc000 ---p 00000000 00:00 0 
7f5c60efc000-7f5c60ffc000 rw-p 00000000 00:00 0 
7f5c60ffc000-7f5c60ffd000 ---p 00000000 00:00 0 
7f5c60ffd000-7f5c610fd000 rw-p 00000000 00:00 0 
7f5c610fd000-7f5c63860000 rw-p 00000000 00:00 0 
7f5c63860000-7f5c679f0000 ---p 00000000 00:00 0 
7f5c679f0000-7f5c67a00000 rw-p 00000000 00:00 0 
7f5c67a2d000-7f5c67a31000 r--p 00000000 00:22 383270                     /usr/lib/apache-netbeans/jdk/lib/libverify.so
7f5c67a31000-7f5c67a3a000 r-xp 00004000 00:22 383270                     /usr/lib/apache-netbeans/jdk/lib/libverify.so
7f5c67a3a000-7f5c67a3c000 r--p 0000d000 00:22 383270                     /usr/lib/apache-netbeans/jdk/lib/libverify.so
7f5c67a3c000-7f5c67a3e000 r--p 0000e000 00:22 383270                     /usr/lib/apache-netbeans/jdk/lib/libverify.so
7f5c67a3e000-7f5c67a3f000 rw-p 00010000 00:22 383270                     /usr/lib/apache-netbeans/jdk/lib/libverify.so
7f5c67a3f000-7f5c67bcc000 rw-p 00000000 00:00 0 
7f5c67bcc000-7f5c683fe000 ---p 00000000 00:00 0 
7f5c683fe000-7f5c68400000 rw-p 00000000 00:00 0 
7f5c68400000-7f5c68c20000 rwxp 00000000 00:00 0 
7f5c68c20000-7f5c6f937000 ---p 00000000 00:00 0 
7f5c6f937000-7f5c6fba7000 rwxp 00000000 00:00 0 
7f5c6fba7000-7f5c6fec8000 ---p 00000000 00:00 0 
7f5c6fec8000-7f5c70138000 rwxp 00000000 00:00 0 
7f5c70138000-7f5c77400000 ---p 00000000 00:00 0 
7f5c77400000-7f5c7ff19000 r--s 00000000 00:22 383272                     /usr/lib/apache-netbeans/jdk/lib/modules
7f5c7ff1f000-7f5c7ff21000 r--p 00000000 00:22 383271                     /usr/lib/apache-netbeans/jdk/lib/libzip.so
7f5c7ff21000-7f5c7ff33000 r-xp 00002000 00:22 383271                     /usr/lib/apache-netbeans/jdk/lib/libzip.so
7f5c7ff33000-7f5c7ff3b000 r--p 00014000 00:22 383271                     /usr/lib/apache-netbeans/jdk/lib/libzip.so
7f5c7ff3b000-7f5c7ff3c000 r--p 0001b000 00:22 383271                     /usr/lib/apache-netbeans/jdk/lib/libzip.so
7f5c7ff3c000-7f5c7ff3d000 rw-p 0001c000 00:22 383271                     /usr/lib/apache-netbeans/jdk/lib/libzip.so
7f5c7ff3d000-7f5c7ff3e000 r--p 00000000 00:22 383267                     /usr/lib/apache-netbeans/jdk/lib/libsimdsort.so
7f5c7ff3e000-7f5c7ff77000 r-xp 00001000 00:22 383267                     /usr/lib/apache-netbeans/jdk/lib/libsimdsort.so
7f5c7ff77000-7f5c7ff7d000 r--p 0003a000 00:22 383267                     /usr/lib/apache-netbeans/jdk/lib/libsimdsort.so
7f5c7ff7d000-7f5c7ff7e000 r--p 0003f000 00:22 383267                     /usr/lib/apache-netbeans/jdk/lib/libsimdsort.so
7f5c7ff7e000-7f5c7ff7f000 rw-p 00040000 00:22 383267                     /usr/lib/apache-netbeans/jdk/lib/libsimdsort.so
7f5c7ff7f000-7f5c80aa4000 rw-p 00000000 00:00 0 
7f5c80aa4000-7f5c84000000 ---p 00000000 00:00 0 
7f5c84001000-7f5c84008000 r--s 00000000 00:22 1505679                    /usr/lib64/gconv/gconv-modules.cache
7f5c84008000-7f5c8400b000 r--p 00000000 00:22 383261                     /usr/lib/apache-netbeans/jdk/lib/libnet.so
7f5c8400b000-7f5c84013000 r-xp 00003000 00:22 383261                     /usr/lib/apache-netbeans/jdk/lib/libnet.so
7f5c84013000-7f5c84015000 r--p 0000b000 00:22 383261                     /usr/lib/apache-netbeans/jdk/lib/libnet.so
7f5c84015000-7f5c84016000 r--p 0000c000 00:22 383261                     /usr/lib/apache-netbeans/jdk/lib/libnet.so
7f5c84016000-7f5c84017000 rw-p 0000d000 00:22 383261                     /usr/lib/apache-netbeans/jdk/lib/libnet.so
7f5c84017000-7f5c8401f000 r--p 00000000 00:22 383262                     /usr/lib/apache-netbeans/jdk/lib/libnio.so
7f5c8401f000-7f5c84028000 r-xp 00008000 00:22 383262                     /usr/lib/apache-netbeans/jdk/lib/libnio.so
7f5c84028000-7f5c8402c000 r--p 00011000 00:22 383262                     /usr/lib/apache-netbeans/jdk/lib/libnio.so
7f5c8402c000-7f5c8402d000 r--p 00015000 00:22 383262                     /usr/lib/apache-netbeans/jdk/lib/libnio.so
7f5c8402d000-7f5c8402e000 rw-p 00016000 00:22 383262                     /usr/lib/apache-netbeans/jdk/lib/libnio.so
7f5c8402e000-7f5c844ce000 rw-p 00000000 00:00 0 
7f5c844ce000-7f5c844cf000 ---p 00000000 00:00 0 
7f5c844cf000-7f5c845cf000 rw-p 00000000 00:00 0 
7f5c845cf000-7f5c845d0000 ---p 00000000 00:00 0 
7f5c845d0000-7f5c846d0000 rw-p 00000000 00:00 0 
7f5c846d0000-7f5c846d1000 ---p 00000000 00:00 0 
7f5c846d1000-7f5c847d1000 rw-p 00000000 00:00 0 
7f5c847d1000-7f5c848ca000 rw-p 00000000 00:00 0 
7f5c848ca000-7f5c850fc000 ---p 00000000 00:00 0 
7f5c850fc000-7f5c8592f000 rw-p 00000000 00:00 0 
7f5c8592f000-7f5c85a15000 ---p 00000000 00:00 0 
7f5c85a15000-7f5c85a26000 rw-p 00000000 00:00 0 
7f5c85a26000-7f5c85b00000 ---p 00000000 00:00 0 
7f5c85b00000-7f5c85b04000 ---p 00000000 00:00 0 
7f5c85b04000-7f5c85c00000 rw-p 00000000 00:00 0 
7f5c85c00000-7f5c85ee2000 r--p 00000000 00:22 383285                     /usr/lib/apache-netbeans/jdk/lib/server/libjvm.so
7f5c85ee2000-7f5c86ee2000 r-xp 002e2000 00:22 383285                     /usr/lib/apache-netbeans/jdk/lib/server/libjvm.so
7f5c86ee2000-7f5c871f2000 r--p 012e2000 00:22 383285                     /usr/lib/apache-netbeans/jdk/lib/server/libjvm.so
7f5c871f2000-7f5c872dd000 r--p 015f2000 00:22 383285                     /usr/lib/apache-netbeans/jdk/lib/server/libjvm.so
7f5c872dd000-7f5c87308000 rw-p 016dd000 00:22 383285                     /usr/lib/apache-netbeans/jdk/lib/server/libjvm.so
7f5c87308000-7f5c87389000 rw-p 00000000 00:00 0 
7f5c87389000-7f5c87390000 ---p 00000000 00:00 0 
7f5c87390000-7f5c8739e000 r--p 00000000 00:22 383247                     /usr/lib/apache-netbeans/jdk/lib/libjava.so
7f5c8739e000-7f5c873ac000 r-xp 0000e000 00:22 383247                     /usr/lib/apache-netbeans/jdk/lib/libjava.so
7f5c873ac000-7f5c873b1000 r--p 0001c000 00:22 383247                     /usr/lib/apache-netbeans/jdk/lib/libjava.so
7f5c873b1000-7f5c873b2000 r--p 00021000 00:22 383247                     /usr/lib/apache-netbeans/jdk/lib/libjava.so
7f5c873b2000-7f5c873b3000 rw-p 00022000 00:22 383247                     /usr/lib/apache-netbeans/jdk/lib/libjava.so
7f5c873b3000-7f5c873b4000 rw-p 00000000 00:00 0 
7f5c873b4000-7f5c873b8000 r--p 00000000 00:22 383251                     /usr/lib/apache-netbeans/jdk/lib/libjimage.so
7f5c873b8000-7f5c873d0000 r-xp 00004000 00:22 383251                     /usr/lib/apache-netbeans/jdk/lib/libjimage.so
7f5c873d0000-7f5c873d6000 r--p 0001c000 00:22 383251                     /usr/lib/apache-netbeans/jdk/lib/libjimage.so
7f5c873d6000-7f5c873d8000 r--p 00021000 00:22 383251                     /usr/lib/apache-netbeans/jdk/lib/libjimage.so
7f5c873d8000-7f5c873d9000 rw-p 00023000 00:22 383251                     /usr/lib/apache-netbeans/jdk/lib/libjimage.so
7f5c873d9000-7f5c87456000 r-xp 00000000 00:22 1467676                    /usr/lib64/libm.so.6
7f5c87456000-7f5c874c6000 r--p 0007d000 00:22 1467676                    /usr/lib64/libm.so.6
7f5c874c6000-7f5c874c7000 r--p 000ec000 00:22 1467676                    /usr/lib64/libm.so.6
7f5c874c7000-7f5c874c8000 rw-p 000ed000 00:22 1467676                    /usr/lib64/libm.so.6
7f5c874c8000-7f5c874c9000 r-xp 00000000 00:22 1467684                    /usr/lib64/librt.so.1
7f5c874c9000-7f5c874ca000 r--p 00001000 00:22 1467684                    /usr/lib64/librt.so.1
7f5c874ca000-7f5c874cb000 r--p 00001000 00:22 1467684                    /usr/lib64/librt.so.1
7f5c874cb000-7f5c874ce000 rw-p 00000000 00:00 0 
7f5c874ce000-7f5c874cf000 r-xp 00000000 00:22 1467682                    /usr/lib64/libpthread.so.0
7f5c874cf000-7f5c874d0000 r--p 00001000 00:22 1467682                    /usr/lib64/libpthread.so.0
7f5c874d0000-7f5c874d1000 r--p 00001000 00:22 1467682                    /usr/lib64/libpthread.so.0
7f5c874d1000-7f5c874d2000 rw-p 00000000 00:00 0 
7f5c874d2000-7f5c874d3000 r-xp 00000000 00:22 1467675                    /usr/lib64/libdl.so.2
7f5c874d3000-7f5c874d4000 r--p 00001000 00:22 1467675                    /usr/lib64/libdl.so.2
7f5c874d4000-7f5c874d5000 r--p 00001000 00:22 1467675                    /usr/lib64/libdl.so.2
7f5c874d5000-7f5c874d6000 rw-p 00000000 00:00 0 
7f5c874d6000-7f5c87644000 r-xp 00000000 00:22 1467674                    /usr/lib64/libc.so.6
7f5c87644000-7f5c876b9000 r--p 0016e000 00:22 1467674                    /usr/lib64/libc.so.6
7f5c876b9000-7f5c876bd000 r--p 001e2000 00:22 1467674                    /usr/lib64/libc.so.6
7f5c876bd000-7f5c876bf000 rw-p 001e6000 00:22 1467674                    /usr/lib64/libc.so.6
7f5c876bf000-7f5c876c7000 rw-p 00000000 00:00 0 
7f5c876cb000-7f5c876cc000 r-xp 00000000 00:22 1467686                    /usr/lib64/libutil.so.1
7f5c876cc000-7f5c876cd000 r--p 00001000 00:22 1467686                    /usr/lib64/libutil.so.1
7f5c876cd000-7f5c876ce000 r--p 00001000 00:22 1467686                    /usr/lib64/libutil.so.1
7f5c876ce000-7f5c876cf000 rw-p 00000000 00:00 0 
7f5c876cf000-7f5c876d7000 rw-s 00000000 00:2b 300                        /tmp/hsperfdata_bilal/9580
7f5c876d7000-7f5c876d8000 ---p 00000000 00:00 0 
7f5c876d8000-7f5c876d9000 r--p 00000000 00:00 0 
7f5c876d9000-7f5c876da000 ---p 00000000 00:00 0 
7f5c876da000-7f5c876dd000 r--p 00000000 00:22 383252                     /usr/lib/apache-netbeans/jdk/lib/libjli.so
7f5c876dd000-7f5c876ee000 r-xp 00003000 00:22 383252                     /usr/lib/apache-netbeans/jdk/lib/libjli.so
7f5c876ee000-7f5c876f5000 r--p 00014000 00:22 383252                     /usr/lib/apache-netbeans/jdk/lib/libjli.so
7f5c876f5000-7f5c876f6000 r--p 0001a000 00:22 383252                     /usr/lib/apache-netbeans/jdk/lib/libjli.so
7f5c876f6000-7f5c876f7000 rw-p 0001b000 00:22 383252                     /usr/lib/apache-netbeans/jdk/lib/libjli.so
7f5c876f7000-7f5c876f9000 rw-p 00000000 00:00 0 
7f5c876f9000-7f5c876fb000 r--p 00000000 00:00 0                          [vvar]
7f5c876fb000-7f5c876fd000 r--p 00000000 00:00 0                          [vvar_vclock]
7f5c876fd000-7f5c876ff000 r-xp 00000000 00:00 0                          [vdso]
7f5c876ff000-7f5c87728000 r-xp 00000000 00:22 1467671                    /usr/lib64/ld-linux-x86-64.so.2
7f5c87728000-7f5c87733000 r--p 00029000 00:22 1467671                    /usr/lib64/ld-linux-x86-64.so.2
7f5c87733000-7f5c87735000 r--p 00034000 00:22 1467671                    /usr/lib64/ld-linux-x86-64.so.2
7f5c87735000-7f5c87736000 rw-p 00036000 00:22 1467671                    /usr/lib64/ld-linux-x86-64.so.2
7f5c87736000-7f5c87737000 rw-p 00000000 00:00 0 
7ffceb84e000-7ffceb86f000 rw-p 00000000 00:00 0                          [stack]
ffffffffff600000-ffffffffff601000 --xp 00000000 00:00 0                  [vsyscall]
Total number of mappings: 233

JVMTI agents: none


VM Arguments:
jvm_args: --enable-native-access=ALL-UNNAMED -Dclassworlds.conf=/usr/lib/apache-netbeans/java/maven/bin/m2.conf -Dmaven.home=/usr/lib/apache-netbeans/java/maven -Dlibrary.jansi.path=/usr/lib/apache-netbeans/java/maven/lib/jansi-native -Dmaven.multiModuleProjectDirectory=/home/bilal/NetBeansProjects/Project-UAS-PBO-Restaurant 
java_command: org.codehaus.plexus.classworlds.launcher.Launcher -Dmaven.ext.class.path=/usr/lib/apache-netbeans/java/maven-nblib/netbeans-eventspy.jar --no-transfer-progress clean install
java_class_path (initial): /usr/lib/apache-netbeans/java/maven/boot/plexus-classworlds-2.9.0.jar
Launcher Type: SUN_STANDARD

[Global flags]
     intx CICompilerCount                          = 4                                         {product} {ergonomic}
     uint ConcGCThreads                            = 2                                         {product} {ergonomic}
     uint G1ConcRefinementThreads                  = 8                                         {product} {ergonomic}
   size_t G1HeapRegionSize                         = 4194304                                   {product} {ergonomic}
   size_t InitialHeapSize                          = 293601280                                 {product} {ergonomic}
   size_t MarkStackSize                            = 4194304                                   {product} {ergonomic}
   size_t MarkStackSizeMax                         = 536870912                                 {product} {ergonomic}
   size_t MaxHeapSize                              = 4697620480                                {product} {ergonomic}
   size_t MaxNewSize                               = 2818572288                                {product} {ergonomic}
   size_t MinHeapDeltaBytes                        = 4194304                                   {product} {ergonomic}
   size_t MinHeapSize                              = 8388608                                   {product} {ergonomic}
    uintx NonNMethodCodeHeapSize                   = 5836800                                {pd product} {ergonomic}
    uintx NonProfiledCodeHeapSize                  = 122912768                              {pd product} {ergonomic}
    uintx ProfiledCodeHeapSize                     = 122908672                              {pd product} {ergonomic}
    uintx ReservedCodeCacheSize                    = 251658240                              {pd product} {ergonomic}
     bool SegmentedCodeCache                       = true                                      {product} {ergonomic}
   size_t SoftMaxHeapSize                          = 4697620480                             {manageable} {ergonomic}
     bool UseCompressedOops                        = true                           {product lp64_product} {ergonomic}
     bool UseG1GC                                  = true                                      {product} {ergonomic}

Logging:
Log output configuration:
 #0: stdout all=warning uptime,level,tags foldmultilines=false
 #1: stderr all=off uptime,level,tags foldmultilines=false

Release file:
IMPLEMENTOR="Eclipse Adoptium"
IMPLEMENTOR_VERSION="Temurin-25.0.1+8"
JAVA_RUNTIME_VERSION="25.0.1+8-LTS"
JAVA_VERSION="25.0.1"
JAVA_VERSION_DATE="2025-10-21"
LIBC="gnu"
MODULES="java.base java.compiler java.datatransfer java.xml java.prefs java.desktop java.instrument java.logging java.management java.security.sasl java.naming java.rmi java.management.rmi java.net.http java.scripting java.security.jgss java.transaction.xa java.sql java.sql.rowset java.xml.crypto java.se java.smartcardio jdk.accessibility jdk.internal.jvmstat jdk.attach jdk.charsets jdk.internal.opt jdk.zipfs jdk.compiler jdk.crypto.cryptoki jdk.crypto.ec jdk.dynalink jdk.internal.ed jdk.editpad jdk.internal.vm.ci jdk.graal.compiler jdk.graal.compiler.management jdk.hotspot.agent jdk.httpserver jdk.incubator.vector jdk.internal.le jdk.internal.md jdk.jartool jdk.javadoc jdk.jcmd jdk.management jdk.management.agent jdk.jconsole jdk.jdeps jdk.jdwp.agent jdk.jdi jdk.jfr jdk.jlink jdk.jpackage jdk.jshell jdk.jsobject jdk.jstatd jdk.localedata jdk.management.jfr jdk.naming.dns jdk.naming.rmi jdk.net jdk.nio.mapmode jdk.sctp jdk.security.auth jdk.security.jgss jdk.unsupported jdk.unsupported.desktop jdk.xml.dom"
OS_ARCH="x86_64"
OS_NAME="Linux"
SOURCE=".:git:61d6a2c1b35e"
BUILD_SOURCE="git:839fa0b45d809157cffd3dc8515aad262a4a1776"
BUILD_SOURCE_REPO="https://github.com/adoptium/temurin-build.git"
SOURCE_REPO="https://github.com/adoptium/jdk25u.git"
FULL_VERSION="25.0.1+8-LTS"
SEMANTIC_VERSION="25.0.1+8"
BUILD_INFO="OS: Linux Version: 6.8.0-1036-azure"
JVM_VARIANT="Hotspot"
JVM_VERSION="25.0.1+8-LTS"
IMAGE_TYPE="JDK"

Environment Variables:
JAVA_HOME=/usr/lib/apache-netbeans/jdk
PATH=/home/bilal/.local/bin:/home/bilal/bin:/usr/local/bin:/usr/bin:/var/lib/snapd/snap/bin:/usr/local/sbin
USERNAME=bilal
SHELL=/bin/bash
DISPLAY=:0
LANG=en_US.UTF-8

Active Locale:
LC_ALL=en_US.UTF-8
LC_COLLATE=en_US.UTF-8
LC_CTYPE=en_US.UTF-8
LC_MESSAGES=en_US.UTF-8
LC_MONETARY=en_US.UTF-8
LC_NUMERIC=en_US.UTF-8
LC_TIME=en_US.UTF-8

Signal Handlers:
   SIGSEGV: crash_handler in libjvm.so, mask=11100100010111111101111111111110, flags=SA_RESTART|SA_SIGINFO, unblocked
    SIGBUS: crash_handler in libjvm.so, mask=11100100010111111101111111111110, flags=SA_RESTART|SA_SIGINFO, unblocked
    SIGFPE: crash_handler in libjvm.so, mask=11100100010111111101111111111110, flags=SA_RESTART|SA_SIGINFO, unblocked
   SIGPIPE: javaSignalHandler in libjvm.so, mask=11100100010111111101111111111110, flags=SA_RESTART|SA_SIGINFO, blocked
   SIGXFSZ: javaSignalHandler in libjvm.so, mask=11100100010111111101111111111110, flags=SA_RESTART|SA_SIGINFO, blocked
    SIGILL: crash_handler in libjvm.so, mask=11100100010111111101111111111110, flags=SA_RESTART|SA_SIGINFO, unblocked
   SIGUSR2: SR_handler in libjvm.so, mask=00000000000000000000000000000000, flags=SA_RESTART|SA_SIGINFO, blocked
    SIGHUP: UserHandler in libjvm.so, mask=11100100010111111101111111111110, flags=SA_RESTART|SA_SIGINFO, blocked
    SIGINT: SIG_IGN, mask=00000000000000000000000000000000, flags=none, blocked
   SIGTERM: UserHandler in libjvm.so, mask=11100100010111111101111111111110, flags=SA_RESTART|SA_SIGINFO, blocked
   SIGQUIT: UserHandler in libjvm.so, mask=11100100010111111101111111111110, flags=SA_RESTART|SA_SIGINFO, blocked
   SIGTRAP: crash_handler in libjvm.so, mask=11100100010111111101111111111110, flags=SA_RESTART|SA_SIGINFO, unblocked


Compilation memory statistics disabled.

Periodic native trim disabled

---------------  S Y S T E M  ---------------

OS:
Fedora release 42 (Adams)
uname: Linux 6.14.0-63.fc42.x86_64 #1 SMP PREEMPT_DYNAMIC Mon Mar 24 19:53:37 UTC 2025 x86_64
OS uptime: 0 days 0:26 hours
libc: glibc 2.41 NPTL 2.41 
rlimit (soft/hard): STACK 8192k/infinity , CORE infinity/infinity , NPROC 71241/71241 , NOFILE 524288/524288 , AS infinity/infinity , CPU infinity/infinity , DATA infinity/infinity , FSIZE infinity/infinity , MEMLOCK 8192k/8192k
load average: 2.80 2.93 2.30

/proc/meminfo:
MemTotal:       18336688 kB
MemFree:         1463840 kB
MemAvailable:    6283452 kB
Buffers:            2576 kB
Cached:          7181864 kB
SwapCached:            0 kB
Active:          5045316 kB
Inactive:       10705604 kB
Active(anon):    3939944 kB
Inactive(anon):  6799872 kB
Active(file):    1105372 kB
Inactive(file):  3905732 kB
Unevictable:        5844 kB
Mlocked:            5844 kB
SwapTotal:       8388604 kB
SwapFree:        8137724 kB
Zswap:                 0 kB
Zswapped:              0 kB
Dirty:              3976 kB
Writeback:             0 kB
AnonPages:       8572740 kB
Mapped:          1115676 kB
Shmem:           2168444 kB
KReclaimable:     149384 kB
Slab:             352044 kB
SReclaimable:     149384 kB
SUnreclaim:       202660 kB
KernelStack:       25472 kB
PageTables:        71276 kB
SecPageTables:      4180 kB
NFS_Unstable:          0 kB
Bounce:                0 kB
WritebackTmp:          0 kB
CommitLimit:    17556948 kB
Committed_AS:   23575100 kB
VmallocTotal:   34359738367 kB
VmallocUsed:      121884 kB
VmallocChunk:          0 kB
Percpu:             8416 kB
HardwareCorrupted:     0 kB
AnonHugePages:         0 kB
ShmemHugePages:        0 kB
ShmemPmdMapped:        0 kB
FileHugePages:         0 kB
FilePmdMapped:         0 kB
CmaTotal:              0 kB
CmaFree:               0 kB
Unaccepted:            0 kB
HugePages_Total:       0
HugePages_Free:        0
HugePages_Rsvd:        0
HugePages_Surp:        0
Hugepagesize:       2048 kB
Hugetlb:               0 kB
DirectMap4k:      530004 kB
DirectMap2M:    17229824 kB
DirectMap1G:     2097152 kB

/sys/kernel/mm/transparent_hugepage/enabled: always [madvise] never
/sys/kernel/mm/transparent_hugepage/hpage_pmd_size: 2097152
/sys/kernel/mm/transparent_hugepage/shmem_enabled: always within_size advise [never] deny force
/sys/kernel/mm/transparent_hugepage/defrag (defrag/compaction efforts parameter): always defer defer+madvise [madvise] never

Process Memory:
Virtual Size: 8104892K (peak: 8170400K)
Resident Set Size: 229272K (peak: 229272K) (anon: 200960K, file: 28312K, shmem: 0K)
Swapped out: 0K
C-Heap outstanding allocations: 66037K, retained: 11102K
glibc malloc tunables: (default)

/proc/sys/kernel/threads-max (system-wide limit on the number of threads): 142482
/proc/sys/vm/max_map_count (maximum number of memory map areas a process may have): 1048576
/proc/sys/vm/swappiness (control to define how aggressively the kernel swaps out anonymous memory): 60
/proc/sys/kernel/pid_max (system-wide limit on number of process identifiers): 4194304

container information not found.
Steal ticks since vm start: 0
Steal ticks percentage since vm start:  0.000

CPU: total 8 (initial active 8) (8 cores per cpu, 2 threads per core) family 23 model 24 stepping 1 microcode 0x8108109, cx8, cmov, fxsr, ht, mmx, 3dnowpref, sse, sse2, sse3, ssse3, sse4a, sse4.1, sse4.2, popcnt, lzcnt, tsc, tscinvbit, avx, avx2, aes, clmul, bmi1, bmi2, adx, sha, fma, vzeroupper, clflush, clflushopt, rdtscp, f16c
CPU Model and flags from /proc/cpuinfo:
model name	: AMD Ryzen 5 3500U with Radeon Vega Mobile Gfx
flags		: fpu vme de pse tsc msr pae mce cx8 apic sep mtrr pge mca cmov pat pse36 clflush mmx fxsr sse sse2 ht syscall nx mmxext fxsr_opt pdpe1gb rdtscp lm constant_tsc rep_good nopl nonstop_tsc cpuid extd_apicid aperfmperf rapl pni pclmulqdq monitor ssse3 fma cx16 sse4_1 sse4_2 movbe popcnt aes xsave avx f16c rdrand lahf_lm cmp_legacy svm extapic cr8_legacy abm sse4a misalignsse 3dnowprefetch osvw skinit wdt tce topoext perfctr_core perfctr_nb bpext perfctr_llc mwaitx cpb hw_pstate ssbd ibpb vmmcall fsgsbase bmi1 avx2 smep bmi2 rdseed adx smap clflushopt sha_ni xsaveopt xsavec xgetbv1 clzero irperf xsaveerptr arat npt lbrv svm_lock nrip_save tsc_scale vmcb_clean flushbyasid decodeassists pausefilter pfthreshold avic v_vmsave_vmload vgif overflow_recov succor smca sev sev_es

Online cpus: 0-7
Offline cpus: 
BIOS frequency limitation: 2100000
Frequency switch latency (ns): 0
Available cpu frequencies: 2100000 1700000 1400000 
Current governor: schedutil
Core performance/turbo boost: 1

Memory: 4k page, physical 18336688k(6283452k free), swap 8388604k(8137724k free)
Page Sizes: 4k

vm_info: OpenJDK 64-Bit Server VM (25.0.1+8-LTS) for linux-amd64 JRE (25.0.1+8-LTS), built on 2025-10-21T00:00:00Z with gcc 14.2.0

END.
