#
# A fatal error has been detected by the Java Runtime Environment:
#
#  SIGSEGV (0xb) at pc=0x00007f89b3001dcd, pid=10818, tid=10872
#
# JRE version: OpenJDK Runtime Environment Temurin-25.0.1+8 (25.0.1+8) (build 25.0.1+8-LTS)
# Java VM: OpenJDK 64-Bit Server VM Temurin-25.0.1+8 (25.0.1+8-LTS, mixed mode, sharing, tiered, compressed oops, compressed class ptrs, g1 gc, linux-amd64)
# Problematic frame:
# V  [libjvm.so+0x601dcd]  Interval::split_child_at_op_id(int, LIR_OpVisitState::OprMode)+0xd
#
# Core dump will be written. Default location: Core dumps may be processed with "/usr/lib/systemd/systemd-coredump %P %u %g %s %t %c %h" (or dumping to /home/bilal/NetBeansProjects/Project-UAS-PBO-Restaurant/core.10818)
#
# If you would like to submit a bug report, please visit:
#   https://github.com/adoptium/adoptium-support/issues
#

---------------  S U M M A R Y ------------

Command Line: --enable-native-access=ALL-UNNAMED -Dclassworlds.conf=/usr/lib/apache-netbeans/java/maven/bin/m2.conf -Dmaven.home=/usr/lib/apache-netbeans/java/maven -Dlibrary.jansi.path=/usr/lib/apache-netbeans/java/maven/lib/jansi-native -Dmaven.multiModuleProjectDirectory=/home/bilal/NetBeansProjects/Project-UAS-PBO-Restaurant org.codehaus.plexus.classworlds.launcher.Launcher -Dnetbeans.deploy=true -Dexec.vmArgs= -Dexec.appArgs= -Dmaven.ext.class.path=/usr/lib/apache-netbeans/java/maven-nblib/netbeans-eventspy.jar --no-transfer-progress package

Host: AMD Ryzen 5 3500U with Radeon Vega Mobile Gfx, 8 cores, 17G, Fedora release 42 (Adams)
Time: Sat Jan 10 12:37:58 2026 WIB elapsed time: 4.021339 seconds (0d 0h 0m 4s)

---------------  T H R E A D  ---------------

Current thread (0x00007f89ac0d23c0):  JavaThread "C1 CompilerThread0" daemon [_thread_in_native, id=10872, stack(0x00007f898d3fc000,0x00007f898d4fc000) (1024K)]


Current CompileTask:
C1:4021 4604       3       org.apache.maven.model.io.xpp3.MavenXpp3Reader::parseModel (1606 bytes)

Stack: [0x00007f898d3fc000,0x00007f898d4fc000],  sp=0x00007f898d4f9a48,  free space=1014k
Native frames: (J=compiled Java code, j=interpreted, Vv=VM code, C=native code)
V  [libjvm.so+0x601dcd]  Interval::split_child_at_op_id(int, LIR_OpVisitState::OprMode)+0xd
V  [libjvm.so+0x60ecde]  LinearScan::do_linear_scan()+0xfe
V  [libjvm.so+0x59429f]  Compilation::emit_lir()+0x42f
V  [libjvm.so+0x594a71]  Compilation::compile_java_method()+0x141
V  [libjvm.so+0x594cda]  Compilation::compile_method()+0xea
V  [libjvm.so+0x594fa3]  Compilation::Compilation(AbstractCompiler*, ciEnv*, ciMethod*, int, BufferBlob*, bool, DirectiveSet*)+0x1e3
V  [libjvm.so+0x595e36]  Compiler::compile_method(ciEnv*, ciMethod*, int, bool, DirectiveSet*)+0xb6
V  [libjvm.so+0x742601]  CompileBroker::invoke_compiler_on_method(CompileTask*)+0xb01
V  [libjvm.so+0x7438e8]  CompileBroker::compiler_thread_loop()+0x518
V  [libjvm.so+0xa3bd1e]  JavaThread::thread_main_inner()+0x1de
V  [libjvm.so+0x116ab9f]  Thread::call_run()+0x9f
V  [libjvm.so+0xe71cc6]  thread_native_entry(Thread*)+0xd6
C  [libc.so.6+0x71324]  start_thread+0x2e4

siginfo: si_signo: 11 (SIGSEGV), si_code: 128 (SI_KERNEL), si_addr: 0x0000000000000000

Registers:
RAX=0x1790000000000000, RBX=0x0000000000000ecc, RCX=0x00007f898d4f9c28, RDX=0x0000000000000002
RSP=0x00007f898d4f9a48, RBP=0x00007f898d4f9d30, RSI=0x0000000000000ecc, RDI=0x00007f8940161792
R8 =0x00007f898d4f9ad8, R9 =0x00007f89b4111d98, R10=0x0000000000000004, R11=0x0000000000000001
R12=0x00007f898d4f9c30, R13=0x00007f898d4f9c28, R14=0x00007f8940125668, R15=0x0000000000c2683b
RIP=0x00007f89b3001dcd, EFLAGS=0x0000000000010206, CSGSFS=0x002b000000000033, ERR=0x0000000000000000
  TRAPNO=0x000000000000000d

XMM[0]=0x0000000000000000 0x0000000000000000
XMM[1]=0x0000000000000000 0x0000000100000001
XMM[2]=0x00007f89441e9e50 0x00007f89441e9bc0
XMM[3]=0x00007f89441ea228 0x00007f89441ea158
XMM[4]=0x00007f89441ea6f0 0x00007f89441ea458
XMM[5]=0x00007f89441eb008 0x00007f89441eae98
XMM[6]=0x00007f89441ea998 0x00007f89441eaa80
XMM[7]=0x00007f89441ea608 0x00007f89441ea340
XMM[8]=0x00007f89441e9fa0 0x00007f89441ea088
XMM[9]=0x0000000000000005 0x0000000000000005
XMM[10]=0x0000000000000002 0x0000000000000002
XMM[11]=0xffffffffffffffff 0xffffffffffffffff
XMM[12]=0x0000000000000001 0x0000000000000001
XMM[13]=0x0000000000000000 0x0000000000000000
XMM[14]=0x0000000000000000 0x0000000000000000
XMM[15]=0x0000000000000000 0x0000000000000000
  MXCSR=0x00001fa2


Register to memory mapping:

RAX=0x1790000000000000 is an unknown value
RBX=0x0000000000000ecc is an unknown value
RCX=0x00007f898d4f9c28 is pointing into the stack for thread: 0x00007f89ac0d23c0
RDX=0x0000000000000002 is an unknown value
RSP=0x00007f898d4f9a48 is pointing into the stack for thread: 0x00007f89ac0d23c0
RBP=0x00007f898d4f9d30 is pointing into the stack for thread: 0x00007f89ac0d23c0
RSI=0x0000000000000ecc is an unknown value
RDI=0x00007f8940161792 points into unknown readable memory: 00 00 11 7f 00 00
R8 =0x00007f898d4f9ad8 is pointing into the stack for thread: 0x00007f89ac0d23c0
R9 =0x00007f89b4111d98: <offset 0x0000000001711d98> in /usr/lib/apache-netbeans/jdk/lib/server/libjvm.so at 0x00007f89b2a00000
R10=0x0000000000000004 is an unknown value
R11=0x0000000000000001 is an unknown value
R12=0x00007f898d4f9c30 is pointing into the stack for thread: 0x00007f89ac0d23c0
R13=0x00007f898d4f9c28 is pointing into the stack for thread: 0x00007f89ac0d23c0
R14=0x00007f8940125668 points into unknown readable memory: 0x00007f898d4fa0f0 | f0 a0 4f 8d 89 7f 00 00
R15=0x0000000000c2683b is an unknown value

Top of Stack: (sp=0x00007f898d4f9a48)
0x00007f898d4f9a48:   00007f89b300e7b9 00007f89b414e278   ........x.......
0x00007f898d4f9a58:   00007f8934219360 000000000000003d   `.!4....=.......
0x00007f898d4f9a68:   01007f89b2ec56bd 00007f8944258a40   .V......@.%D....
0x00007f898d4f9a78:   00007f8944259380 0000000000000088   ..%D............
0x00007f898d4f9a88:   00000000000001e8 00007f89401619e8   ...........@....
0x00007f898d4f9a98:   00007f898d4f9ad8 00007f898d4f9ac0   ..O.......O.....
0x00007f898d4f9aa8:   0000000000000002 00007f898d4f9c28   ........(.O.....
0x00007f898d4f9ab8:   00007f8900000002 00007f8944259380   ..........%D....
0x00007f898d4f9ac8:   0000000000000000 00007f8900000001   ................
0x00007f898d4f9ad8:   00007f89442592a0 00007f8944258e70   ..%D....p.%D....
0x00007f898d4f9ae8:   00007f8944258708 00007f89442580d8   ..%D......%D....
0x00007f898d4f9af8:   00007f89442580e0 0000000000000008   ..%D............
0x00007f898d4f9b08:   0000000000000000 0000000000000008   ................
0x00007f898d4f9b18:   00007f8940171068 00007f898d4f9d30   h..@....0.O.....
0x00007f898d4f9b28:   00007f89b300d40e 00007f894420e180   .......... D....
0x00007f898d4f9b38:   00000000000000ca 00007f898d4f9b70   ........p.O.....
0x00007f898d4f9b48:   00007f898d4f9b60 00007f898d4f9b80   `.O.......O.....
0x00007f898d4f9b58:   00007f8940125668 00007f894442c788   hV.@......BD....
0x00007f898d4f9b68:   00000000000000ca 00007f894442c7a8   ..........BD....
0x00007f898d4f9b78:   00000000000000ca 00007f8944259308   ..........%D....
0x00007f898d4f9b88:   00007f8944259300 00007f8944259310   ..%D......%D....
0x00007f898d4f9b98:   00007f8944258c90 0000000800000002   ..%D............
0x00007f898d4f9ba8:   00007f894442c668 0000000000000000   h.BD............
0x00007f898d4f9bb8:   0000000800000003 00007f894442c688   ..........BD....
0x00007f898d4f9bc8:   0000000000000000 0000000800000000   ................
0x00007f898d4f9bd8:   00007f894442c6c8 0000000000000000   ..BD............
0x00007f898d4f9be8:   00007f89b3923ced 00007f8930246730   .<......0g$0....
0x00007f898d4f9bf8:   00007f898d4f9cc0 00007f898d4f9c20   ..O..... .O.....
0x00007f898d4f9c08:   00007f89b2f5ac3a 00007f8930246730   :.......0g$0....
0x00007f898d4f9c18:   00007f898d4f9cc0 00007f898d4f9c60   ..O.....`.O.....
0x00007f898d4f9c28:   00007f8944259388 00007f8944258bd8   ..%D......%D....
0x00007f898d4f9c38:   0000000000056019 0000000000000530   .`......0.......

Instructions: (pc=0x00007f89b3001dcd)
  0x00007f89b3001ccd:   53 10 0f 11 00 0f 11 40 10 0f 11 40 20 48 8d 05
  0x00007f89b3001cdd:   77 ff 10 01 f3 0f 7e 05 ef ff 10 01 48 c7 43 20
  0x00007f89b3001ced:   00 00 00 00 48 8b 00 0f 16 05 d5 ff 10 01 c6 43
  0x00007f89b3001cfd:   74 00 0f 11 43 28 66 0f 76 c0 48 89 43 48 48 8d
  0x00007f89b3001d0d:   05 0e ce 17 01 48 89 43 50 48 b8 00 00 00 00 ff
  0x00007f89b3001d1d:   ff ff ff 48 c7 43 60 00 00 00 00 c7 43 70 ff ff
  0x00007f89b3001d2d:   ff ff 48 89 43 78 48 c7 83 80 00 00 00 00 00 00
  0x00007f89b3001d3d:   00 48 89 5b 58 48 89 5b 68 0f 11 43 38 48 8b 5d
  0x00007f89b3001d4d:   f8 c9 c3 48 8b 47 08 48 8b 0d 7d ff 10 01 0f 1f
  0x00007f89b3001d5d:   44 00 00 48 89 c2 48 8b 40 08 48 39 c8 75 f4 8b
  0x00007f89b3001d6d:   42 04 c3 48 8b 97 80 00 00 00 40 84 f6 74 38 48
  0x00007f89b3001d7d:   85 d2 74 33 83 7a 3c 37 76 2d 48 8b 52 60 48 85
  0x00007f89b3001d8d:   d2 74 24 48 63 0a 85 c9 7e 1b 48 8b 42 08 48 8d
  0x00007f89b3001d9d:   0c c8 90 48 8b 10 83 7a 3c 37 76 0b 48 83 c0 08
  0x00007f89b3001dad:   48 39 c8 75 ee 31 d2 48 89 d0 c3 0f 1f 84 00 00
  0x00007f89b3001dbd:   00 00 00 48 8b 47 60 48 85 c0 0f 84 c0 00 00 00
=>0x00007f89b3001dcd:   4c 63 10 45 85 d2 0f 84 b4 00 00 00 45 31 db 83
  0x00007f89b3001ddd:   fa 02 41 0f 95 c3 45 85 d2 0f 8e 9f 00 00 00 55
  0x00007f89b3001ded:   4c 8b 0d e4 fe 10 01 41 89 f0 31 d2 48 89 e5 53
  0x00007f89b3001dfd:   eb 16 90 44 01 d9 44 39 c1 7f 52 48 83 c2 01 4c
  0x00007f89b3001e0d:   39 d2 74 6f 48 8b 47 60 48 8b 40 08 48 8d 1c d5
  0x00007f89b3001e1d:   00 00 00 00 48 8b 34 d0 48 8b 46 08 44 39 00 7f
  0x00007f89b3001e2d:   da 8b 4e 44 83 f9 ff 75 ca 66 2e 0f 1f 84 00 00
  0x00007f89b3001e3d:   00 00 00 48 89 c1 48 8b 40 08 4c 39 c8 75 f4 8b
  0x00007f89b3001e4d:   49 04 89 4e 44 44 01 d9 44 39 c1 7e ae 85 d2 74
  0x00007f89b3001e5d:   1a 48 8b 47 60 48 8b 40 08 48 8b 10 48 89 14 18
  0x00007f89b3001e6d:   48 8b 47 60 48 8b 40 08 48 89 30 48 89 f7 eb 05
  0x00007f89b3001e7d:   0f 1f 00 31 ff 48 8b 5d f8 48 89 f8 c9 c3 31 ff
  0x00007f89b3001e8d:   48 89 f8 c3 90 66 66 2e 0f 1f 84 00 00 00 00 00
  0x00007f89b3001e9d:   0f 1f 00 55 89 f0 c1 e8 0d 48 89 e5 41 56 41 55
  0x00007f89b3001ead:   49 89 f5 41 54 53 89 d3 48 8b 57 58 4c 8b 24 c2
  0x00007f89b3001ebd:   83 fb ff 75 26 49 8b 44 24 48 89 c2 f7 d2 83 e2


Stack slot to memory mapping:

stack at sp + 0 slots: 0x00007f89b300e7b9: <offset 0x000000000060e7b9> in /usr/lib/apache-netbeans/jdk/lib/server/libjvm.so at 0x00007f89b2a00000
stack at sp + 1 slots: 0x00007f89b414e278: <offset 0x000000000174e278> in /usr/lib/apache-netbeans/jdk/lib/server/libjvm.so at 0x00007f89b2a00000
stack at sp + 2 slots: 0x00007f8934219360 points into unknown readable memory: 0x00007f89b3ff9508 | 08 95 ff b3 89 7f 00 00
stack at sp + 3 slots: 0x000000000000003d is an unknown value
stack at sp + 4 slots: 0x01007f89b2ec56bd is an unknown value
stack at sp + 5 slots: 0x00007f8944258a40 points into unknown readable memory: 0x000000400000003d | 3d 00 00 00 40 00 00 00
stack at sp + 6 slots: 0x00007f8944259380 points into unknown readable memory: 0x00007f89b3ff8708 | 08 87 ff b3 89 7f 00 00
stack at sp + 7 slots: 0x0000000000000088 is an unknown value

Lock stack of current Java thread (top to bottom):


---------------  P R O C E S S  ---------------

Threads class SMR info:
_java_thread_list=0x00007f89447271c0, length=12, elements={
0x00007f89ac02b6b0, 0x00007f89ac0c8cd0, 0x00007f89ac0c9ec0, 0x00007f89ac0cba30,
0x00007f89ac0cd350, 0x00007f89ac0cebd0, 0x00007f89ac0d09d0, 0x00007f89ac0d23c0,
0x00007f89ac10ba90, 0x00007f89ac10e3e0, 0x00007f89446ecb60, 0x00007f8944725e60
}

Java Threads: ( => current thread )
  0x00007f89ac02b6b0 JavaThread "main"                              [_thread_in_Java, id=10855, stack(0x00007f89b2900000,0x00007f89b2a00000) (1024K)]
  0x00007f89ac0c8cd0 JavaThread "Reference Handler"          daemon [_thread_blocked, id=10866, stack(0x00007f898dafe000,0x00007f898dbfe000) (1024K)]
  0x00007f89ac0c9ec0 JavaThread "Finalizer"                  daemon [_thread_blocked, id=10867, stack(0x00007f898d8fc000,0x00007f898d9fc000) (1024K)]
  0x00007f89ac0cba30 JavaThread "Signal Dispatcher"          daemon [_thread_blocked, id=10868, stack(0x00007f898d7fc000,0x00007f898d8fc000) (1024K)]
  0x00007f89ac0cd350 JavaThread "Service Thread"             daemon [_thread_blocked, id=10869, stack(0x00007f898d6fc000,0x00007f898d7fc000) (1024K)]
  0x00007f89ac0cebd0 JavaThread "Monitor Deflation Thread"   daemon [_thread_blocked, id=10870, stack(0x00007f898d5fc000,0x00007f898d6fc000) (1024K)]
  0x00007f89ac0d09d0 JavaThread "C2 CompilerThread0"         daemon [_thread_in_native, id=10871, stack(0x00007f898d4fc000,0x00007f898d5fc000) (1024K)]
=>0x00007f89ac0d23c0 JavaThread "C1 CompilerThread0"         daemon [_thread_in_native, id=10872, stack(0x00007f898d3fc000,0x00007f898d4fc000) (1024K)]
  0x00007f89ac10ba90 JavaThread "Notification Thread"        daemon [_thread_blocked, id=10873, stack(0x00007f898d2fc000,0x00007f898d3fc000) (1024K)]
  0x00007f89ac10e3e0 JavaThread "Common-Cleaner"             daemon [_thread_blocked, id=10874, stack(0x00007f898d1fc000,0x00007f898d2fc000) (1024K)]
  0x00007f89446ecb60 JavaThread "C2 CompilerThread1"         daemon [_thread_in_native, id=10885, stack(0x00007f898d0fc000,0x00007f898d1fc000) (1024K)]
  0x00007f8944725e60 JavaThread "C2 CompilerThread2"         daemon [_thread_in_native, id=10887, stack(0x00007f898cffc000,0x00007f898d0fc000) (1024K)]
Total: 12

Other Threads:
  0x00007f89ac0bef30 VMThread "VM Thread"                           [id=10865, stack(0x00007f898d9fd000,0x00007f898dafd000) (1024K)]
  0x00007f89ac0aea30 WatcherThread "VM Periodic Task Thread"        [id=10864, stack(0x00007f898dbff000,0x00007f898dcff000) (1024K)]
  0x00007f89ac051b50 WorkerThread "GC Thread#0"                     [id=10856, stack(0x00007f89b0bc8000,0x00007f89b0cc8000) (1024K)]
  0x00007f8968007c90 WorkerThread "GC Thread#1"                     [id=10880, stack(0x00007f898ceea000,0x00007f898cfea000) (1024K)]
  0x00007f8968008680 WorkerThread "GC Thread#2"                     [id=10881, stack(0x00007f898cb00000,0x00007f898cc00000) (1024K)]
  0x00007f8968009210 WorkerThread "GC Thread#3"                     [id=10882, stack(0x00007f898c9ff000,0x00007f898caff000) (1024K)]
  0x00007f8968009f70 WorkerThread "GC Thread#4"                     [id=10883, stack(0x00007f898c8fe000,0x00007f898c9fe000) (1024K)]
  0x00007f896800acf0 WorkerThread "GC Thread#5"                     [id=10884, stack(0x00007f898c7fd000,0x00007f898c8fd000) (1024K)]
  0x00007f89ac0604f0 ConcurrentGCThread "G1 Main Marker"            [id=10857, stack(0x00007f89b0ac7000,0x00007f89b0bc7000) (1024K)]
  0x00007f89ac0616c0 WorkerThread "G1 Conc#0"                       [id=10858, stack(0x00007f89b09c6000,0x00007f89b0ac6000) (1024K)]
  0x00007f89ac09fcd0 ConcurrentGCThread "G1 Refine#0"               [id=10859, stack(0x00007f89b00bd000,0x00007f89b01bd000) (1024K)]
  0x00007f89ac0a0ec0 ConcurrentGCThread "G1 Service"                [id=10860, stack(0x00007f898dd00000,0x00007f898de00000) (1024K)]
Total: 12

Threads with active compile tasks:
C2 CompilerThread0  4048 4562       4       org.apache.maven.model.interpolation.StringVisitorModelInterpolator$ModelVisitor::visit (117 bytes)
C1 CompilerThread0  4048 4604       3       org.apache.maven.model.io.xpp3.MavenXpp3Reader::parseModel (1606 bytes)
C2 CompilerThread1  4048 4577   !   4       org.apache.maven.model.Plugin::clone (204 bytes)
C2 CompilerThread2  4048 4589       4       java.util.concurrent.ConcurrentHashMap::putAll (75 bytes)
Total: 4

VM state: not at safepoint (normal execution)

VM Mutex/Monitor currently owned by a thread: None

Heap address: 0x00000006e8000000, size: 4480 MB, Compressed Oops mode: Zero based, Oop shift amount: 3

CDS archive(s) mapped at: [0x000000005f000000-0x000000005fd8c000-0x000000005fd8c000), size 14204928, SharedBaseAddress: 0x000000005f000000, ArchiveRelocationMode: 1.
Compressed class space mapped at: 0x0000000060000000-0x00000000a0000000, reserved size: 1073741824
UseCompressedClassPointers 1, UseCompactObjectHeaders 0
Narrow klass pointer bits 32, Max shift 3
Narrow klass base: 0x000000005f000000, Narrow klass shift: 0
Encoding Range: [0x000000005f000000 - 0x000000015f000000), (4294967296 bytes)
Klass Range:    [0x000000005f001000 - 0x00000000a0000000), (1090514944 bytes)
Klass ID Range:  [4096 - 1090519033) (1090514937)
Protection zone: [0x000000005f000000 - 0x000000005f001000), (4096 bytes)

GC Precious Log:
 CardTable entry size: 512
 Card Set container configuration: InlinePtr #cards 4 size 8 Array Of Cards #cards 32 size 80 Howl #buckets 8 coarsen threshold 7372 Howl Bitmap #cards 1024 size 144 coarsen threshold 921 Card regions per heap region 1 cards per card region 8192
 CPUs: 8 total, 8 available
 Memory: 17906M
 Large Page Support: Disabled
 NUMA Support: Disabled
 Compressed Oops: Enabled (Zero based)
 Heap Region Size: 4M
 Heap Min Capacity: 8M
 Heap Initial Capacity: 280M
 Heap Max Capacity: 4480M
 Pre-touch: Disabled
 Parallel Workers: 8
 Concurrent Workers: 2
 Concurrent Refinement Workers: 8
 Periodic GC: Disabled

Heap:
 garbage-first heap   total reserved 4587520K, committed 290816K, used 79662K [0x00000006e8000000, 0x0000000800000000)
  region size 4096K, 21 young (86016K), 2 survivors (8192K)

Heap Regions: E=young(eden), S=young(survivor), O=old, HS=humongous(starts), HC=humongous(continues), CS=collection set, F=free, TAMS=top-at-mark-start, PB=parsable bottom
|   0|0x00000006e8000000, 0x00000006e8000000, 0x00000006e8400000|  0%| F|  |TAMS 0x00000006e8000000| PB 0x00000006e8000000| Untracked |  0
|   1|0x00000006e8400000, 0x00000006e8400000, 0x00000006e8800000|  0%| F|  |TAMS 0x00000006e8400000| PB 0x00000006e8400000| Untracked |  0
|   2|0x00000006e8800000, 0x00000006e8800000, 0x00000006e8c00000|  0%| F|  |TAMS 0x00000006e8800000| PB 0x00000006e8800000| Untracked |  0
|   3|0x00000006e8c00000, 0x00000006e8c00000, 0x00000006e9000000|  0%| F|  |TAMS 0x00000006e8c00000| PB 0x00000006e8c00000| Untracked |  0
|   4|0x00000006e9000000, 0x00000006e9000000, 0x00000006e9400000|  0%| F|  |TAMS 0x00000006e9000000| PB 0x00000006e9000000| Untracked |  0
|   5|0x00000006e9400000, 0x00000006e9400000, 0x00000006e9800000|  0%| F|  |TAMS 0x00000006e9400000| PB 0x00000006e9400000| Untracked |  0
|   6|0x00000006e9800000, 0x00000006e9800000, 0x00000006e9c00000|  0%| F|  |TAMS 0x00000006e9800000| PB 0x00000006e9800000| Untracked |  0
|   7|0x00000006e9c00000, 0x00000006e9c00000, 0x00000006ea000000|  0%| F|  |TAMS 0x00000006e9c00000| PB 0x00000006e9c00000| Untracked |  0
|   8|0x00000006ea000000, 0x00000006ea000000, 0x00000006ea400000|  0%| F|  |TAMS 0x00000006ea000000| PB 0x00000006ea000000| Untracked |  0
|   9|0x00000006ea400000, 0x00000006ea400000, 0x00000006ea800000|  0%| F|  |TAMS 0x00000006ea400000| PB 0x00000006ea400000| Untracked |  0
|  10|0x00000006ea800000, 0x00000006ea800000, 0x00000006eac00000|  0%| F|  |TAMS 0x00000006ea800000| PB 0x00000006ea800000| Untracked |  0
|  11|0x00000006eac00000, 0x00000006eac00000, 0x00000006eb000000|  0%| F|  |TAMS 0x00000006eac00000| PB 0x00000006eac00000| Untracked |  0
|  12|0x00000006eb000000, 0x00000006eb000000, 0x00000006eb400000|  0%| F|  |TAMS 0x00000006eb000000| PB 0x00000006eb000000| Untracked |  0
|  13|0x00000006eb400000, 0x00000006eb400000, 0x00000006eb800000|  0%| F|  |TAMS 0x00000006eb400000| PB 0x00000006eb400000| Untracked |  0
|  14|0x00000006eb800000, 0x00000006eb800000, 0x00000006ebc00000|  0%| F|  |TAMS 0x00000006eb800000| PB 0x00000006eb800000| Untracked |  0
|  15|0x00000006ebc00000, 0x00000006ebc00000, 0x00000006ec000000|  0%| F|  |TAMS 0x00000006ebc00000| PB 0x00000006ebc00000| Untracked |  0
|  16|0x00000006ec000000, 0x00000006ec000000, 0x00000006ec400000|  0%| F|  |TAMS 0x00000006ec000000| PB 0x00000006ec000000| Untracked |  0
|  17|0x00000006ec400000, 0x00000006ec400000, 0x00000006ec800000|  0%| F|  |TAMS 0x00000006ec400000| PB 0x00000006ec400000| Untracked |  0
|  18|0x00000006ec800000, 0x00000006ec800000, 0x00000006ecc00000|  0%| F|  |TAMS 0x00000006ec800000| PB 0x00000006ec800000| Untracked |  0
|  19|0x00000006ecc00000, 0x00000006ecc00000, 0x00000006ed000000|  0%| F|  |TAMS 0x00000006ecc00000| PB 0x00000006ecc00000| Untracked |  0
|  20|0x00000006ed000000, 0x00000006ed000000, 0x00000006ed400000|  0%| F|  |TAMS 0x00000006ed000000| PB 0x00000006ed000000| Untracked |  0
|  21|0x00000006ed400000, 0x00000006ed400000, 0x00000006ed800000|  0%| F|  |TAMS 0x00000006ed400000| PB 0x00000006ed400000| Untracked |  0
|  22|0x00000006ed800000, 0x00000006ed800000, 0x00000006edc00000|  0%| F|  |TAMS 0x00000006ed800000| PB 0x00000006ed800000| Untracked |  0
|  23|0x00000006edc00000, 0x00000006edc00000, 0x00000006ee000000|  0%| F|  |TAMS 0x00000006edc00000| PB 0x00000006edc00000| Untracked |  0
|  24|0x00000006ee000000, 0x00000006ee000000, 0x00000006ee400000|  0%| F|  |TAMS 0x00000006ee000000| PB 0x00000006ee000000| Untracked |  0
|  25|0x00000006ee400000, 0x00000006ee400000, 0x00000006ee800000|  0%| F|  |TAMS 0x00000006ee400000| PB 0x00000006ee400000| Untracked |  0
|  26|0x00000006ee800000, 0x00000006ee800000, 0x00000006eec00000|  0%| F|  |TAMS 0x00000006ee800000| PB 0x00000006ee800000| Untracked |  0
|  27|0x00000006eec00000, 0x00000006eec00000, 0x00000006ef000000|  0%| F|  |TAMS 0x00000006eec00000| PB 0x00000006eec00000| Untracked |  0
|  28|0x00000006ef000000, 0x00000006ef000000, 0x00000006ef400000|  0%| F|  |TAMS 0x00000006ef000000| PB 0x00000006ef000000| Untracked |  0
|  29|0x00000006ef400000, 0x00000006ef400000, 0x00000006ef800000|  0%| F|  |TAMS 0x00000006ef400000| PB 0x00000006ef400000| Untracked |  0
|  30|0x00000006ef800000, 0x00000006ef800000, 0x00000006efc00000|  0%| F|  |TAMS 0x00000006ef800000| PB 0x00000006ef800000| Untracked |  0
|  31|0x00000006efc00000, 0x00000006efc00000, 0x00000006f0000000|  0%| F|  |TAMS 0x00000006efc00000| PB 0x00000006efc00000| Untracked |  0
|  32|0x00000006f0000000, 0x00000006f0000000, 0x00000006f0400000|  0%| F|  |TAMS 0x00000006f0000000| PB 0x00000006f0000000| Untracked |  0
|  33|0x00000006f0400000, 0x00000006f0400000, 0x00000006f0800000|  0%| F|  |TAMS 0x00000006f0400000| PB 0x00000006f0400000| Untracked |  0
|  34|0x00000006f0800000, 0x00000006f0800000, 0x00000006f0c00000|  0%| F|  |TAMS 0x00000006f0800000| PB 0x00000006f0800000| Untracked |  0
|  35|0x00000006f0c00000, 0x00000006f0c00000, 0x00000006f1000000|  0%| F|  |TAMS 0x00000006f0c00000| PB 0x00000006f0c00000| Untracked |  0
|  36|0x00000006f1000000, 0x00000006f1000000, 0x00000006f1400000|  0%| F|  |TAMS 0x00000006f1000000| PB 0x00000006f1000000| Untracked |  0
|  37|0x00000006f1400000, 0x00000006f1400000, 0x00000006f1800000|  0%| F|  |TAMS 0x00000006f1400000| PB 0x00000006f1400000| Untracked |  0
|  38|0x00000006f1800000, 0x00000006f1800000, 0x00000006f1c00000|  0%| F|  |TAMS 0x00000006f1800000| PB 0x00000006f1800000| Untracked |  0
|  39|0x00000006f1c00000, 0x00000006f1c00000, 0x00000006f2000000|  0%| F|  |TAMS 0x00000006f1c00000| PB 0x00000006f1c00000| Untracked |  0
|  40|0x00000006f2000000, 0x00000006f2000000, 0x00000006f2400000|  0%| F|  |TAMS 0x00000006f2000000| PB 0x00000006f2000000| Untracked |  0
|  41|0x00000006f2400000, 0x00000006f2400000, 0x00000006f2800000|  0%| F|  |TAMS 0x00000006f2400000| PB 0x00000006f2400000| Untracked |  0
|  42|0x00000006f2800000, 0x00000006f2800000, 0x00000006f2c00000|  0%| F|  |TAMS 0x00000006f2800000| PB 0x00000006f2800000| Untracked |  0
|  43|0x00000006f2c00000, 0x00000006f2c00000, 0x00000006f3000000|  0%| F|  |TAMS 0x00000006f2c00000| PB 0x00000006f2c00000| Untracked |  0
|  44|0x00000006f3000000, 0x00000006f3000000, 0x00000006f3400000|  0%| F|  |TAMS 0x00000006f3000000| PB 0x00000006f3000000| Untracked |  0
|  45|0x00000006f3400000, 0x00000006f3400000, 0x00000006f3800000|  0%| F|  |TAMS 0x00000006f3400000| PB 0x00000006f3400000| Untracked |  0
|  46|0x00000006f3800000, 0x00000006f3800000, 0x00000006f3c00000|  0%| F|  |TAMS 0x00000006f3800000| PB 0x00000006f3800000| Untracked |  0
|  47|0x00000006f3c00000, 0x00000006f3c00000, 0x00000006f4000000|  0%| F|  |TAMS 0x00000006f3c00000| PB 0x00000006f3c00000| Untracked |  0
|  48|0x00000006f4000000, 0x00000006f4000000, 0x00000006f4400000|  0%| F|  |TAMS 0x00000006f4000000| PB 0x00000006f4000000| Untracked |  0
|  49|0x00000006f4400000, 0x00000006f44c65a0, 0x00000006f4800000| 19%| E|  |TAMS 0x00000006f4400000| PB 0x00000006f4400000| Complete |  0
|  50|0x00000006f4800000, 0x00000006f4c00000, 0x00000006f4c00000|100%| E|CS|TAMS 0x00000006f4800000| PB 0x00000006f4800000| Complete |  0
|  51|0x00000006f4c00000, 0x00000006f5000000, 0x00000006f5000000|100%| E|CS|TAMS 0x00000006f4c00000| PB 0x00000006f4c00000| Complete |  0
|  52|0x00000006f5000000, 0x00000006f5400000, 0x00000006f5400000|100%| E|CS|TAMS 0x00000006f5000000| PB 0x00000006f5000000| Complete |  0
|  53|0x00000006f5400000, 0x00000006f5800000, 0x00000006f5800000|100%| E|CS|TAMS 0x00000006f5400000| PB 0x00000006f5400000| Complete |  0
|  54|0x00000006f5800000, 0x00000006f5c00000, 0x00000006f5c00000|100%| E|CS|TAMS 0x00000006f5800000| PB 0x00000006f5800000| Complete |  0
|  55|0x00000006f5c00000, 0x00000006f6000000, 0x00000006f6000000|100%| E|CS|TAMS 0x00000006f5c00000| PB 0x00000006f5c00000| Complete |  0
|  56|0x00000006f6000000, 0x00000006f60aaa80, 0x00000006f6400000| 16%| S|CS|TAMS 0x00000006f6000000| PB 0x00000006f6000000| Complete |  0
|  57|0x00000006f6400000, 0x00000006f6800000, 0x00000006f6800000|100%| S|CS|TAMS 0x00000006f6400000| PB 0x00000006f6400000| Complete |  0
|  58|0x00000006f6800000, 0x00000006f6c00000, 0x00000006f6c00000|100%| E|CS|TAMS 0x00000006f6800000| PB 0x00000006f6800000| Complete |  0
|  59|0x00000006f6c00000, 0x00000006f7000000, 0x00000006f7000000|100%| E|CS|TAMS 0x00000006f6c00000| PB 0x00000006f6c00000| Complete |  0
|  60|0x00000006f7000000, 0x00000006f7400000, 0x00000006f7400000|100%| E|CS|TAMS 0x00000006f7000000| PB 0x00000006f7000000| Complete |  0
|  61|0x00000006f7400000, 0x00000006f7800000, 0x00000006f7800000|100%| E|CS|TAMS 0x00000006f7400000| PB 0x00000006f7400000| Complete |  0
|  62|0x00000006f7800000, 0x00000006f7c00000, 0x00000006f7c00000|100%| E|CS|TAMS 0x00000006f7800000| PB 0x00000006f7800000| Complete |  0
|  63|0x00000006f7c00000, 0x00000006f8000000, 0x00000006f8000000|100%| E|CS|TAMS 0x00000006f7c00000| PB 0x00000006f7c00000| Complete |  0
|  64|0x00000006f8000000, 0x00000006f8400000, 0x00000006f8400000|100%| E|CS|TAMS 0x00000006f8000000| PB 0x00000006f8000000| Complete |  0
|  65|0x00000006f8400000, 0x00000006f8800000, 0x00000006f8800000|100%| E|CS|TAMS 0x00000006f8400000| PB 0x00000006f8400000| Complete |  0
|  66|0x00000006f8800000, 0x00000006f8c00000, 0x00000006f8c00000|100%| E|CS|TAMS 0x00000006f8800000| PB 0x00000006f8800000| Complete |  0
|  67|0x00000006f8c00000, 0x00000006f9000000, 0x00000006f9000000|100%| E|CS|TAMS 0x00000006f8c00000| PB 0x00000006f8c00000| Complete |  0
|  68|0x00000006f9000000, 0x00000006f9400000, 0x00000006f9400000|100%| E|CS|TAMS 0x00000006f9000000| PB 0x00000006f9000000| Complete |  0
|  69|0x00000006f9400000, 0x00000006f9800000, 0x00000006f9800000|100%| E|CS|TAMS 0x00000006f9400000| PB 0x00000006f9400000| Complete |  0
|1119|0x00000007ffc00000, 0x00000007ffd20fd8, 0x0000000800000000| 28%| O|  |TAMS 0x00000007ffc00000| PB 0x00000007ffc00000| Untracked |  0

Card table byte_map: [0x00007f89b0d35000,0x00007f89b15f5000] _byte_map_base: 0x00007f89ad5f5000

Marking Bits: (CMBitMap*) 0x00007f89ac0527a0
 Bits: [0x00007f898fe00000, 0x00007f8994400000)

Polling page: 0x00007f89b44a5000

Metaspace:
Metaspace        used 16849K, committed 17088K, reserved 1114112K
 class space     used 1623K, committed 1728K, reserved 1048576K

Usage:
  Non-class:     14.87 MB used.
      Class:      1.59 MB used.
       Both:     16.45 MB used.

Virtual space:
  Non-class space:       64.00 MB reserved,      15.00 MB ( 23%) committed,  1 nodes.
      Class space:        1.00 GB reserved,       1.69 MB ( <1%) committed,  1 nodes.
             Both:        1.06 GB reserved,      16.69 MB (  2%) committed. 

Chunk freelists:
   Non-Class:  976.00 KB
       Class:  14.33 MB
        Both:  15.28 MB

MaxMetaspaceSize: unlimited
CompressedClassSpaceSize: 1.00 GB
Initial GC threshold: 21.00 MB
Current GC threshold: 21.00 MB
CDS: on
 - commit_granule_bytes: 65536.
 - commit_granule_words: 8192.
 - virtual_space_node_default_size: 8388608.
 - enlarge_chunks_in_place: 1.
UseCompressedClassPointers 1, UseCompactObjectHeaders 0
Narrow klass pointer bits 32, Max shift 3
Narrow klass base: 0x000000005f000000, Narrow klass shift: 0
Encoding Range: [0x000000005f000000 - 0x000000015f000000), (4294967296 bytes)
Klass Range:    [0x000000005f001000 - 0x00000000a0000000), (1090514944 bytes)
Klass ID Range:  [4096 - 1090519033) (1090514937)
Protection zone: [0x000000005f000000 - 0x000000005f001000), (4096 bytes)


Internal statistics:

num_allocs_failed_limit: 0.
num_arena_births: 176.
num_arena_deaths: 0.
num_vsnodes_births: 2.
num_vsnodes_deaths: 0.
num_space_committed: 267.
num_space_uncommitted: 0.
num_chunks_returned_to_freelist: 0.
num_chunks_taken_from_freelist: 768.
num_chunk_merges: 0.
num_chunk_splits: 521.
num_chunks_enlarged: 407.
num_inconsistent_stats: 0.

CodeHeap 'non-profiled nmethods': size=120032Kb used=1462Kb max_used=1462Kb free=118569Kb
 bounds [0x00007f899bec8000, 0x00007f899c138000, 0x00007f89a3400000]
CodeHeap 'profiled nmethods': size=120028Kb used=7261Kb max_used=7261Kb free=112766Kb
 bounds [0x00007f8994400000, 0x00007f8994b20000, 0x00007f899b937000]
CodeHeap 'non-nmethods': size=5700Kb used=1473Kb max_used=1536Kb free=4226Kb
 bounds [0x00007f899b937000, 0x00007f899bba7000, 0x00007f899bec8000]
CodeCache: size=245760Kb, used=10196Kb, max_used=10259Kb, free=235561Kb
 total_blobs=5120, nmethods=4580, adapters=443, full_count=0
Compilation: enabled, stopped_count=0, restarted_count=0

Compilation events (20 events):
Event: 3.992 Thread 0x00007f89ac0d23c0 nmethod 4594 0x00007f8994b11988 code [0x00007f8994b11a80, 0x00007f8994b11bc0]
Event: 3.992 Thread 0x00007f89ac0d23c0 4596       3       java.lang.String::split (242 bytes)
Event: 3.994 Thread 0x00007f89ac0d23c0 nmethod 4596 0x00007f8994b11c88 code [0x00007f8994b11d80, 0x00007f8994b14598]
Event: 3.994 Thread 0x00007f89ac0d23c0 4595       3       java.lang.String::split (148 bytes)
Event: 3.996 Thread 0x00007f89ac0d23c0 nmethod 4595 0x00007f8994b14608 code [0x00007f8994b14700, 0x00007f8994b162b0]
Event: 3.996 Thread 0x00007f89ac0d23c0 4597       3       org.eclipse.aether.repository.RemoteRepository::getPolicy (16 bytes)
Event: 3.996 Thread 0x00007f89ac0d23c0 nmethod 4597 0x00007f8994b16308 code [0x00007f8994b16400, 0x00007f8994b16570]
Event: 3.997 Thread 0x00007f89ac0d23c0 4598       1       org.apache.maven.model.IssueManagement::getUrl (5 bytes)
Event: 3.997 Thread 0x00007f89ac0d23c0 nmethod 4598 0x00007f899c034088 code [0x00007f899c034180, 0x00007f899c034240]
Event: 3.997 Thread 0x00007f89ac0d23c0 4599       1       org.apache.maven.model.IssueManagement::getSystem (5 bytes)
Event: 3.997 Thread 0x00007f89ac0d23c0 nmethod 4599 0x00007f899c034388 code [0x00007f899c034480, 0x00007f899c034540]
Event: 3.998 Thread 0x00007f89ac0d23c0 4600       1       org.eclipse.aether.DefaultRepositorySystemSession::isIgnoreArtifactDescriptorRepositories (5 bytes)
Event: 3.998 Thread 0x00007f89ac0d23c0 nmethod 4600 0x00007f899c034688 code [0x00007f899c034780, 0x00007f899c034840]
Event: 3.998 Thread 0x00007f89ac0d23c0 4601       3       org.apache.maven.model.validation.DefaultModelValidator::validateDependencyVersion (25 bytes)
Event: 3.998 Thread 0x00007f89ac0d23c0 nmethod 4601 0x00007f8994b16608 code [0x00007f8994b16700, 0x00007f8994b16908]
Event: 3.999 Thread 0x00007f89ac0d23c0 4602       1       org.eclipse.aether.resolution.ArtifactDescriptorResult::getRepositories (5 bytes)
Event: 3.999 Thread 0x00007f89ac0d23c0 nmethod 4602 0x00007f899c034988 code [0x00007f899c034a80, 0x00007f899c034b40]
Event: 4.000 Thread 0x00007f89ac0d23c0 4603       3       org.apache.maven.artifact.ArtifactUtils::key (51 bytes)
Event: 4.001 Thread 0x00007f89ac0d23c0 nmethod 4603 0x00007f8994b16988 code [0x00007f8994b16a80, 0x00007f8994b17560]
Event: 4.003 Thread 0x00007f89ac0d23c0 4604       3       org.apache.maven.model.io.xpp3.MavenXpp3Reader::parseModel (1606 bytes)

GC Heap Usage History (2 events):
Event: 1.885 {heap Before GC invocations=0 (full 0):
 garbage-first heap   total reserved 4587520K, committed 290816K, used 50307K [0x00000006e8000000, 0x0000000800000000)
  region size 4096K, 12 young (49152K), 0 survivors (0K)
}
Event: 1.893 {heap After GC invocations=1 (full 0):
 garbage-first heap   total reserved 4587520K, committed 290816K, used 5934K [0x00000006e8000000, 0x0000000800000000)
  region size 4096K, 2 young (8192K), 2 survivors (8192K)
}

Metaspace Usage History (2 events):
Event: 1.885 {metaspace Before GC invocations=0 (full 0):
 Metaspace       used 9899K, committed 10048K, reserved 1114112K
  class space    used 895K, committed 960K, reserved 1048576K
}
Event: 1.893 {metaspace After GC invocations=1 (full 0):
 Metaspace       used 9899K, committed 10048K, reserved 1114112K
  class space    used 895K, committed 960K, reserved 1048576K
}

Dll operation events (8 events):
Event: 0.003 Loaded shared library /usr/lib/apache-netbeans/jdk/lib/libjava.so
Event: 0.030 Loaded shared library /usr/lib/apache-netbeans/jdk/lib/libsimdsort.so
Event: 0.058 Loaded shared library /usr/lib/apache-netbeans/jdk/lib/libnio.so
Event: 0.066 Loaded shared library /usr/lib/apache-netbeans/jdk/lib/libzip.so
Event: 0.084 Loaded shared library /usr/lib/apache-netbeans/jdk/lib/libnet.so
Event: 0.237 Loaded shared library /usr/lib/apache-netbeans/jdk/lib/libjimage.so
Event: 0.251 Loaded shared library /tmp/jansi-2.4.2-7c5c95c23719f0c1-libjansi.so
Event: 0.265 Loaded shared library /usr/lib/apache-netbeans/jdk/lib/libverify.so

Deoptimization events (20 events):
Event: 3.980 Thread 0x00007f89ac02b6b0 Uncommon trap: trap_request=0xffffffbe fr.pc=0x00007f899c02d3f0 relative=0x0000000000000a70
Event: 3.980 Thread 0x00007f89ac02b6b0 Uncommon trap: reason=profile_predicate action=maybe_recompile pc=0x00007f899c02d3f0 method=java.util.concurrent.ConcurrentHashMap.putAll(Ljava/util/Map;)V @ 40 c2
Event: 3.980 Thread 0x00007f89ac02b6b0 DEOPT PACKING pc=0x00007f899c02d3f0 sp=0x00007f89b29fc4c0
Event: 3.980 Thread 0x00007f89ac02b6b0 DEOPT UNPACKING pc=0x00007f899ba581f9 sp=0x00007f89b29fc490 mode 2
Event: 3.981 Thread 0x00007f89ac02b6b0 Uncommon trap: trap_request=0xffffffbe fr.pc=0x00007f899c02d3f0 relative=0x0000000000000a70
Event: 3.981 Thread 0x00007f89ac02b6b0 Uncommon trap: reason=profile_predicate action=maybe_recompile pc=0x00007f899c02d3f0 method=java.util.concurrent.ConcurrentHashMap.putAll(Ljava/util/Map;)V @ 40 c2
Event: 3.981 Thread 0x00007f89ac02b6b0 DEOPT PACKING pc=0x00007f899c02d3f0 sp=0x00007f89b29fbf30
Event: 3.981 Thread 0x00007f89ac02b6b0 DEOPT UNPACKING pc=0x00007f899ba581f9 sp=0x00007f89b29fbf00 mode 2
Event: 3.981 Thread 0x00007f89ac02b6b0 Uncommon trap: trap_request=0xffffffbe fr.pc=0x00007f899c02d3f0 relative=0x0000000000000a70
Event: 3.981 Thread 0x00007f89ac02b6b0 Uncommon trap: reason=profile_predicate action=maybe_recompile pc=0x00007f899c02d3f0 method=java.util.concurrent.ConcurrentHashMap.putAll(Ljava/util/Map;)V @ 40 c2
Event: 3.981 Thread 0x00007f89ac02b6b0 DEOPT PACKING pc=0x00007f899c02d3f0 sp=0x00007f89b29fbe70
Event: 3.981 Thread 0x00007f89ac02b6b0 DEOPT UNPACKING pc=0x00007f899ba581f9 sp=0x00007f89b29fbe40 mode 2
Event: 3.981 Thread 0x00007f89ac02b6b0 Uncommon trap: trap_request=0xffffffbe fr.pc=0x00007f899c02d3f0 relative=0x0000000000000a70
Event: 3.981 Thread 0x00007f89ac02b6b0 Uncommon trap: reason=profile_predicate action=maybe_recompile pc=0x00007f899c02d3f0 method=java.util.concurrent.ConcurrentHashMap.putAll(Ljava/util/Map;)V @ 40 c2
Event: 3.981 Thread 0x00007f89ac02b6b0 DEOPT PACKING pc=0x00007f899c02d3f0 sp=0x00007f89b29fc1c0
Event: 3.981 Thread 0x00007f89ac02b6b0 DEOPT UNPACKING pc=0x00007f899ba581f9 sp=0x00007f89b29fc190 mode 2
Event: 3.985 Thread 0x00007f89ac02b6b0 Uncommon trap: trap_request=0xffffffde fr.pc=0x00007f899bf03bb8 relative=0x0000000000000c38
Event: 3.985 Thread 0x00007f89ac02b6b0 Uncommon trap: reason=class_check action=maybe_recompile pc=0x00007f899bf03bb8 method=java.util.concurrent.ConcurrentHashMap.putVal(Ljava/lang/Object;Ljava/lang/Object;Z)Ljava/lang/Object; @ 242 c2
Event: 3.985 Thread 0x00007f89ac02b6b0 DEOPT PACKING pc=0x00007f899bf03bb8 sp=0x00007f89b29fc740
Event: 3.986 Thread 0x00007f89ac02b6b0 DEOPT UNPACKING pc=0x00007f899ba581f9 sp=0x00007f89b29fc6a0 mode 2

Classes loaded (20 events):
Event: 3.800 Loading class java/lang/Character$Subset done
Event: 3.800 Loading class java/lang/Character$UnicodeBlock done
Event: 3.820 Loading class sun/nio/fs/UnixFileSystem$Flags
Event: 3.820 Loading class sun/nio/fs/UnixFileSystem$Flags done
Event: 3.821 Loading class sun/nio/fs/LinuxNativeDispatcher
Event: 3.821 Loading class sun/nio/fs/LinuxNativeDispatcher done
Event: 3.823 Loading class java/nio/file/attribute/PosixFileAttributeView
Event: 3.823 Loading class java/nio/file/attribute/FileOwnerAttributeView
Event: 3.823 Loading class java/nio/file/attribute/FileOwnerAttributeView done
Event: 3.823 Loading class java/nio/file/attribute/PosixFileAttributeView done
Event: 3.823 Loading class sun/nio/fs/UnixFileAttributeViews$Posix
Event: 3.824 Loading class sun/nio/fs/UnixFileAttributeViews$Posix done
Event: 3.824 Loading class java/nio/file/attribute/PosixFilePermission
Event: 3.824 Loading class java/nio/file/attribute/PosixFilePermission done
Event: 3.825 Loading class java/util/RegularEnumSet$EnumSetIterator
Event: 3.825 Loading class java/util/RegularEnumSet$EnumSetIterator done
Event: 3.825 Loading class sun/nio/fs/UnixFileModeAttribute$1
Event: 3.825 Loading class sun/nio/fs/UnixFileModeAttribute$1 done
Event: 3.928 Loading class java/util/Collections$UnmodifiableList$1
Event: 3.928 Loading class java/util/Collections$UnmodifiableList$1 done

Classes unloaded (0 events):
No events

Classes redefined (0 events):
No events

Internal exceptions (20 events):
Event: 2.084 Thread 0x00007f89ac02b6b0 Exception <a 'java/lang/NoSuchMethodError'{0x00000006f914f9b8}: 'java.lang.Object java.lang.invoke.Invokers$Holder.invokeExact_MT(java.lang.Object, java.lang.Object, java.lang.Object, java.lang.Object, java.lang.Object, java.lang.Object)'> (0x00000006f914f9b8) 
thrown [src/hotspot/share/interpreter/linkResolver.cpp, line 803]
Event: 2.088 Thread 0x00007f89ac02b6b0 Implicit null exception at 0x00007f899bf2a49a to 0x00007f899bf2a62c
Event: 2.091 Thread 0x00007f89ac02b6b0 Exception <a 'java/lang/NoSuchMethodError'{0x00000006f916f0d0}: 'java.lang.Object java.lang.invoke.Invokers$Holder.invokeExact_MT(java.lang.Object, int, java.lang.Object)'> (0x00000006f916f0d0) 
thrown [src/hotspot/share/interpreter/linkResolver.cpp, line 803]
Event: 2.470 Thread 0x00007f89ac02b6b0 Exception <a 'java/lang/NoSuchMethodError'{0x00000006f893e578}: 'void java.lang.invoke.Invokers$Holder.invokeExact_MT(java.lang.Object, java.lang.Object, java.lang.Object, java.lang.Object)'> (0x00000006f893e578) 
thrown [src/hotspot/share/interpreter/linkResolver.cpp, line 803]
Event: 2.492 Thread 0x00007f89ac02b6b0 Exception <a 'java/lang/NoClassDefFoundError'{0x00000006f89bd9a0}: com/google/inject/servlet/ServletModuleTargetVisitor> (0x00000006f89bd9a0) 
thrown [src/hotspot/share/classfile/systemDictionary.cpp, line 316]
Event: 2.607 Thread 0x00007f89ac02b6b0 Exception <a 'java/lang/NoSuchMethodError'{0x00000006f8469f40}: 'void java.lang.invoke.DirectMethodHandle$Holder.invokeVirtual(java.lang.Object, java.lang.Object)'> (0x00000006f8469f40) 
thrown [src/hotspot/share/interpreter/linkResolver.cpp, line 803]
Event: 2.831 Thread 0x00007f89ac02b6b0 Exception <a 'java/lang/NoSuchMethodError'{0x00000006f81b1d48}: 'void java.lang.invoke.DirectMethodHandle$Holder.invokeSpecial(java.lang.Object, java.lang.Object, java.lang.Object, java.lang.Object, java.lang.Object)'> (0x00000006f81b1d48) 
thrown [src/hotspot/share/interpreter/linkResolver.cpp, line 803]
Event: 2.836 Thread 0x00007f89ac02b6b0 Exception <a 'java/lang/NoSuchMethodError'{0x00000006f81e7c80}: 'java.lang.Object java.lang.invoke.DirectMethodHandle$Holder.invokeVirtual(java.lang.Object, java.lang.Object, java.lang.Object)'> (0x00000006f81e7c80) 
thrown [src/hotspot/share/interpreter/linkResolver.cpp, line 803]
Event: 2.841 Thread 0x00007f89ac02b6b0 Exception <a 'java/lang/NoSuchMethodError'{0x00000006f820e258}: 'void java.lang.invoke.DirectMethodHandle$Holder.invokeSpecial(java.lang.Object, java.lang.Object, java.lang.Object, java.lang.Object, java.lang.Object, java.lang.Object)'> (0x00000006f820e258) 
thrown [src/hotspot/share/interpreter/linkResolver.cpp, line 803]
Event: 2.879 Thread 0x00007f89ac02b6b0 Exception <a 'java/lang/NoSuchMethodError'{0x00000006f8326800}: 'void java.lang.invoke.DirectMethodHandle$Holder.invokeVirtual(java.lang.Object, java.lang.Object, int)'> (0x00000006f8326800) 
thrown [src/hotspot/share/interpreter/linkResolver.cpp, line 803]
Event: 2.880 Thread 0x00007f89ac02b6b0 Exception <a 'java/lang/NoSuchMethodError'{0x00000006f832eff0}: 'void java.lang.invoke.DirectMethodHandle$Holder.invokeSpecial(java.lang.Object, java.lang.Object, java.lang.Object, int)'> (0x00000006f832eff0) 
thrown [src/hotspot/share/interpreter/linkResolver.cpp, line 803]
Event: 2.880 Thread 0x00007f89ac02b6b0 Exception <a 'java/lang/NoSuchMethodError'{0x00000006f8337388}: 'void java.lang.invoke.DelegatingMethodHandle$Holder.reinvoke_L(java.lang.Object, java.lang.Object, int)'> (0x00000006f8337388) 
thrown [src/hotspot/share/interpreter/linkResolver.cpp, line 803]
Event: 3.477 Thread 0x00007f89ac02b6b0 Implicit null exception at 0x00007f899bf5dfcb to 0x00007f899bf5e1c4
Event: 3.477 Thread 0x00007f89ac02b6b0 Implicit null exception at 0x00007f899bf5d2cb to 0x00007f899bf5d4c4
Event: 3.477 Thread 0x00007f89ac02b6b0 Implicit null exception at 0x00007f899bf78f1d to 0x00007f899bf78f95
Event: 3.501 Thread 0x00007f89ac02b6b0 Exception <a 'java/lang/NoSuchMethodError'{0x00000006f6a540a8}: 'java.lang.Object java.lang.invoke.DirectMethodHandle$Holder.newInvokeSpecial(java.lang.Object, java.lang.Object, java.lang.Object, java.lang.Object, java.lang.Object, java.lang.Object, java.lang.Object)'> (0x00000006f6a540a8) 
thrown [src/hotspot/share/interpreter/linkResolver.cpp, line 803]
Event: 3.743 Thread 0x00007f89ac02b6b0 Exception <a 'java/lang/NoSuchMethodError'{0x00000006f5507ec8}: 'int java.lang.invoke.DirectMethodHandle$Holder.invokeVirtual(java.lang.Object, java.lang.Object)'> (0x00000006f5507ec8) 
thrown [src/hotspot/share/interpreter/linkResolver.cpp, line 803]
Event: 3.760 Thread 0x00007f89ac02b6b0 Implicit null exception at 0x00007f899bf418b6 to 0x00007f899bf4194e
Event: 3.779 Thread 0x00007f89ac02b6b0 Exception <a 'java/lang/NoSuchMethodError'{0x00000006f563c260}: 'void java.lang.invoke.Invokers$Holder.invokeExact_MT(java.lang.Object, java.lang.Object, int, java.lang.Object)'> (0x00000006f563c260) 
thrown [src/hotspot/share/interpreter/linkResolver.cpp, line 803]
Event: 3.821 Thread 0x00007f89ac02b6b0 Exception <a 'sun/nio/fs/UnixException'{0x00000006f5782d88}> (0x00000006f5782d88) 
thrown [src/hotspot/share/prims/jni.cpp, line 516]

VM Operations (20 events):
Event: 2.219 Executing non-safepoint VM operation: HandshakeAllThreads (Deoptimize)
Event: 2.219 Executing non-safepoint VM operation: HandshakeAllThreads (Deoptimize) done
Event: 2.462 Executing non-safepoint VM operation: HandshakeAllThreads (Deoptimize)
Event: 2.462 Executing non-safepoint VM operation: HandshakeAllThreads (Deoptimize) done
Event: 2.624 Executing non-safepoint VM operation: HandshakeAllThreads (Deoptimize)
Event: 2.624 Executing non-safepoint VM operation: HandshakeAllThreads (Deoptimize) done
Event: 2.667 Executing non-safepoint VM operation: HandshakeAllThreads (Deoptimize)
Event: 2.667 Executing non-safepoint VM operation: HandshakeAllThreads (Deoptimize) done
Event: 2.719 Executing non-safepoint VM operation: HandshakeAllThreads (Deoptimize)
Event: 2.719 Executing non-safepoint VM operation: HandshakeAllThreads (Deoptimize) done
Event: 2.773 Executing non-safepoint VM operation: HandshakeAllThreads (Deoptimize)
Event: 2.773 Executing non-safepoint VM operation: HandshakeAllThreads (Deoptimize) done
Event: 2.774 Executing non-safepoint VM operation: HandshakeAllThreads (Deoptimize)
Event: 2.775 Executing non-safepoint VM operation: HandshakeAllThreads (Deoptimize) done
Event: 3.447 Executing non-safepoint VM operation: HandshakeAllThreads (Deoptimize)
Event: 3.447 Executing non-safepoint VM operation: HandshakeAllThreads (Deoptimize) done
Event: 3.448 Executing non-safepoint VM operation: HandshakeAllThreads (Deoptimize)
Event: 3.448 Executing non-safepoint VM operation: HandshakeAllThreads (Deoptimize) done
Event: 3.776 Executing non-safepoint VM operation: HandshakeAllThreads (Deoptimize)
Event: 3.776 Executing non-safepoint VM operation: HandshakeAllThreads (Deoptimize) done

Memory protections (17 events):
Event: 0.003 Protecting memory [0x00007f89b2900000,0x00007f89b2904000] with protection modes 0
Event: 0.012 Protecting memory [0x000000005f000000,0x000000005f001000] with protection modes 0
Event: 0.026 Protecting memory [0x00007f898dafe000,0x00007f898db02000] with protection modes 0
Event: 0.027 Protecting memory [0x00007f898d8fc000,0x00007f898d900000] with protection modes 0
Event: 0.027 Protecting memory [0x00007f898d7fc000,0x00007f898d800000] with protection modes 0
Event: 0.028 Protecting memory [0x00007f898d6fc000,0x00007f898d700000] with protection modes 0
Event: 0.028 Protecting memory [0x00007f898d5fc000,0x00007f898d600000] with protection modes 0
Event: 0.028 Protecting memory [0x00007f898d4fc000,0x00007f898d500000] with protection modes 0
Event: 0.028 Protecting memory [0x00007f898d3fc000,0x00007f898d400000] with protection modes 0
Event: 0.051 Protecting memory [0x00007f898d2fc000,0x00007f898d300000] with protection modes 0
Event: 0.055 Protecting memory [0x00007f898d1fc000,0x00007f898d200000] with protection modes 0
Event: 0.148 Protecting memory [0x00007f898d0fc000,0x00007f898d100000] with protection modes 0
Event: 0.232 Protecting memory [0x00007f898cffc000,0x00007f898d000000] with protection modes 0
Event: 0.541 Protecting memory [0x00007f898d0fc000,0x00007f898d100000] with protection modes 0
Event: 0.909 Protecting memory [0x00007f898cffc000,0x00007f898d000000] with protection modes 0
Event: 2.834 Protecting memory [0x00007f898d0fc000,0x00007f898d100000] with protection modes 0
Event: 3.096 Protecting memory [0x00007f898cffc000,0x00007f898d000000] with protection modes 0

Nmethod flushes (0 events):
No events

Events (20 events):
Event: 0.015 Thread 0x00007f89ac02b6b0 Thread added: 0x00007f89ac02b6b0
Event: 0.026 Thread 0x00007f89ac02b6b0 Thread added: 0x00007f89ac0c8cd0
Event: 0.026 Thread 0x00007f89ac02b6b0 Thread added: 0x00007f89ac0c9ec0
Event: 0.027 Thread 0x00007f89ac02b6b0 Thread added: 0x00007f89ac0cba30
Event: 0.028 Thread 0x00007f89ac02b6b0 Thread added: 0x00007f89ac0cd350
Event: 0.028 Thread 0x00007f89ac02b6b0 Thread added: 0x00007f89ac0cebd0
Event: 0.028 Thread 0x00007f89ac02b6b0 Thread added: 0x00007f89ac0d09d0
Event: 0.028 Thread 0x00007f89ac02b6b0 Thread added: 0x00007f89ac0d23c0
Event: 0.051 Thread 0x00007f89ac02b6b0 Thread added: 0x00007f89ac10ba90
Event: 0.055 Thread 0x00007f89ac02b6b0 Thread added: 0x00007f89ac10e3e0
Event: 0.148 Thread 0x00007f89ac0d09d0 Thread added: 0x00007f89400c0cb0
Event: 0.232 Thread 0x00007f89ac02b6b0 Thread added: 0x00007f89ac322540
Event: 0.246 Thread 0x00007f89ac322540 Thread exited: 0x00007f89ac322540
Event: 0.391 Thread 0x00007f89400c0cb0 Thread exited: 0x00007f89400c0cb0
Event: 0.541 Thread 0x00007f89ac0d23c0 Thread added: 0x00007f8944477de0
Event: 0.909 Thread 0x00007f89ac0d09d0 Thread added: 0x00007f89401dfd30
Event: 1.731 Thread 0x00007f89401dfd30 Thread exited: 0x00007f89401dfd30
Event: 2.005 Thread 0x00007f8944477de0 Thread exited: 0x00007f8944477de0
Event: 2.834 Thread 0x00007f89ac0d23c0 Thread added: 0x00007f89446ecb60
Event: 3.096 Thread 0x00007f89ac0d23c0 Thread added: 0x00007f8944725e60


Dynamic libraries:
5f000000-5f001000 ---p 00000000 00:00 0 
5f001000-5fd8c000 rw-p 00001000 00:22 383280                             /usr/lib/apache-netbeans/jdk/lib/server/classes.jsa
5fd8c000-60000000 ---p 00000000 00:00 0 
60000000-60040000 rw-p 00000000 00:00 0 
60040000-601b0000 rw-p 00000000 00:00 0 
601b0000-a0000000 ---p 00000000 00:00 0 
6e8000000-6f9800000 rw-p 00000000 00:00 0 
6f9800000-7ffc00000 ---p 00000000 00:00 0 
7ffc00000-7ffd21000 rw-p 00dbf000 00:22 383280                           /usr/lib/apache-netbeans/jdk/lib/server/classes.jsa
7ffd21000-800000000 rw-p 00000000 00:00 0 
55f377016000-55f377017000 r--p 00000000 00:22 382840                     /usr/lib/apache-netbeans/jdk/bin/java
55f377017000-55f377018000 r-xp 00001000 00:22 382840                     /usr/lib/apache-netbeans/jdk/bin/java
55f377018000-55f377019000 r--p 00002000 00:22 382840                     /usr/lib/apache-netbeans/jdk/bin/java
55f377019000-55f37701a000 r--p 00002000 00:22 382840                     /usr/lib/apache-netbeans/jdk/bin/java
55f37701a000-55f37701b000 rw-p 00003000 00:22 382840                     /usr/lib/apache-netbeans/jdk/bin/java
55f37cd43000-55f37cd8c000 rw-p 00000000 00:00 0                          [heap]
7f8918000000-7f89184ec000 rw-p 00000000 00:00 0 
7f89184ec000-7f891c000000 ---p 00000000 00:00 0 
7f8920000000-7f8920021000 rw-p 00000000 00:00 0 
7f8920021000-7f8924000000 ---p 00000000 00:00 0 
7f8924000000-7f8924021000 rw-p 00000000 00:00 0 
7f8924021000-7f8928000000 ---p 00000000 00:00 0 
7f8928000000-7f8928021000 rw-p 00000000 00:00 0 
7f8928021000-7f892c000000 ---p 00000000 00:00 0 
7f892c000000-7f892c021000 rw-p 00000000 00:00 0 
7f892c021000-7f8930000000 ---p 00000000 00:00 0 
7f8930000000-7f8930961000 rw-p 00000000 00:00 0 
7f8930961000-7f8934000000 ---p 00000000 00:00 0 
7f8934000000-7f893450d000 rw-p 00000000 00:00 0 
7f893450d000-7f8938000000 ---p 00000000 00:00 0 
7f8938000000-7f8938021000 rw-p 00000000 00:00 0 
7f8938021000-7f893c000000 ---p 00000000 00:00 0 
7f893c000000-7f893c021000 rw-p 00000000 00:00 0 
7f893c021000-7f8940000000 ---p 00000000 00:00 0 
7f8940000000-7f894082c000 rw-p 00000000 00:00 0 
7f894082c000-7f8944000000 ---p 00000000 00:00 0 
7f8944000000-7f8944dae000 rw-p 00000000 00:00 0 
7f8944dae000-7f8948000000 ---p 00000000 00:00 0 
7f8948000000-7f8948021000 rw-p 00000000 00:00 0 
7f8948021000-7f894c000000 ---p 00000000 00:00 0 
7f894c000000-7f894c021000 rw-p 00000000 00:00 0 
7f894c021000-7f8950000000 ---p 00000000 00:00 0 
7f8950000000-7f8950021000 rw-p 00000000 00:00 0 
7f8950021000-7f8954000000 ---p 00000000 00:00 0 
7f8956000000-7f8963e70000 r--p 00000000 00:22 21991                      /usr/lib/locale/locale-archive
7f8964000000-7f89643f0000 rw-p 00000000 00:00 0 
7f89643f0000-7f8964400000 ---p 00000000 00:00 0 
7f8964400000-7f8964f10000 rw-p 00000000 00:00 0 
7f8964f10000-7f8968000000 ---p 00000000 00:00 0 
7f8968000000-7f8968021000 rw-p 00000000 00:00 0 
7f8968021000-7f896c000000 ---p 00000000 00:00 0 
7f896c000000-7f896c021000 rw-p 00000000 00:00 0 
7f896c021000-7f8970000000 ---p 00000000 00:00 0 
7f8970000000-7f8970021000 rw-p 00000000 00:00 0 
7f8970021000-7f8974000000 ---p 00000000 00:00 0 
7f8974000000-7f8974021000 rw-p 00000000 00:00 0 
7f8974021000-7f8978000000 ---p 00000000 00:00 0 
7f8978000000-7f8978021000 rw-p 00000000 00:00 0 
7f8978021000-7f897c000000 ---p 00000000 00:00 0 
7f897c000000-7f897c021000 rw-p 00000000 00:00 0 
7f897c021000-7f8980000000 ---p 00000000 00:00 0 
7f8980000000-7f8980021000 rw-p 00000000 00:00 0 
7f8980021000-7f8984000000 ---p 00000000 00:00 0 
7f8984000000-7f8984021000 rw-p 00000000 00:00 0 
7f8984021000-7f8988000000 ---p 00000000 00:00 0 
7f8988000000-7f8988021000 rw-p 00000000 00:00 0 
7f8988021000-7f898c000000 ---p 00000000 00:00 0 
7f898c7fc000-7f898c7fd000 ---p 00000000 00:00 0 
7f898c7fd000-7f898c8fd000 rw-p 00000000 00:00 0 
7f898c8fd000-7f898c8fe000 ---p 00000000 00:00 0 
7f898c8fe000-7f898c9fe000 rw-p 00000000 00:00 0 
7f898c9fe000-7f898c9ff000 ---p 00000000 00:00 0 
7f898c9ff000-7f898caff000 rw-p 00000000 00:00 0 
7f898caff000-7f898cb00000 ---p 00000000 00:00 0 
7f898cb00000-7f898cc00000 rw-p 00000000 00:00 0 
7f898cc00000-7f898cc03000 r-xp 00000000 00:2a 376                        /tmp/jansi-2.4.2-7c5c95c23719f0c1-libjansi.so
7f898cc03000-7f898ce02000 ---p 00003000 00:2a 376                        /tmp/jansi-2.4.2-7c5c95c23719f0c1-libjansi.so
7f898ce02000-7f898ce03000 r--p 00002000 00:2a 376                        /tmp/jansi-2.4.2-7c5c95c23719f0c1-libjansi.so
7f898ce03000-7f898ce04000 rw-p 00003000 00:2a 376                        /tmp/jansi-2.4.2-7c5c95c23719f0c1-libjansi.so
7f898cee9000-7f898ceea000 ---p 00000000 00:00 0 
7f898ceea000-7f898cfea000 rw-p 00000000 00:00 0 
7f898cfea000-7f898cfee000 r--p 00000000 00:22 383270                     /usr/lib/apache-netbeans/jdk/lib/libverify.so
7f898cfee000-7f898cff7000 r-xp 00004000 00:22 383270                     /usr/lib/apache-netbeans/jdk/lib/libverify.so
7f898cff7000-7f898cff9000 r--p 0000d000 00:22 383270                     /usr/lib/apache-netbeans/jdk/lib/libverify.so
7f898cff9000-7f898cffb000 r--p 0000e000 00:22 383270                     /usr/lib/apache-netbeans/jdk/lib/libverify.so
7f898cffb000-7f898cffc000 rw-p 00010000 00:22 383270                     /usr/lib/apache-netbeans/jdk/lib/libverify.so
7f898cffc000-7f898d000000 ---p 00000000 00:00 0 
7f898d000000-7f898d0fc000 rw-p 00000000 00:00 0 
7f898d0fc000-7f898d100000 ---p 00000000 00:00 0 
7f898d100000-7f898d1fc000 rw-p 00000000 00:00 0 
7f898d1fc000-7f898d200000 ---p 00000000 00:00 0 
7f898d200000-7f898d2fc000 rw-p 00000000 00:00 0 
7f898d2fc000-7f898d300000 ---p 00000000 00:00 0 
7f898d300000-7f898d3fc000 rw-p 00000000 00:00 0 
7f898d3fc000-7f898d400000 ---p 00000000 00:00 0 
7f898d400000-7f898d4fc000 rw-p 00000000 00:00 0 
7f898d4fc000-7f898d500000 ---p 00000000 00:00 0 
7f898d500000-7f898d5fc000 rw-p 00000000 00:00 0 
7f898d5fc000-7f898d600000 ---p 00000000 00:00 0 
7f898d600000-7f898d6fc000 rw-p 00000000 00:00 0 
7f898d6fc000-7f898d700000 ---p 00000000 00:00 0 
7f898d700000-7f898d7fc000 rw-p 00000000 00:00 0 
7f898d7fc000-7f898d800000 ---p 00000000 00:00 0 
7f898d800000-7f898d8fc000 rw-p 00000000 00:00 0 
7f898d8fc000-7f898d900000 ---p 00000000 00:00 0 
7f898d900000-7f898d9fc000 rw-p 00000000 00:00 0 
7f898d9fc000-7f898d9fd000 ---p 00000000 00:00 0 
7f898d9fd000-7f898dafd000 rw-p 00000000 00:00 0 
7f898dafd000-7f898dafe000 ---p 00000000 00:00 0 
7f898dafe000-7f898db02000 ---p 00000000 00:00 0 
7f898db02000-7f898dbfe000 rw-p 00000000 00:00 0 
7f898dbfe000-7f898dbff000 ---p 00000000 00:00 0 
7f898dbff000-7f898dcff000 rw-p 00000000 00:00 0 
7f898dcff000-7f898dd00000 ---p 00000000 00:00 0 
7f898dd00000-7f898de00000 rw-p 00000000 00:00 0 
7f898de00000-7f8990260000 rw-p 00000000 00:00 0 
7f8990260000-7f89943f0000 ---p 00000000 00:00 0 
7f89943f0000-7f8994400000 rw-p 00000000 00:00 0 
7f8994400000-7f8994b20000 rwxp 00000000 00:00 0 
7f8994b20000-7f899b937000 ---p 00000000 00:00 0 
7f899b937000-7f899bba7000 rwxp 00000000 00:00 0 
7f899bba7000-7f899bec8000 ---p 00000000 00:00 0 
7f899bec8000-7f899c138000 rwxp 00000000 00:00 0 
7f899c138000-7f89a3400000 ---p 00000000 00:00 0 
7f89a3400000-7f89abf19000 r--s 00000000 00:22 383272                     /usr/lib/apache-netbeans/jdk/lib/modules
7f89abf1f000-7f89abf21000 r--p 00000000 00:22 383271                     /usr/lib/apache-netbeans/jdk/lib/libzip.so
7f89abf21000-7f89abf33000 r-xp 00002000 00:22 383271                     /usr/lib/apache-netbeans/jdk/lib/libzip.so
7f89abf33000-7f89abf3b000 r--p 00014000 00:22 383271                     /usr/lib/apache-netbeans/jdk/lib/libzip.so
7f89abf3b000-7f89abf3c000 r--p 0001b000 00:22 383271                     /usr/lib/apache-netbeans/jdk/lib/libzip.so
7f89abf3c000-7f89abf3d000 rw-p 0001c000 00:22 383271                     /usr/lib/apache-netbeans/jdk/lib/libzip.so
7f89abf3d000-7f89abf3e000 r--p 00000000 00:22 383267                     /usr/lib/apache-netbeans/jdk/lib/libsimdsort.so
7f89abf3e000-7f89abf77000 r-xp 00001000 00:22 383267                     /usr/lib/apache-netbeans/jdk/lib/libsimdsort.so
7f89abf77000-7f89abf7d000 r--p 0003a000 00:22 383267                     /usr/lib/apache-netbeans/jdk/lib/libsimdsort.so
7f89abf7d000-7f89abf7e000 r--p 0003f000 00:22 383267                     /usr/lib/apache-netbeans/jdk/lib/libsimdsort.so
7f89abf7e000-7f89abf7f000 rw-p 00040000 00:22 383267                     /usr/lib/apache-netbeans/jdk/lib/libsimdsort.so
7f89abf7f000-7f89ac880000 rw-p 00000000 00:00 0 
7f89ac880000-7f89b0000000 ---p 00000000 00:00 0 
7f89b0009000-7f89b0011000 r--p 00000000 00:22 383262                     /usr/lib/apache-netbeans/jdk/lib/libnio.so
7f89b0011000-7f89b001a000 r-xp 00008000 00:22 383262                     /usr/lib/apache-netbeans/jdk/lib/libnio.so
7f89b001a000-7f89b001e000 r--p 00011000 00:22 383262                     /usr/lib/apache-netbeans/jdk/lib/libnio.so
7f89b001e000-7f89b001f000 r--p 00015000 00:22 383262                     /usr/lib/apache-netbeans/jdk/lib/libnio.so
7f89b001f000-7f89b0020000 rw-p 00016000 00:22 383262                     /usr/lib/apache-netbeans/jdk/lib/libnio.so
7f89b0020000-7f89b00bc000 rw-p 00000000 00:00 0 
7f89b00bc000-7f89b00bd000 ---p 00000000 00:00 0 
7f89b00bd000-7f89b01bd000 rw-p 00000000 00:00 0 
7f89b01bd000-7f89b09c5000 rw-p 00000000 00:00 0 
7f89b09c5000-7f89b09c6000 ---p 00000000 00:00 0 
7f89b09c6000-7f89b0ac6000 rw-p 00000000 00:00 0 
7f89b0ac6000-7f89b0ac7000 ---p 00000000 00:00 0 
7f89b0ac7000-7f89b0bc7000 rw-p 00000000 00:00 0 
7f89b0bc7000-7f89b0bc8000 ---p 00000000 00:00 0 
7f89b0bc8000-7f89b0cc8000 rw-p 00000000 00:00 0 
7f89b0cc8000-7f89b0dc1000 rw-p 00000000 00:00 0 
7f89b0dc1000-7f89b15f3000 ---p 00000000 00:00 0 
7f89b15f3000-7f89b1681000 rw-p 00000000 00:00 0 
7f89b1681000-7f89b1eb3000 ---p 00000000 00:00 0 
7f89b1eb3000-7f89b26e6000 rw-p 00000000 00:00 0 
7f89b26e6000-7f89b27cc000 ---p 00000000 00:00 0 
7f89b27cc000-7f89b27db000 rw-p 00000000 00:00 0 
7f89b27db000-7f89b28b7000 ---p 00000000 00:00 0 
7f89b28b7000-7f89b28c5000 r--p 00000000 00:22 383247                     /usr/lib/apache-netbeans/jdk/lib/libjava.so
7f89b28c5000-7f89b28d3000 r-xp 0000e000 00:22 383247                     /usr/lib/apache-netbeans/jdk/lib/libjava.so
7f89b28d3000-7f89b28d8000 r--p 0001c000 00:22 383247                     /usr/lib/apache-netbeans/jdk/lib/libjava.so
7f89b28d8000-7f89b28d9000 r--p 00021000 00:22 383247                     /usr/lib/apache-netbeans/jdk/lib/libjava.so
7f89b28d9000-7f89b28da000 rw-p 00022000 00:22 383247                     /usr/lib/apache-netbeans/jdk/lib/libjava.so
7f89b28da000-7f89b28db000 rw-p 00000000 00:00 0 
7f89b28db000-7f89b28df000 r--p 00000000 00:22 383251                     /usr/lib/apache-netbeans/jdk/lib/libjimage.so
7f89b28df000-7f89b28f7000 r-xp 00004000 00:22 383251                     /usr/lib/apache-netbeans/jdk/lib/libjimage.so
7f89b28f7000-7f89b28fd000 r--p 0001c000 00:22 383251                     /usr/lib/apache-netbeans/jdk/lib/libjimage.so
7f89b28fd000-7f89b28ff000 r--p 00021000 00:22 383251                     /usr/lib/apache-netbeans/jdk/lib/libjimage.so
7f89b28ff000-7f89b2900000 rw-p 00023000 00:22 383251                     /usr/lib/apache-netbeans/jdk/lib/libjimage.so
7f89b2900000-7f89b2904000 ---p 00000000 00:00 0 
7f89b2904000-7f89b2a00000 rw-p 00000000 00:00 0 
7f89b2a00000-7f89b2ce2000 r--p 00000000 00:22 383285                     /usr/lib/apache-netbeans/jdk/lib/server/libjvm.so
7f89b2ce2000-7f89b3ce2000 r-xp 002e2000 00:22 383285                     /usr/lib/apache-netbeans/jdk/lib/server/libjvm.so
7f89b3ce2000-7f89b3ff2000 r--p 012e2000 00:22 383285                     /usr/lib/apache-netbeans/jdk/lib/server/libjvm.so
7f89b3ff2000-7f89b40dd000 r--p 015f2000 00:22 383285                     /usr/lib/apache-netbeans/jdk/lib/server/libjvm.so
7f89b40dd000-7f89b4108000 rw-p 016dd000 00:22 383285                     /usr/lib/apache-netbeans/jdk/lib/server/libjvm.so
7f89b4108000-7f89b4184000 rw-p 00000000 00:00 0 
7f89b4184000-7f89b418b000 r--s 00000000 00:22 42117                      /usr/lib64/gconv/gconv-modules.cache
7f89b418b000-7f89b418e000 r--p 00000000 00:22 383261                     /usr/lib/apache-netbeans/jdk/lib/libnet.so
7f89b418e000-7f89b4196000 r-xp 00003000 00:22 383261                     /usr/lib/apache-netbeans/jdk/lib/libnet.so
7f89b4196000-7f89b4198000 r--p 0000b000 00:22 383261                     /usr/lib/apache-netbeans/jdk/lib/libnet.so
7f89b4198000-7f89b4199000 r--p 0000c000 00:22 383261                     /usr/lib/apache-netbeans/jdk/lib/libnet.so
7f89b4199000-7f89b419a000 rw-p 0000d000 00:22 383261                     /usr/lib/apache-netbeans/jdk/lib/libnet.so
7f89b419a000-7f89b419f000 rw-p 00000000 00:00 0 
7f89b419f000-7f89b41a6000 ---p 00000000 00:00 0 
7f89b41a6000-7f89b4222000 r-xp 00000000 00:22 40448                      /usr/lib64/libm.so.6
7f89b4222000-7f89b4292000 r--p 0007c000 00:22 40448                      /usr/lib64/libm.so.6
7f89b4292000-7f89b4293000 r--p 000eb000 00:22 40448                      /usr/lib64/libm.so.6
7f89b4293000-7f89b4294000 rw-p 000ec000 00:22 40448                      /usr/lib64/libm.so.6
7f89b4294000-7f89b4295000 r-xp 00000000 00:22 40721                      /usr/lib64/librt.so.1
7f89b4295000-7f89b4296000 r--p 00001000 00:22 40721                      /usr/lib64/librt.so.1
7f89b4296000-7f89b4297000 r--p 00001000 00:22 40721                      /usr/lib64/librt.so.1
7f89b4297000-7f89b429a000 rw-p 00000000 00:00 0 
7f89b429a000-7f89b429b000 r-xp 00000000 00:22 40670                      /usr/lib64/libpthread.so.0
7f89b429b000-7f89b429c000 r--p 00001000 00:22 40670                      /usr/lib64/libpthread.so.0
7f89b429c000-7f89b429d000 r--p 00001000 00:22 40670                      /usr/lib64/libpthread.so.0
7f89b429d000-7f89b429e000 rw-p 00000000 00:00 0 
7f89b429e000-7f89b429f000 r-xp 00000000 00:22 39851                      /usr/lib64/libdl.so.2
7f89b429f000-7f89b42a0000 r--p 00001000 00:22 39851                      /usr/lib64/libdl.so.2
7f89b42a0000-7f89b42a1000 r--p 00001000 00:22 39851                      /usr/lib64/libdl.so.2
7f89b42a1000-7f89b42a2000 rw-p 00000000 00:00 0 
7f89b42a2000-7f89b4412000 r-xp 00000000 00:22 39580                      /usr/lib64/libc.so.6
7f89b4412000-7f89b4487000 r--p 00170000 00:22 39580                      /usr/lib64/libc.so.6
7f89b4487000-7f89b448b000 r--p 001e4000 00:22 39580                      /usr/lib64/libc.so.6
7f89b448b000-7f89b448d000 rw-p 001e8000 00:22 39580                      /usr/lib64/libc.so.6
7f89b448d000-7f89b4495000 rw-p 00000000 00:00 0 
7f89b4499000-7f89b449a000 r-xp 00000000 00:22 40919                      /usr/lib64/libutil.so.1
7f89b449a000-7f89b449b000 r--p 00001000 00:22 40919                      /usr/lib64/libutil.so.1
7f89b449b000-7f89b449c000 r--p 00001000 00:22 40919                      /usr/lib64/libutil.so.1
7f89b449c000-7f89b449d000 rw-p 00000000 00:00 0 
7f89b449d000-7f89b44a5000 rw-s 00000000 00:2a 374                        /tmp/hsperfdata_bilal/10818
7f89b44a5000-7f89b44a6000 ---p 00000000 00:00 0 
7f89b44a6000-7f89b44a7000 r--p 00000000 00:00 0 
7f89b44a7000-7f89b44a8000 ---p 00000000 00:00 0 
7f89b44a8000-7f89b44ab000 r--p 00000000 00:22 383252                     /usr/lib/apache-netbeans/jdk/lib/libjli.so
7f89b44ab000-7f89b44bc000 r-xp 00003000 00:22 383252                     /usr/lib/apache-netbeans/jdk/lib/libjli.so
7f89b44bc000-7f89b44c3000 r--p 00014000 00:22 383252                     /usr/lib/apache-netbeans/jdk/lib/libjli.so
7f89b44c3000-7f89b44c4000 r--p 0001a000 00:22 383252                     /usr/lib/apache-netbeans/jdk/lib/libjli.so
7f89b44c4000-7f89b44c5000 rw-p 0001b000 00:22 383252                     /usr/lib/apache-netbeans/jdk/lib/libjli.so
7f89b44c5000-7f89b44c7000 rw-p 00000000 00:00 0 
7f89b44c7000-7f89b44c9000 r--p 00000000 00:00 0                          [vvar]
7f89b44c9000-7f89b44cb000 r--p 00000000 00:00 0                          [vvar_vclock]
7f89b44cb000-7f89b44cd000 r-xp 00000000 00:00 0                          [vdso]
7f89b44cd000-7f89b44f6000 r-xp 00000000 00:22 38973                      /usr/lib64/ld-linux-x86-64.so.2
7f89b44f6000-7f89b4501000 r--p 00029000 00:22 38973                      /usr/lib64/ld-linux-x86-64.so.2
7f89b4501000-7f89b4503000 r--p 00034000 00:22 38973                      /usr/lib64/ld-linux-x86-64.so.2
7f89b4503000-7f89b4504000 rw-p 00036000 00:22 38973                      /usr/lib64/ld-linux-x86-64.so.2
7f89b4504000-7f89b4505000 rw-p 00000000 00:00 0 
7ffc673fc000-7ffc6741d000 rw-p 00000000 00:00 0                          [stack]
ffffffffff600000-ffffffffff601000 --xp 00000000 00:00 0                  [vsyscall]
Total number of mappings: 232

JVMTI agents: none


VM Arguments:
jvm_args: --enable-native-access=ALL-UNNAMED -Dclassworlds.conf=/usr/lib/apache-netbeans/java/maven/bin/m2.conf -Dmaven.home=/usr/lib/apache-netbeans/java/maven -Dlibrary.jansi.path=/usr/lib/apache-netbeans/java/maven/lib/jansi-native -Dmaven.multiModuleProjectDirectory=/home/bilal/NetBeansProjects/Project-UAS-PBO-Restaurant 
java_command: org.codehaus.plexus.classworlds.launcher.Launcher -Dnetbeans.deploy=true -Dexec.vmArgs= -Dexec.appArgs= -Dmaven.ext.class.path=/usr/lib/apache-netbeans/java/maven-nblib/netbeans-eventspy.jar --no-transfer-progress package
java_class_path (initial): /usr/lib/apache-netbeans/java/maven/boot/plexus-classworlds-2.9.0.jar
Launcher Type: SUN_STANDARD

[Global flags]
     intx CICompilerCount                          = 4                                         {product} {ergonomic}
     uint ConcGCThreads                            = 2                                         {product} {ergonomic}
     uint G1ConcRefinementThreads                  = 8                                         {product} {ergonomic}
   size_t G1HeapRegionSize                         = 4194304                                   {product} {ergonomic}
   size_t InitialHeapSize                          = 293601280                                 {product} {ergonomic}
   size_t MarkStackSize                            = 4194304                                   {product} {ergonomic}
   size_t MarkStackSizeMax                         = 536870912                                 {product} {ergonomic}
   size_t MaxHeapSize                              = 4697620480                                {product} {ergonomic}
   size_t MaxNewSize                               = 2818572288                                {product} {ergonomic}
   size_t MinHeapDeltaBytes                        = 4194304                                   {product} {ergonomic}
   size_t MinHeapSize                              = 8388608                                   {product} {ergonomic}
    uintx NonNMethodCodeHeapSize                   = 5836800                                {pd product} {ergonomic}
    uintx NonProfiledCodeHeapSize                  = 122912768                              {pd product} {ergonomic}
    uintx ProfiledCodeHeapSize                     = 122908672                              {pd product} {ergonomic}
    uintx ReservedCodeCacheSize                    = 251658240                              {pd product} {ergonomic}
     bool SegmentedCodeCache                       = true                                      {product} {ergonomic}
   size_t SoftMaxHeapSize                          = 4697620480                             {manageable} {ergonomic}
     bool UseCompressedOops                        = true                           {product lp64_product} {ergonomic}
     bool UseG1GC                                  = true                                      {product} {ergonomic}

Logging:
Log output configuration:
 #0: stdout all=warning uptime,level,tags foldmultilines=false
 #1: stderr all=off uptime,level,tags foldmultilines=false

Release file:
IMPLEMENTOR="Eclipse Adoptium"
IMPLEMENTOR_VERSION="Temurin-25.0.1+8"
JAVA_RUNTIME_VERSION="25.0.1+8-LTS"
JAVA_VERSION="25.0.1"
JAVA_VERSION_DATE="2025-10-21"
LIBC="gnu"
MODULES="java.base java.compiler java.datatransfer java.xml java.prefs java.desktop java.instrument java.logging java.management java.security.sasl java.naming java.rmi java.management.rmi java.net.http java.scripting java.security.jgss java.transaction.xa java.sql java.sql.rowset java.xml.crypto java.se java.smartcardio jdk.accessibility jdk.internal.jvmstat jdk.attach jdk.charsets jdk.internal.opt jdk.zipfs jdk.compiler jdk.crypto.cryptoki jdk.crypto.ec jdk.dynalink jdk.internal.ed jdk.editpad jdk.internal.vm.ci jdk.graal.compiler jdk.graal.compiler.management jdk.hotspot.agent jdk.httpserver jdk.incubator.vector jdk.internal.le jdk.internal.md jdk.jartool jdk.javadoc jdk.jcmd jdk.management jdk.management.agent jdk.jconsole jdk.jdeps jdk.jdwp.agent jdk.jdi jdk.jfr jdk.jlink jdk.jpackage jdk.jshell jdk.jsobject jdk.jstatd jdk.localedata jdk.management.jfr jdk.naming.dns jdk.naming.rmi jdk.net jdk.nio.mapmode jdk.sctp jdk.security.auth jdk.security.jgss jdk.unsupported jdk.unsupported.desktop jdk.xml.dom"
OS_ARCH="x86_64"
OS_NAME="Linux"
SOURCE=".:git:61d6a2c1b35e"
BUILD_SOURCE="git:839fa0b45d809157cffd3dc8515aad262a4a1776"
BUILD_SOURCE_REPO="https://github.com/adoptium/temurin-build.git"
SOURCE_REPO="https://github.com/adoptium/jdk25u.git"
FULL_VERSION="25.0.1+8-LTS"
SEMANTIC_VERSION="25.0.1+8"
BUILD_INFO="OS: Linux Version: 6.8.0-1036-azure"
JVM_VARIANT="Hotspot"
JVM_VERSION="25.0.1+8-LTS"
IMAGE_TYPE="JDK"

Environment Variables:
JAVA_HOME=/usr/lib/apache-netbeans/jdk
PATH=/home/bilal/.local/bin:/home/bilal/bin:/usr/local/bin:/usr/bin:/var/lib/snapd/snap/bin:/usr/local/sbin
USERNAME=bilal
SHELL=/bin/bash
DISPLAY=:0
LANG=en_US.UTF-8

Active Locale:
LC_ALL=en_US.UTF-8
LC_COLLATE=en_US.UTF-8
LC_CTYPE=en_US.UTF-8
LC_MESSAGES=en_US.UTF-8
LC_MONETARY=en_US.UTF-8
LC_NUMERIC=en_US.UTF-8
LC_TIME=en_US.UTF-8

Signal Handlers:
   SIGSEGV: crash_handler in libjvm.so, mask=11100100010111111101111111111110, flags=SA_RESTART|SA_SIGINFO, unblocked
    SIGBUS: crash_handler in libjvm.so, mask=11100100010111111101111111111110, flags=SA_RESTART|SA_SIGINFO, unblocked
    SIGFPE: crash_handler in libjvm.so, mask=11100100010111111101111111111110, flags=SA_RESTART|SA_SIGINFO, unblocked
   SIGPIPE: javaSignalHandler in libjvm.so, mask=11100100010111111101111111111110, flags=SA_RESTART|SA_SIGINFO, blocked
   SIGXFSZ: javaSignalHandler in libjvm.so, mask=11100100010111111101111111111110, flags=SA_RESTART|SA_SIGINFO, blocked
    SIGILL: crash_handler in libjvm.so, mask=11100100010111111101111111111110, flags=SA_RESTART|SA_SIGINFO, unblocked
   SIGUSR2: SR_handler in libjvm.so, mask=00000000000000000000000000000000, flags=SA_RESTART|SA_SIGINFO, blocked
    SIGHUP: UserHandler in libjvm.so, mask=11100100010111111101111111111110, flags=SA_RESTART|SA_SIGINFO, blocked
    SIGINT: SIG_IGN, mask=00000000000000000000000000000000, flags=none, blocked
   SIGTERM: UserHandler in libjvm.so, mask=11100100010111111101111111111110, flags=SA_RESTART|SA_SIGINFO, blocked
   SIGQUIT: UserHandler in libjvm.so, mask=11100100010111111101111111111110, flags=SA_RESTART|SA_SIGINFO, blocked
   SIGTRAP: crash_handler in libjvm.so, mask=11100100010111111101111111111110, flags=SA_RESTART|SA_SIGINFO, unblocked


Compilation memory statistics disabled.

Periodic native trim disabled

---------------  S Y S T E M  ---------------

OS:
Fedora release 42 (Adams)
uname: Linux 6.14.0-63.fc42.x86_64 #1 SMP PREEMPT_DYNAMIC Mon Mar 24 19:53:37 UTC 2025 x86_64
OS uptime: 0 days 1:16 hours
libc: glibc 2.41 NPTL 2.41 
rlimit (soft/hard): STACK 8192k/infinity , CORE infinity/infinity , NPROC 71241/71241 , NOFILE 524288/524288 , AS infinity/infinity , CPU infinity/infinity , DATA infinity/infinity , FSIZE infinity/infinity , MEMLOCK 8192k/8192k
load average: 1.58 1.55 1.85

/proc/meminfo:
MemTotal:       18336688 kB
MemFree:         3271124 kB
MemAvailable:   12785792 kB
Buffers:            6484 kB
Cached:          9831148 kB
SwapCached:            0 kB
Active:          7323848 kB
Inactive:        6883156 kB
Active(anon):    4341500 kB
Inactive(anon):   144664 kB
Active(file):    2982348 kB
Inactive(file):  6738492 kB
Unevictable:        6020 kB
Mlocked:            6020 kB
SwapTotal:       8388604 kB
SwapFree:        8388348 kB
Zswap:                 0 kB
Zswapped:              0 kB
Dirty:              1504 kB
Writeback:             0 kB
AnonPages:       4375920 kB
Mapped:          1353636 kB
Shmem:            111840 kB
KReclaimable:     120024 kB
Slab:             322408 kB
SReclaimable:     120024 kB
SUnreclaim:       202384 kB
KernelStack:       22736 kB
PageTables:        59836 kB
SecPageTables:      4256 kB
NFS_Unstable:          0 kB
Bounce:                0 kB
WritebackTmp:          0 kB
CommitLimit:    17556948 kB
Committed_AS:   18533836 kB
VmallocTotal:   34359738367 kB
VmallocUsed:      118488 kB
VmallocChunk:          0 kB
Percpu:             8640 kB
HardwareCorrupted:     0 kB
AnonHugePages:         0 kB
ShmemHugePages:        0 kB
ShmemPmdMapped:        0 kB
FileHugePages:         0 kB
FilePmdMapped:         0 kB
CmaTotal:              0 kB
CmaFree:               0 kB
Unaccepted:            0 kB
HugePages_Total:       0
HugePages_Free:        0
HugePages_Rsvd:        0
HugePages_Surp:        0
Hugepagesize:       2048 kB
Hugetlb:               0 kB
DirectMap4k:      601684 kB
DirectMap2M:    17158144 kB
DirectMap1G:     2097152 kB

/sys/kernel/mm/transparent_hugepage/enabled: always [madvise] never
/sys/kernel/mm/transparent_hugepage/hpage_pmd_size: 2097152
/sys/kernel/mm/transparent_hugepage/shmem_enabled: always within_size advise [never] deny force
/sys/kernel/mm/transparent_hugepage/defrag (defrag/compaction efforts parameter): always defer defer+madvise [madvise] never

Process Memory:
Virtual Size: 8104896K (peak: 8170404K)
Resident Set Size: 186940K (peak: 186940K) (anon: 160512K, file: 26428K, shmem: 0K)
Swapped out: 0K
C-Heap outstanding allocations: 48645K, retained: 22794K
glibc malloc tunables: (default)

/proc/sys/kernel/threads-max (system-wide limit on the number of threads): 142482
/proc/sys/vm/max_map_count (maximum number of memory map areas a process may have): 1048576
/proc/sys/vm/swappiness (control to define how aggressively the kernel swaps out anonymous memory): 60
/proc/sys/kernel/pid_max (system-wide limit on number of process identifiers): 4194304

container information not found.
Steal ticks since vm start: 0
Steal ticks percentage since vm start:  0.000

CPU: total 8 (initial active 8) (8 cores per cpu, 2 threads per core) family 23 model 24 stepping 1 microcode 0x8108109, cx8, cmov, fxsr, ht, mmx, 3dnowpref, sse, sse2, sse3, ssse3, sse4a, sse4.1, sse4.2, popcnt, lzcnt, tsc, tscinvbit, avx, avx2, aes, clmul, bmi1, bmi2, adx, sha, fma, vzeroupper, clflush, clflushopt, rdtscp, f16c
CPU Model and flags from /proc/cpuinfo:
model name	: AMD Ryzen 5 3500U with Radeon Vega Mobile Gfx
flags		: fpu vme de pse tsc msr pae mce cx8 apic sep mtrr pge mca cmov pat pse36 clflush mmx fxsr sse sse2 ht syscall nx mmxext fxsr_opt pdpe1gb rdtscp lm constant_tsc rep_good nopl nonstop_tsc cpuid extd_apicid aperfmperf rapl pni pclmulqdq monitor ssse3 fma cx16 sse4_1 sse4_2 movbe popcnt aes xsave avx f16c rdrand lahf_lm cmp_legacy svm extapic cr8_legacy abm sse4a misalignsse 3dnowprefetch osvw skinit wdt tce topoext perfctr_core perfctr_nb bpext perfctr_llc mwaitx cpb hw_pstate ssbd ibpb vmmcall fsgsbase bmi1 avx2 smep bmi2 rdseed adx smap clflushopt sha_ni xsaveopt xsavec xgetbv1 clzero irperf xsaveerptr arat npt lbrv svm_lock nrip_save tsc_scale vmcb_clean flushbyasid decodeassists pausefilter pfthreshold avic v_vmsave_vmload vgif overflow_recov succor smca sev sev_es

Online cpus: 0-7
Offline cpus: 
BIOS frequency limitation: 2100000
Frequency switch latency (ns): 0
Available cpu frequencies: 2100000 1700000 1400000 
Current governor: schedutil
Core performance/turbo boost: 1

Memory: 4k page, physical 18336688k(12785792k free), swap 8388604k(8388348k free)
Page Sizes: 4k

vm_info: OpenJDK 64-Bit Server VM (25.0.1+8-LTS) for linux-amd64 JRE (25.0.1+8-LTS), built on 2025-10-21T00:00:00Z with gcc 14.2.0

END.
