#
# A fatal error has been detected by the Java Runtime Environment:
#
#  SIGSEGV (0xb) at pc=0x00007efe4dc87658, pid=34627, tid=34679
#
# JRE version: OpenJDK Runtime Environment Temurin-25.0.1+8 (25.0.1+8) (build 25.0.1+8-LTS)
# Java VM: OpenJDK 64-Bit Server VM Temurin-25.0.1+8 (25.0.1+8-LTS, mixed mode, sharing, tiered, compressed oops, compressed class ptrs, g1 gc, linux-amd64)
# Problematic frame:
# V  [libjvm.so+0x687658]  PhaseChaitin::de_ssa()+0x88
#
# Core dump will be written. Default location: Core dumps may be processed with "/usr/lib/systemd/systemd-coredump %P %u %g %s %t %c %h" (or dumping to /home/bilal/NetBeansProjects/Project-UAS-PBO-Restaurant/core.34627)
#
# If you would like to submit a bug report, please visit:
#   https://github.com/adoptium/adoptium-support/issues
#

---------------  S U M M A R Y ------------

Command Line: --enable-native-access=ALL-UNNAMED -Dclassworlds.conf=/usr/lib/apache-netbeans/java/maven/bin/m2.conf -Dmaven.home=/usr/lib/apache-netbeans/java/maven -Dlibrary.jansi.path=/usr/lib/apache-netbeans/java/maven/lib/jansi-native -Dmaven.multiModuleProjectDirectory=/home/bilal/NetBeansProjects/Project-UAS-PBO-Restaurant org.codehaus.plexus.classworlds.launcher.Launcher -Dmaven.ext.class.path=/usr/lib/apache-netbeans/java/maven-nblib/netbeans-eventspy.jar --no-transfer-progress clean install

Host: AMD Ryzen 5 3500U with Radeon Vega Mobile Gfx, 8 cores, 17G, Fedora release 42 (Adams)
Time: Wed Jan 14 22:39:03 2026 WIB elapsed time: 2.619724 seconds (0d 0h 0m 2s)

---------------  T H R E A D  ---------------

Current thread (0x00007efe480d09b0):  JavaThread "C2 CompilerThread0" daemon [_thread_in_native, id=34679, stack(0x00007efdfff00000,0x00007efe00000000) (1024K)]


Current CompileTask:
C2:2619 3333       4       org.codehaus.plexus.util.xml.pull.MXParser::parseStartTag (1205 bytes)

Stack: [0x00007efdfff00000,0x00007efe00000000],  sp=0x00007efdffffc0e0,  free space=1008k
Native frames: (J=compiled Java code, j=interpreted, Vv=VM code, C=native code)
V  [libjvm.so+0x687658]  PhaseChaitin::de_ssa()+0x88
V  [libjvm.so+0x68798d]  PhaseChaitin::Register_Allocate()+0x11d
V  [libjvm.so+0x7378be]  Compile::Code_Gen()+0x5ae
V  [libjvm.so+0x73a502]  Compile::Compile(ciEnv*, ciMethod*, int, Options, DirectiveSet*)+0x15f2
V  [libjvm.so+0x651a91]  C2Compiler::compile_method(ciEnv*, ciMethod*, int, bool, DirectiveSet*)+0x1c1
V  [libjvm.so+0x742601]  CompileBroker::invoke_compiler_on_method(CompileTask*)+0xb01
V  [libjvm.so+0x7438e8]  CompileBroker::compiler_thread_loop()+0x518
V  [libjvm.so+0xa3bd1e]  JavaThread::thread_main_inner()+0x1de
V  [libjvm.so+0x116ab9f]  Thread::call_run()+0x9f
V  [libjvm.so+0xe71cc6]  thread_native_entry(Thread*)+0xd6
C  [libc.so.6+0x71f14]  start_thread+0x2e4

siginfo: si_signo: 11 (SIGSEGV), si_code: 128 (SI_KERNEL), si_addr: 0x0000000000000000

Registers:
RAX=0x0000fefe4ecc0fb8, RBX=0x00007efddc07e588, RCX=0x00007efdcc09c818, RDX=0x00000000000001bb
RSP=0x00007efdffffc0e0, RBP=0x00007efdffffc120, RSI=0x0000000000000174, RDI=0x00007efddc07e588
R8 =0x0000000000000000, R9 =0xffffffffffffffff, R10=0x00000000000000eb, R11=0x0101010101010101
R12=0x00007efdffffc510, R13=0x0000000000000000, R14=0x00007efddc07e5f8, R15=0x000000000000030d
RIP=0x00007efe4dc87658, EFLAGS=0x0000000000010293, CSGSFS=0x002b000000000033, ERR=0x0000000000000000
  TRAPNO=0x000000000000000d

XMM[0]=0xffffffffffffffff 0xffffffffffffffff
XMM[1]=0x0000000000000000 0xffffffffffffffff
XMM[2]=0xffffffffffffffff 0xffffffffffffffff
XMM[3]=0xffffffffffffffff 0xffffffffffffffff
XMM[4]=0xffffffffffffffff 0xffffffffffffffff
XMM[5]=0x0000000000007fff 0xffffffffffffffff
XMM[6]=0x00007efddc07def0 0x00007efdcc219048
XMM[7]=0x00007efddc3269b8 0x00007efdcc097c28
XMM[8]=0x00007efdcc098498 0x00007efddc321398
XMM[9]=0x00007efdcc487ec8 0x00007efdcc487f98
XMM[10]=0x00007efdcc487f30 0x00007efdcc488000
XMM[11]=0x00007efdcc487e60 0x00007efdcc487df8
XMM[12]=0xc19bf1749bdc06a7 0x80deb1fe72be5d74
XMM[13]=0x550c7dc3243185be 0x12835b01d807aa98
XMM[14]=0xab1c5ed5923f82a4 0x59f111f13956c25b
XMM[15]=0x0000000000000000 0x0000000000000000
  MXCSR=0x00001fa2


Register to memory mapping:

RAX=0x0000fefe4ecc0fb8 is an unknown value
RBX=0x00007efddc07e588 points into unknown readable memory: 0x0000fefe4ecc0fb8 | b8 0f cc 4e fe fe 00 00
RCX=0x00007efdcc09c818 points into unknown readable memory: 0x00007efddc32cbe8 | e8 cb 32 dc fd 7e 00 00
RDX=0x00000000000001bb is an unknown value
RSP=0x00007efdffffc0e0 is pointing into the stack for thread: 0x00007efe480d09b0
RBP=0x00007efdffffc120 is pointing into the stack for thread: 0x00007efe480d09b0
RSI=0x0000000000000174 is an unknown value
RDI=0x00007efddc07e588 points into unknown readable memory: 0x0000fefe4ecc0fb8 | b8 0f cc 4e fe fe 00 00
R8 =0x0 is null
R9 =0xffffffffffffffff is an unknown value
R10=0x00000000000000eb is an unknown value
R11=0x0101010101010101 is an unknown value
R12=0x00007efdffffc510 is pointing into the stack for thread: 0x00007efe480d09b0
R13=0x0 is null
R14=0x00007efddc07e5f8 points into unknown readable memory: 0x00007efe4ebf4e08 | 08 4e bf 4e fe 7e 00 00
R15=0x000000000000030d is an unknown value

Top of Stack: (sp=0x00007efdffffc0e0)
0x00007efdffffc0e0:   0000000000000174 0000000000000008   t...............
0x00007efdffffc0f0:   00007efdffffc120 00007efdffffc510    ....~.......~..
0x00007efdffffc100:   00007efdffffc1e0 00007efdffffc300   .....~.......~..
0x00007efdffffc110:   00007efdcc219030 00007efdffffc2a0   0.!..~.......~..
0x00007efdffffc120:   00007efdffffc400 00007efe4dc8798d   .....~...y.M.~..
0x00007efdffffc130:   0000000000000000 0000000000000000   ................
0x00007efdffffc140:   00007efdffffc1b0 00007efdffffc210   .....~.......~..
0x00007efdffffc150:   00007efdcc219030 00007efdcc219048   0.!..~..H.!..~..
0x00007efdffffc160:   00007efdcc219420 0000000000008000    .!..~..........
0x00007efdffffc170:   00000000000003d8 00007efdcc219048   ........H.!..~..
0x00007efdffffc180:   00007efdffffc1e0 00007efdcc219030   .....~..0.!..~..
0x00007efdffffc190:   00007efdcc219048 00007efdcc219420   H.!..~.. .!..~..
0x00007efdffffc1a0:   00000000000003d8 00007efe4ef19c00   ...........N.~..
0x00007efdffffc1b0:   0000000000000607 00000000000003d8   ................
0x00007efdffffc1c0:   00007efddc02b6c0 00007efddc02b6c0   .....~.......~..
0x00007efdffffc1d0:   00007efddc02b6d8 00007efddc02bab0   .....~.......~..
0x00007efdffffc1e0:   0000000000000507 00000000000003d8   ................
0x00007efdffffc1f0:   00007efdcc219030 00007efdcc219030   0.!..~..0.!..~..
0x00007efdffffc200:   00007efdcc219048 00007efdcc219420   H.!..~.. .!..~..
0x00007efdffffc210:   00007efd0000000c 00007efdffffda00   .....~.......~..
0x00007efdffffc220:   00007efdffffc340 00007efe00000d4d   @....~..M....~..
0x00007efdffffc230:   00007efdffffc120 00007efddc07e401    ....~.......~..
0x00007efdffffc240:   00007efdffffc1e0 00007efe00000009   .....~.......~..
0x00007efdffffc250:   00007efdffffda00 0000000000000000   .....~..........
0x00007efdffffc260:   00007efd00000000 0000000200000002   .....~..........
0x00007efdffffc270:   00007efdffffc2e0 00007efe4dac4e77   .....~..wN.M.~..
0x00007efdffffc280:   00007efddc07aaa0 00007efdffffc460   .....~..`....~..
0x00007efdffffc290:   00007efddeadbeef 00007efdffffc940   .....~..@....~..
0x00007efdffffc2a0:   00007efd0000000a 00007efdffffda00   .....~.......~..
0x00007efdffffc2b0:   0000000000000000 0000000000000000   ................
0x00007efdffffc2c0:   0000000000007fd8 00000000000036f8   .........6......
0x00007efdffffc2d0:   00007efe4ed4e278 00007efdffffc460   x..N.~..`....~..

Instructions: (pc=0x00007efe4dc87658)
  0x00007efe4dc87558:   e3 39 c2 75 d3 89 fa 83 c7 01 eb cf 0f 1f 40 00
  0x00007efe4dc87568:   bf 01 00 00 00 0f 1f 00 44 8b 83 00 01 00 00 31
  0x00007efe4dc87578:   c0 45 85 c0 74 27 66 90 48 8b 93 08 01 00 00 48
  0x00007efe4dc87588:   63 c8 83 c0 01 48 8d 14 8a 48 8b 8b f0 00 00 00
  0x00007efe4dc87598:   48 63 32 8b 0c b1 89 0a 44 39 c0 75 db 48 81 c3
  0x00007efe4dc875a8:   e0 00 00 00 89 fe 48 89 df e8 2a fe ff ff 4c 89
  0x00007efe4dc875b8:   e7 e8 82 ba 0a 00 48 83 c4 50 5b 41 5c 5d c3 90
  0x00007efe4dc875c8:   0f 1f 84 00 00 00 00 00 55 48 89 e5 41 57 41 56
  0x00007efe4dc875d8:   41 55 41 54 49 89 fc 53 48 83 ec 18 48 8b 47 48
  0x00007efe4dc875e8:   8b 50 48 85 d2 0f 84 68 02 00 00 48 c7 45 c0 00
  0x00007efe4dc875f8:   00 00 00 41 bf 01 00 00 00 66 66 2e 0f 1f 84 00
  0x00007efe4dc87608:   00 00 00 00 0f 1f 40 00 48 8b 48 38 48 8b 75 c0
  0x00007efe4dc87618:   4c 8b 34 f1 41 8b 5e 2c 85 db 0f 84 1b 01 00 00
  0x00007efe4dc87628:   89 d8 45 31 ed 48 89 45 c8 66 66 2e 0f 1f 84 00
  0x00007efe4dc87638:   00 00 00 00 0f 1f 40 00 45 3b 6e 18 0f 83 7e bd
  0x00007efe4dc87648:   c5 ff 49 8b 46 20 4a 8b 1c e8 48 8b 03 48 89 df
=>0x00007efe4dc87658:   ff 90 80 00 00 00 48 89 c2 8b 40 60 44 8b 42 64
  0x00007efe4dc87668:   41 39 c0 0f 82 01 01 00 00 44 89 c1 29 c1 83 f9
  0x00007efe4dc87678:   05 0f 86 f7 00 00 00 41 83 f8 ff 0f 84 a0 01 00
  0x00007efe4dc87688:   00 41 89 c0 83 c1 01 4e 8d 04 c2 41 89 c9 f3 41
  0x00007efe4dc87698:   0f 6f 00 f3 41 0f 6f 50 10 41 d1 e9 f3 41 0f 6f
  0x00007efe4dc876a8:   58 20 66 0f eb c2 66 0f eb c3 41 83 f9 03 0f 84
  0x00007efe4dc876b8:   8a 01 00 00 f3 41 0f 6f 60 30 66 0f eb c4 41 83
  0x00007efe4dc876c8:   f9 04 74 1a f3 41 0f 6f 68 40 66 0f eb c5 41 83
  0x00007efe4dc876d8:   f9 05 74 0a f3 41 0f 6f 48 50 66 0f eb c1 66 0f
  0x00007efe4dc876e8:   6f c8 66 0f 73 d9 08 66 0f eb c1 66 49 0f 7e c1
  0x00007efe4dc876f8:   f6 c1 01 74 13 83 e1 fe 01 c8 f3 0f 7e 0c c2 66
  0x00007efe4dc87708:   0f eb c1 66 49 0f 7e c1 31 c0 4d 85 c9 74 07 44
  0x00007efe4dc87718:   89 f8 41 83 c7 01 48 63 4b 28 49 8b 94 24 08 01
  0x00007efe4dc87728:   00 00 49 83 c5 01 89 04 8a 4c 39 6d c8 0f 85 05
  0x00007efe4dc87738:   ff ff ff 49 8b 44 24 48 8b 50 48 48 83 45 c0 01
  0x00007efe4dc87748:   48 8b 75 c0 39 d6 0f 82 bc fe ff ff 48 83 c4 18


Stack slot to memory mapping:

stack at sp + 0 slots: 0x0000000000000174 is an unknown value
stack at sp + 1 slots: 0x0000000000000008 is an unknown value
stack at sp + 2 slots: 0x00007efdffffc120 is pointing into the stack for thread: 0x00007efe480d09b0
stack at sp + 3 slots: 0x00007efdffffc510 is pointing into the stack for thread: 0x00007efe480d09b0
stack at sp + 4 slots: 0x00007efdffffc1e0 is pointing into the stack for thread: 0x00007efe480d09b0
stack at sp + 5 slots: 0x00007efdffffc300 is pointing into the stack for thread: 0x00007efe480d09b0
stack at sp + 6 slots: 0x00007efdcc219030 points into unknown readable memory: 0x0000000000000000 | 00 00 00 00 00 00 00 00
stack at sp + 7 slots: 0x00007efdffffc2a0 is pointing into the stack for thread: 0x00007efe480d09b0

Lock stack of current Java thread (top to bottom):


---------------  P R O C E S S  ---------------

Threads class SMR info:
_java_thread_list=0x00007efde06a8060, length=12, elements={
0x00007efe4802b650, 0x00007efe480c8cb0, 0x00007efe480c9ea0, 0x00007efe480cba10,
0x00007efe480cd330, 0x00007efe480cebb0, 0x00007efe480d09b0, 0x00007efe480d23a0,
0x00007efe4810be90, 0x00007efe4810e7e0, 0x00007efde00964a0, 0x00007efde06a6d00
}

Java Threads: ( => current thread )
  0x00007efe4802b650 JavaThread "main"                              [_thread_in_Java, id=34663, stack(0x00007efe4d500000,0x00007efe4d600000) (1024K)]
  0x00007efe480c8cb0 JavaThread "Reference Handler"          daemon [_thread_blocked, id=34674, stack(0x00007efe286f6000,0x00007efe287f6000) (1024K)]
  0x00007efe480c9ea0 JavaThread "Finalizer"                  daemon [_thread_blocked, id=34675, stack(0x00007efe283f3000,0x00007efe284f3000) (1024K)]
  0x00007efe480cba10 JavaThread "Signal Dispatcher"          daemon [_thread_blocked, id=34676, stack(0x00007efe282f3000,0x00007efe283f3000) (1024K)]
  0x00007efe480cd330 JavaThread "Service Thread"             daemon [_thread_blocked, id=34677, stack(0x00007efe281f3000,0x00007efe282f3000) (1024K)]
  0x00007efe480cebb0 JavaThread "Monitor Deflation Thread"   daemon [_thread_blocked, id=34678, stack(0x00007efe280f3000,0x00007efe281f3000) (1024K)]
=>0x00007efe480d09b0 JavaThread "C2 CompilerThread0"         daemon [_thread_in_native, id=34679, stack(0x00007efdfff00000,0x00007efe00000000) (1024K)]
  0x00007efe480d23a0 JavaThread "C1 CompilerThread0"         daemon [_thread_in_native, id=34680, stack(0x00007efdf1f00000,0x00007efdf2000000) (1024K)]
  0x00007efe4810be90 JavaThread "Notification Thread"        daemon [_thread_blocked, id=34681, stack(0x00007efdf1e00000,0x00007efdf1f00000) (1024K)]
  0x00007efe4810e7e0 JavaThread "Common-Cleaner"             daemon [_thread_blocked, id=34682, stack(0x00007efdf1d00000,0x00007efdf1e00000) (1024K)]
  0x00007efde00964a0 JavaThread "C2 CompilerThread1"         daemon [_thread_in_native, id=34683, stack(0x00007efdf1c00000,0x00007efdf1d00000) (1024K)]
  0x00007efde06a6d00 JavaThread "C2 CompilerThread2"         daemon [_thread_in_native, id=34693, stack(0x00007efdf1b00000,0x00007efdf1c00000) (1024K)]
Total: 12

Other Threads:
  0x00007efe480bef10 VMThread "VM Thread"                           [id=34673, stack(0x00007efe284f4000,0x00007efe285f4000) (1024K)]
  0x00007efe480ae9d0 WatcherThread "VM Periodic Task Thread"        [id=34672, stack(0x00007efe285f5000,0x00007efe286f5000) (1024K)]
  0x00007efe48051af0 WorkerThread "GC Thread#0"                     [id=34664, stack(0x00007efe4c088000,0x00007efe4c188000) (1024K)]
  0x00007efe04007c90 WorkerThread "GC Thread#1"                     [id=34687, stack(0x00007efdf1700000,0x00007efdf1800000) (1024K)]
  0x00007efe04008680 WorkerThread "GC Thread#2"                     [id=34688, stack(0x00007efdf15ff000,0x00007efdf16ff000) (1024K)]
  0x00007efe04009210 WorkerThread "GC Thread#3"                     [id=34689, stack(0x00007efdf14fe000,0x00007efdf15fe000) (1024K)]
  0x00007efe04009f70 WorkerThread "GC Thread#4"                     [id=34690, stack(0x00007efdf13fd000,0x00007efdf14fd000) (1024K)]
  0x00007efe0400acf0 WorkerThread "GC Thread#5"                     [id=34691, stack(0x00007efdf12fc000,0x00007efdf13fc000) (1024K)]
  0x00007efe48060490 ConcurrentGCThread "G1 Main Marker"            [id=34665, stack(0x00007efe2fa40000,0x00007efe2fb40000) (1024K)]
  0x00007efe48061660 WorkerThread "G1 Conc#0"                       [id=34666, stack(0x00007efe2b300000,0x00007efe2b400000) (1024K)]
  0x00007efe4809fc70 ConcurrentGCThread "G1 Refine#0"               [id=34667, stack(0x00007efe288f8000,0x00007efe289f8000) (1024K)]
  0x00007efe480a0e60 ConcurrentGCThread "G1 Service"                [id=34668, stack(0x00007efe287f7000,0x00007efe288f7000) (1024K)]
Total: 12

Threads with active compile tasks:
C2 CompilerThread0  2648 3333       4       org.codehaus.plexus.util.xml.pull.MXParser::parseStartTag (1205 bytes)
C1 CompilerThread0  2648 3474       3       org.codehaus.plexus.configuration.xml.XmlPlexusConfiguration::<init> (96 bytes)
C2 CompilerThread1  2648 3468       4       java.lang.StringUTF16::compress (47 bytes)
C2 CompilerThread2  2648 3469       4       java.lang.String::<init> (74 bytes)
Total: 4

VM state: not at safepoint (normal execution)

VM Mutex/Monitor currently owned by a thread: None

Heap address: 0x00000006e8000000, size: 4480 MB, Compressed Oops mode: Zero based, Oop shift amount: 3

CDS archive(s) mapped at: [0x0000000080000000-0x0000000080d8c000-0x0000000080d8c000), size 14204928, SharedBaseAddress: 0x0000000080000000, ArchiveRelocationMode: 1.
Compressed class space mapped at: 0x0000000081000000-0x00000000c1000000, reserved size: 1073741824
UseCompressedClassPointers 1, UseCompactObjectHeaders 0
Narrow klass pointer bits 32, Max shift 3
Narrow klass base: 0x0000000080000000, Narrow klass shift: 0
Encoding Range: [0x0000000080000000 - 0x0000000180000000), (4294967296 bytes)
Klass Range:    [0x0000000080001000 - 0x00000000c1000000), (1090514944 bytes)
Klass ID Range:  [4096 - 1090519033) (1090514937)
Protection zone: [0x0000000080000000 - 0x0000000080001000), (4096 bytes)

GC Precious Log:
 CardTable entry size: 512
 Card Set container configuration: InlinePtr #cards 4 size 8 Array Of Cards #cards 32 size 80 Howl #buckets 8 coarsen threshold 7372 Howl Bitmap #cards 1024 size 144 coarsen threshold 921 Card regions per heap region 1 cards per card region 8192
 CPUs: 8 total, 8 available
 Memory: 17906M
 Large Page Support: Disabled
 NUMA Support: Disabled
 Compressed Oops: Enabled (Zero based)
 Heap Region Size: 4M
 Heap Min Capacity: 8M
 Heap Initial Capacity: 280M
 Heap Max Capacity: 4480M
 Pre-touch: Disabled
 Parallel Workers: 8
 Concurrent Workers: 2
 Concurrent Refinement Workers: 8
 Periodic GC: Disabled

Heap:
 garbage-first heap   total reserved 4587520K, committed 290816K, used 34649K [0x00000006e8000000, 0x0000000800000000)
  region size 4096K, 10 young (40960K), 2 survivors (8192K)

Heap Regions: E=young(eden), S=young(survivor), O=old, HS=humongous(starts), HC=humongous(continues), CS=collection set, F=free, TAMS=top-at-mark-start, PB=parsable bottom
|   0|0x00000006e8000000, 0x00000006e8000000, 0x00000006e8400000|  0%| F|  |TAMS 0x00000006e8000000| PB 0x00000006e8000000| Untracked |  0
|   1|0x00000006e8400000, 0x00000006e8400000, 0x00000006e8800000|  0%| F|  |TAMS 0x00000006e8400000| PB 0x00000006e8400000| Untracked |  0
|   2|0x00000006e8800000, 0x00000006e8800000, 0x00000006e8c00000|  0%| F|  |TAMS 0x00000006e8800000| PB 0x00000006e8800000| Untracked |  0
|   3|0x00000006e8c00000, 0x00000006e8c00000, 0x00000006e9000000|  0%| F|  |TAMS 0x00000006e8c00000| PB 0x00000006e8c00000| Untracked |  0
|   4|0x00000006e9000000, 0x00000006e9000000, 0x00000006e9400000|  0%| F|  |TAMS 0x00000006e9000000| PB 0x00000006e9000000| Untracked |  0
|   5|0x00000006e9400000, 0x00000006e9400000, 0x00000006e9800000|  0%| F|  |TAMS 0x00000006e9400000| PB 0x00000006e9400000| Untracked |  0
|   6|0x00000006e9800000, 0x00000006e9800000, 0x00000006e9c00000|  0%| F|  |TAMS 0x00000006e9800000| PB 0x00000006e9800000| Untracked |  0
|   7|0x00000006e9c00000, 0x00000006e9c00000, 0x00000006ea000000|  0%| F|  |TAMS 0x00000006e9c00000| PB 0x00000006e9c00000| Untracked |  0
|   8|0x00000006ea000000, 0x00000006ea000000, 0x00000006ea400000|  0%| F|  |TAMS 0x00000006ea000000| PB 0x00000006ea000000| Untracked |  0
|   9|0x00000006ea400000, 0x00000006ea400000, 0x00000006ea800000|  0%| F|  |TAMS 0x00000006ea400000| PB 0x00000006ea400000| Untracked |  0
|  10|0x00000006ea800000, 0x00000006ea800000, 0x00000006eac00000|  0%| F|  |TAMS 0x00000006ea800000| PB 0x00000006ea800000| Untracked |  0
|  11|0x00000006eac00000, 0x00000006eac00000, 0x00000006eb000000|  0%| F|  |TAMS 0x00000006eac00000| PB 0x00000006eac00000| Untracked |  0
|  12|0x00000006eb000000, 0x00000006eb000000, 0x00000006eb400000|  0%| F|  |TAMS 0x00000006eb000000| PB 0x00000006eb000000| Untracked |  0
|  13|0x00000006eb400000, 0x00000006eb400000, 0x00000006eb800000|  0%| F|  |TAMS 0x00000006eb400000| PB 0x00000006eb400000| Untracked |  0
|  14|0x00000006eb800000, 0x00000006eb800000, 0x00000006ebc00000|  0%| F|  |TAMS 0x00000006eb800000| PB 0x00000006eb800000| Untracked |  0
|  15|0x00000006ebc00000, 0x00000006ebc00000, 0x00000006ec000000|  0%| F|  |TAMS 0x00000006ebc00000| PB 0x00000006ebc00000| Untracked |  0
|  16|0x00000006ec000000, 0x00000006ec000000, 0x00000006ec400000|  0%| F|  |TAMS 0x00000006ec000000| PB 0x00000006ec000000| Untracked |  0
|  17|0x00000006ec400000, 0x00000006ec400000, 0x00000006ec800000|  0%| F|  |TAMS 0x00000006ec400000| PB 0x00000006ec400000| Untracked |  0
|  18|0x00000006ec800000, 0x00000006ec800000, 0x00000006ecc00000|  0%| F|  |TAMS 0x00000006ec800000| PB 0x00000006ec800000| Untracked |  0
|  19|0x00000006ecc00000, 0x00000006ecc00000, 0x00000006ed000000|  0%| F|  |TAMS 0x00000006ecc00000| PB 0x00000006ecc00000| Untracked |  0
|  20|0x00000006ed000000, 0x00000006ed000000, 0x00000006ed400000|  0%| F|  |TAMS 0x00000006ed000000| PB 0x00000006ed000000| Untracked |  0
|  21|0x00000006ed400000, 0x00000006ed400000, 0x00000006ed800000|  0%| F|  |TAMS 0x00000006ed400000| PB 0x00000006ed400000| Untracked |  0
|  22|0x00000006ed800000, 0x00000006ed800000, 0x00000006edc00000|  0%| F|  |TAMS 0x00000006ed800000| PB 0x00000006ed800000| Untracked |  0
|  23|0x00000006edc00000, 0x00000006edc00000, 0x00000006ee000000|  0%| F|  |TAMS 0x00000006edc00000| PB 0x00000006edc00000| Untracked |  0
|  24|0x00000006ee000000, 0x00000006ee000000, 0x00000006ee400000|  0%| F|  |TAMS 0x00000006ee000000| PB 0x00000006ee000000| Untracked |  0
|  25|0x00000006ee400000, 0x00000006ee400000, 0x00000006ee800000|  0%| F|  |TAMS 0x00000006ee400000| PB 0x00000006ee400000| Untracked |  0
|  26|0x00000006ee800000, 0x00000006ee800000, 0x00000006eec00000|  0%| F|  |TAMS 0x00000006ee800000| PB 0x00000006ee800000| Untracked |  0
|  27|0x00000006eec00000, 0x00000006eec00000, 0x00000006ef000000|  0%| F|  |TAMS 0x00000006eec00000| PB 0x00000006eec00000| Untracked |  0
|  28|0x00000006ef000000, 0x00000006ef000000, 0x00000006ef400000|  0%| F|  |TAMS 0x00000006ef000000| PB 0x00000006ef000000| Untracked |  0
|  29|0x00000006ef400000, 0x00000006ef400000, 0x00000006ef800000|  0%| F|  |TAMS 0x00000006ef400000| PB 0x00000006ef400000| Untracked |  0
|  30|0x00000006ef800000, 0x00000006ef800000, 0x00000006efc00000|  0%| F|  |TAMS 0x00000006ef800000| PB 0x00000006ef800000| Untracked |  0
|  31|0x00000006efc00000, 0x00000006efc00000, 0x00000006f0000000|  0%| F|  |TAMS 0x00000006efc00000| PB 0x00000006efc00000| Untracked |  0
|  32|0x00000006f0000000, 0x00000006f0000000, 0x00000006f0400000|  0%| F|  |TAMS 0x00000006f0000000| PB 0x00000006f0000000| Untracked |  0
|  33|0x00000006f0400000, 0x00000006f0400000, 0x00000006f0800000|  0%| F|  |TAMS 0x00000006f0400000| PB 0x00000006f0400000| Untracked |  0
|  34|0x00000006f0800000, 0x00000006f0800000, 0x00000006f0c00000|  0%| F|  |TAMS 0x00000006f0800000| PB 0x00000006f0800000| Untracked |  0
|  35|0x00000006f0c00000, 0x00000006f0c00000, 0x00000006f1000000|  0%| F|  |TAMS 0x00000006f0c00000| PB 0x00000006f0c00000| Untracked |  0
|  36|0x00000006f1000000, 0x00000006f1000000, 0x00000006f1400000|  0%| F|  |TAMS 0x00000006f1000000| PB 0x00000006f1000000| Untracked |  0
|  37|0x00000006f1400000, 0x00000006f1400000, 0x00000006f1800000|  0%| F|  |TAMS 0x00000006f1400000| PB 0x00000006f1400000| Untracked |  0
|  38|0x00000006f1800000, 0x00000006f1800000, 0x00000006f1c00000|  0%| F|  |TAMS 0x00000006f1800000| PB 0x00000006f1800000| Untracked |  0
|  39|0x00000006f1c00000, 0x00000006f1c00000, 0x00000006f2000000|  0%| F|  |TAMS 0x00000006f1c00000| PB 0x00000006f1c00000| Untracked |  0
|  40|0x00000006f2000000, 0x00000006f2000000, 0x00000006f2400000|  0%| F|  |TAMS 0x00000006f2000000| PB 0x00000006f2000000| Untracked |  0
|  41|0x00000006f2400000, 0x00000006f2400000, 0x00000006f2800000|  0%| F|  |TAMS 0x00000006f2400000| PB 0x00000006f2400000| Untracked |  0
|  42|0x00000006f2800000, 0x00000006f2800000, 0x00000006f2c00000|  0%| F|  |TAMS 0x00000006f2800000| PB 0x00000006f2800000| Untracked |  0
|  43|0x00000006f2c00000, 0x00000006f2c00000, 0x00000006f3000000|  0%| F|  |TAMS 0x00000006f2c00000| PB 0x00000006f2c00000| Untracked |  0
|  44|0x00000006f3000000, 0x00000006f3000000, 0x00000006f3400000|  0%| F|  |TAMS 0x00000006f3000000| PB 0x00000006f3000000| Untracked |  0
|  45|0x00000006f3400000, 0x00000006f3400000, 0x00000006f3800000|  0%| F|  |TAMS 0x00000006f3400000| PB 0x00000006f3400000| Untracked |  0
|  46|0x00000006f3800000, 0x00000006f3800000, 0x00000006f3c00000|  0%| F|  |TAMS 0x00000006f3800000| PB 0x00000006f3800000| Untracked |  0
|  47|0x00000006f3c00000, 0x00000006f3c00000, 0x00000006f4000000|  0%| F|  |TAMS 0x00000006f3c00000| PB 0x00000006f3c00000| Untracked |  0
|  48|0x00000006f4000000, 0x00000006f4000000, 0x00000006f4400000|  0%| F|  |TAMS 0x00000006f4000000| PB 0x00000006f4000000| Untracked |  0
|  49|0x00000006f4400000, 0x00000006f4400000, 0x00000006f4800000|  0%| F|  |TAMS 0x00000006f4400000| PB 0x00000006f4400000| Untracked |  0
|  50|0x00000006f4800000, 0x00000006f4800000, 0x00000006f4c00000|  0%| F|  |TAMS 0x00000006f4800000| PB 0x00000006f4800000| Untracked |  0
|  51|0x00000006f4c00000, 0x00000006f4c00000, 0x00000006f5000000|  0%| F|  |TAMS 0x00000006f4c00000| PB 0x00000006f4c00000| Untracked |  0
|  52|0x00000006f5000000, 0x00000006f5000000, 0x00000006f5400000|  0%| F|  |TAMS 0x00000006f5000000| PB 0x00000006f5000000| Untracked |  0
|  53|0x00000006f5400000, 0x00000006f5400000, 0x00000006f5800000|  0%| F|  |TAMS 0x00000006f5400000| PB 0x00000006f5400000| Untracked |  0
|  54|0x00000006f5800000, 0x00000006f5800000, 0x00000006f5c00000|  0%| F|  |TAMS 0x00000006f5800000| PB 0x00000006f5800000| Untracked |  0
|  55|0x00000006f5c00000, 0x00000006f5c00000, 0x00000006f6000000|  0%| F|  |TAMS 0x00000006f5c00000| PB 0x00000006f5c00000| Untracked |  0
|  56|0x00000006f6000000, 0x00000006f60b5528, 0x00000006f6400000| 17%| S|CS|TAMS 0x00000006f6000000| PB 0x00000006f6000000| Complete |  0
|  57|0x00000006f6400000, 0x00000006f6800000, 0x00000006f6800000|100%| S|CS|TAMS 0x00000006f6400000| PB 0x00000006f6400000| Complete |  0
|  58|0x00000006f6800000, 0x00000006f6800000, 0x00000006f6c00000|  0%| F|  |TAMS 0x00000006f6800000| PB 0x00000006f6800000| Untracked |  0
|  59|0x00000006f6c00000, 0x00000006f6c00000, 0x00000006f7000000|  0%| F|  |TAMS 0x00000006f6c00000| PB 0x00000006f6c00000| Untracked |  0
|  60|0x00000006f7000000, 0x00000006f7000000, 0x00000006f7400000|  0%| F|  |TAMS 0x00000006f7000000| PB 0x00000006f7000000| Untracked |  0
|  61|0x00000006f7400000, 0x00000006f7400000, 0x00000006f7800000|  0%| F|  |TAMS 0x00000006f7400000| PB 0x00000006f7400000| Untracked |  0
|  62|0x00000006f7800000, 0x00000006f7b215f8, 0x00000006f7c00000| 78%| E|  |TAMS 0x00000006f7800000| PB 0x00000006f7800000| Complete |  0
|  63|0x00000006f7c00000, 0x00000006f8000000, 0x00000006f8000000|100%| E|CS|TAMS 0x00000006f7c00000| PB 0x00000006f7c00000| Complete |  0
|  64|0x00000006f8000000, 0x00000006f8400000, 0x00000006f8400000|100%| E|CS|TAMS 0x00000006f8000000| PB 0x00000006f8000000| Complete |  0
|  65|0x00000006f8400000, 0x00000006f8800000, 0x00000006f8800000|100%| E|CS|TAMS 0x00000006f8400000| PB 0x00000006f8400000| Complete |  0
|  66|0x00000006f8800000, 0x00000006f8c00000, 0x00000006f8c00000|100%| E|CS|TAMS 0x00000006f8800000| PB 0x00000006f8800000| Complete |  0
|  67|0x00000006f8c00000, 0x00000006f9000000, 0x00000006f9000000|100%| E|CS|TAMS 0x00000006f8c00000| PB 0x00000006f8c00000| Complete |  0
|  68|0x00000006f9000000, 0x00000006f9400000, 0x00000006f9400000|100%| E|CS|TAMS 0x00000006f9000000| PB 0x00000006f9000000| Complete |  0
|  69|0x00000006f9400000, 0x00000006f9800000, 0x00000006f9800000|100%| E|CS|TAMS 0x00000006f9400000| PB 0x00000006f9400000| Complete |  0
|1119|0x00000007ffc00000, 0x00000007ffd20fd8, 0x0000000800000000| 28%| O|  |TAMS 0x00000007ffc00000| PB 0x00000007ffc00000| Untracked |  0

Card table byte_map: [0x00007efe2fb40000,0x00007efe30400000] _byte_map_base: 0x00007efe2c400000

Marking Bits: (CMBitMap*) 0x00007efe48052740
 Bits: [0x00007efe2b400000, 0x00007efe2fa00000)

Polling page: 0x00007efe4f099000

Metaspace:
Metaspace        used 15133K, committed 15360K, reserved 1114112K
 class space     used 1480K, committed 1600K, reserved 1048576K

Usage:
  Non-class:     13.33 MB used.
      Class:      1.45 MB used.
       Both:     14.78 MB used.

Virtual space:
  Non-class space:       64.00 MB reserved,      13.44 MB ( 21%) committed,  1 nodes.
      Class space:        1.00 GB reserved,       1.56 MB ( <1%) committed,  1 nodes.
             Both:        1.06 GB reserved,      15.00 MB (  1%) committed. 

Chunk freelists:
   Non-Class:  2.06 MB
       Class:  14.45 MB
        Both:  16.52 MB

MaxMetaspaceSize: unlimited
CompressedClassSpaceSize: 1.00 GB
Initial GC threshold: 21.00 MB
Current GC threshold: 21.00 MB
CDS: on
 - commit_granule_bytes: 65536.
 - commit_granule_words: 8192.
 - virtual_space_node_default_size: 8388608.
 - enlarge_chunks_in_place: 1.
UseCompressedClassPointers 1, UseCompactObjectHeaders 0
Narrow klass pointer bits 32, Max shift 3
Narrow klass base: 0x0000000080000000, Narrow klass shift: 0
Encoding Range: [0x0000000080000000 - 0x0000000180000000), (4294967296 bytes)
Klass Range:    [0x0000000080001000 - 0x00000000c1000000), (1090514944 bytes)
Klass ID Range:  [4096 - 1090519033) (1090514937)
Protection zone: [0x0000000080000000 - 0x0000000080001000), (4096 bytes)


Internal statistics:

num_allocs_failed_limit: 0.
num_arena_births: 158.
num_arena_deaths: 0.
num_vsnodes_births: 2.
num_vsnodes_deaths: 0.
num_space_committed: 240.
num_space_uncommitted: 0.
num_chunks_returned_to_freelist: 0.
num_chunks_taken_from_freelist: 679.
num_chunk_merges: 0.
num_chunk_splits: 468.
num_chunks_enlarged: 368.
num_inconsistent_stats: 0.

CodeHeap 'non-profiled nmethods': size=120032Kb used=955Kb max_used=955Kb free=119076Kb
 bounds [0x00007efe37ec8000, 0x00007efe38138000, 0x00007efe3f400000]
CodeHeap 'profiled nmethods': size=120028Kb used=5418Kb max_used=5418Kb free=114609Kb
 bounds [0x00007efe30400000, 0x00007efe30950000, 0x00007efe37937000]
CodeHeap 'non-nmethods': size=5700Kb used=1460Kb max_used=1510Kb free=4240Kb
 bounds [0x00007efe37937000, 0x00007efe37ba7000, 0x00007efe37ec8000]
CodeCache: size=245760Kb, used=7833Kb, max_used=7883Kb, free=237925Kb
 total_blobs=3961, nmethods=3441, adapters=423, full_count=0
Compilation: enabled, stopped_count=0, restarted_count=0

Compilation events (20 events):
Event: 2.592 Thread 0x00007efe480d23a0 3397       3       org.eclipse.sisu.inject.LazyBeanEntry::getValue (10 bytes)
Event: 2.592 Thread 0x00007efe480d23a0 nmethod 3397 0x00007efe30928c88 code [0x00007efe30928d80, 0x00007efe30928f48]
Event: 2.592 Thread 0x00007efe480d23a0 3398       3       java.lang.invoke.TypeConvertingMethodAdapter::convertType (269 bytes)
Event: 2.597 Thread 0x00007efe480d23a0 nmethod 3398 0x00007efe30928f88 code [0x00007efe30929080, 0x00007efe3092d7b0]
Event: 2.601 Thread 0x00007efde00964a0 nmethod 3334 0x00007efe37faf508 code [0x00007efe37faf600, 0x00007efe37fb0708]
Event: 2.601 Thread 0x00007efde00964a0 3349       4       org.codehaus.plexus.util.xml.pull.MXParser::nextImpl (1208 bytes)
Event: 2.604 Thread 0x00007efe480d23a0 3399       3       java.lang.System$1::uncheckedDecodeASCII (11 bytes)
Event: 2.604 Thread 0x00007efe480d23a0 nmethod 3399 0x00007efe3092d808 code [0x00007efe3092d900, 0x00007efe3092da40]
Event: 2.605 Thread 0x00007efe480d23a0 3401       1       org.codehaus.plexus.configuration.DefaultPlexusConfiguration::getName (5 bytes)
Event: 2.606 Thread 0x00007efe480d23a0 nmethod 3401 0x00007efe37fb0788 code [0x00007efe37fb0880, 0x00007efe37fb0940]
Event: 2.608 Thread 0x00007efe480d23a0 3402       1       org.codehaus.plexus.configuration.DefaultPlexusConfiguration::getValue (5 bytes)
Event: 2.608 Thread 0x00007efe480d23a0 nmethod 3402 0x00007efe37fb0a88 code [0x00007efe37fb0b80, 0x00007efe37fb0c40]
Event: 2.610 Thread 0x00007efe480d23a0 3403       1       org.apache.maven.plugin.descriptor.Parameter::getName (5 bytes)
Event: 2.611 Thread 0x00007efe480d23a0 nmethod 3403 0x00007efe37fb0d88 code [0x00007efe37fb0e80, 0x00007efe37fb0f40]
Event: 2.611 Thread 0x00007efe480d23a0 3404       3       org.codehaus.plexus.configuration.DefaultPlexusConfiguration::<init> (36 bytes)
Event: 2.611 Thread 0x00007efe480d23a0 nmethod 3404 0x00007efe3092db08 code [0x00007efe3092dc00, 0x00007efe3092e098]
Event: 2.611 Thread 0x00007efe480d23a0 3406       3       org.codehaus.plexus.configuration.DefaultPlexusConfiguration::getChild (48 bytes)
Event: 2.611 Thread 0x00007efe480d23a0 nmethod 3406 0x00007efe3092e108 code [0x00007efe3092e200, 0x00007efe3092e8b0]
Event: 2.611 Thread 0x00007efe480d23a0 3405       3       org.codehaus.plexus.configuration.DefaultPlexusConfiguration::add (101 bytes)
Event: 2.612 Thread 0x00007efe480d23a0 nmethod 3405 0x00007efe3092e908 code [0x00007efe3092ea00, 0x00007efe3092f8c0]

GC Heap Usage History (2 events):
Event: 1.624 {heap Before GC invocations=0 (full 0):
 garbage-first heap   total reserved 4587520K, committed 290816K, used 50307K [0x00000006e8000000, 0x0000000800000000)
  region size 4096K, 12 young (49152K), 0 survivors (0K)
}
Event: 1.633 {heap After GC invocations=1 (full 0):
 garbage-first heap   total reserved 4587520K, committed 290816K, used 5977K [0x00000006e8000000, 0x0000000800000000)
  region size 4096K, 2 young (8192K), 2 survivors (8192K)
}

Metaspace Usage History (2 events):
Event: 1.624 {metaspace Before GC invocations=0 (full 0):
 Metaspace       used 9804K, committed 9920K, reserved 1114112K
  class space    used 883K, committed 960K, reserved 1048576K
}
Event: 1.633 {metaspace After GC invocations=1 (full 0):
 Metaspace       used 9804K, committed 9920K, reserved 1114112K
  class space    used 883K, committed 960K, reserved 1048576K
}

Dll operation events (8 events):
Event: 0.003 Loaded shared library /usr/lib/apache-netbeans/jdk/lib/libjava.so
Event: 0.026 Loaded shared library /usr/lib/apache-netbeans/jdk/lib/libsimdsort.so
Event: 0.041 Loaded shared library /usr/lib/apache-netbeans/jdk/lib/libnio.so
Event: 0.046 Loaded shared library /usr/lib/apache-netbeans/jdk/lib/libzip.so
Event: 0.056 Loaded shared library /usr/lib/apache-netbeans/jdk/lib/libnet.so
Event: 0.190 Loaded shared library /usr/lib/apache-netbeans/jdk/lib/libjimage.so
Event: 0.207 Loaded shared library /tmp/jansi-2.4.2-3b75260d7850ca15-libjansi.so
Event: 0.222 Loaded shared library /usr/lib/apache-netbeans/jdk/lib/libverify.so

Deoptimization events (20 events):
Event: 2.503 Thread 0x00007efe4802b650 Uncommon trap: trap_request=0xffffffc6 fr.pc=0x00007efe37f8cbf0 relative=0x0000000000000af0
Event: 2.503 Thread 0x00007efe4802b650 Uncommon trap: reason=bimorphic_or_optimized_type_check action=maybe_recompile pc=0x00007efe37f8cbf0 method=java.util.HashMap.putVal(ILjava/lang/Object;Ljava/lang/Object;ZZ)Ljava/lang/Object; @ 56 c2
Event: 2.503 Thread 0x00007efe4802b650 DEOPT PACKING pc=0x00007efe37f8cbf0 sp=0x00007efe4d5fdc90
Event: 2.503 Thread 0x00007efe4802b650 DEOPT UNPACKING pc=0x00007efe37a59979 sp=0x00007efe4d5fdc08 mode 2
Event: 2.563 Thread 0x00007efe4802b650 Uncommon trap: trap_request=0xffffff45 fr.pc=0x00007efe37f21ce8 relative=0x00000000000005e8
Event: 2.563 Thread 0x00007efe4802b650 Uncommon trap: reason=unstable_if action=reinterpret pc=0x00007efe37f21ce8 method=java.lang.String.decodeASCII([BI[CII)I @ 13 c2
Event: 2.563 Thread 0x00007efe4802b650 DEOPT PACKING pc=0x00007efe37f21ce8 sp=0x00007efe4d5fc920
Event: 2.563 Thread 0x00007efe4802b650 DEOPT UNPACKING pc=0x00007efe37a59979 sp=0x00007efe4d5fc768 mode 2
Event: 2.565 Thread 0x00007efe4802b650 Uncommon trap: trap_request=0xffffff45 fr.pc=0x00007efe37f20ae4 relative=0x00000000000001e4
Event: 2.565 Thread 0x00007efe4802b650 Uncommon trap: reason=unstable_if action=reinterpret pc=0x00007efe37f20ae4 method=java.lang.StringUTF16.compress([CI[BII)I @ 20 c2
Event: 2.565 Thread 0x00007efe4802b650 DEOPT PACKING pc=0x00007efe37f20ae4 sp=0x00007efe4d5fcb60
Event: 2.565 Thread 0x00007efe4802b650 DEOPT UNPACKING pc=0x00007efe37a59979 sp=0x00007efe4d5fcaf0 mode 2
Event: 2.565 Thread 0x00007efe4802b650 Uncommon trap: trap_request=0xffffff45 fr.pc=0x00007efe37f22738 relative=0x00000000000002b8
Event: 2.565 Thread 0x00007efe4802b650 Uncommon trap: reason=unstable_if action=reinterpret pc=0x00007efe37f22738 method=java.lang.String.decodeASCII([BI[CII)I @ 13 c2
Event: 2.565 Thread 0x00007efe4802b650 DEOPT PACKING pc=0x00007efe37f22738 sp=0x00007efe4d5fc6c0
Event: 2.565 Thread 0x00007efe4802b650 DEOPT UNPACKING pc=0x00007efe37a59979 sp=0x00007efe4d5fc610 mode 2
Event: 2.581 Thread 0x00007efe4802b650 Uncommon trap: trap_request=0xffffff45 fr.pc=0x00007efe37f5afd0 relative=0x00000000000001d0
Event: 2.581 Thread 0x00007efe4802b650 Uncommon trap: reason=unstable_if action=reinterpret pc=0x00007efe37f5afd0 method=java.lang.String.indexOf(Ljava/lang/String;)I @ 10 c2
Event: 2.581 Thread 0x00007efe4802b650 DEOPT PACKING pc=0x00007efe37f5afd0 sp=0x00007efe4d5fcfa0
Event: 2.581 Thread 0x00007efe4802b650 DEOPT UNPACKING pc=0x00007efe37a59979 sp=0x00007efe4d5fcf50 mode 2

Classes loaded (20 events):
Event: 2.460 Loading class java/util/Spliterator$OfInt done
Event: 2.460 Loading class java/util/Spliterators$EmptySpliterator$OfInt done
Event: 2.460 Loading class java/util/stream/IntPipeline$Head
Event: 2.460 Loading class java/util/stream/IntPipeline
Event: 2.461 Loading class java/util/stream/IntPipeline done
Event: 2.461 Loading class java/util/stream/IntPipeline$Head done
Event: 2.544 Loading class sun/nio/ch/FileLockImpl
Event: 2.544 Loading class sun/nio/ch/FileLockImpl done
Event: 2.544 Loading class sun/nio/ch/FileLockTable
Event: 2.544 Loading class sun/nio/ch/FileLockTable done
Event: 2.544 Loading class sun/nio/ch/FileKey
Event: 2.544 Loading class sun/nio/ch/FileKey done
Event: 2.544 Loading class sun/nio/ch/FileLockTable$FileLockReference
Event: 2.545 Loading class sun/nio/ch/FileLockTable$FileLockReference done
Event: 2.545 Loading class java/util/AbstractMap$2
Event: 2.545 Loading class java/util/AbstractMap$2 done
Event: 2.545 Loading class java/util/AbstractMap$ValueIterator
Event: 2.545 Loading class java/util/AbstractMap$ValueIterator done
Event: 2.583 Loading class java/util/stream/Streams$RangeIntSpliterator
Event: 2.583 Loading class java/util/stream/Streams$RangeIntSpliterator done

Classes unloaded (0 events):
No events

Classes redefined (0 events):
No events

Internal exceptions (20 events):
Event: 0.738 Thread 0x00007efe4802b650 Exception <a 'java/lang/NoSuchMethodError'{0x00000006f86639b8}: 'int java.lang.invoke.DirectMethodHandle$Holder.invokeStaticInit(java.lang.Object, java.lang.Object)'> (0x00000006f86639b8) 
thrown [src/hotspot/share/interpreter/linkResolver.cpp, line 803]
Event: 0.748 Thread 0x00007efe4802b650 Exception <a 'java/lang/NoClassDefFoundError'{0x00000006f869d370}: javax/enterprise/inject/Typed> (0x00000006f869d370) 
thrown [src/hotspot/share/classfile/systemDictionary.cpp, line 316]
Event: 1.735 Thread 0x00007efe4802b650 Exception <a 'java/lang/NoSuchMethodError'{0x00000006f97f9ac0}: 'void java.lang.invoke.DirectMethodHandle$Holder.invokeStaticInit(java.lang.Object, java.lang.Object, java.lang.Object)'> (0x00000006f97f9ac0) 
thrown [src/hotspot/share/interpreter/linkResolver.cpp, line 803]
Event: 1.743 Thread 0x00007efe4802b650 Exception <a 'java/lang/ExceptionInInitializerError'{0x00000006f90490c0}> (0x00000006f90490c0) 
thrown [src/hotspot/share/oops/instanceKlass.cpp, line 1355]
Event: 1.760 Thread 0x00007efe4802b650 Exception <a 'java/lang/NoSuchMethodError'{0x00000006f90b5f00}: 'long java.lang.invoke.DelegatingMethodHandle$Holder.reinvoke_L(java.lang.Object, java.lang.Object, java.lang.Object)'> (0x00000006f90b5f00) 
thrown [src/hotspot/share/interpreter/linkResolver.cpp, line 803]
Event: 1.778 Thread 0x00007efe4802b650 Exception <a 'java/lang/NoSuchMethodError'{0x00000006f9136d18}: 'long java.lang.invoke.DelegatingMethodHandle$Holder.reinvoke_L(java.lang.Object, java.lang.Object, int)'> (0x00000006f9136d18) 
thrown [src/hotspot/share/interpreter/linkResolver.cpp, line 803]
Event: 1.783 Thread 0x00007efe4802b650 Exception <a 'java/lang/NoSuchMethodError'{0x00000006f914eeb0}: 'java.lang.Object java.lang.invoke.DirectMethodHandle$Holder.invokeStatic(java.lang.Object, java.lang.Object, java.lang.Object, java.lang.Object, int)'> (0x00000006f914eeb0) 
thrown [src/hotspot/share/interpreter/linkResolver.cpp, line 803]
Event: 1.785 Thread 0x00007efe4802b650 Exception <a 'java/lang/NoSuchMethodError'{0x00000006f9160698}: 'java.lang.Object java.lang.invoke.DirectMethodHandle$Holder.invokeSpecial(java.lang.Object, java.lang.Object, java.lang.Object, java.lang.Object, long)'> (0x00000006f9160698) 
thrown [src/hotspot/share/interpreter/linkResolver.cpp, line 803]
Event: 1.792 Thread 0x00007efe4802b650 Exception <a 'java/lang/NoSuchMethodError'{0x00000006f91b1810}: 'java.lang.Object java.lang.invoke.Invokers$Holder.invokeExact_MT(java.lang.Object, java.lang.Object, java.lang.Object, java.lang.Object, java.lang.Object, java.lang.Object)'> (0x00000006f91b1810) 
thrown [src/hotspot/share/interpreter/linkResolver.cpp, line 803]
Event: 1.796 Thread 0x00007efe4802b650 Implicit null exception at 0x00007efe37f4321a to 0x00007efe37f433ac
Event: 1.799 Thread 0x00007efe4802b650 Exception <a 'java/lang/NoSuchMethodError'{0x00000006f91d0f28}: 'java.lang.Object java.lang.invoke.Invokers$Holder.invokeExact_MT(java.lang.Object, int, java.lang.Object)'> (0x00000006f91d0f28) 
thrown [src/hotspot/share/interpreter/linkResolver.cpp, line 803]
Event: 2.103 Thread 0x00007efe4802b650 Exception <a 'java/lang/NoSuchMethodError'{0x00000006f89a4278}: 'void java.lang.invoke.Invokers$Holder.invokeExact_MT(java.lang.Object, java.lang.Object, java.lang.Object, java.lang.Object)'> (0x00000006f89a4278) 
thrown [src/hotspot/share/interpreter/linkResolver.cpp, line 803]
Event: 2.128 Thread 0x00007efe4802b650 Exception <a 'java/lang/NoClassDefFoundError'{0x00000006f8a22f60}: com/google/inject/servlet/ServletModuleTargetVisitor> (0x00000006f8a22f60) 
thrown [src/hotspot/share/classfile/systemDictionary.cpp, line 316]
Event: 2.218 Thread 0x00007efe4802b650 Exception <a 'java/lang/NoSuchMethodError'{0x00000006f84d01e0}: 'void java.lang.invoke.DirectMethodHandle$Holder.invokeVirtual(java.lang.Object, java.lang.Object)'> (0x00000006f84d01e0) 
thrown [src/hotspot/share/interpreter/linkResolver.cpp, line 803]
Event: 2.422 Thread 0x00007efe4802b650 Exception <a 'java/lang/NoSuchMethodError'{0x00000006f820d3e8}: 'void java.lang.invoke.DirectMethodHandle$Holder.invokeSpecial(java.lang.Object, java.lang.Object, java.lang.Object, java.lang.Object, java.lang.Object)'> (0x00000006f820d3e8) 
thrown [src/hotspot/share/interpreter/linkResolver.cpp, line 803]
Event: 2.427 Thread 0x00007efe4802b650 Exception <a 'java/lang/NoSuchMethodError'{0x00000006f8243320}: 'java.lang.Object java.lang.invoke.DirectMethodHandle$Holder.invokeVirtual(java.lang.Object, java.lang.Object, java.lang.Object)'> (0x00000006f8243320) 
thrown [src/hotspot/share/interpreter/linkResolver.cpp, line 803]
Event: 2.431 Thread 0x00007efe4802b650 Exception <a 'java/lang/NoSuchMethodError'{0x00000006f826a728}: 'void java.lang.invoke.DirectMethodHandle$Holder.invokeSpecial(java.lang.Object, java.lang.Object, java.lang.Object, java.lang.Object, java.lang.Object, java.lang.Object)'> (0x00000006f826a728) 
thrown [src/hotspot/share/interpreter/linkResolver.cpp, line 803]
Event: 2.470 Thread 0x00007efe4802b650 Exception <a 'java/lang/NoSuchMethodError'{0x00000006f838aa00}: 'void java.lang.invoke.DirectMethodHandle$Holder.invokeVirtual(java.lang.Object, java.lang.Object, int)'> (0x00000006f838aa00) 
thrown [src/hotspot/share/interpreter/linkResolver.cpp, line 803]
Event: 2.470 Thread 0x00007efe4802b650 Exception <a 'java/lang/NoSuchMethodError'{0x00000006f83931f0}: 'void java.lang.invoke.DirectMethodHandle$Holder.invokeSpecial(java.lang.Object, java.lang.Object, java.lang.Object, int)'> (0x00000006f83931f0) 
thrown [src/hotspot/share/interpreter/linkResolver.cpp, line 803]
Event: 2.471 Thread 0x00007efe4802b650 Exception <a 'java/lang/NoSuchMethodError'{0x00000006f839b588}: 'void java.lang.invoke.DelegatingMethodHandle$Holder.reinvoke_L(java.lang.Object, java.lang.Object, int)'> (0x00000006f839b588) 
thrown [src/hotspot/share/interpreter/linkResolver.cpp, line 803]

VM Operations (20 events):
Event: 1.794 Executing non-safepoint VM operation: HandshakeAllThreads (Deoptimize)
Event: 1.794 Executing non-safepoint VM operation: HandshakeAllThreads (Deoptimize) done
Event: 1.840 Executing non-safepoint VM operation: HandshakeAllThreads (Deoptimize)
Event: 1.840 Executing non-safepoint VM operation: HandshakeAllThreads (Deoptimize) done
Event: 1.842 Executing non-safepoint VM operation: HandshakeAllThreads (Deoptimize)
Event: 1.842 Executing non-safepoint VM operation: HandshakeAllThreads (Deoptimize) done
Event: 1.901 Executing non-safepoint VM operation: HandshakeAllThreads (Deoptimize)
Event: 1.901 Executing non-safepoint VM operation: HandshakeAllThreads (Deoptimize) done
Event: 2.097 Executing non-safepoint VM operation: HandshakeAllThreads (Deoptimize)
Event: 2.097 Executing non-safepoint VM operation: HandshakeAllThreads (Deoptimize) done
Event: 2.232 Executing non-safepoint VM operation: HandshakeAllThreads (Deoptimize)
Event: 2.232 Executing non-safepoint VM operation: HandshakeAllThreads (Deoptimize) done
Event: 2.271 Executing non-safepoint VM operation: HandshakeAllThreads (Deoptimize)
Event: 2.271 Executing non-safepoint VM operation: HandshakeAllThreads (Deoptimize) done
Event: 2.312 Executing non-safepoint VM operation: HandshakeAllThreads (Deoptimize)
Event: 2.312 Executing non-safepoint VM operation: HandshakeAllThreads (Deoptimize) done
Event: 2.369 Executing non-safepoint VM operation: HandshakeAllThreads (Deoptimize)
Event: 2.369 Executing non-safepoint VM operation: HandshakeAllThreads (Deoptimize) done
Event: 2.371 Executing non-safepoint VM operation: HandshakeAllThreads (Deoptimize)
Event: 2.371 Executing non-safepoint VM operation: HandshakeAllThreads (Deoptimize) done

Memory protections (14 events):
Event: 0.002 Protecting memory [0x00007efe4d500000,0x00007efe4d504000] with protection modes 0
Event: 0.010 Protecting memory [0x0000000080000000,0x0000000080001000] with protection modes 0
Event: 0.023 Protecting memory [0x00007efe286f6000,0x00007efe286fa000] with protection modes 0
Event: 0.023 Protecting memory [0x00007efe283f3000,0x00007efe283f7000] with protection modes 0
Event: 0.024 Protecting memory [0x00007efe282f3000,0x00007efe282f7000] with protection modes 0
Event: 0.024 Protecting memory [0x00007efe281f3000,0x00007efe281f7000] with protection modes 0
Event: 0.024 Protecting memory [0x00007efe280f3000,0x00007efe280f7000] with protection modes 0
Event: 0.024 Protecting memory [0x00007efdfff00000,0x00007efdfff04000] with protection modes 0
Event: 0.024 Protecting memory [0x00007efdf1f00000,0x00007efdf1f04000] with protection modes 0
Event: 0.037 Protecting memory [0x00007efdf1e00000,0x00007efdf1e04000] with protection modes 0
Event: 0.039 Protecting memory [0x00007efdf1d00000,0x00007efdf1d04000] with protection modes 0
Event: 0.098 Protecting memory [0x00007efdf1c00000,0x00007efdf1c04000] with protection modes 0
Event: 0.183 Protecting memory [0x00007efdf1b00000,0x00007efdf1b04000] with protection modes 0
Event: 0.787 Protecting memory [0x00007efdf1b00000,0x00007efdf1b04000] with protection modes 0

Nmethod flushes (0 events):
No events

Events (15 events):
Event: 0.013 Thread 0x00007efe4802b650 Thread added: 0x00007efe4802b650
Event: 0.023 Thread 0x00007efe4802b650 Thread added: 0x00007efe480c8cb0
Event: 0.023 Thread 0x00007efe4802b650 Thread added: 0x00007efe480c9ea0
Event: 0.024 Thread 0x00007efe4802b650 Thread added: 0x00007efe480cba10
Event: 0.024 Thread 0x00007efe4802b650 Thread added: 0x00007efe480cd330
Event: 0.024 Thread 0x00007efe4802b650 Thread added: 0x00007efe480cebb0
Event: 0.024 Thread 0x00007efe4802b650 Thread added: 0x00007efe480d09b0
Event: 0.024 Thread 0x00007efe4802b650 Thread added: 0x00007efe480d23a0
Event: 0.037 Thread 0x00007efe4802b650 Thread added: 0x00007efe4810be90
Event: 0.039 Thread 0x00007efe4802b650 Thread added: 0x00007efe4810e7e0
Event: 0.098 Thread 0x00007efe480d23a0 Thread added: 0x00007efde00964a0
Event: 0.183 Thread 0x00007efe4802b650 Thread added: 0x00007efe4831a540
Event: 0.202 Thread 0x00007efe4831a540 Thread exited: 0x00007efe4831a540
Event: 0.787 Thread 0x00007efe480d23a0 Thread added: 0x00007efde04142b0
Event: 1.459 Thread 0x00007efde04142b0 Thread exited: 0x00007efde04142b0


Dynamic libraries:
80000000-80001000 ---p 00000000 00:00 0 
80001000-80d8c000 rw-p 00001000 00:22 383280                             /usr/lib/apache-netbeans/jdk/lib/server/classes.jsa
80d8c000-81000000 ---p 00000000 00:00 0 
81000000-81040000 rw-p 00000000 00:00 0 
81040000-81190000 rw-p 00000000 00:00 0 
81190000-c1000000 ---p 00000000 00:00 0 
6e8000000-6f9800000 rw-p 00000000 00:00 0 
6f9800000-7ffc00000 ---p 00000000 00:00 0 
7ffc00000-7ffd21000 rw-p 00dbf000 00:22 383280                           /usr/lib/apache-netbeans/jdk/lib/server/classes.jsa
7ffd21000-800000000 rw-p 00000000 00:00 0 
56408daaf000-56408dab0000 r--p 00000000 00:22 382840                     /usr/lib/apache-netbeans/jdk/bin/java
56408dab0000-56408dab1000 r-xp 00001000 00:22 382840                     /usr/lib/apache-netbeans/jdk/bin/java
56408dab1000-56408dab2000 r--p 00002000 00:22 382840                     /usr/lib/apache-netbeans/jdk/bin/java
56408dab2000-56408dab3000 r--p 00002000 00:22 382840                     /usr/lib/apache-netbeans/jdk/bin/java
56408dab3000-56408dab4000 rw-p 00003000 00:22 382840                     /usr/lib/apache-netbeans/jdk/bin/java
564092150000-564092199000 rw-p 00000000 00:00 0                          [heap]
7efdb4000000-7efdb40bb000 rw-p 00000000 00:00 0 
7efdb40bb000-7efdb8000000 ---p 00000000 00:00 0 
7efdbc000000-7efdbc021000 rw-p 00000000 00:00 0 
7efdbc021000-7efdc0000000 ---p 00000000 00:00 0 
7efdc0000000-7efdc0021000 rw-p 00000000 00:00 0 
7efdc0021000-7efdc4000000 ---p 00000000 00:00 0 
7efdc4000000-7efdc4021000 rw-p 00000000 00:00 0 
7efdc4021000-7efdc8000000 ---p 00000000 00:00 0 
7efdc8000000-7efdc8021000 rw-p 00000000 00:00 0 
7efdc8021000-7efdcc000000 ---p 00000000 00:00 0 
7efdcc000000-7efdcc83c000 rw-p 00000000 00:00 0 
7efdcc83c000-7efdd0000000 ---p 00000000 00:00 0 
7efdd0000000-7efdd053d000 rw-p 00000000 00:00 0 
7efdd053d000-7efdd4000000 ---p 00000000 00:00 0 
7efdd4000000-7efdd4021000 rw-p 00000000 00:00 0 
7efdd4021000-7efdd8000000 ---p 00000000 00:00 0 
7efdd8000000-7efdd8021000 rw-p 00000000 00:00 0 
7efdd8021000-7efddc000000 ---p 00000000 00:00 0 
7efddc000000-7efddc9f9000 rw-p 00000000 00:00 0 
7efddc9f9000-7efde0000000 ---p 00000000 00:00 0 
7efde0000000-7efde06c3000 rw-p 00000000 00:00 0 
7efde06c3000-7efde4000000 ---p 00000000 00:00 0 
7efde4000000-7efde4021000 rw-p 00000000 00:00 0 
7efde4021000-7efde8000000 ---p 00000000 00:00 0 
7efde8000000-7efde8021000 rw-p 00000000 00:00 0 
7efde8021000-7efdec000000 ---p 00000000 00:00 0 
7efdec000000-7efdec021000 rw-p 00000000 00:00 0 
7efdec021000-7efdf0000000 ---p 00000000 00:00 0 
7efdf12fb000-7efdf12fc000 ---p 00000000 00:00 0 
7efdf12fc000-7efdf13fc000 rw-p 00000000 00:00 0 
7efdf13fc000-7efdf13fd000 ---p 00000000 00:00 0 
7efdf13fd000-7efdf14fd000 rw-p 00000000 00:00 0 
7efdf14fd000-7efdf14fe000 ---p 00000000 00:00 0 
7efdf14fe000-7efdf15fe000 rw-p 00000000 00:00 0 
7efdf15fe000-7efdf15ff000 ---p 00000000 00:00 0 
7efdf15ff000-7efdf16ff000 rw-p 00000000 00:00 0 
7efdf16ff000-7efdf1700000 ---p 00000000 00:00 0 
7efdf1700000-7efdf1800000 rw-p 00000000 00:00 0 
7efdf1800000-7efdf1803000 r-xp 00000000 00:2b 1533                       /tmp/jansi-2.4.2-3b75260d7850ca15-libjansi.so
7efdf1803000-7efdf1a02000 ---p 00003000 00:2b 1533                       /tmp/jansi-2.4.2-3b75260d7850ca15-libjansi.so
7efdf1a02000-7efdf1a03000 r--p 00002000 00:2b 1533                       /tmp/jansi-2.4.2-3b75260d7850ca15-libjansi.so
7efdf1a03000-7efdf1a04000 rw-p 00003000 00:2b 1533                       /tmp/jansi-2.4.2-3b75260d7850ca15-libjansi.so
7efdf1b00000-7efdf1b04000 ---p 00000000 00:00 0 
7efdf1b04000-7efdf1c00000 rw-p 00000000 00:00 0 
7efdf1c00000-7efdf1c04000 ---p 00000000 00:00 0 
7efdf1c04000-7efdf1d00000 rw-p 00000000 00:00 0 
7efdf1d00000-7efdf1d04000 ---p 00000000 00:00 0 
7efdf1d04000-7efdf1e00000 rw-p 00000000 00:00 0 
7efdf1e00000-7efdf1e04000 ---p 00000000 00:00 0 
7efdf1e04000-7efdf1f00000 rw-p 00000000 00:00 0 
7efdf1f00000-7efdf1f04000 ---p 00000000 00:00 0 
7efdf1f04000-7efdf2000000 rw-p 00000000 00:00 0 
7efdf2000000-7efdffe70000 r--p 00000000 00:22 1467629                    /usr/lib/locale/locale-archive
7efdfff00000-7efdfff04000 ---p 00000000 00:00 0 
7efdfff04000-7efe00000000 rw-p 00000000 00:00 0 
7efe00000000-7efe00380000 rw-p 00000000 00:00 0 
7efe00380000-7efe00400000 ---p 00000000 00:00 0 
7efe00400000-7efe00df0000 rw-p 00000000 00:00 0 
7efe00df0000-7efe04000000 ---p 00000000 00:00 0 
7efe04000000-7efe04021000 rw-p 00000000 00:00 0 
7efe04021000-7efe08000000 ---p 00000000 00:00 0 
7efe08000000-7efe08021000 rw-p 00000000 00:00 0 
7efe08021000-7efe0c000000 ---p 00000000 00:00 0 
7efe0c000000-7efe0c021000 rw-p 00000000 00:00 0 
7efe0c021000-7efe10000000 ---p 00000000 00:00 0 
7efe10000000-7efe10021000 rw-p 00000000 00:00 0 
7efe10021000-7efe14000000 ---p 00000000 00:00 0 
7efe14000000-7efe14021000 rw-p 00000000 00:00 0 
7efe14021000-7efe18000000 ---p 00000000 00:00 0 
7efe18000000-7efe18021000 rw-p 00000000 00:00 0 
7efe18021000-7efe1c000000 ---p 00000000 00:00 0 
7efe1c000000-7efe1c021000 rw-p 00000000 00:00 0 
7efe1c021000-7efe20000000 ---p 00000000 00:00 0 
7efe20000000-7efe20021000 rw-p 00000000 00:00 0 
7efe20021000-7efe24000000 ---p 00000000 00:00 0 
7efe24000000-7efe24021000 rw-p 00000000 00:00 0 
7efe24021000-7efe28000000 ---p 00000000 00:00 0 
7efe280f3000-7efe280f7000 ---p 00000000 00:00 0 
7efe280f7000-7efe281f3000 rw-p 00000000 00:00 0 
7efe281f3000-7efe281f7000 ---p 00000000 00:00 0 
7efe281f7000-7efe282f3000 rw-p 00000000 00:00 0 
7efe282f3000-7efe282f7000 ---p 00000000 00:00 0 
7efe282f7000-7efe283f3000 rw-p 00000000 00:00 0 
7efe283f3000-7efe283f7000 ---p 00000000 00:00 0 
7efe283f7000-7efe284f3000 rw-p 00000000 00:00 0 
7efe284f3000-7efe284f4000 ---p 00000000 00:00 0 
7efe284f4000-7efe285f4000 rw-p 00000000 00:00 0 
7efe285f4000-7efe285f5000 ---p 00000000 00:00 0 
7efe285f5000-7efe286f5000 rw-p 00000000 00:00 0 
7efe286f5000-7efe286f6000 ---p 00000000 00:00 0 
7efe286f6000-7efe286fa000 ---p 00000000 00:00 0 
7efe286fa000-7efe287f6000 rw-p 00000000 00:00 0 
7efe287f6000-7efe287f7000 ---p 00000000 00:00 0 
7efe287f7000-7efe288f7000 rw-p 00000000 00:00 0 
7efe288f7000-7efe288f8000 ---p 00000000 00:00 0 
7efe288f8000-7efe289f8000 rw-p 00000000 00:00 0 
7efe289f8000-7efe2b200000 rw-p 00000000 00:00 0 
7efe2b2e1000-7efe2b2e3000 r--p 00000000 00:22 383271                     /usr/lib/apache-netbeans/jdk/lib/libzip.so
7efe2b2e3000-7efe2b2f5000 r-xp 00002000 00:22 383271                     /usr/lib/apache-netbeans/jdk/lib/libzip.so
7efe2b2f5000-7efe2b2fd000 r--p 00014000 00:22 383271                     /usr/lib/apache-netbeans/jdk/lib/libzip.so
7efe2b2fd000-7efe2b2fe000 r--p 0001b000 00:22 383271                     /usr/lib/apache-netbeans/jdk/lib/libzip.so
7efe2b2fe000-7efe2b2ff000 rw-p 0001c000 00:22 383271                     /usr/lib/apache-netbeans/jdk/lib/libzip.so
7efe2b2ff000-7efe2b300000 ---p 00000000 00:00 0 
7efe2b300000-7efe2b400000 rw-p 00000000 00:00 0 
7efe2b400000-7efe2b860000 rw-p 00000000 00:00 0 
7efe2b860000-7efe2f9f0000 ---p 00000000 00:00 0 
7efe2f9f0000-7efe2fa00000 rw-p 00000000 00:00 0 
7efe2fa07000-7efe2fa0b000 r--p 00000000 00:22 383270                     /usr/lib/apache-netbeans/jdk/lib/libverify.so
7efe2fa0b000-7efe2fa14000 r-xp 00004000 00:22 383270                     /usr/lib/apache-netbeans/jdk/lib/libverify.so
7efe2fa14000-7efe2fa16000 r--p 0000d000 00:22 383270                     /usr/lib/apache-netbeans/jdk/lib/libverify.so
7efe2fa16000-7efe2fa18000 r--p 0000e000 00:22 383270                     /usr/lib/apache-netbeans/jdk/lib/libverify.so
7efe2fa18000-7efe2fa19000 rw-p 00010000 00:22 383270                     /usr/lib/apache-netbeans/jdk/lib/libverify.so
7efe2fa19000-7efe2fa1c000 r--p 00000000 00:22 383261                     /usr/lib/apache-netbeans/jdk/lib/libnet.so
7efe2fa1c000-7efe2fa24000 r-xp 00003000 00:22 383261                     /usr/lib/apache-netbeans/jdk/lib/libnet.so
7efe2fa24000-7efe2fa26000 r--p 0000b000 00:22 383261                     /usr/lib/apache-netbeans/jdk/lib/libnet.so
7efe2fa26000-7efe2fa27000 r--p 0000c000 00:22 383261                     /usr/lib/apache-netbeans/jdk/lib/libnet.so
7efe2fa27000-7efe2fa28000 rw-p 0000d000 00:22 383261                     /usr/lib/apache-netbeans/jdk/lib/libnet.so
7efe2fa28000-7efe2fa30000 r--p 00000000 00:22 383262                     /usr/lib/apache-netbeans/jdk/lib/libnio.so
7efe2fa30000-7efe2fa39000 r-xp 00008000 00:22 383262                     /usr/lib/apache-netbeans/jdk/lib/libnio.so
7efe2fa39000-7efe2fa3d000 r--p 00011000 00:22 383262                     /usr/lib/apache-netbeans/jdk/lib/libnio.so
7efe2fa3d000-7efe2fa3e000 r--p 00015000 00:22 383262                     /usr/lib/apache-netbeans/jdk/lib/libnio.so
7efe2fa3e000-7efe2fa3f000 rw-p 00016000 00:22 383262                     /usr/lib/apache-netbeans/jdk/lib/libnio.so
7efe2fa3f000-7efe2fa40000 ---p 00000000 00:00 0 
7efe2fa40000-7efe2fb40000 rw-p 00000000 00:00 0 
7efe2fb40000-7efe2fbcc000 rw-p 00000000 00:00 0 
7efe2fbcc000-7efe303fe000 ---p 00000000 00:00 0 
7efe303fe000-7efe30400000 rw-p 00000000 00:00 0 
7efe30400000-7efe30950000 rwxp 00000000 00:00 0 
7efe30950000-7efe37937000 ---p 00000000 00:00 0 
7efe37937000-7efe37ba7000 rwxp 00000000 00:00 0 
7efe37ba7000-7efe37ec8000 ---p 00000000 00:00 0 
7efe37ec8000-7efe38138000 rwxp 00000000 00:00 0 
7efe38138000-7efe3f400000 ---p 00000000 00:00 0 
7efe3f400000-7efe47f19000 r--s 00000000 00:22 383272                     /usr/lib/apache-netbeans/jdk/lib/modules
7efe47f24000-7efe487fe000 rw-p 00000000 00:00 0 
7efe487fe000-7efe4c000000 ---p 00000000 00:00 0 
7efe4c004000-7efe4c005000 r--p 00000000 00:22 383267                     /usr/lib/apache-netbeans/jdk/lib/libsimdsort.so
7efe4c005000-7efe4c03e000 r-xp 00001000 00:22 383267                     /usr/lib/apache-netbeans/jdk/lib/libsimdsort.so
7efe4c03e000-7efe4c044000 r--p 0003a000 00:22 383267                     /usr/lib/apache-netbeans/jdk/lib/libsimdsort.so
7efe4c044000-7efe4c045000 r--p 0003f000 00:22 383267                     /usr/lib/apache-netbeans/jdk/lib/libsimdsort.so
7efe4c045000-7efe4c046000 rw-p 00040000 00:22 383267                     /usr/lib/apache-netbeans/jdk/lib/libsimdsort.so
7efe4c046000-7efe4c087000 rw-p 00000000 00:00 0 
7efe4c087000-7efe4c088000 ---p 00000000 00:00 0 
7efe4c088000-7efe4c188000 rw-p 00000000 00:00 0 
7efe4c188000-7efe4c281000 rw-p 00000000 00:00 0 
7efe4c281000-7efe4cab3000 ---p 00000000 00:00 0 
7efe4cab3000-7efe4d2e6000 rw-p 00000000 00:00 0 
7efe4d2e6000-7efe4d3cc000 ---p 00000000 00:00 0 
7efe4d3cc000-7efe4d3d7000 rw-p 00000000 00:00 0 
7efe4d3d7000-7efe4d4b7000 ---p 00000000 00:00 0 
7efe4d4b7000-7efe4d4c5000 r--p 00000000 00:22 383247                     /usr/lib/apache-netbeans/jdk/lib/libjava.so
7efe4d4c5000-7efe4d4d3000 r-xp 0000e000 00:22 383247                     /usr/lib/apache-netbeans/jdk/lib/libjava.so
7efe4d4d3000-7efe4d4d8000 r--p 0001c000 00:22 383247                     /usr/lib/apache-netbeans/jdk/lib/libjava.so
7efe4d4d8000-7efe4d4d9000 r--p 00021000 00:22 383247                     /usr/lib/apache-netbeans/jdk/lib/libjava.so
7efe4d4d9000-7efe4d4da000 rw-p 00022000 00:22 383247                     /usr/lib/apache-netbeans/jdk/lib/libjava.so
7efe4d4da000-7efe4d4db000 rw-p 00000000 00:00 0 
7efe4d4db000-7efe4d4df000 r--p 00000000 00:22 383251                     /usr/lib/apache-netbeans/jdk/lib/libjimage.so
7efe4d4df000-7efe4d4f7000 r-xp 00004000 00:22 383251                     /usr/lib/apache-netbeans/jdk/lib/libjimage.so
7efe4d4f7000-7efe4d4fd000 r--p 0001c000 00:22 383251                     /usr/lib/apache-netbeans/jdk/lib/libjimage.so
7efe4d4fd000-7efe4d4ff000 r--p 00021000 00:22 383251                     /usr/lib/apache-netbeans/jdk/lib/libjimage.so
7efe4d4ff000-7efe4d500000 rw-p 00023000 00:22 383251                     /usr/lib/apache-netbeans/jdk/lib/libjimage.so
7efe4d500000-7efe4d504000 ---p 00000000 00:00 0 
7efe4d504000-7efe4d600000 rw-p 00000000 00:00 0 
7efe4d600000-7efe4d8e2000 r--p 00000000 00:22 383285                     /usr/lib/apache-netbeans/jdk/lib/server/libjvm.so
7efe4d8e2000-7efe4e8e2000 r-xp 002e2000 00:22 383285                     /usr/lib/apache-netbeans/jdk/lib/server/libjvm.so
7efe4e8e2000-7efe4ebf2000 r--p 012e2000 00:22 383285                     /usr/lib/apache-netbeans/jdk/lib/server/libjvm.so
7efe4ebf2000-7efe4ecdd000 r--p 015f2000 00:22 383285                     /usr/lib/apache-netbeans/jdk/lib/server/libjvm.so
7efe4ecdd000-7efe4ed08000 rw-p 016dd000 00:22 383285                     /usr/lib/apache-netbeans/jdk/lib/server/libjvm.so
7efe4ed08000-7efe4ed84000 rw-p 00000000 00:00 0 
7efe4ed88000-7efe4ed8f000 r--s 00000000 00:22 1505679                    /usr/lib64/gconv/gconv-modules.cache
7efe4ed8f000-7efe4ed94000 rw-p 00000000 00:00 0 
7efe4ed94000-7efe4ed9b000 ---p 00000000 00:00 0 
7efe4ed9b000-7efe4ee18000 r-xp 00000000 00:22 1467676                    /usr/lib64/libm.so.6
7efe4ee18000-7efe4ee88000 r--p 0007d000 00:22 1467676                    /usr/lib64/libm.so.6
7efe4ee88000-7efe4ee89000 r--p 000ec000 00:22 1467676                    /usr/lib64/libm.so.6
7efe4ee89000-7efe4ee8a000 rw-p 000ed000 00:22 1467676                    /usr/lib64/libm.so.6
7efe4ee8a000-7efe4ee8b000 r-xp 00000000 00:22 1467684                    /usr/lib64/librt.so.1
7efe4ee8b000-7efe4ee8c000 r--p 00001000 00:22 1467684                    /usr/lib64/librt.so.1
7efe4ee8c000-7efe4ee8d000 r--p 00001000 00:22 1467684                    /usr/lib64/librt.so.1
7efe4ee8d000-7efe4ee90000 rw-p 00000000 00:00 0 
7efe4ee90000-7efe4ee91000 r-xp 00000000 00:22 1467682                    /usr/lib64/libpthread.so.0
7efe4ee91000-7efe4ee92000 r--p 00001000 00:22 1467682                    /usr/lib64/libpthread.so.0
7efe4ee92000-7efe4ee93000 r--p 00001000 00:22 1467682                    /usr/lib64/libpthread.so.0
7efe4ee93000-7efe4ee94000 rw-p 00000000 00:00 0 
7efe4ee94000-7efe4ee95000 r-xp 00000000 00:22 1467675                    /usr/lib64/libdl.so.2
7efe4ee95000-7efe4ee96000 r--p 00001000 00:22 1467675                    /usr/lib64/libdl.so.2
7efe4ee96000-7efe4ee97000 r--p 00001000 00:22 1467675                    /usr/lib64/libdl.so.2
7efe4ee97000-7efe4ee98000 rw-p 00000000 00:00 0 
7efe4ee98000-7efe4f006000 r-xp 00000000 00:22 1467674                    /usr/lib64/libc.so.6
7efe4f006000-7efe4f07b000 r--p 0016e000 00:22 1467674                    /usr/lib64/libc.so.6
7efe4f07b000-7efe4f07f000 r--p 001e2000 00:22 1467674                    /usr/lib64/libc.so.6
7efe4f07f000-7efe4f081000 rw-p 001e6000 00:22 1467674                    /usr/lib64/libc.so.6
7efe4f081000-7efe4f089000 rw-p 00000000 00:00 0 
7efe4f08d000-7efe4f08e000 r-xp 00000000 00:22 1467686                    /usr/lib64/libutil.so.1
7efe4f08e000-7efe4f08f000 r--p 00001000 00:22 1467686                    /usr/lib64/libutil.so.1
7efe4f08f000-7efe4f090000 r--p 00001000 00:22 1467686                    /usr/lib64/libutil.so.1
7efe4f090000-7efe4f091000 rw-p 00000000 00:00 0 
7efe4f091000-7efe4f099000 rw-s 00000000 00:2b 1531                       /tmp/hsperfdata_bilal/34627
7efe4f099000-7efe4f09a000 ---p 00000000 00:00 0 
7efe4f09a000-7efe4f09b000 r--p 00000000 00:00 0 
7efe4f09b000-7efe4f09c000 ---p 00000000 00:00 0 
7efe4f09c000-7efe4f09f000 r--p 00000000 00:22 383252                     /usr/lib/apache-netbeans/jdk/lib/libjli.so
7efe4f09f000-7efe4f0b0000 r-xp 00003000 00:22 383252                     /usr/lib/apache-netbeans/jdk/lib/libjli.so
7efe4f0b0000-7efe4f0b7000 r--p 00014000 00:22 383252                     /usr/lib/apache-netbeans/jdk/lib/libjli.so
7efe4f0b7000-7efe4f0b8000 r--p 0001a000 00:22 383252                     /usr/lib/apache-netbeans/jdk/lib/libjli.so
7efe4f0b8000-7efe4f0b9000 rw-p 0001b000 00:22 383252                     /usr/lib/apache-netbeans/jdk/lib/libjli.so
7efe4f0b9000-7efe4f0bb000 rw-p 00000000 00:00 0 
7efe4f0bb000-7efe4f0bd000 r--p 00000000 00:00 0                          [vvar]
7efe4f0bd000-7efe4f0bf000 r--p 00000000 00:00 0                          [vvar_vclock]
7efe4f0bf000-7efe4f0c1000 r-xp 00000000 00:00 0                          [vdso]
7efe4f0c1000-7efe4f0ea000 r-xp 00000000 00:22 1467671                    /usr/lib64/ld-linux-x86-64.so.2
7efe4f0ea000-7efe4f0f5000 r--p 00029000 00:22 1467671                    /usr/lib64/ld-linux-x86-64.so.2
7efe4f0f5000-7efe4f0f7000 r--p 00034000 00:22 1467671                    /usr/lib64/ld-linux-x86-64.so.2
7efe4f0f7000-7efe4f0f8000 rw-p 00036000 00:22 1467671                    /usr/lib64/ld-linux-x86-64.so.2
7efe4f0f8000-7efe4f0f9000 rw-p 00000000 00:00 0 
7ffe026ff000-7ffe02720000 rw-p 00000000 00:00 0                          [stack]
ffffffffff600000-ffffffffff601000 --xp 00000000 00:00 0                  [vsyscall]
Total number of mappings: 233

JVMTI agents: none


VM Arguments:
jvm_args: --enable-native-access=ALL-UNNAMED -Dclassworlds.conf=/usr/lib/apache-netbeans/java/maven/bin/m2.conf -Dmaven.home=/usr/lib/apache-netbeans/java/maven -Dlibrary.jansi.path=/usr/lib/apache-netbeans/java/maven/lib/jansi-native -Dmaven.multiModuleProjectDirectory=/home/bilal/NetBeansProjects/Project-UAS-PBO-Restaurant 
java_command: org.codehaus.plexus.classworlds.launcher.Launcher -Dmaven.ext.class.path=/usr/lib/apache-netbeans/java/maven-nblib/netbeans-eventspy.jar --no-transfer-progress clean install
java_class_path (initial): /usr/lib/apache-netbeans/java/maven/boot/plexus-classworlds-2.9.0.jar
Launcher Type: SUN_STANDARD

[Global flags]
     intx CICompilerCount                          = 4                                         {product} {ergonomic}
     uint ConcGCThreads                            = 2                                         {product} {ergonomic}
     uint G1ConcRefinementThreads                  = 8                                         {product} {ergonomic}
   size_t G1HeapRegionSize                         = 4194304                                   {product} {ergonomic}
   size_t InitialHeapSize                          = 293601280                                 {product} {ergonomic}
   size_t MarkStackSize                            = 4194304                                   {product} {ergonomic}
   size_t MarkStackSizeMax                         = 536870912                                 {product} {ergonomic}
   size_t MaxHeapSize                              = 4697620480                                {product} {ergonomic}
   size_t MaxNewSize                               = 2818572288                                {product} {ergonomic}
   size_t MinHeapDeltaBytes                        = 4194304                                   {product} {ergonomic}
   size_t MinHeapSize                              = 8388608                                   {product} {ergonomic}
    uintx NonNMethodCodeHeapSize                   = 5836800                                {pd product} {ergonomic}
    uintx NonProfiledCodeHeapSize                  = 122912768                              {pd product} {ergonomic}
    uintx ProfiledCodeHeapSize                     = 122908672                              {pd product} {ergonomic}
    uintx ReservedCodeCacheSize                    = 251658240                              {pd product} {ergonomic}
     bool SegmentedCodeCache                       = true                                      {product} {ergonomic}
   size_t SoftMaxHeapSize                          = 4697620480                             {manageable} {ergonomic}
     bool UseCompressedOops                        = true                           {product lp64_product} {ergonomic}
     bool UseG1GC                                  = true                                      {product} {ergonomic}

Logging:
Log output configuration:
 #0: stdout all=warning uptime,level,tags foldmultilines=false
 #1: stderr all=off uptime,level,tags foldmultilines=false

Release file:
IMPLEMENTOR="Eclipse Adoptium"
IMPLEMENTOR_VERSION="Temurin-25.0.1+8"
JAVA_RUNTIME_VERSION="25.0.1+8-LTS"
JAVA_VERSION="25.0.1"
JAVA_VERSION_DATE="2025-10-21"
LIBC="gnu"
MODULES="java.base java.compiler java.datatransfer java.xml java.prefs java.desktop java.instrument java.logging java.management java.security.sasl java.naming java.rmi java.management.rmi java.net.http java.scripting java.security.jgss java.transaction.xa java.sql java.sql.rowset java.xml.crypto java.se java.smartcardio jdk.accessibility jdk.internal.jvmstat jdk.attach jdk.charsets jdk.internal.opt jdk.zipfs jdk.compiler jdk.crypto.cryptoki jdk.crypto.ec jdk.dynalink jdk.internal.ed jdk.editpad jdk.internal.vm.ci jdk.graal.compiler jdk.graal.compiler.management jdk.hotspot.agent jdk.httpserver jdk.incubator.vector jdk.internal.le jdk.internal.md jdk.jartool jdk.javadoc jdk.jcmd jdk.management jdk.management.agent jdk.jconsole jdk.jdeps jdk.jdwp.agent jdk.jdi jdk.jfr jdk.jlink jdk.jpackage jdk.jshell jdk.jsobject jdk.jstatd jdk.localedata jdk.management.jfr jdk.naming.dns jdk.naming.rmi jdk.net jdk.nio.mapmode jdk.sctp jdk.security.auth jdk.security.jgss jdk.unsupported jdk.unsupported.desktop jdk.xml.dom"
OS_ARCH="x86_64"
OS_NAME="Linux"
SOURCE=".:git:61d6a2c1b35e"
BUILD_SOURCE="git:839fa0b45d809157cffd3dc8515aad262a4a1776"
BUILD_SOURCE_REPO="https://github.com/adoptium/temurin-build.git"
SOURCE_REPO="https://github.com/adoptium/jdk25u.git"
FULL_VERSION="25.0.1+8-LTS"
SEMANTIC_VERSION="25.0.1+8"
BUILD_INFO="OS: Linux Version: 6.8.0-1036-azure"
JVM_VARIANT="Hotspot"
JVM_VERSION="25.0.1+8-LTS"
IMAGE_TYPE="JDK"

Environment Variables:
JAVA_HOME=/usr/lib/apache-netbeans/jdk
PATH=/home/bilal/.local/bin:/home/bilal/bin:/usr/local/bin:/usr/bin:/var/lib/snapd/snap/bin:/usr/local/sbin
USERNAME=bilal
SHELL=/bin/bash
DISPLAY=:0
LANG=en_US.UTF-8

Active Locale:
LC_ALL=en_US.UTF-8
LC_COLLATE=en_US.UTF-8
LC_CTYPE=en_US.UTF-8
LC_MESSAGES=en_US.UTF-8
LC_MONETARY=en_US.UTF-8
LC_NUMERIC=en_US.UTF-8
LC_TIME=en_US.UTF-8

Signal Handlers:
   SIGSEGV: crash_handler in libjvm.so, mask=11100100010111111101111111111110, flags=SA_RESTART|SA_SIGINFO, unblocked
    SIGBUS: crash_handler in libjvm.so, mask=11100100010111111101111111111110, flags=SA_RESTART|SA_SIGINFO, unblocked
    SIGFPE: crash_handler in libjvm.so, mask=11100100010111111101111111111110, flags=SA_RESTART|SA_SIGINFO, unblocked
   SIGPIPE: javaSignalHandler in libjvm.so, mask=11100100010111111101111111111110, flags=SA_RESTART|SA_SIGINFO, blocked
   SIGXFSZ: javaSignalHandler in libjvm.so, mask=11100100010111111101111111111110, flags=SA_RESTART|SA_SIGINFO, blocked
    SIGILL: crash_handler in libjvm.so, mask=11100100010111111101111111111110, flags=SA_RESTART|SA_SIGINFO, unblocked
   SIGUSR2: SR_handler in libjvm.so, mask=00000000000000000000000000000000, flags=SA_RESTART|SA_SIGINFO, blocked
    SIGHUP: UserHandler in libjvm.so, mask=11100100010111111101111111111110, flags=SA_RESTART|SA_SIGINFO, blocked
    SIGINT: SIG_IGN, mask=00000000000000000000000000000000, flags=none, blocked
   SIGTERM: UserHandler in libjvm.so, mask=11100100010111111101111111111110, flags=SA_RESTART|SA_SIGINFO, blocked
   SIGQUIT: UserHandler in libjvm.so, mask=11100100010111111101111111111110, flags=SA_RESTART|SA_SIGINFO, blocked
   SIGTRAP: crash_handler in libjvm.so, mask=11100100010111111101111111111110, flags=SA_RESTART|SA_SIGINFO, unblocked


Compilation memory statistics disabled.

Periodic native trim disabled

---------------  S Y S T E M  ---------------

OS:
Fedora release 42 (Adams)
uname: Linux 6.14.0-63.fc42.x86_64 #1 SMP PREEMPT_DYNAMIC Mon Mar 24 19:53:37 UTC 2025 x86_64
OS uptime: 0 days 3:26 hours
libc: glibc 2.41 NPTL 2.41 
rlimit (soft/hard): STACK 8192k/infinity , CORE infinity/infinity , NPROC 71241/71241 , NOFILE 524288/524288 , AS infinity/infinity , CPU infinity/infinity , DATA infinity/infinity , FSIZE infinity/infinity , MEMLOCK 8192k/8192k
load average: 2.01 1.86 2.29

/proc/meminfo:
MemTotal:       18336684 kB
MemFree:         1577684 kB
MemAvailable:    6534160 kB
Buffers:             312 kB
Cached:          5477580 kB
SwapCached:        24620 kB
Active:          4941460 kB
Inactive:        5382624 kB
Active(anon):    3018456 kB
Inactive(anon):  2172052 kB
Active(file):    1923004 kB
Inactive(file):  3210572 kB
Unevictable:        6144 kB
Mlocked:            6144 kB
SwapTotal:       8388604 kB
SwapFree:        2265772 kB
Zswap:                 0 kB
Zswapped:              0 kB
Dirty:              4168 kB
Writeback:             0 kB
AnonPages:       4828164 kB
Mapped:          1285224 kB
Shmem:            339356 kB
KReclaimable:     175056 kB
Slab:             481628 kB
SReclaimable:     175056 kB
SUnreclaim:       306572 kB
KernelStack:       29936 kB
PageTables:        80920 kB
SecPageTables:      4240 kB
NFS_Unstable:          0 kB
Bounce:                0 kB
WritebackTmp:          0 kB
CommitLimit:    17556944 kB
Committed_AS:   29031640 kB
VmallocTotal:   34359738367 kB
VmallocUsed:      126520 kB
VmallocChunk:          0 kB
Percpu:             9216 kB
HardwareCorrupted:     0 kB
AnonHugePages:         0 kB
ShmemHugePages:        0 kB
ShmemPmdMapped:        0 kB
FileHugePages:         0 kB
FilePmdMapped:         0 kB
CmaTotal:              0 kB
CmaFree:               0 kB
Unaccepted:            0 kB
HugePages_Total:       0
HugePages_Free:        0
HugePages_Rsvd:        0
HugePages_Surp:        0
Hugepagesize:       2048 kB
Hugetlb:               0 kB
DirectMap4k:      822868 kB
DirectMap2M:    17985536 kB
DirectMap1G:     1048576 kB

/sys/kernel/mm/transparent_hugepage/enabled: always [madvise] never
/sys/kernel/mm/transparent_hugepage/hpage_pmd_size: 2097152
/sys/kernel/mm/transparent_hugepage/shmem_enabled: always within_size advise [never] deny force
/sys/kernel/mm/transparent_hugepage/defrag (defrag/compaction efforts parameter): always defer defer+madvise [madvise] never

Process Memory:
Virtual Size: 8104892K (peak: 8170428K)
Resident Set Size: 151772K (peak: 151772K) (anon: 125184K, file: 26588K, shmem: 0K)
Swapped out: 0K
C-Heap outstanding allocations: 47277K, retained: 13194K
glibc malloc tunables: (default)

/proc/sys/kernel/threads-max (system-wide limit on the number of threads): 142482
/proc/sys/vm/max_map_count (maximum number of memory map areas a process may have): 1048576
/proc/sys/vm/swappiness (control to define how aggressively the kernel swaps out anonymous memory): 60
/proc/sys/kernel/pid_max (system-wide limit on number of process identifiers): 4194304

container information not found.
Steal ticks since vm start: 0
Steal ticks percentage since vm start:  0.000

CPU: total 8 (initial active 8) (8 cores per cpu, 2 threads per core) family 23 model 24 stepping 1 microcode 0x8108109, cx8, cmov, fxsr, ht, mmx, 3dnowpref, sse, sse2, sse3, ssse3, sse4a, sse4.1, sse4.2, popcnt, lzcnt, tsc, tscinvbit, avx, avx2, aes, clmul, bmi1, bmi2, adx, sha, fma, vzeroupper, clflush, clflushopt, rdtscp, f16c
CPU Model and flags from /proc/cpuinfo:
model name	: AMD Ryzen 5 3500U with Radeon Vega Mobile Gfx
flags		: fpu vme de pse tsc msr pae mce cx8 apic sep mtrr pge mca cmov pat pse36 clflush mmx fxsr sse sse2 ht syscall nx mmxext fxsr_opt pdpe1gb rdtscp lm constant_tsc rep_good nopl nonstop_tsc cpuid extd_apicid aperfmperf rapl pni pclmulqdq monitor ssse3 fma cx16 sse4_1 sse4_2 movbe popcnt aes xsave avx f16c rdrand lahf_lm cmp_legacy svm extapic cr8_legacy abm sse4a misalignsse 3dnowprefetch osvw skinit wdt tce topoext perfctr_core perfctr_nb bpext perfctr_llc mwaitx cpb hw_pstate ssbd ibpb vmmcall fsgsbase bmi1 avx2 smep bmi2 rdseed adx smap clflushopt sha_ni xsaveopt xsavec xgetbv1 clzero irperf xsaveerptr arat npt lbrv svm_lock nrip_save tsc_scale vmcb_clean flushbyasid decodeassists pausefilter pfthreshold avic v_vmsave_vmload vgif overflow_recov succor smca sev sev_es

Online cpus: 0-7
Offline cpus: 
BIOS frequency limitation: 2100000
Frequency switch latency (ns): 0
Available cpu frequencies: 2100000 1700000 1400000 
Current governor: schedutil
Core performance/turbo boost: 1

Memory: 4k page, physical 18336684k(6534160k free), swap 8388604k(2265772k free)
Page Sizes: 4k

vm_info: OpenJDK 64-Bit Server VM (25.0.1+8-LTS) for linux-amd64 JRE (25.0.1+8-LTS), built on 2025-10-21T00:00:00Z with gcc 14.2.0

END.
