#
# A fatal error has been detected by the Java Runtime Environment:
#
#  Internal Error (macroAssembler_x86.cpp:442), pid=11095, tid=11132
#  fatal error: DEBUG MESSAGE: illegal bytecode sequence - method not verified
#
# JRE version: OpenJDK Runtime Environment Temurin-25.0.1+8 (25.0.1+8) (build 25.0.1+8-LTS)
# Java VM: OpenJDK 64-Bit Server VM Temurin-25.0.1+8 (25.0.1+8-LTS, mixed mode, sharing, tiered, compressed oops, compressed class ptrs, g1 gc, linux-amd64)
# Problematic frame:
# V  [libjvm.so+0xd49101]  MacroAssembler::debug64(char*, long, long*)+0x41
#
# Core dump will be written. Default location: Core dumps may be processed with "/usr/lib/systemd/systemd-coredump %P %u %g %s %t %c %h" (or dumping to /home/bilal/NetBeansProjects/Project-UAS-PBO-Restaurant/core.11095)
#
# If you would like to submit a bug report, please visit:
#   https://github.com/adoptium/adoptium-support/issues
#

---------------  S U M M A R Y ------------

Command Line: --enable-native-access=ALL-UNNAMED -Dclassworlds.conf=/usr/lib/apache-netbeans/java/maven/bin/m2.conf -Dmaven.home=/usr/lib/apache-netbeans/java/maven -Dlibrary.jansi.path=/usr/lib/apache-netbeans/java/maven/lib/jansi-native -Dmaven.multiModuleProjectDirectory=/home/bilal/NetBeansProjects/Project-UAS-PBO-Restaurant org.codehaus.plexus.classworlds.launcher.Launcher -Dmaven.ext.class.path=/usr/lib/apache-netbeans/java/maven-nblib/netbeans-eventspy.jar --no-transfer-progress clean install

Host: AMD Ryzen 5 3500U with Radeon Vega Mobile Gfx, 8 cores, 17G, Fedora release 42 (Adams)
Time: Thu Jan  8 13:21:18 2026 WIB elapsed time: 4.771804 seconds (0d 0h 0m 4s)

---------------  T H R E A D  ---------------

Current thread (0x00007fb3f402b650):  JavaThread "main"             [_thread_in_Java, id=11132, stack(0x00007fb3fbf00000,0x00007fb3fc000000) (1024K)]

Stack: [0x00007fb3fbf00000,0x00007fb3fc000000],  sp=0x00007fb3fbffd050,  free space=1012k
Native frames: (J=compiled Java code, j=interpreted, Vv=VM code, C=native code)
V  [libjvm.so+0xd49101]  MacroAssembler::debug64(char*, long, long*)+0x41  (macroAssembler_x86.cpp:442)
j  com.sun.tools.javac.comp.Modules.setCompilationUnitModules(Lcom/sun/tools/javac/util/List;Ljava/util/Set;Lcom/sun/tools/javac/code/Symbol$ClassSymbol;)V+1011 jdk.compiler@25.0.1
j  com.sun.tools.javac.comp.Modules.enter(Lcom/sun/tools/javac/util/List;Ljava/util/function/Consumer;Lcom/sun/tools/javac/code/Symbol$ClassSymbol;)Z+95 jdk.compiler@25.0.1
j  com.sun.tools.javac.comp.Modules.initModules(Lcom/sun/tools/javac/util/List;)V+36 jdk.compiler@25.0.1
j  com.sun.tools.javac.main.JavaCompiler.initModules(Lcom/sun/tools/javac/util/List;)Lcom/sun/tools/javac/util/List;+5 jdk.compiler@25.0.1
j  com.sun.tools.javac.main.JavaCompiler.compile(Ljava/util/Collection;Ljava/util/Collection;Ljava/lang/Iterable;Ljava/util/Collection;)V+196 jdk.compiler@25.0.1
j  com.sun.tools.javac.api.JavacTaskImpl.lambda$doCall$0()Lcom/sun/tools/javac/main/Main$Result;+45 jdk.compiler@25.0.1
j  com.sun.tools.javac.api.JavacTaskImpl$$Lambda+0x00000000901e17a0.call()Ljava/lang/Object;+4 jdk.compiler@25.0.1
j  com.sun.tools.javac.api.JavacTaskImpl.invocationHelper(Ljava/util/concurrent/Callable;)Lcom/sun/tools/javac/util/Pair;+20 jdk.compiler@25.0.1
j  com.sun.tools.javac.api.JavacTaskImpl.doCall()Lcom/sun/tools/javac/main/Main$Result;+7 jdk.compiler@25.0.1
j  com.sun.tools.javac.api.JavacTaskImpl.call()Ljava/lang/Boolean;+1 jdk.compiler@25.0.1
j  org.codehaus.plexus.compiler.javac.JavaxToolsCompiler.compileInProcess([Ljava/lang/String;Lorg/codehaus/plexus/compiler/CompilerConfiguration;[Ljava/lang/String;)Lorg/codehaus/plexus/compiler/CompilerResult;+129
j  org.codehaus.plexus.compiler.javac.JavacCompiler.performCompile(Lorg/codehaus/plexus/compiler/CompilerConfiguration;)Lorg/codehaus/plexus/compiler/CompilerResult;+211
j  org.apache.maven.plugin.compiler.AbstractCompilerMojo.execute()V+3204
j  org.apache.maven.plugin.compiler.CompilerMojo.execute()V+44
j  org.apache.maven.plugin.DefaultBuildPluginManager.executeMojo(Lorg/apache/maven/execution/MavenSession;Lorg/apache/maven/plugin/MojoExecution;)V+152
j  org.apache.maven.lifecycle.internal.MojoExecutor.doExecute2(Lorg/apache/maven/execution/MavenSession;Lorg/apache/maven/plugin/MojoExecution;)V+20
j  org.apache.maven.lifecycle.internal.MojoExecutor.doExecute(Lorg/apache/maven/execution/MavenSession;Lorg/apache/maven/plugin/MojoExecution;Lorg/apache/maven/lifecycle/internal/ProjectIndex;Lorg/apache/maven/lifecycle/internal/DependencyContext;)V+40
j  org.apache.maven.lifecycle.internal.MojoExecutor.execute(Lorg/apache/maven/execution/MavenSession;Lorg/apache/maven/plugin/MojoExecution;Lorg/apache/maven/lifecycle/internal/ProjectIndex;Lorg/apache/maven/lifecycle/internal/DependencyContext;)V+183
j  org.apache.maven.lifecycle.internal.MojoExecutor.execute(Lorg/apache/maven/execution/MavenSession;Lorg/apache/maven/plugin/MojoExecution;Lorg/apache/maven/lifecycle/internal/ProjectIndex;Lorg/apache/maven/lifecycle/internal/DependencyContext;Lorg/apache/maven/lifecycle/internal/PhaseRecorder;)V+6
j  org.apache.maven.lifecycle.internal.MojoExecutor.access$000(Lorg/apache/maven/lifecycle/internal/MojoExecutor;Lorg/apache/maven/execution/MavenSession;Lorg/apache/maven/plugin/MojoExecution;Lorg/apache/maven/lifecycle/internal/ProjectIndex;Lorg/apache/maven/lifecycle/internal/DependencyContext;Lorg/apache/maven/lifecycle/internal/PhaseRecorder;)V+8
j  org.apache.maven.lifecycle.internal.MojoExecutor$1.run(Lorg/apache/maven/plugin/MojoExecution;)V+21
j  org.apache.maven.plugin.DefaultMojosExecutionStrategy.execute(Ljava/util/List;Lorg/apache/maven/execution/MavenSession;Lorg/apache/maven/plugin/MojoExecutionRunner;)V+33
j  org.apache.maven.lifecycle.internal.MojoExecutor.execute(Lorg/apache/maven/execution/MavenSession;Ljava/util/List;Lorg/apache/maven/lifecycle/internal/ProjectIndex;)V+72
j  org.apache.maven.lifecycle.internal.LifecycleModuleBuilder.buildProject(Lorg/apache/maven/execution/MavenSession;Lorg/apache/maven/execution/MavenSession;Lorg/apache/maven/lifecycle/internal/ReactorContext;Lorg/apache/maven/project/MavenProject;Lorg/apache/maven/lifecycle/internal/TaskSegment;)V+151
j  org.apache.maven.lifecycle.internal.LifecycleModuleBuilder.buildProject(Lorg/apache/maven/execution/MavenSession;Lorg/apache/maven/lifecycle/internal/ReactorContext;Lorg/apache/maven/project/MavenProject;Lorg/apache/maven/lifecycle/internal/TaskSegment;)V+7
j  org.apache.maven.lifecycle.internal.builder.singlethreaded.SingleThreadedBuilder.build(Lorg/apache/maven/execution/MavenSession;Lorg/apache/maven/lifecycle/internal/ReactorContext;Lorg/apache/maven/lifecycle/internal/ProjectBuildList;Ljava/util/List;Lorg/apache/maven/lifecycle/internal/ReactorBuildStatus;)V+77
j  org.apache.maven.lifecycle.internal.LifecycleStarter.execute(Lorg/apache/maven/execution/MavenSession;)V+343
j  org.apache.maven.DefaultMaven.doExecute(Lorg/apache/maven/execution/MavenExecutionRequest;Lorg/apache/maven/execution/MavenSession;Lorg/apache/maven/execution/MavenExecutionResult;Lorg/eclipse/aether/DefaultRepositorySystemSession;)Lorg/apache/maven/execution/MavenExecutionResult;+418
j  org.apache.maven.DefaultMaven.doExecute(Lorg/apache/maven/execution/MavenExecutionRequest;)Lorg/apache/maven/execution/MavenExecutionResult;+98
j  org.apache.maven.DefaultMaven.execute(Lorg/apache/maven/execution/MavenExecutionRequest;)Lorg/apache/maven/execution/MavenExecutionResult;+2
j  org.apache.maven.cli.MavenCli.execute(Lorg/apache/maven/cli/CliRequest;)I+27
j  org.apache.maven.cli.MavenCli.doMain(Lorg/apache/maven/cli/CliRequest;)I+66
j  org.apache.maven.cli.MavenCli.main([Ljava/lang/String;Lorg/codehaus/plexus/classworlds/ClassWorld;)I+24
j  java.lang.invoke.DirectMethodHandle$Holder.invokeStatic(Ljava/lang/Object;Ljava/lang/Object;Ljava/lang/Object;)I+11 java.base@25.0.1
j  java.lang.invoke.LambdaForm$MH+0x0000000090046000.invoke(Ljava/lang/Object;Ljava/lang/Object;Ljava/lang/Object;Ljava/lang/Object;)Ljava/lang/Object;+54 java.base@25.0.1
j  java.lang.invoke.LambdaForm$MH+0x0000000090046400.invokeExact_MT(Ljava/lang/Object;Ljava/lang/Object;Ljava/lang/Object;Ljava/lang/Object;Ljava/lang/Object;)Ljava/lang/Object;+22 java.base@25.0.1
j  jdk.internal.reflect.DirectMethodHandleAccessor.invokeImpl(Ljava/lang/Object;[Ljava/lang/Object;)Ljava/lang/Object;+72 java.base@25.0.1
j  jdk.internal.reflect.DirectMethodHandleAccessor.invoke(Ljava/lang/Object;[Ljava/lang/Object;)Ljava/lang/Object;+23 java.base@25.0.1
j  java.lang.reflect.Method.invoke(Ljava/lang/Object;[Ljava/lang/Object;)Ljava/lang/Object;+102 java.base@25.0.1
j  org.codehaus.plexus.classworlds.launcher.Launcher.launchEnhanced([Ljava/lang/String;)V+45
j  org.codehaus.plexus.classworlds.launcher.Launcher.launch([Ljava/lang/String;)V+2
j  org.codehaus.plexus.classworlds.launcher.Launcher.mainWithExitCode([Ljava/lang/String;)I+108
j  org.codehaus.plexus.classworlds.launcher.Launcher.main([Ljava/lang/String;)V+1
v  ~StubRoutines::call_stub 0x00007fb3e3937fa6
V  [libjvm.so+0xa21640]  JavaCalls::call_helper(JavaValue*, methodHandle const&, JavaCallArguments*, JavaThread*)+0x2b0
V  [libjvm.so+0xaeb0b6]  jni_invoke_static(JNIEnv_*, JavaValue*, _jobject*, JNICallType, _jmethodID*, JNI_ArgumentPusher*, JavaThread*) [clone .constprop.1]+0x396
V  [libjvm.so+0xaedf71]  jni_CallStaticVoidMethod+0x161
C  [libjli.so+0xa73a]  invokeStaticMainWithArgs+0x4a
C  [libjli.so+0xb7c0]  JavaMain+0xeb0
C  [libjli.so+0xed49]  ThreadJavaMain+0x9
C  [libc.so.6+0x71324]  start_thread+0x2e4
Registers:
RAX=0x00007fb3fdaaa000, RBX=0x00007fb3fd37b538, RCX=0x00007fb3fd304e58, RDX=0x00000000000001ba
RSP=0x00007fb3fbffd050, RBP=0x00007fb3fbffd070, RSI=0x00007fb3fd35e8a8, RDI=0x00000000e0000000
R8 =0x00007fb3fd37b538, R9 =0x00000006ea1ca210, R10=0x00007fb3fd773300, R11=0x00007fb3e3fbd510
R12=0x0000000000000000, R13=0x00007fb3ad316d15, R14=0x00007fb3fbffd148, R15=0x00007fb3f402b650
RIP=0x00007fb3fcd49101, EFLAGS=0x0000000000010246, CSGSFS=0x002b000000000033, ERR=0x0000000000000006
  TRAPNO=0x000000000000000e

XMM[0]=0x0000000000000000 0x0000000041400000
XMM[1]=0x0000000000000000 0x0000000041800000
XMM[2]=0x0000000000000000 0x000000004e800000
XMM[3]=0x00007fb3f402d168 0x00007fb3f402d150
XMM[4]=0x00007fb3f402d168 0x00007fb3f402d150
XMM[5]=0x0000000000000010 0x0000000000000020
XMM[6]=0x00007fb38c3ab2e8 0x00007fb38c3ab190
XMM[7]=0x0000000000000000 0x00007fb3f402b650
XMM[8]=0x0000000000000000 0x0000000000000000
XMM[9]=0x0000000000000005 0x0000000000000005
XMM[10]=0x0000000000000002 0x0000000000000002
XMM[11]=0xffffffffffffffff 0xffffffffffffffff
XMM[12]=0x0000000000000001 0x0000000000000001
XMM[13]=0x0000000000000000 0x00000000933d58d0
XMM[14]=0x0000000000000000 0x0365235df78abda9
XMM[15]=0x0000000000000000 0x0000000000000000
  MXCSR=0x00001fa2


Register to memory mapping:

RAX=0x00007fb3fdaaa000 points into unknown readable memory: 0x0000000000000058 | 58 00 00 00 00 00 00 00
RBX=0x00007fb3fd37b538: <offset 0x000000000137b538> in /usr/lib/apache-netbeans/jdk/lib/server/libjvm.so at 0x00007fb3fc000000
RCX=0x00007fb3fd304e58: <offset 0x0000000001304e58> in /usr/lib/apache-netbeans/jdk/lib/server/libjvm.so at 0x00007fb3fc000000
RDX=0x00000000000001ba is an unknown value
RSP=0x00007fb3fbffd050 is pointing into the stack for thread: 0x00007fb3f402b650
RBP=0x00007fb3fbffd070 is pointing into the stack for thread: 0x00007fb3f402b650
RSI=0x00007fb3fd35e8a8: <offset 0x000000000135e8a8> in /usr/lib/apache-netbeans/jdk/lib/server/libjvm.so at 0x00007fb3fc000000
RDI=0x00000000e0000000 is an unknown value
R8 =0x00007fb3fd37b538: <offset 0x000000000137b538> in /usr/lib/apache-netbeans/jdk/lib/server/libjvm.so at 0x00007fb3fc000000
R9 =0x00000006ea1ca210 is an oop: java.util.LinkedHashMap$Entry 
{0x00000006ea1ca210} - klass: 'java/util/LinkedHashMap$Entry' - flags: 

 - ---- fields (total size 5 words):
 - final 'hash' 'I' @12  1985973579 (0x765f8d4b)
 - final 'key' 'Ljava/lang/Object;' @16  a 'com/sun/tools/javac/code/Symtab$4'{0x00000006f19b52f8} (0xde336a5f)
 - 'value' 'Ljava/lang/Object;' @20  a 'java/lang/Object'{0x00000006f2066990} (0xde40cd32)
 - 'next' 'Ljava/util/HashMap$Node;' @24  null (0x00000000)
 - 'before' 'Ljava/util/LinkedHashMap$Entry;' @28  null (0x00000000)
 - 'after' 'Ljava/util/LinkedHashMap$Entry;' @32  null (0x00000000)
R10=0x00007fb3fd773300: <offset 0x0000000001773300> in /usr/lib/apache-netbeans/jdk/lib/server/libjvm.so at 0x00007fb3fc000000
R11=0x00007fb3e3fbd510 is at entry_point+14 in (nmethod*)0x00007fb3e3fbd408
Compiled method (c2) 4778 3537       4       java.util.LinkedHashMap::afterNodeInsertion (40 bytes)
 total in heap  [0x00007fb3e3fbd408,0x00007fb3e3fbd590] = 392
 main code      [0x00007fb3e3fbd500,0x00007fb3e3fbd578] = 120
 stub code      [0x00007fb3e3fbd578,0x00007fb3e3fbd590] = 24
 mutable data [0x00007fb36c05b950,0x00007fb36c05b980] = 48
 relocation     [0x00007fb36c05b950,0x00007fb36c05b968] = 24
 metadata       [0x00007fb36c05b968,0x00007fb36c05b980] = 24
 immutable data [0x00007fb36c05b8f0,0x00007fb36c05b948] = 88
 dependencies   [0x00007fb36c05b8f0,0x00007fb36c05b900] = 16
 scopes pcs     [0x00007fb36c05b900,0x00007fb36c05b930] = 48
 scopes data    [0x00007fb36c05b930,0x00007fb36c05b948] = 24
R12=0x0 is null
R13=0x00007fb3ad316d15 is pointing into metadata
R14=0x00007fb3fbffd148 is pointing into the stack for thread: 0x00007fb3f402b650
R15=0x00007fb3f402b650 is a thread

Top of Stack: (sp=0x00007fb3fbffd050)
0x00007fb3fbffd050:   00007fb3fbffd0c8 0000000000000070   ........p.......
0x00007fb3fbffd060:   0000000000000000 00007fb3ad316d15   .........m1.....
0x00007fb3fbffd070:   00007fb3fbffd0c8 00007fb3e393ef27   ........'.......
0x00007fb3fbffd080:   fffffffffffffff7 00007fb3ad316c33   ........3l1.....
0x00007fb3fbffd090:   0000000000000010 00007fb3ad3215c8   ..........2.....
0x00007fb3fbffd0a0:   0000000000000000 00000006f1fed4f8   ................
0x00007fb3fbffd0b0:   00007fb3ad316f88 0000000000000000   .o1.............
0x00007fb3fbffd0c0:   00007fb3fbffd130 00007fb3fbffd198   0...............
0x00007fb3fbffd0d0:   00007fb3e393f438 0000000000000000   8...............
0x00007fb3fbffd0e0:   0000000000000000 0000000000000000   ................
0x00007fb3fbffd0f0:   0000000000000000 0000000000000000   ................
0x00007fb3fbffd100:   0000000000000000 0000000000000000   ................
0x00007fb3fbffd110:   0000000000000000 0000000000000000   ................
0x00007fb3fbffd120:   0000000000000000 0000000000000000   ................
0x00007fb3fbffd130:   0000000000000000 00000006ea107fa0   ................
0x00007fb3fbffd140:   00000006f97a7ab8 00000006f9407808   .zz......x@.....
0x00007fb3fbffd150:   fffffffffffffff7 00007fb3ad315f9f   ........._1.....
0x00007fb3fbffd160:   000000000000000a 00007fb3ad3215c8   ..........2.....
0x00007fb3fbffd170:   0000000000000000 00000006f1fed4f8   ................
0x00007fb3fbffd180:   00007fb3ad3160d0 fffffffffffffff3   .`1.............
0x00007fb3fbffd190:   00007fb3fbffd1d0 00007fb3fbffd238   ........8.......
0x00007fb3fbffd1a0:   00007fb3e393f580 0000000000000000   ................
0x00007fb3fbffd1b0:   0000000000000000 0000000000000000   ................
0x00007fb3fbffd1c0:   00000006ea107fa0 0000000000000000   ................
0x00007fb3fbffd1d0:   0000000000000000 00000006ea107f90   ................
0x00007fb3fbffd1e0:   00000006f97a7ab8 00000006f9407808   .zz......x@.....
0x00007fb3fbffd1f0:   fffffffffffffff7 00007fb3ad315d54   ........T]1.....
0x00007fb3fbffd200:   0000000000000004 00007fb3ad3215c8   ..........2.....
0x00007fb3fbffd210:   0000000000000000 00000006f1fed4f8   ................
0x00007fb3fbffd220:   00007fb3ad315da0 fffffffffffffff3   .]1.............
0x00007fb3fbffd230:   00007fb3fbffd250 00007fb3fbffd2a8   P...............
0x00007fb3fbffd240:   00007fb3e393f438 0000000000000000   8...............

Instructions: (pc=0x00007fb3fcd49101)
  0x00007fb3fcd49001:   ce 49 8d 85 00 04 00 00 4d 8d a5 e0 00 00 00 48
  0x00007fb3fcd49011:   89 45 b8 4c 8d 2d 9d 33 5d 00 0f 1f 44 00 00 4d
  0x00007fb3fcd49021:   8d 7c 24 e0 48 8b 3b 48 8d 35 11 be 5b 00 31 c0
  0x00007fb3fcd49031:   44 89 fa 4c 89 f9 44 29 f2 e8 f1 70 13 00 48 8b
  0x00007fb3fcd49041:   3b 49 8b 17 49 83 c7 08 31 c0 4c 89 ee e8 dd 70
  0x00007fb3fcd49051:   13 00 4d 39 e7 75 e7 48 8b 3b 4d 8d 67 20 e8 3c
  0x00007fb3fcd49061:   77 13 00 4c 39 65 b8 75 b6 4c 8b 75 a8 31 d2 49
  0x00007fb3fcd49071:   8d 7e c0 4c 89 f6 e8 14 0a af ff 48 8b 3b 31 c0
  0x00007fb3fcd49081:   48 8d 35 79 81 5c 00 e8 03 72 13 00 49 8d 76 20
  0x00007fb3fcd49091:   4c 89 f7 31 d2 e8 f5 09 af ff 48 8b 7d a0 e8 7c
  0x00007fb3fcd490a1:   40 a4 ff 48 8b 7d b0 e8 13 9c 13 00 48 83 c4 38
  0x00007fb3fcd490b1:   5b 41 5c 41 5d 41 5e 41 5f 5d c3 0f 1f 40 00 55
  0x00007fb3fcd490c1:   48 89 e5 41 55 41 54 53 48 89 fb 48 83 ec 08 48
  0x00007fb3fcd490d1:   8d 05 dd 84 9d 00 80 38 00 75 2f 48 8d 05 95 97
  0x00007fb3fcd490e1:   99 00 49 89 d8 48 8d 0d 6b bd 5b 00 ba ba 01 00
  0x00007fb3fcd490f1:   00 48 8d 35 af 57 61 00 bf 00 00 00 e0 48 8b 00
=>0x00007fb3fcd49101:   c6 00 58 31 c0 e8 c5 3e a4 ff 49 89 f4 49 89 d5
  0x00007fb3fcd49111:   66 48 8d 3d 8f 3e 99 00 66 66 48 e8 bf 93 59 ff
  0x00007fb3fcd49121:   48 8d 35 58 57 61 00 48 89 df 48 8b 00 8b 90 2c
  0x00007fb3fcd49131:   05 00 00 c7 80 2c 05 00 00 06 00 00 00 e8 5d 57
  0x00007fb3fcd49141:   13 00 84 c0 74 95 4c 89 ee 4c 89 e7 e8 ee fb ff
  0x00007fb3fcd49151:   ff e8 09 34 13 00 eb 83 0f 1f 80 00 00 00 00 31
  0x00007fb3fcd49161:   c9 48 8b 46 08 48 83 7e 18 00 49 89 f8 0f 95 c1
  0x00007fb3fcd49171:   48 8b 3e 31 d2 48 83 7e 10 00 0f 95 c2 48 89 c6
  0x00007fb3fcd49181:   e9 fa 56 f4 ff 66 2e 0f 1f 84 00 00 00 00 00 48
  0x00007fb3fcd49191:   8d 05 e1 96 99 00 55 be 4b 25 00 00 48 8d 3d 04
  0x00007fb3fcd491a1:   57 61 00 48 8b 00 48 89 e5 c6 00 58 e8 6e 40 a4
  0x00007fb3fcd491b1:   ff 66 66 2e 0f 1f 84 00 00 00 00 00 0f 1f 00 55
  0x00007fb3fcd491c1:   48 89 e5 41 57 41 56 4c 8d 35 9b bc 5b 00 41 55
  0x00007fb3fcd491d1:   41 54 4c 8d 25 e4 bc 5b 00 53 48 83 ec 38 64 48
  0x00007fb3fcd491e1:   8b 1c 25 28 00 00 00 48 89 5d c8 48 89 fb 48 8d
  0x00007fb3fcd491f1:   3d e2 56 61 00 e8 85 9b 59 ff 48 8d 3d b3 bc 5b


Stack slot to memory mapping:

stack at sp + 0 slots: 0x00007fb3fbffd0c8 is pointing into the stack for thread: 0x00007fb3f402b650
stack at sp + 1 slots: 0x0000000000000070 is an unknown value
stack at sp + 2 slots: 0x0 is null
stack at sp + 3 slots: 0x00007fb3ad316d15 is pointing into metadata
stack at sp + 4 slots: 0x00007fb3fbffd0c8 is pointing into the stack for thread: 0x00007fb3f402b650
stack at sp + 5 slots: 0x00007fb3e393ef27 is at code_begin+39 in an Interpreter codelet
error exits  [0x00007fb3e393ef00, 0x00007fb3e393ef28]  40 bytes
stack at sp + 6 slots: 0xfffffffffffffff7 is an unknown value
stack at sp + 7 slots: 0x00007fb3ad316c33 is pointing into metadata

Lock stack of current Java thread (top to bottom):


---------------  P R O C E S S  ---------------

Threads class SMR info:
_java_thread_list=0x00007fb38c815c90, length=12, elements={
0x00007fb3f402b650, 0x00007fb3f40c8c90, 0x00007fb3f40c9e80, 0x00007fb3f40cb9f0,
0x00007fb3f40cd310, 0x00007fb3f40ceb90, 0x00007fb3f40d0990, 0x00007fb3f40d2380,
0x00007fb3f410b220, 0x00007fb3f410db70, 0x00007fb38c804640, 0x00007fb38c814930
}

Java Threads: ( => current thread )
=>0x00007fb3f402b650 JavaThread "main"                              [_thread_in_Java, id=11132, stack(0x00007fb3fbf00000,0x00007fb3fc000000) (1024K)]
  0x00007fb3f40c8c90 JavaThread "Reference Handler"          daemon [_thread_blocked, id=11143, stack(0x00007fb3f929f000,0x00007fb3f939f000) (1024K)]
  0x00007fb3f40c9e80 JavaThread "Finalizer"                  daemon [_thread_blocked, id=11144, stack(0x00007fb3f9081000,0x00007fb3f9181000) (1024K)]
  0x00007fb3f40cb9f0 JavaThread "Signal Dispatcher"          daemon [_thread_blocked, id=11145, stack(0x00007fb3f8f81000,0x00007fb3f9081000) (1024K)]
  0x00007fb3f40cd310 JavaThread "Service Thread"             daemon [_thread_blocked, id=11146, stack(0x00007fb3f8e81000,0x00007fb3f8f81000) (1024K)]
  0x00007fb3f40ceb90 JavaThread "Monitor Deflation Thread"   daemon [_thread_blocked, id=11147, stack(0x00007fb3f8d81000,0x00007fb3f8e81000) (1024K)]
  0x00007fb3f40d0990 JavaThread "C2 CompilerThread0"         daemon [_thread_in_native, id=11148, stack(0x00007fb3f8c81000,0x00007fb3f8d81000) (1024K)]
  0x00007fb3f40d2380 JavaThread "C1 CompilerThread0"         daemon [_thread_blocked, id=11149, stack(0x00007fb3f8b81000,0x00007fb3f8c81000) (1024K)]
  0x00007fb3f410b220 JavaThread "Notification Thread"        daemon [_thread_blocked, id=11150, stack(0x00007fb3f8a3f000,0x00007fb3f8b3f000) (1024K)]
  0x00007fb3f410db70 JavaThread "Common-Cleaner"             daemon [_thread_blocked, id=11151, stack(0x00007fb3f893f000,0x00007fb3f8a3f000) (1024K)]
  0x00007fb38c804640 JavaThread "C2 CompilerThread1"         daemon [_thread_blocked, id=11161, stack(0x00007fb3f8821000,0x00007fb3f8921000) (1024K)]
  0x00007fb38c814930 JavaThread "C2 CompilerThread2"         daemon [_thread_blocked, id=11162, stack(0x00007fb3f8721000,0x00007fb3f8821000) (1024K)]
Total: 12

Other Threads:
  0x00007fb3f40beef0 VMThread "VM Thread"                           [id=11142, stack(0x00007fb3f93a0000,0x00007fb3f94a0000) (1024K)]
  0x00007fb3f40ae9d0 WatcherThread "VM Periodic Task Thread"        [id=11141, stack(0x00007fb3f94a1000,0x00007fb3f95a1000) (1024K)]
  0x00007fb3f4051af0 WorkerThread "GC Thread#0"                     [id=11133, stack(0x00007fb3fa1e1000,0x00007fb3fa2e1000) (1024K)]
  0x00007fb3bc007cb0 WorkerThread "GC Thread#1"                     [id=11156, stack(0x00007fb3f860f000,0x00007fb3f870f000) (1024K)]
  0x00007fb3bc0086d0 WorkerThread "GC Thread#2"                     [id=11157, stack(0x00007fb3f8300000,0x00007fb3f8400000) (1024K)]
  0x00007fb3bc009160 WorkerThread "GC Thread#3"                     [id=11158, stack(0x00007fb3f81ff000,0x00007fb3f82ff000) (1024K)]
  0x00007fb3bc009cf0 WorkerThread "GC Thread#4"                     [id=11159, stack(0x00007fb3f80fe000,0x00007fb3f81fe000) (1024K)]
  0x00007fb3bc00a8c0 WorkerThread "GC Thread#5"                     [id=11160, stack(0x00007fb3d5d00000,0x00007fb3d5e00000) (1024K)]
  0x00007fb3bc0111e0 WorkerThread "GC Thread#6"                     [id=11163, stack(0x00007fb3d5bff000,0x00007fb3d5cff000) (1024K)]
  0x00007fb3bc011d40 WorkerThread "GC Thread#7"                     [id=11164, stack(0x00007fb3d5afe000,0x00007fb3d5bfe000) (1024K)]
  0x00007fb3f4060490 ConcurrentGCThread "G1 Main Marker"            [id=11134, stack(0x00007fb3fa0e0000,0x00007fb3fa1e0000) (1024K)]
  0x00007fb3f4061660 WorkerThread "G1 Conc#0"                       [id=11135, stack(0x00007fb3f9fdf000,0x00007fb3fa0df000) (1024K)]
  0x00007fb3c8000cd0 WorkerThread "G1 Conc#1"                       [id=11165, stack(0x00007fb3d59fd000,0x00007fb3d5afd000) (1024K)]
  0x00007fb3f409fc70 ConcurrentGCThread "G1 Refine#0"               [id=11136, stack(0x00007fb3f96d6000,0x00007fb3f97d6000) (1024K)]
  0x00007fb3f40a0e60 ConcurrentGCThread "G1 Service"                [id=11137, stack(0x00007fb3f95d5000,0x00007fb3f96d5000) (1024K)]
Total: 15

Threads with active compile tasks:
C2 CompilerThread0  4791 5389   !   4       jdk.internal.loader.BuiltinClassLoader::loadClassOrNull (143 bytes)
Total: 1

VM state: not at safepoint (normal execution)

VM Mutex/Monitor currently owned by a thread: None

Heap address: 0x00000006e8000000, size: 4480 MB, Compressed Oops mode: Zero based, Oop shift amount: 3

CDS archive(s) mapped at: [0x000000008f000000-0x000000008fd8c000-0x000000008fd8c000), size 14204928, SharedBaseAddress: 0x000000008f000000, ArchiveRelocationMode: 1.
Compressed class space mapped at: 0x0000000090000000-0x00000000d0000000, reserved size: 1073741824
UseCompressedClassPointers 1, UseCompactObjectHeaders 0
Narrow klass pointer bits 32, Max shift 3
Narrow klass base: 0x000000008f000000, Narrow klass shift: 0
Encoding Range: [0x000000008f000000 - 0x000000018f000000), (4294967296 bytes)
Klass Range:    [0x000000008f001000 - 0x00000000d0000000), (1090514944 bytes)
Klass ID Range:  [4096 - 1090519033) (1090514937)
Protection zone: [0x000000008f000000 - 0x000000008f001000), (4096 bytes)

GC Precious Log:
 CardTable entry size: 512
 Card Set container configuration: InlinePtr #cards 4 size 8 Array Of Cards #cards 32 size 80 Howl #buckets 8 coarsen threshold 7372 Howl Bitmap #cards 1024 size 144 coarsen threshold 921 Card regions per heap region 1 cards per card region 8192
 CPUs: 8 total, 8 available
 Memory: 17906M
 Large Page Support: Disabled
 NUMA Support: Disabled
 Compressed Oops: Enabled (Zero based)
 Heap Region Size: 4M
 Heap Min Capacity: 8M
 Heap Initial Capacity: 280M
 Heap Max Capacity: 4480M
 Pre-touch: Disabled
 Parallel Workers: 8
 Concurrent Workers: 2
 Concurrent Refinement Workers: 8
 Periodic GC: Disabled

Heap:
 garbage-first heap   total reserved 4587520K, committed 57344K, used 17539K [0x00000006e8000000, 0x0000000800000000)
  region size 4096K, 5 young (20480K), 3 survivors (12288K)

Heap Regions: E=young(eden), S=young(survivor), O=old, HS=humongous(starts), HC=humongous(continues), CS=collection set, F=free, TAMS=top-at-mark-start, PB=parsable bottom
|   0|0x00000006e8000000, 0x00000006e8000000, 0x00000006e8400000|  0%| F|  |TAMS 0x00000006e8000000| PB 0x00000006e8000000| Untracked |  0
|   1|0x00000006e8400000, 0x00000006e8400000, 0x00000006e8800000|  0%| F|  |TAMS 0x00000006e8400000| PB 0x00000006e8400000| Untracked |  0
|   2|0x00000006e8800000, 0x00000006e8800000, 0x00000006e8c00000|  0%| F|  |TAMS 0x00000006e8800000| PB 0x00000006e8800000| Untracked |  0
|   3|0x00000006e8c00000, 0x00000006e8c00000, 0x00000006e9000000|  0%| F|  |TAMS 0x00000006e8c00000| PB 0x00000006e8c00000| Untracked |  0
|   4|0x00000006e9000000, 0x00000006e9000000, 0x00000006e9400000|  0%| F|  |TAMS 0x00000006e9000000| PB 0x00000006e9000000| Untracked |  0
|   5|0x00000006e9400000, 0x00000006e9400000, 0x00000006e9800000|  0%| F|  |TAMS 0x00000006e9400000| PB 0x00000006e9400000| Untracked |  0
|   6|0x00000006e9800000, 0x00000006e9800000, 0x00000006e9c00000|  0%| F|  |TAMS 0x00000006e9800000| PB 0x00000006e9800000| Untracked |  0
|   7|0x00000006e9c00000, 0x00000006e9c00000, 0x00000006ea000000|  0%| F|  |TAMS 0x00000006e9c00000| PB 0x00000006e9c00000| Untracked |  0
|   8|0x00000006ea000000, 0x00000006ea2ba648, 0x00000006ea400000| 68%| E|  |TAMS 0x00000006ea000000| PB 0x00000006ea000000| Complete |  0
|  38|0x00000006f1800000, 0x00000006f1c00000, 0x00000006f1c00000|100%| S|CS|TAMS 0x00000006f1800000| PB 0x00000006f1800000| Complete |  0
|  39|0x00000006f1c00000, 0x00000006f2000000, 0x00000006f2000000|100%| S|CS|TAMS 0x00000006f1c00000| PB 0x00000006f1c00000| Complete |  0
|  40|0x00000006f2000000, 0x00000006f2400000, 0x00000006f2400000|100%| S|CS|TAMS 0x00000006f2000000| PB 0x00000006f2000000| Complete |  0
|  69|0x00000006f9400000, 0x00000006f9800000, 0x00000006f9800000|100%| E|CS|TAMS 0x00000006f9400000| PB 0x00000006f9400000| Complete |  0
|1119|0x00000007ffc00000, 0x00000007ffd20fd8, 0x0000000800000000| 28%| O|Cm|TAMS 0x00000007ffc00000| PB 0x00000007ffc00000| Complete |  0

Card table byte_map: [0x00007fb3fa34e000,0x00007fb3fac0e000] _byte_map_base: 0x00007fb3f6c0e000

Marking Bits: (CMBitMap*) 0x00007fb3f4052740
 Bits: [0x00007fb3d7e00000, 0x00007fb3dc400000)

Polling page: 0x00007fb3fdaa8000

Metaspace:
Metaspace        used 24947K, committed 25344K, reserved 1114112K
 class space     used 2382K, committed 2560K, reserved 1048576K

Usage:
  Non-class:     22.04 MB used.
      Class:      2.33 MB used.
       Both:     24.36 MB used.

Virtual space:
  Non-class space:       64.00 MB reserved,      22.25 MB ( 35%) committed,  1 nodes.
      Class space:        1.00 GB reserved,       2.50 MB ( <1%) committed,  1 nodes.
             Both:        1.06 GB reserved,      24.75 MB (  2%) committed. 

Chunk freelists:
   Non-Class:  9.80 MB
       Class:  13.48 MB
        Both:  23.28 MB

MaxMetaspaceSize: unlimited
CompressedClassSpaceSize: 1.00 GB
Initial GC threshold: 21.00 MB
Current GC threshold: 35.31 MB
CDS: on
 - commit_granule_bytes: 65536.
 - commit_granule_words: 8192.
 - virtual_space_node_default_size: 8388608.
 - enlarge_chunks_in_place: 1.
UseCompressedClassPointers 1, UseCompactObjectHeaders 0
Narrow klass pointer bits 32, Max shift 3
Narrow klass base: 0x000000008f000000, Narrow klass shift: 0
Encoding Range: [0x000000008f000000 - 0x000000018f000000), (4294967296 bytes)
Klass Range:    [0x000000008f001000 - 0x00000000d0000000), (1090514944 bytes)
Klass ID Range:  [4096 - 1090519033) (1090514937)
Protection zone: [0x000000008f000000 - 0x000000008f001000), (4096 bytes)


Internal statistics:

num_allocs_failed_limit: 3.
num_arena_births: 214.
num_arena_deaths: 0.
num_vsnodes_births: 2.
num_vsnodes_deaths: 0.
num_space_committed: 396.
num_space_uncommitted: 0.
num_chunks_returned_to_freelist: 3.
num_chunks_taken_from_freelist: 1088.
num_chunk_merges: 3.
num_chunk_splits: 790.
num_chunks_enlarged: 641.
num_inconsistent_stats: 0.

CodeHeap 'non-profiled nmethods': size=120032Kb used=1875Kb max_used=1875Kb free=118157Kb
 bounds [0x00007fb3e3ec8000, 0x00007fb3e4138000, 0x00007fb3eb400000]
CodeHeap 'profiled nmethods': size=120028Kb used=9186Kb max_used=9186Kb free=110841Kb
 bounds [0x00007fb3dc400000, 0x00007fb3dcd00000, 0x00007fb3e3937000]
CodeHeap 'non-nmethods': size=5700Kb used=1502Kb max_used=1621Kb free=4197Kb
 bounds [0x00007fb3e3937000, 0x00007fb3e3ba7000, 0x00007fb3e3ec8000]
CodeCache: size=245760Kb, used=12563Kb, max_used=12682Kb, free=233195Kb
 total_blobs=6098, nmethods=5538, adapters=464, full_count=0
Compilation: enabled, stopped_count=0, restarted_count=0

Compilation events (20 events):
Event: 4.669 Thread 0x00007fb38c804640 5570       4       com.sun.tools.javac.parser.UnicodeReader::nextCodeUnit (48 bytes)
Event: 4.671 Thread 0x00007fb38c804640 nmethod 5570 0x00007fb3e4097d08 code [0x00007fb3e4097e00, 0x00007fb3e4097ee8]
Event: 4.671 Thread 0x00007fb38c814930 nmethod 5569 0x00007fb3e4098008 code [0x00007fb3e4098100, 0x00007fb3e4098248]
Event: 4.671 Thread 0x00007fb38c814930 5575       4       com.sun.tools.javac.parser.UnicodeReader::nextUnicodeInputCharacter (163 bytes)
Event: 4.673 Thread 0x00007fb38c804640 5578       4       com.sun.tools.javac.parser.UnicodeReader::next (9 bytes)
Event: 4.674 Thread 0x00007fb38c814930 nmethod 5575 0x00007fb3e4098308 code [0x00007fb3e4098400, 0x00007fb3e4098520]
Event: 4.674 Thread 0x00007fb38c814930 5579       4       com.sun.tools.javac.parser.UnicodeReader::is (14 bytes)
Event: 4.675 Thread 0x00007fb38c814930 nmethod 5579 0x00007fb3e4098608 code [0x00007fb3e4098700, 0x00007fb3e4098780]
Event: 4.677 Thread 0x00007fb38c804640 nmethod 5578 0x00007fb3e4098908 code [0x00007fb3e4098a00, 0x00007fb3e4098b58]
Event: 4.682 Thread 0x00007fb38c804640 5594       4       com.sun.tools.javac.parser.JavaTokenizer::putThenNext (9 bytes)
Event: 4.687 Thread 0x00007fb38c814930 5604       4       com.sun.tools.javac.parser.UnicodeReader::isASCII (15 bytes)
Event: 4.688 Thread 0x00007fb38c814930 nmethod 5604 0x00007fb3e4098c08 code [0x00007fb3e4098d00, 0x00007fb3e4098d98]
Event: 4.695 Thread 0x00007fb3f40d2380 nmethod 5530 0x00007fb3dcca2088 code [0x00007fb3dcca2180, 0x00007fb3dccb5728]
Event: 4.695 Thread 0x00007fb3f40d2380 5542       3       com.sun.tools.javac.parser.JavaTokenizer::scanIdent (639 bytes)
Event: 4.699 Thread 0x00007fb3f40d2380 nmethod 5542 0x00007fb3dccb5808 code [0x00007fb3dccb5900, 0x00007fb3dccb93d8]
Event: 4.699 Thread 0x00007fb3f40d2380 5550       3       com.sun.tools.javac.parser.UnicodeReader::skipWhitespace (17 bytes)
Event: 4.700 Thread 0x00007fb3f40d2380 nmethod 5550 0x00007fb3dccb9408 code [0x00007fb3dccb9500, 0x00007fb3dccb9d68]
Event: 4.700 Thread 0x00007fb3f40d2380 5580       3       com.sun.tools.javac.parser.JavacParser::term3 (2632 bytes)
Event: 4.704 Thread 0x00007fb38c804640 nmethod 5594 0x00007fb3e4098f08 code [0x00007fb3e4099000, 0x00007fb3e4099d30]
Event: 4.720 Thread 0x00007fb38c814930 5667       4       java.util.HashMap::putVal (300 bytes)

GC Heap Usage History (4 events):
Event: 1.638 {heap Before GC invocations=0 (full 0):
 garbage-first heap   total reserved 4587520K, committed 290816K, used 50307K [0x00000006e8000000, 0x0000000800000000)
  region size 4096K, 12 young (49152K), 0 survivors (0K)
}
Event: 1.647 {heap After GC invocations=1 (full 0):
 garbage-first heap   total reserved 4587520K, committed 290816K, used 5849K [0x00000006e8000000, 0x0000000800000000)
  region size 4096K, 2 young (8192K), 2 survivors (8192K)
}
Event: 4.367 {heap Before GC invocations=1 (full 0):
 garbage-first heap   total reserved 4587520K, committed 290816K, used 112345K [0x00000006e8000000, 0x0000000800000000)
  region size 4096K, 29 young (118784K), 2 survivors (8192K)
}
Event: 4.385 {heap After GC invocations=2 (full 0):
 garbage-first heap   total reserved 4587520K, committed 290816K, used 13443K [0x00000006e8000000, 0x0000000800000000)
  region size 4096K, 3 young (12288K), 3 survivors (12288K)
}

Metaspace Usage History (4 events):
Event: 1.638 {metaspace Before GC invocations=0 (full 0):
 Metaspace       used 9802K, committed 9920K, reserved 1114112K
  class space    used 881K, committed 960K, reserved 1048576K
}
Event: 1.647 {metaspace After GC invocations=1 (full 0):
 Metaspace       used 9802K, committed 9920K, reserved 1114112K
  class space    used 881K, committed 960K, reserved 1048576K
}
Event: 4.367 {metaspace Before GC invocations=1 (full 0):
 Metaspace       used 21248K, committed 21504K, reserved 1114112K
  class space    used 2050K, committed 2176K, reserved 1048576K
}
Event: 4.385 {metaspace After GC invocations=2 (full 0):
 Metaspace       used 21248K, committed 21504K, reserved 1114112K
  class space    used 2050K, committed 2176K, reserved 1048576K
}

Dll operation events (8 events):
Event: 0.003 Loaded shared library /usr/lib/apache-netbeans/jdk/lib/libjava.so
Event: 0.033 Loaded shared library /usr/lib/apache-netbeans/jdk/lib/libsimdsort.so
Event: 0.050 Loaded shared library /usr/lib/apache-netbeans/jdk/lib/libnio.so
Event: 0.055 Loaded shared library /usr/lib/apache-netbeans/jdk/lib/libzip.so
Event: 0.065 Loaded shared library /usr/lib/apache-netbeans/jdk/lib/libnet.so
Event: 0.209 Loaded shared library /usr/lib/apache-netbeans/jdk/lib/libjimage.so
Event: 0.223 Loaded shared library /tmp/jansi-2.4.2-e3c7bbe78089df01-libjansi.so
Event: 0.238 Loaded shared library /usr/lib/apache-netbeans/jdk/lib/libverify.so

Deoptimization events (20 events):
Event: 4.228 Thread 0x00007fb3f402b650 Uncommon trap: trap_request=0xffffff45 fr.pc=0x00007fb3e3f496d0 relative=0x0000000000000ad0
Event: 4.228 Thread 0x00007fb3f402b650 Uncommon trap: reason=unstable_if action=reinterpret pc=0x00007fb3e3f496d0 method=jdk.internal.module.SystemModuleFinders$SystemModuleReader.find(Ljava/lang/String;)Ljava/util/Optional; @ 5 c2
Event: 4.228 Thread 0x00007fb3f402b650 DEOPT PACKING pc=0x00007fb3e3f496d0 sp=0x00007fb3fbffc550
Event: 4.228 Thread 0x00007fb3f402b650 DEOPT UNPACKING pc=0x00007fb3e3a58af9 sp=0x00007fb3fbffc548 mode 2
Event: 4.616 Thread 0x00007fb3f402b650 Uncommon trap: trap_request=0xffffffde fr.pc=0x00007fb3e3ef2c2c relative=0x00000000000007ac
Event: 4.616 Thread 0x00007fb3f402b650 Uncommon trap: reason=class_check action=maybe_recompile pc=0x00007fb3e3ef2c2c method=jdk.internal.loader.URLClassPath.getLoader(I)Ljdk/internal/loader/URLClassPath$Loader; @ 91 c2
Event: 4.616 Thread 0x00007fb3f402b650 DEOPT PACKING pc=0x00007fb3e3ef2c2c sp=0x00007fb3fbffcd70
Event: 4.616 Thread 0x00007fb3f402b650 DEOPT UNPACKING pc=0x00007fb3e3a58af9 sp=0x00007fb3fbffcd38 mode 2
Event: 4.622 Thread 0x00007fb3f402b650 Uncommon trap: trap_request=0xffffffde fr.pc=0x00007fb3e3ef2c2c relative=0x00000000000007ac
Event: 4.622 Thread 0x00007fb3f402b650 Uncommon trap: reason=class_check action=maybe_recompile pc=0x00007fb3e3ef2c2c method=jdk.internal.loader.URLClassPath.getLoader(I)Ljdk/internal/loader/URLClassPath$Loader; @ 91 c2
Event: 4.622 Thread 0x00007fb3f402b650 DEOPT PACKING pc=0x00007fb3e3ef2c2c sp=0x00007fb3fbffcd70
Event: 4.622 Thread 0x00007fb3f402b650 DEOPT UNPACKING pc=0x00007fb3e3a58af9 sp=0x00007fb3fbffcd38 mode 2
Event: 4.718 Thread 0x00007fb3f402b650 Uncommon trap: trap_request=0xffffffc6 fr.pc=0x00007fb3e402101c relative=0x000000000000069c
Event: 4.718 Thread 0x00007fb3f402b650 Uncommon trap: reason=bimorphic_or_optimized_type_check action=maybe_recompile pc=0x00007fb3e402101c method=java.util.HashMap.putVal(ILjava/lang/Object;Ljava/lang/Object;ZZ)Ljava/lang/Object; @ 203 c2
Event: 4.718 Thread 0x00007fb3f402b650 DEOPT PACKING pc=0x00007fb3e402101c sp=0x00007fb3fbffcc70
Event: 4.718 Thread 0x00007fb3f402b650 DEOPT UNPACKING pc=0x00007fb3e3a58af9 sp=0x00007fb3fbffcbf0 mode 2
Event: 4.718 Thread 0x00007fb3f402b650 Uncommon trap: trap_request=0xffffffc6 fr.pc=0x00007fb3e402101c relative=0x000000000000069c
Event: 4.718 Thread 0x00007fb3f402b650 Uncommon trap: reason=bimorphic_or_optimized_type_check action=maybe_recompile pc=0x00007fb3e402101c method=java.util.HashMap.putVal(ILjava/lang/Object;Ljava/lang/Object;ZZ)Ljava/lang/Object; @ 203 c2
Event: 4.718 Thread 0x00007fb3f402b650 DEOPT PACKING pc=0x00007fb3e402101c sp=0x00007fb3fbffcc70
Event: 4.719 Thread 0x00007fb3f402b650 DEOPT UNPACKING pc=0x00007fb3e3a58af9 sp=0x00007fb3fbffcbf0 mode 2

Classes loaded (20 events):
Event: 4.695 Loading class jdk/internal/jimage/ImageReader$SharedImageReader$LocationVisitor
Event: 4.695 Loading class jdk/internal/jimage/ImageReader$SharedImageReader$LocationVisitor done
Event: 4.696 Loading class java/nio/ByteBufferAsIntBufferL
Event: 4.696 Loading class java/nio/ByteBufferAsIntBufferL done
Event: 4.703 Loading class java/util/stream/StreamSpliterators$WrappingSpliterator
Event: 4.703 Loading class java/util/stream/StreamSpliterators$AbstractWrappingSpliterator
Event: 4.703 Loading class java/util/stream/StreamSpliterators$AbstractWrappingSpliterator done
Event: 4.703 Loading class java/util/stream/StreamSpliterators$WrappingSpliterator done
Event: 4.703 Loading class jdk/internal/jrtfs/JrtDirectoryStream$1
Event: 4.703 Loading class jdk/internal/jrtfs/JrtDirectoryStream$1 done
Event: 4.704 Loading class java/util/stream/StreamSpliterators
Event: 4.704 Loading class java/util/stream/StreamSpliterators done
Event: 4.704 Loading class java/util/function/BooleanSupplier
Event: 4.704 Loading class java/util/function/BooleanSupplier done
Event: 4.705 Loading class jdk/internal/jimage/ImageReader$Resource
Event: 4.705 Loading class jdk/internal/jimage/ImageReader$Resource done
Event: 4.705 Loading class jdk/internal/jrtfs/JrtFileAttributes
Event: 4.705 Loading class jdk/internal/jrtfs/JrtFileAttributes done
Event: 4.715 Loading class java/util/regex/Pattern$Bound
Event: 4.715 Loading class java/util/regex/Pattern$Bound done

Classes unloaded (0 events):
No events

Classes redefined (0 events):
No events

Internal exceptions (20 events):
Event: 2.529 Thread 0x00007fb3f402b650 Exception <a 'java/lang/NoSuchMethodError'{0x00000006f8246fd8}: 'java.lang.Object java.lang.invoke.DirectMethodHandle$Holder.invokeVirtual(java.lang.Object, java.lang.Object, java.lang.Object)'> (0x00000006f8246fd8) 
thrown [src/hotspot/share/interpreter/linkResolver.cpp, line 803]
Event: 2.533 Thread 0x00007fb3f402b650 Exception <a 'java/lang/NoSuchMethodError'{0x00000006f826d5b0}: 'void java.lang.invoke.DirectMethodHandle$Holder.invokeSpecial(java.lang.Object, java.lang.Object, java.lang.Object, java.lang.Object, java.lang.Object, java.lang.Object)'> (0x00000006f826d5b0) 
thrown [src/hotspot/share/interpreter/linkResolver.cpp, line 803]
Event: 2.573 Thread 0x00007fb3f402b650 Exception <a 'java/lang/NoSuchMethodError'{0x00000006f838c7a0}: 'void java.lang.invoke.DirectMethodHandle$Holder.invokeVirtual(java.lang.Object, java.lang.Object, int)'> (0x00000006f838c7a0) 
thrown [src/hotspot/share/interpreter/linkResolver.cpp, line 803]
Event: 2.573 Thread 0x00007fb3f402b650 Exception <a 'java/lang/NoSuchMethodError'{0x00000006f8394f90}: 'void java.lang.invoke.DirectMethodHandle$Holder.invokeSpecial(java.lang.Object, java.lang.Object, java.lang.Object, int)'> (0x00000006f8394f90) 
thrown [src/hotspot/share/interpreter/linkResolver.cpp, line 803]
Event: 2.574 Thread 0x00007fb3f402b650 Exception <a 'java/lang/NoSuchMethodError'{0x00000006f839d328}: 'void java.lang.invoke.DelegatingMethodHandle$Holder.reinvoke_L(java.lang.Object, java.lang.Object, int)'> (0x00000006f839d328) 
thrown [src/hotspot/share/interpreter/linkResolver.cpp, line 803]
Event: 3.174 Thread 0x00007fb3f402b650 Implicit null exception at 0x00007fb3e3f531cb to 0x00007fb3e3f533a8
Event: 3.174 Thread 0x00007fb3f402b650 Implicit null exception at 0x00007fb3e3f5ba4b to 0x00007fb3e3f5bc28
Event: 3.174 Thread 0x00007fb3f402b650 Implicit null exception at 0x00007fb3e3f7689d to 0x00007fb3e3f76915
Event: 3.199 Thread 0x00007fb3f402b650 Exception <a 'java/lang/NoSuchMethodError'{0x00000006f5df2d30}: 'java.lang.Object java.lang.invoke.DirectMethodHandle$Holder.newInvokeSpecial(java.lang.Object, java.lang.Object, java.lang.Object, java.lang.Object, java.lang.Object, java.lang.Object, java.lang.Object)'> (0x00000006f5df2d30) 
thrown [src/hotspot/share/interpreter/linkResolver.cpp, line 803]
Event: 3.300 Thread 0x00007fb3f402b650 Exception <a 'java/lang/NoSuchMethodError'{0x00000006f5b197a0}: 'int java.lang.invoke.DirectMethodHandle$Holder.invokeVirtual(java.lang.Object, java.lang.Object)'> (0x00000006f5b197a0) 
thrown [src/hotspot/share/interpreter/linkResolver.cpp, line 803]
Event: 3.338 Thread 0x00007fb3f402b650 Exception <a 'java/lang/NoSuchMethodError'{0x00000006f548fa00}: 'void java.lang.invoke.Invokers$Holder.invokeExact_MT(java.lang.Object, java.lang.Object, int, java.lang.Object)'> (0x00000006f548fa00) 
thrown [src/hotspot/share/interpreter/linkResolver.cpp, line 803]
Event: 3.345 Thread 0x00007fb3f402b650 Exception <a 'java/lang/NoSuchMethodError'{0x00000006f54c59a0}: 'void java.lang.invoke.DirectMethodHandle$Holder.invokeInterface(java.lang.Object, java.lang.Object, java.lang.Object)'> (0x00000006f54c59a0) 
thrown [src/hotspot/share/interpreter/linkResolver.cpp, line 803]
Event: 3.561 Thread 0x00007fb3f402b650 Exception <a 'sun/nio/fs/UnixException'{0x00000006f4ed5158}> (0x00000006f4ed5158) 
thrown [src/hotspot/share/prims/jni.cpp, line 516]
Event: 3.846 Thread 0x00007fb3f402b650 Implicit null exception at 0x00007fb3e3f3a4ae to 0x00007fb3e3f3ae2c
Event: 4.222 Thread 0x00007fb3f402b650 Exception <a 'java/lang/NoSuchMethodError'{0x00000006f297b6c8}: 'int java.lang.invoke.DirectMethodHandle$Holder.invokeInterface(java.lang.Object, java.lang.Object)'> (0x00000006f297b6c8) 
thrown [src/hotspot/share/interpreter/linkResolver.cpp, line 803]
Event: 4.270 Thread 0x00007fb3f402b650 Exception <a 'java/lang/NoSuchMethodError'{0x00000006f2b86758}: 'int java.lang.invoke.DirectMethodHandle$Holder.invokeVirtual(java.lang.Object, java.lang.Object, java.lang.Object)'> (0x00000006f2b86758) 
thrown [src/hotspot/share/interpreter/linkResolver.cpp, line 803]
Event: 4.449 Thread 0x00007fb3f402b650 Exception <a 'java/lang/NoSuchMethodError'{0x00000006f943ade0}: 'java.lang.Object java.lang.invoke.DirectMethodHandle$Holder.newInvokeSpecial(java.lang.Object, java.lang.Object, int)'> (0x00000006f943ade0) 
thrown [src/hotspot/share/interpreter/linkResolver.cpp, line 803]
Event: 4.531 Thread 0x00007fb3f402b650 Exception <a 'java/lang/NoSuchMethodError'{0x00000006f9552b28}: 'java.lang.Object java.lang.invoke.DirectMethodHandle$Holder.newInvokeSpecial(java.lang.Object, java.lang.Object, java.lang.Object, java.lang.Object, java.lang.Object, java.lang.Object)'> (0x00000006f9552b28) 
thrown [src/hotspot/share/interpreter/linkResolver.cpp, line 803]
Event: 4.542 Thread 0x00007fb3f402b650 Exception <a 'java/lang/NoSuchMethodError'{0x00000006f9583d08}: 'java.lang.Object java.lang.invoke.DirectMethodHandle$Holder.newInvokeSpecial(java.lang.Object, java.lang.Object, java.lang.Object, int)'> (0x00000006f9583d08) 
thrown [src/hotspot/share/interpreter/linkResolver.cpp, line 803]
Event: 4.543 Thread 0x00007fb3f402b650 Exception <a 'java/lang/NoSuchMethodError'{0x00000006f958ca10}: 'java.lang.Object java.lang.invoke.Invokers$Holder.linkToTargetMethod(java.lang.Object, java.lang.Object, int, java.lang.Object)'> (0x00000006f958ca10) 
thrown [src/hotspot/share/interpreter/linkResolver.cpp, line 803]

VM Operations (20 events):
Event: 3.336 Executing non-safepoint VM operation: HandshakeAllThreads (Deoptimize)
Event: 3.336 Executing non-safepoint VM operation: HandshakeAllThreads (Deoptimize) done
Event: 4.164 Executing non-safepoint VM operation: HandshakeAllThreads (Deoptimize)
Event: 4.164 Executing non-safepoint VM operation: HandshakeAllThreads (Deoptimize) done
Event: 4.219 Executing non-safepoint VM operation: HandshakeAllThreads (Deoptimize)
Event: 4.220 Executing non-safepoint VM operation: HandshakeAllThreads (Deoptimize) done
Event: 4.367 Executing safepoint VM operation: CollectForMetadataAllocation (Metadata GC Threshold)
Event: 4.385 Executing safepoint VM operation: CollectForMetadataAllocation (Metadata GC Threshold) done
Event: 4.396 Executing safepoint VM operation: G1PauseRemark
Event: 4.402 Executing safepoint VM operation: G1PauseRemark done
Event: 4.405 Executing safepoint VM operation: G1PauseCleanup
Event: 4.405 Executing safepoint VM operation: G1PauseCleanup done
Event: 4.581 Executing non-safepoint VM operation: HandshakeAllThreads (Deoptimize)
Event: 4.581 Executing non-safepoint VM operation: HandshakeAllThreads (Deoptimize) done
Event: 4.583 Executing non-safepoint VM operation: HandshakeAllThreads (Deoptimize)
Event: 4.584 Executing non-safepoint VM operation: HandshakeAllThreads (Deoptimize) done
Event: 4.698 Executing non-safepoint VM operation: HandshakeAllThreads (Deoptimize)
Event: 4.698 Executing non-safepoint VM operation: HandshakeAllThreads (Deoptimize) done
Event: 4.700 Executing non-safepoint VM operation: HandshakeAllThreads (Deoptimize)
Event: 4.700 Executing non-safepoint VM operation: HandshakeAllThreads (Deoptimize) done

Memory protections (16 events):
Event: 0.003 Protecting memory [0x00007fb3fbf00000,0x00007fb3fbf04000] with protection modes 0
Event: 0.012 Protecting memory [0x000000008f000000,0x000000008f001000] with protection modes 0
Event: 0.030 Protecting memory [0x00007fb3f929f000,0x00007fb3f92a3000] with protection modes 0
Event: 0.031 Protecting memory [0x00007fb3f9081000,0x00007fb3f9085000] with protection modes 0
Event: 0.031 Protecting memory [0x00007fb3f8f81000,0x00007fb3f8f85000] with protection modes 0
Event: 0.031 Protecting memory [0x00007fb3f8e81000,0x00007fb3f8e85000] with protection modes 0
Event: 0.032 Protecting memory [0x00007fb3f8d81000,0x00007fb3f8d85000] with protection modes 0
Event: 0.032 Protecting memory [0x00007fb3f8c81000,0x00007fb3f8c85000] with protection modes 0
Event: 0.032 Protecting memory [0x00007fb3f8b81000,0x00007fb3f8b85000] with protection modes 0
Event: 0.046 Protecting memory [0x00007fb3f8a3f000,0x00007fb3f8a43000] with protection modes 0
Event: 0.049 Protecting memory [0x00007fb3f893f000,0x00007fb3f8943000] with protection modes 0
Event: 0.113 Protecting memory [0x00007fb3f8821000,0x00007fb3f8825000] with protection modes 0
Event: 0.204 Protecting memory [0x00007fb3f8721000,0x00007fb3f8725000] with protection modes 0
Event: 0.799 Protecting memory [0x00007fb3f8721000,0x00007fb3f8725000] with protection modes 0
Event: 2.698 Protecting memory [0x00007fb3f8821000,0x00007fb3f8825000] with protection modes 0
Event: 2.730 Protecting memory [0x00007fb3f8721000,0x00007fb3f8725000] with protection modes 0

Nmethod flushes (0 events):
No events

Events (18 events):
Event: 0.017 Thread 0x00007fb3f402b650 Thread added: 0x00007fb3f402b650
Event: 0.030 Thread 0x00007fb3f402b650 Thread added: 0x00007fb3f40c8c90
Event: 0.031 Thread 0x00007fb3f402b650 Thread added: 0x00007fb3f40c9e80
Event: 0.031 Thread 0x00007fb3f402b650 Thread added: 0x00007fb3f40cb9f0
Event: 0.031 Thread 0x00007fb3f402b650 Thread added: 0x00007fb3f40cd310
Event: 0.031 Thread 0x00007fb3f402b650 Thread added: 0x00007fb3f40ceb90
Event: 0.032 Thread 0x00007fb3f402b650 Thread added: 0x00007fb3f40d0990
Event: 0.032 Thread 0x00007fb3f402b650 Thread added: 0x00007fb3f40d2380
Event: 0.046 Thread 0x00007fb3f402b650 Thread added: 0x00007fb3f410b220
Event: 0.048 Thread 0x00007fb3f402b650 Thread added: 0x00007fb3f410db70
Event: 0.113 Thread 0x00007fb3f40d2380 Thread added: 0x00007fb38c095550
Event: 0.203 Thread 0x00007fb3f402b650 Thread added: 0x00007fb3f4312430
Event: 0.218 Thread 0x00007fb3f4312430 Thread exited: 0x00007fb3f4312430
Event: 0.799 Thread 0x00007fb3f40d2380 Thread added: 0x00007fb38c51aa40
Event: 1.414 Thread 0x00007fb38c51aa40 Thread exited: 0x00007fb38c51aa40
Event: 1.637 Thread 0x00007fb38c095550 Thread exited: 0x00007fb38c095550
Event: 2.698 Thread 0x00007fb3f40d2380 Thread added: 0x00007fb38c804640
Event: 2.730 Thread 0x00007fb3f40d2380 Thread added: 0x00007fb38c814930


Dynamic libraries:
8f000000-8f001000 ---p 00000000 00:00 0 
8f001000-8fd8c000 rw-p 00001000 00:22 383280                             /usr/lib/apache-netbeans/jdk/lib/server/classes.jsa
8fd8c000-90000000 ---p 00000000 00:00 0 
90000000-90040000 rw-p 00000000 00:00 0 
90040000-90260000 rw-p 00000000 00:00 0 
90260000-90270000 rw-p 00000000 00:00 0 
90270000-90280000 ---p 00000000 00:00 0 
90280000-90290000 rw-p 00000000 00:00 0 
90290000-d0000000 ---p 00000000 00:00 0 
6e8000000-6ea400000 rw-p 00000000 00:00 0 
6ea400000-6f1800000 ---p 00000000 00:00 0 
6f1800000-6f2400000 rw-p 00000000 00:00 0 
6f2400000-6f9400000 ---p 00000000 00:00 0 
6f9400000-6f9800000 rw-p 00000000 00:00 0 
6f9800000-7ffc00000 ---p 00000000 00:00 0 
7ffc00000-7ffd21000 rw-p 00dbf000 00:22 383280                           /usr/lib/apache-netbeans/jdk/lib/server/classes.jsa
7ffd21000-800000000 rw-p 00000000 00:00 0 
559564add000-559564ade000 r--p 00000000 00:22 382840                     /usr/lib/apache-netbeans/jdk/bin/java
559564ade000-559564adf000 r-xp 00001000 00:22 382840                     /usr/lib/apache-netbeans/jdk/bin/java
559564adf000-559564ae0000 r--p 00002000 00:22 382840                     /usr/lib/apache-netbeans/jdk/bin/java
559564ae0000-559564ae1000 r--p 00002000 00:22 382840                     /usr/lib/apache-netbeans/jdk/bin/java
559564ae1000-559564ae2000 rw-p 00003000 00:22 382840                     /usr/lib/apache-netbeans/jdk/bin/java
559569d7c000-559569dc5000 rw-p 00000000 00:00 0                          [heap]
7fb358000000-7fb358021000 rw-p 00000000 00:00 0 
7fb358021000-7fb35c000000 ---p 00000000 00:00 0 
7fb35c000000-7fb35c021000 rw-p 00000000 00:00 0 
7fb35c021000-7fb360000000 ---p 00000000 00:00 0 
7fb360000000-7fb360c7e000 rw-p 00000000 00:00 0 
7fb360c7e000-7fb364000000 ---p 00000000 00:00 0 
7fb364000000-7fb364021000 rw-p 00000000 00:00 0 
7fb364021000-7fb368000000 ---p 00000000 00:00 0 
7fb368000000-7fb368021000 rw-p 00000000 00:00 0 
7fb368021000-7fb36c000000 ---p 00000000 00:00 0 
7fb36c000000-7fb36c6aa000 rw-p 00000000 00:00 0 
7fb36c6aa000-7fb370000000 ---p 00000000 00:00 0 
7fb370000000-7fb370021000 rw-p 00000000 00:00 0 
7fb370021000-7fb374000000 ---p 00000000 00:00 0 
7fb374000000-7fb374021000 rw-p 00000000 00:00 0 
7fb374021000-7fb378000000 ---p 00000000 00:00 0 
7fb378000000-7fb378461000 rw-p 00000000 00:00 0 
7fb378461000-7fb37c000000 ---p 00000000 00:00 0 
7fb37c000000-7fb37c617000 rw-p 00000000 00:00 0 
7fb37c617000-7fb380000000 ---p 00000000 00:00 0 
7fb380000000-7fb380021000 rw-p 00000000 00:00 0 
7fb380021000-7fb384000000 ---p 00000000 00:00 0 
7fb384000000-7fb384021000 rw-p 00000000 00:00 0 
7fb384021000-7fb388000000 ---p 00000000 00:00 0 
7fb388000000-7fb388c27000 rw-p 00000000 00:00 0 
7fb388c27000-7fb38c000000 ---p 00000000 00:00 0 
7fb38c000000-7fb38cc9d000 rw-p 00000000 00:00 0 
7fb38cc9d000-7fb390000000 ---p 00000000 00:00 0 
7fb390000000-7fb390021000 rw-p 00000000 00:00 0 
7fb390021000-7fb394000000 ---p 00000000 00:00 0 
7fb394000000-7fb394021000 rw-p 00000000 00:00 0 
7fb394021000-7fb398000000 ---p 00000000 00:00 0 
7fb398000000-7fb398021000 rw-p 00000000 00:00 0 
7fb398021000-7fb39c000000 ---p 00000000 00:00 0 
7fb39e000000-7fb3abe70000 r--p 00000000 00:22 21991                      /usr/lib/locale/locale-archive
7fb3ac000000-7fb3ac400000 rw-p 00000000 00:00 0 
7fb3ac400000-7fb3acf80000 rw-p 00000000 00:00 0 
7fb3acf80000-7fb3ad000000 rw-p 00000000 00:00 0 
7fb3ad000000-7fb3ad640000 rw-p 00000000 00:00 0 
7fb3ad640000-7fb3b0000000 ---p 00000000 00:00 0 
7fb3b0000000-7fb3b0021000 rw-p 00000000 00:00 0 
7fb3b0021000-7fb3b4000000 ---p 00000000 00:00 0 
7fb3b4000000-7fb3b4021000 rw-p 00000000 00:00 0 
7fb3b4021000-7fb3b8000000 ---p 00000000 00:00 0 
7fb3b8000000-7fb3b8021000 rw-p 00000000 00:00 0 
7fb3b8021000-7fb3bc000000 ---p 00000000 00:00 0 
7fb3bc000000-7fb3bc021000 rw-p 00000000 00:00 0 
7fb3bc021000-7fb3c0000000 ---p 00000000 00:00 0 
7fb3c0000000-7fb3c0021000 rw-p 00000000 00:00 0 
7fb3c0021000-7fb3c4000000 ---p 00000000 00:00 0 
7fb3c4000000-7fb3c4021000 rw-p 00000000 00:00 0 
7fb3c4021000-7fb3c8000000 ---p 00000000 00:00 0 
7fb3c8000000-7fb3c8021000 rw-p 00000000 00:00 0 
7fb3c8021000-7fb3cc000000 ---p 00000000 00:00 0 
7fb3cc000000-7fb3cc021000 rw-p 00000000 00:00 0 
7fb3cc021000-7fb3d0000000 ---p 00000000 00:00 0 
7fb3d0000000-7fb3d0021000 rw-p 00000000 00:00 0 
7fb3d0021000-7fb3d4000000 ---p 00000000 00:00 0 
7fb3d59fc000-7fb3d59fd000 ---p 00000000 00:00 0 
7fb3d59fd000-7fb3d5afd000 rw-p 00000000 00:00 0 
7fb3d5afd000-7fb3d5afe000 ---p 00000000 00:00 0 
7fb3d5afe000-7fb3d5bfe000 rw-p 00000000 00:00 0 
7fb3d5bfe000-7fb3d5bff000 ---p 00000000 00:00 0 
7fb3d5bff000-7fb3d5cff000 rw-p 00000000 00:00 0 
7fb3d5cff000-7fb3d5d00000 ---p 00000000 00:00 0 
7fb3d5d00000-7fb3d5e00000 rw-p 00000000 00:00 0 
7fb3d5e00000-7fb3d7e90000 rw-p 00000000 00:00 0 
7fb3d7e90000-7fb3d8060000 ---p 00000000 00:00 0 
7fb3d8060000-7fb3d8090000 rw-p 00000000 00:00 0 
7fb3d8090000-7fb3d8250000 ---p 00000000 00:00 0 
7fb3d8250000-7fb3d8260000 rw-p 00000000 00:00 0 
7fb3d8260000-7fb3dc3f0000 ---p 00000000 00:00 0 
7fb3dc3f0000-7fb3dc400000 rw-p 00000000 00:00 0 
7fb3dc400000-7fb3dcd00000 rwxp 00000000 00:00 0 
7fb3dcd00000-7fb3e3937000 ---p 00000000 00:00 0 
7fb3e3937000-7fb3e3ba7000 rwxp 00000000 00:00 0 
7fb3e3ba7000-7fb3e3ec8000 ---p 00000000 00:00 0 
7fb3e3ec8000-7fb3e4138000 rwxp 00000000 00:00 0 
7fb3e4138000-7fb3eb400000 ---p 00000000 00:00 0 
7fb3eb400000-7fb3f3f19000 r--s 00000000 00:22 383272                     /usr/lib/apache-netbeans/jdk/lib/modules
7fb3f4000000-7fb3f5387000 rw-p 00000000 00:00 0 
7fb3f5387000-7fb3f8000000 ---p 00000000 00:00 0 
7fb3f80fd000-7fb3f80fe000 ---p 00000000 00:00 0 
7fb3f80fe000-7fb3f81fe000 rw-p 00000000 00:00 0 
7fb3f81fe000-7fb3f81ff000 ---p 00000000 00:00 0 
7fb3f81ff000-7fb3f82ff000 rw-p 00000000 00:00 0 
7fb3f82ff000-7fb3f8300000 ---p 00000000 00:00 0 
7fb3f8300000-7fb3f8400000 rw-p 00000000 00:00 0 
7fb3f8400000-7fb3f8403000 r-xp 00000000 00:2a 262                        /tmp/jansi-2.4.2-e3c7bbe78089df01-libjansi.so
7fb3f8403000-7fb3f8602000 ---p 00003000 00:2a 262                        /tmp/jansi-2.4.2-e3c7bbe78089df01-libjansi.so
7fb3f8602000-7fb3f8603000 r--p 00002000 00:2a 262                        /tmp/jansi-2.4.2-e3c7bbe78089df01-libjansi.so
7fb3f8603000-7fb3f8604000 rw-p 00003000 00:2a 262                        /tmp/jansi-2.4.2-e3c7bbe78089df01-libjansi.so
7fb3f860e000-7fb3f860f000 ---p 00000000 00:00 0 
7fb3f860f000-7fb3f870f000 rw-p 00000000 00:00 0 
7fb3f870f000-7fb3f8713000 r--p 00000000 00:22 383270                     /usr/lib/apache-netbeans/jdk/lib/libverify.so
7fb3f8713000-7fb3f871c000 r-xp 00004000 00:22 383270                     /usr/lib/apache-netbeans/jdk/lib/libverify.so
7fb3f871c000-7fb3f871e000 r--p 0000d000 00:22 383270                     /usr/lib/apache-netbeans/jdk/lib/libverify.so
7fb3f871e000-7fb3f8720000 r--p 0000e000 00:22 383270                     /usr/lib/apache-netbeans/jdk/lib/libverify.so
7fb3f8720000-7fb3f8721000 rw-p 00010000 00:22 383270                     /usr/lib/apache-netbeans/jdk/lib/libverify.so
7fb3f8721000-7fb3f8725000 ---p 00000000 00:00 0 
7fb3f8725000-7fb3f8821000 rw-p 00000000 00:00 0 
7fb3f8821000-7fb3f8825000 ---p 00000000 00:00 0 
7fb3f8825000-7fb3f8921000 rw-p 00000000 00:00 0 
7fb3f8921000-7fb3f8923000 r--p 00000000 00:22 383271                     /usr/lib/apache-netbeans/jdk/lib/libzip.so
7fb3f8923000-7fb3f8935000 r-xp 00002000 00:22 383271                     /usr/lib/apache-netbeans/jdk/lib/libzip.so
7fb3f8935000-7fb3f893d000 r--p 00014000 00:22 383271                     /usr/lib/apache-netbeans/jdk/lib/libzip.so
7fb3f893d000-7fb3f893e000 r--p 0001b000 00:22 383271                     /usr/lib/apache-netbeans/jdk/lib/libzip.so
7fb3f893e000-7fb3f893f000 rw-p 0001c000 00:22 383271                     /usr/lib/apache-netbeans/jdk/lib/libzip.so
7fb3f893f000-7fb3f8943000 ---p 00000000 00:00 0 
7fb3f8943000-7fb3f8a3f000 rw-p 00000000 00:00 0 
7fb3f8a3f000-7fb3f8a43000 ---p 00000000 00:00 0 
7fb3f8a43000-7fb3f8b3f000 rw-p 00000000 00:00 0 
7fb3f8b3f000-7fb3f8b40000 r--p 00000000 00:22 383267                     /usr/lib/apache-netbeans/jdk/lib/libsimdsort.so
7fb3f8b40000-7fb3f8b79000 r-xp 00001000 00:22 383267                     /usr/lib/apache-netbeans/jdk/lib/libsimdsort.so
7fb3f8b79000-7fb3f8b7f000 r--p 0003a000 00:22 383267                     /usr/lib/apache-netbeans/jdk/lib/libsimdsort.so
7fb3f8b7f000-7fb3f8b80000 r--p 0003f000 00:22 383267                     /usr/lib/apache-netbeans/jdk/lib/libsimdsort.so
7fb3f8b80000-7fb3f8b81000 rw-p 00040000 00:22 383267                     /usr/lib/apache-netbeans/jdk/lib/libsimdsort.so
7fb3f8b81000-7fb3f8b85000 ---p 00000000 00:00 0 
7fb3f8b85000-7fb3f8c81000 rw-p 00000000 00:00 0 
7fb3f8c81000-7fb3f8c85000 ---p 00000000 00:00 0 
7fb3f8c85000-7fb3f8d81000 rw-p 00000000 00:00 0 
7fb3f8d81000-7fb3f8d85000 ---p 00000000 00:00 0 
7fb3f8d85000-7fb3f8e81000 rw-p 00000000 00:00 0 
7fb3f8e81000-7fb3f8e85000 ---p 00000000 00:00 0 
7fb3f8e85000-7fb3f8f81000 rw-p 00000000 00:00 0 
7fb3f8f81000-7fb3f8f85000 ---p 00000000 00:00 0 
7fb3f8f85000-7fb3f9081000 rw-p 00000000 00:00 0 
7fb3f9081000-7fb3f9085000 ---p 00000000 00:00 0 
7fb3f9085000-7fb3f9181000 rw-p 00000000 00:00 0 
7fb3f9181000-7fb3f929e000 rw-p 00000000 00:00 0 
7fb3f929e000-7fb3f929f000 ---p 00000000 00:00 0 
7fb3f929f000-7fb3f92a3000 ---p 00000000 00:00 0 
7fb3f92a3000-7fb3f939f000 rw-p 00000000 00:00 0 
7fb3f939f000-7fb3f93a0000 ---p 00000000 00:00 0 
7fb3f93a0000-7fb3f94a0000 rw-p 00000000 00:00 0 
7fb3f94a0000-7fb3f94a1000 ---p 00000000 00:00 0 
7fb3f94a1000-7fb3f95a1000 rw-p 00000000 00:00 0 
7fb3f95a7000-7fb3f95ae000 r--s 00000000 00:22 42117                      /usr/lib64/gconv/gconv-modules.cache
7fb3f95ae000-7fb3f95b1000 r--p 00000000 00:22 383261                     /usr/lib/apache-netbeans/jdk/lib/libnet.so
7fb3f95b1000-7fb3f95b9000 r-xp 00003000 00:22 383261                     /usr/lib/apache-netbeans/jdk/lib/libnet.so
7fb3f95b9000-7fb3f95bb000 r--p 0000b000 00:22 383261                     /usr/lib/apache-netbeans/jdk/lib/libnet.so
7fb3f95bb000-7fb3f95bc000 r--p 0000c000 00:22 383261                     /usr/lib/apache-netbeans/jdk/lib/libnet.so
7fb3f95bc000-7fb3f95bd000 rw-p 0000d000 00:22 383261                     /usr/lib/apache-netbeans/jdk/lib/libnet.so
7fb3f95bd000-7fb3f95c5000 r--p 00000000 00:22 383262                     /usr/lib/apache-netbeans/jdk/lib/libnio.so
7fb3f95c5000-7fb3f95ce000 r-xp 00008000 00:22 383262                     /usr/lib/apache-netbeans/jdk/lib/libnio.so
7fb3f95ce000-7fb3f95d2000 r--p 00011000 00:22 383262                     /usr/lib/apache-netbeans/jdk/lib/libnio.so
7fb3f95d2000-7fb3f95d3000 r--p 00015000 00:22 383262                     /usr/lib/apache-netbeans/jdk/lib/libnio.so
7fb3f95d3000-7fb3f95d4000 rw-p 00016000 00:22 383262                     /usr/lib/apache-netbeans/jdk/lib/libnio.so
7fb3f95d4000-7fb3f95d5000 ---p 00000000 00:00 0 
7fb3f95d5000-7fb3f96d5000 rw-p 00000000 00:00 0 
7fb3f96d5000-7fb3f96d6000 ---p 00000000 00:00 0 
7fb3f96d6000-7fb3f97d6000 rw-p 00000000 00:00 0 
7fb3f97d6000-7fb3f9fde000 rw-p 00000000 00:00 0 
7fb3f9fde000-7fb3f9fdf000 ---p 00000000 00:00 0 
7fb3f9fdf000-7fb3fa0df000 rw-p 00000000 00:00 0 
7fb3fa0df000-7fb3fa0e0000 ---p 00000000 00:00 0 
7fb3fa0e0000-7fb3fa1e0000 rw-p 00000000 00:00 0 
7fb3fa1e0000-7fb3fa1e1000 ---p 00000000 00:00 0 
7fb3fa1e1000-7fb3fa2e1000 rw-p 00000000 00:00 0 
7fb3fa2e1000-7fb3fa360000 rw-p 00000000 00:00 0 
7fb3fa360000-7fb3fa39a000 ---p 00000000 00:00 0 
7fb3fa39a000-7fb3fa3a0000 rw-p 00000000 00:00 0 
7fb3fa3a0000-7fb3fa3d8000 ---p 00000000 00:00 0 
7fb3fa3d8000-7fb3fa3da000 rw-p 00000000 00:00 0 
7fb3fa3da000-7fb3fac0c000 ---p 00000000 00:00 0 
7fb3fac0c000-7fb3fac20000 rw-p 00000000 00:00 0 
7fb3fac20000-7fb3fac5a000 ---p 00000000 00:00 0 
7fb3fac5a000-7fb3fac60000 rw-p 00000000 00:00 0 
7fb3fac60000-7fb3fac98000 ---p 00000000 00:00 0 
7fb3fac98000-7fb3fac9a000 rw-p 00000000 00:00 0 
7fb3fac9a000-7fb3fb4cc000 ---p 00000000 00:00 0 
7fb3fb4cc000-7fb3fbcff000 rw-p 00000000 00:00 0 
7fb3fbcff000-7fb3fbde5000 ---p 00000000 00:00 0 
7fb3fbde5000-7fb3fbdea000 rw-p 00000000 00:00 0 
7fb3fbdea000-7fb3fbdf1000 ---p 00000000 00:00 0 
7fb3fbdf1000-7fb3fbe03000 rw-p 00000000 00:00 0 
7fb3fbe03000-7fb3fbedc000 ---p 00000000 00:00 0 
7fb3fbedc000-7fb3fbeea000 r--p 00000000 00:22 383247                     /usr/lib/apache-netbeans/jdk/lib/libjava.so
7fb3fbeea000-7fb3fbef8000 r-xp 0000e000 00:22 383247                     /usr/lib/apache-netbeans/jdk/lib/libjava.so
7fb3fbef8000-7fb3fbefd000 r--p 0001c000 00:22 383247                     /usr/lib/apache-netbeans/jdk/lib/libjava.so
7fb3fbefd000-7fb3fbefe000 r--p 00021000 00:22 383247                     /usr/lib/apache-netbeans/jdk/lib/libjava.so
7fb3fbefe000-7fb3fbeff000 rw-p 00022000 00:22 383247                     /usr/lib/apache-netbeans/jdk/lib/libjava.so
7fb3fbeff000-7fb3fbf00000 rw-p 00000000 00:00 0 
7fb3fbf00000-7fb3fbf04000 ---p 00000000 00:00 0 
7fb3fbf04000-7fb3fc000000 rw-p 00000000 00:00 0 
7fb3fc000000-7fb3fc2e2000 r--p 00000000 00:22 383285                     /usr/lib/apache-netbeans/jdk/lib/server/libjvm.so
7fb3fc2e2000-7fb3fd2e2000 r-xp 002e2000 00:22 383285                     /usr/lib/apache-netbeans/jdk/lib/server/libjvm.so
7fb3fd2e2000-7fb3fd5f2000 r--p 012e2000 00:22 383285                     /usr/lib/apache-netbeans/jdk/lib/server/libjvm.so
7fb3fd5f2000-7fb3fd6dd000 r--p 015f2000 00:22 383285                     /usr/lib/apache-netbeans/jdk/lib/server/libjvm.so
7fb3fd6dd000-7fb3fd708000 rw-p 016dd000 00:22 383285                     /usr/lib/apache-netbeans/jdk/lib/server/libjvm.so
7fb3fd708000-7fb3fd784000 rw-p 00000000 00:00 0 
7fb3fd784000-7fb3fd788000 r--p 00000000 00:22 383251                     /usr/lib/apache-netbeans/jdk/lib/libjimage.so
7fb3fd788000-7fb3fd7a0000 r-xp 00004000 00:22 383251                     /usr/lib/apache-netbeans/jdk/lib/libjimage.so
7fb3fd7a0000-7fb3fd7a6000 r--p 0001c000 00:22 383251                     /usr/lib/apache-netbeans/jdk/lib/libjimage.so
7fb3fd7a6000-7fb3fd7a8000 r--p 00021000 00:22 383251                     /usr/lib/apache-netbeans/jdk/lib/libjimage.so
7fb3fd7a8000-7fb3fd7a9000 rw-p 00023000 00:22 383251                     /usr/lib/apache-netbeans/jdk/lib/libjimage.so
7fb3fd7a9000-7fb3fd825000 r-xp 00000000 00:22 40448                      /usr/lib64/libm.so.6
7fb3fd825000-7fb3fd895000 r--p 0007c000 00:22 40448                      /usr/lib64/libm.so.6
7fb3fd895000-7fb3fd896000 r--p 000eb000 00:22 40448                      /usr/lib64/libm.so.6
7fb3fd896000-7fb3fd897000 rw-p 000ec000 00:22 40448                      /usr/lib64/libm.so.6
7fb3fd897000-7fb3fd898000 r-xp 00000000 00:22 40721                      /usr/lib64/librt.so.1
7fb3fd898000-7fb3fd899000 r--p 00001000 00:22 40721                      /usr/lib64/librt.so.1
7fb3fd899000-7fb3fd89a000 r--p 00001000 00:22 40721                      /usr/lib64/librt.so.1
7fb3fd89a000-7fb3fd89d000 rw-p 00000000 00:00 0 
7fb3fd89d000-7fb3fd89e000 r-xp 00000000 00:22 40670                      /usr/lib64/libpthread.so.0
7fb3fd89e000-7fb3fd89f000 r--p 00001000 00:22 40670                      /usr/lib64/libpthread.so.0
7fb3fd89f000-7fb3fd8a0000 r--p 00001000 00:22 40670                      /usr/lib64/libpthread.so.0
7fb3fd8a0000-7fb3fd8a1000 rw-p 00000000 00:00 0 
7fb3fd8a1000-7fb3fd8a2000 r-xp 00000000 00:22 39851                      /usr/lib64/libdl.so.2
7fb3fd8a2000-7fb3fd8a3000 r--p 00001000 00:22 39851                      /usr/lib64/libdl.so.2
7fb3fd8a3000-7fb3fd8a4000 r--p 00001000 00:22 39851                      /usr/lib64/libdl.so.2
7fb3fd8a4000-7fb3fd8a5000 rw-p 00000000 00:00 0 
7fb3fd8a5000-7fb3fda15000 r-xp 00000000 00:22 39580                      /usr/lib64/libc.so.6
7fb3fda15000-7fb3fda8a000 r--p 00170000 00:22 39580                      /usr/lib64/libc.so.6
7fb3fda8a000-7fb3fda8e000 r--p 001e4000 00:22 39580                      /usr/lib64/libc.so.6
7fb3fda8e000-7fb3fda90000 rw-p 001e8000 00:22 39580                      /usr/lib64/libc.so.6
7fb3fda90000-7fb3fda98000 rw-p 00000000 00:00 0 
7fb3fda9c000-7fb3fda9d000 r-xp 00000000 00:22 40919                      /usr/lib64/libutil.so.1
7fb3fda9d000-7fb3fda9e000 r--p 00001000 00:22 40919                      /usr/lib64/libutil.so.1
7fb3fda9e000-7fb3fda9f000 r--p 00001000 00:22 40919                      /usr/lib64/libutil.so.1
7fb3fda9f000-7fb3fdaa0000 rw-p 00000000 00:00 0 
7fb3fdaa0000-7fb3fdaa8000 rw-s 00000000 00:2a 260                        /tmp/hsperfdata_bilal/11095
7fb3fdaa8000-7fb3fdaa9000 ---p 00000000 00:00 0 
7fb3fdaa9000-7fb3fdaaa000 r--p 00000000 00:00 0 
7fb3fdaaa000-7fb3fdaab000 rwxp 00000000 00:00 0 
7fb3fdaab000-7fb3fdaae000 r--p 00000000 00:22 383252                     /usr/lib/apache-netbeans/jdk/lib/libjli.so
7fb3fdaae000-7fb3fdabf000 r-xp 00003000 00:22 383252                     /usr/lib/apache-netbeans/jdk/lib/libjli.so
7fb3fdabf000-7fb3fdac6000 r--p 00014000 00:22 383252                     /usr/lib/apache-netbeans/jdk/lib/libjli.so
7fb3fdac6000-7fb3fdac7000 r--p 0001a000 00:22 383252                     /usr/lib/apache-netbeans/jdk/lib/libjli.so
7fb3fdac7000-7fb3fdac8000 rw-p 0001b000 00:22 383252                     /usr/lib/apache-netbeans/jdk/lib/libjli.so
7fb3fdac8000-7fb3fdaca000 rw-p 00000000 00:00 0 
7fb3fdaca000-7fb3fdacc000 r--p 00000000 00:00 0                          [vvar]
7fb3fdacc000-7fb3fdace000 r--p 00000000 00:00 0                          [vvar_vclock]
7fb3fdace000-7fb3fdad0000 r-xp 00000000 00:00 0                          [vdso]
7fb3fdad0000-7fb3fdaf9000 r-xp 00000000 00:22 38973                      /usr/lib64/ld-linux-x86-64.so.2
7fb3fdaf9000-7fb3fdb04000 r--p 00029000 00:22 38973                      /usr/lib64/ld-linux-x86-64.so.2
7fb3fdb04000-7fb3fdb06000 r--p 00034000 00:22 38973                      /usr/lib64/ld-linux-x86-64.so.2
7fb3fdb06000-7fb3fdb07000 rw-p 00036000 00:22 38973                      /usr/lib64/ld-linux-x86-64.so.2
7fb3fdb07000-7fb3fdb08000 rw-p 00000000 00:00 0 
7ffd9aa47000-7ffd9aa68000 rw-p 00000000 00:00 0                          [stack]
ffffffffff600000-ffffffffff601000 --xp 00000000 00:00 0                  [vsyscall]
Total number of mappings: 264

JVMTI agents: none


VM Arguments:
jvm_args: --enable-native-access=ALL-UNNAMED -Dclassworlds.conf=/usr/lib/apache-netbeans/java/maven/bin/m2.conf -Dmaven.home=/usr/lib/apache-netbeans/java/maven -Dlibrary.jansi.path=/usr/lib/apache-netbeans/java/maven/lib/jansi-native -Dmaven.multiModuleProjectDirectory=/home/bilal/NetBeansProjects/Project-UAS-PBO-Restaurant 
java_command: org.codehaus.plexus.classworlds.launcher.Launcher -Dmaven.ext.class.path=/usr/lib/apache-netbeans/java/maven-nblib/netbeans-eventspy.jar --no-transfer-progress clean install
java_class_path (initial): /usr/lib/apache-netbeans/java/maven/boot/plexus-classworlds-2.9.0.jar
Launcher Type: SUN_STANDARD

[Global flags]
     intx CICompilerCount                          = 4                                         {product} {ergonomic}
     uint ConcGCThreads                            = 2                                         {product} {ergonomic}
     uint G1ConcRefinementThreads                  = 8                                         {product} {ergonomic}
   size_t G1HeapRegionSize                         = 4194304                                   {product} {ergonomic}
   size_t InitialHeapSize                          = 293601280                                 {product} {ergonomic}
   size_t MarkStackSize                            = 4194304                                   {product} {ergonomic}
   size_t MarkStackSizeMax                         = 536870912                                 {product} {ergonomic}
   size_t MaxHeapSize                              = 4697620480                                {product} {ergonomic}
   size_t MaxNewSize                               = 2818572288                                {product} {ergonomic}
   size_t MinHeapDeltaBytes                        = 4194304                                   {product} {ergonomic}
   size_t MinHeapSize                              = 8388608                                   {product} {ergonomic}
    uintx NonNMethodCodeHeapSize                   = 5836800                                {pd product} {ergonomic}
    uintx NonProfiledCodeHeapSize                  = 122912768                              {pd product} {ergonomic}
    uintx ProfiledCodeHeapSize                     = 122908672                              {pd product} {ergonomic}
    uintx ReservedCodeCacheSize                    = 251658240                              {pd product} {ergonomic}
     bool SegmentedCodeCache                       = true                                      {product} {ergonomic}
   size_t SoftMaxHeapSize                          = 4697620480                             {manageable} {ergonomic}
     bool UseCompressedOops                        = true                           {product lp64_product} {ergonomic}
     bool UseG1GC                                  = true                                      {product} {ergonomic}

Logging:
Log output configuration:
 #0: stdout all=warning uptime,level,tags foldmultilines=false
 #1: stderr all=off uptime,level,tags foldmultilines=false

Release file:
IMPLEMENTOR="Eclipse Adoptium"
IMPLEMENTOR_VERSION="Temurin-25.0.1+8"
JAVA_RUNTIME_VERSION="25.0.1+8-LTS"
JAVA_VERSION="25.0.1"
JAVA_VERSION_DATE="2025-10-21"
LIBC="gnu"
MODULES="java.base java.compiler java.datatransfer java.xml java.prefs java.desktop java.instrument java.logging java.management java.security.sasl java.naming java.rmi java.management.rmi java.net.http java.scripting java.security.jgss java.transaction.xa java.sql java.sql.rowset java.xml.crypto java.se java.smartcardio jdk.accessibility jdk.internal.jvmstat jdk.attach jdk.charsets jdk.internal.opt jdk.zipfs jdk.compiler jdk.crypto.cryptoki jdk.crypto.ec jdk.dynalink jdk.internal.ed jdk.editpad jdk.internal.vm.ci jdk.graal.compiler jdk.graal.compiler.management jdk.hotspot.agent jdk.httpserver jdk.incubator.vector jdk.internal.le jdk.internal.md jdk.jartool jdk.javadoc jdk.jcmd jdk.management jdk.management.agent jdk.jconsole jdk.jdeps jdk.jdwp.agent jdk.jdi jdk.jfr jdk.jlink jdk.jpackage jdk.jshell jdk.jsobject jdk.jstatd jdk.localedata jdk.management.jfr jdk.naming.dns jdk.naming.rmi jdk.net jdk.nio.mapmode jdk.sctp jdk.security.auth jdk.security.jgss jdk.unsupported jdk.unsupported.desktop jdk.xml.dom"
OS_ARCH="x86_64"
OS_NAME="Linux"
SOURCE=".:git:61d6a2c1b35e"
BUILD_SOURCE="git:839fa0b45d809157cffd3dc8515aad262a4a1776"
BUILD_SOURCE_REPO="https://github.com/adoptium/temurin-build.git"
SOURCE_REPO="https://github.com/adoptium/jdk25u.git"
FULL_VERSION="25.0.1+8-LTS"
SEMANTIC_VERSION="25.0.1+8"
BUILD_INFO="OS: Linux Version: 6.8.0-1036-azure"
JVM_VARIANT="Hotspot"
JVM_VERSION="25.0.1+8-LTS"
IMAGE_TYPE="JDK"

Environment Variables:
JAVA_HOME=/usr/lib/apache-netbeans/jdk
PATH=/home/bilal/.local/bin:/home/bilal/bin:/usr/local/bin:/usr/bin:/var/lib/snapd/snap/bin:/usr/local/sbin
USERNAME=bilal
SHELL=/bin/bash
DISPLAY=:0
LANG=en_US.UTF-8

Active Locale:
LC_ALL=en_US.UTF-8
LC_COLLATE=en_US.UTF-8
LC_CTYPE=en_US.UTF-8
LC_MESSAGES=en_US.UTF-8
LC_MONETARY=en_US.UTF-8
LC_NUMERIC=en_US.UTF-8
LC_TIME=en_US.UTF-8

Signal Handlers:
   SIGSEGV: crash_handler in libjvm.so, mask=11100100010111111101111111111110, flags=SA_RESTART|SA_SIGINFO, unblocked
    SIGBUS: crash_handler in libjvm.so, mask=11100100010111111101111111111110, flags=SA_RESTART|SA_SIGINFO, unblocked
    SIGFPE: crash_handler in libjvm.so, mask=11100100010111111101111111111110, flags=SA_RESTART|SA_SIGINFO, unblocked
   SIGPIPE: javaSignalHandler in libjvm.so, mask=11100100010111111101111111111110, flags=SA_RESTART|SA_SIGINFO, unblocked
   SIGXFSZ: javaSignalHandler in libjvm.so, mask=11100100010111111101111111111110, flags=SA_RESTART|SA_SIGINFO, unblocked
    SIGILL: crash_handler in libjvm.so, mask=11100100010111111101111111111110, flags=SA_RESTART|SA_SIGINFO, unblocked
   SIGUSR2: SR_handler in libjvm.so, mask=00000000000000000000000000000000, flags=SA_RESTART|SA_SIGINFO, unblocked
    SIGHUP: UserHandler in libjvm.so, mask=11100100010111111101111111111110, flags=SA_RESTART|SA_SIGINFO, unblocked
    SIGINT: SIG_IGN, mask=00000000000000000000000000000000, flags=none, unblocked
   SIGTERM: UserHandler in libjvm.so, mask=11100100010111111101111111111110, flags=SA_RESTART|SA_SIGINFO, unblocked
   SIGQUIT: UserHandler in libjvm.so, mask=11100100010111111101111111111110, flags=SA_RESTART|SA_SIGINFO, blocked
   SIGTRAP: crash_handler in libjvm.so, mask=11100100010111111101111111111110, flags=SA_RESTART|SA_SIGINFO, unblocked


Compilation memory statistics disabled.

Periodic native trim disabled

---------------  S Y S T E M  ---------------

OS:
Fedora release 42 (Adams)
uname: Linux 6.14.0-63.fc42.x86_64 #1 SMP PREEMPT_DYNAMIC Mon Mar 24 19:53:37 UTC 2025 x86_64
OS uptime: 0 days 0:58 hours
libc: glibc 2.41 NPTL 2.41 
rlimit (soft/hard): STACK 8192k/infinity , CORE infinity/infinity , NPROC 71241/71241 , NOFILE 524288/524288 , AS infinity/infinity , CPU infinity/infinity , DATA infinity/infinity , FSIZE infinity/infinity , MEMLOCK 8192k/8192k
load average: 1.41 1.03 0.89

/proc/meminfo:
MemTotal:       18336688 kB
MemFree:         7304484 kB
MemAvailable:   12810184 kB
Buffers:            6520 kB
Cached:          5814792 kB
SwapCached:            0 kB
Active:          7141128 kB
Inactive:        3065340 kB
Active(anon):    4499436 kB
Inactive(anon):        0 kB
Active(file):    2641692 kB
Inactive(file):  3065340 kB
Unevictable:        5900 kB
Mlocked:            5900 kB
SwapTotal:       8388604 kB
SwapFree:        8388604 kB
Zswap:                 0 kB
Zswapped:              0 kB
Dirty:              2704 kB
Writeback:             0 kB
AnonPages:       4391784 kB
Mapped:           931176 kB
Shmem:            109052 kB
KReclaimable:     129704 kB
Slab:             334056 kB
SReclaimable:     129704 kB
SUnreclaim:       204352 kB
KernelStack:       24944 kB
PageTables:        58040 kB
SecPageTables:      3968 kB
NFS_Unstable:          0 kB
Bounce:                0 kB
WritebackTmp:          0 kB
CommitLimit:    17556948 kB
Committed_AS:   13187148 kB
VmallocTotal:   34359738367 kB
VmallocUsed:      120920 kB
VmallocChunk:          0 kB
Percpu:             8800 kB
HardwareCorrupted:     0 kB
AnonHugePages:         0 kB
ShmemHugePages:        0 kB
ShmemPmdMapped:        0 kB
FileHugePages:         0 kB
FilePmdMapped:         0 kB
CmaTotal:              0 kB
CmaFree:               0 kB
Unaccepted:            0 kB
HugePages_Total:       0
HugePages_Free:        0
HugePages_Rsvd:        0
HugePages_Surp:        0
Hugepagesize:       2048 kB
Hugetlb:               0 kB
DirectMap4k:      443988 kB
DirectMap2M:    13121536 kB
DirectMap1G:     6291456 kB

/sys/kernel/mm/transparent_hugepage/enabled: always [madvise] never
/sys/kernel/mm/transparent_hugepage/hpage_pmd_size: 2097152
/sys/kernel/mm/transparent_hugepage/shmem_enabled: always within_size advise [never] deny force
/sys/kernel/mm/transparent_hugepage/defrag (defrag/compaction efforts parameter): always defer defer+madvise [madvise] never

Process Memory:
Virtual Size: 8304588K (peak: 8322076K)
Resident Set Size: 172116K (peak: 254284K) (anon: 137572K, file: 34544K, shmem: 0K)
Swapped out: 0K
C-Heap outstanding allocations: 69358K, retained: 39845K
glibc malloc tunables: (default)

/proc/sys/kernel/threads-max (system-wide limit on the number of threads): 142482
/proc/sys/vm/max_map_count (maximum number of memory map areas a process may have): 1048576
/proc/sys/vm/swappiness (control to define how aggressively the kernel swaps out anonymous memory): 60
/proc/sys/kernel/pid_max (system-wide limit on number of process identifiers): 4194304

container information not found.
Steal ticks since vm start: 0
Steal ticks percentage since vm start:  0.000

CPU: total 8 (initial active 8) (8 cores per cpu, 2 threads per core) family 23 model 24 stepping 1 microcode 0x8108109, cx8, cmov, fxsr, ht, mmx, 3dnowpref, sse, sse2, sse3, ssse3, sse4a, sse4.1, sse4.2, popcnt, lzcnt, tsc, tscinvbit, avx, avx2, aes, clmul, bmi1, bmi2, adx, sha, fma, vzeroupper, clflush, clflushopt, rdtscp, f16c
CPU Model and flags from /proc/cpuinfo:
model name	: AMD Ryzen 5 3500U with Radeon Vega Mobile Gfx
flags		: fpu vme de pse tsc msr pae mce cx8 apic sep mtrr pge mca cmov pat pse36 clflush mmx fxsr sse sse2 ht syscall nx mmxext fxsr_opt pdpe1gb rdtscp lm constant_tsc rep_good nopl nonstop_tsc cpuid extd_apicid aperfmperf rapl pni pclmulqdq monitor ssse3 fma cx16 sse4_1 sse4_2 movbe popcnt aes xsave avx f16c rdrand lahf_lm cmp_legacy svm extapic cr8_legacy abm sse4a misalignsse 3dnowprefetch osvw skinit wdt tce topoext perfctr_core perfctr_nb bpext perfctr_llc mwaitx cpb hw_pstate ssbd ibpb vmmcall fsgsbase bmi1 avx2 smep bmi2 rdseed adx smap clflushopt sha_ni xsaveopt xsavec xgetbv1 clzero irperf xsaveerptr arat npt lbrv svm_lock nrip_save tsc_scale vmcb_clean flushbyasid decodeassists pausefilter pfthreshold avic v_vmsave_vmload vgif overflow_recov succor smca sev sev_es

Online cpus: 0-7
Offline cpus: 
BIOS frequency limitation: 2100000
Frequency switch latency (ns): 0
Available cpu frequencies: 2100000 1700000 1400000 
Current governor: schedutil
Core performance/turbo boost: 1

Memory: 4k page, physical 18336688k(12810184k free), swap 8388604k(8388604k free)
Page Sizes: 4k

vm_info: OpenJDK 64-Bit Server VM (25.0.1+8-LTS) for linux-amd64 JRE (25.0.1+8-LTS), built on 2025-10-21T00:00:00Z with gcc 14.2.0

END.
