#
# A fatal error has been detected by the Java Runtime Environment:
#
#  SIGSEGV (0xb) at pc=0x00007fe22bcd37d6, pid=8931, tid=9005
#
# JRE version: OpenJDK Runtime Environment Temurin-25.0.1+8 (25.0.1+8) (build 25.0.1+8-LTS)
# Java VM: OpenJDK 64-Bit Server VM Temurin-25.0.1+8 (25.0.1+8-LTS, mixed mode, sharing, tiered, compressed oops, compressed class ptrs, g1 gc, linux-amd64)
# Problematic frame:
# V  [libjvm.so+0x8d37d6]  G1CMRootRegionScanTask::work(unsigned int)+0x236
#
# Core dump will be written. Default location: Core dumps may be processed with "/usr/lib/systemd/systemd-coredump %P %u %g %s %t %c %h" (or dumping to /home/bilal/NetBeansProjects/Project-UAS-PBO-Restaurant/core.8931)
#
# If you would like to submit a bug report, please visit:
#   https://github.com/adoptium/adoptium-support/issues
#

---------------  S U M M A R Y ------------

Command Line: --enable-native-access=ALL-UNNAMED -Dclassworlds.conf=/usr/lib/apache-netbeans/java/maven/bin/m2.conf -Dmaven.home=/usr/lib/apache-netbeans/java/maven -Dlibrary.jansi.path=/usr/lib/apache-netbeans/java/maven/lib/jansi-native -Dmaven.multiModuleProjectDirectory=/home/bilal/NetBeansProjects/Project-UAS-PBO-Restaurant org.codehaus.plexus.classworlds.launcher.Launcher -Dmaven.ext.class.path=/usr/lib/apache-netbeans/java/maven-nblib/netbeans-eventspy.jar --no-transfer-progress clean install

Host: AMD Ryzen 5 3500U with Radeon Vega Mobile Gfx, 8 cores, 17G, Fedora release 42 (Adams)
Time: Sat Jan 10 12:21:04 2026 WIB elapsed time: 5.712131 seconds (0d 0h 0m 5s)

---------------  T H R E A D  ---------------

Current thread (0x00007fe1f8000cd0):  WorkerThread "G1 Conc#1"      [id=9005, stack(0x00007fe204df9000,0x00007fe204ef9000) (1024K)]

Stack: [0x00007fe204df9000,0x00007fe204ef9000],  sp=0x00007fe204ef7d40,  free space=1019k
Native frames: (J=compiled Java code, j=interpreted, Vv=VM code, C=native code)
V  [libjvm.so+0x8d37d6]  G1CMRootRegionScanTask::work(unsigned int)+0x236
V  [libjvm.so+0x123e1f0]  WorkerThread::run()+0x80
V  [libjvm.so+0x116ab9f]  Thread::call_run()+0x9f
V  [libjvm.so+0xe71cc6]  thread_native_entry(Thread*)+0xd6
C  [libc.so.6+0x71324]  start_thread+0x2e4

siginfo: si_signo: 11 (SIGSEGV), si_code: 128 (SI_KERNEL), si_addr: 0x0000000000000000

Registers:
RAX=0x0018000000004000, RBX=0x00000006f2400000, RCX=0x0000000000000000, RDX=0x000000004017604a
RSP=0x00007fe204ef7d40, RBP=0x00007fe204ef7dd0, RSI=0x00000006f20ce310, RDI=0x00007fe204ef7d70
R8 =0x0000000000000007, R9 =0x00007fe2240a7f18, R10=0x0000000000000001, R11=0x00000000401762f0
R12=0x00007fe22cb20040, R13=0x00007fe204ef7d70, R14=0x0000000000000240, R15=0x00000006f20ce310
RIP=0x00007fe22bcd37d6, EFLAGS=0x0000000000010246, CSGSFS=0x002b000000000033, ERR=0x0000000000000000
  TRAPNO=0x000000000000000d

XMM[0]=0x00007fe224052730 0x00007fe22403e7d0
XMM[1]=0x0000000000000000 0x00007fe224052730
XMM[2]=0x0000000000000000 0x00000000000000ff
XMM[3]=0x0000000000000000 0x00000000000000ff
XMM[4]=0x00007fe1f8000cd0 0x0000000000000000
XMM[5]=0x00007fe18c000ba0 0x0000000000100000
XMM[6]=0x00007fe22cf3cb6f 0x00007fe204ef7e50
XMM[7]=0x00007fe18c000030 0x0000000000000004
XMM[8]=0x202c746e637a6c20 0x2c746e63706f7020
XMM[9]=0x0020202020202020 0x2000202020202020
XMM[10]=0x3f3f3f3f3f3f3f3f 0x3f3f3f3f3f3f3f3f
XMM[11]=0x9999999999999999 0x9999999999999999
XMM[12]=0x2020202020202020 0x2020202020202020
XMM[13]=0x0000000000000000 0x0000000000000000
XMM[14]=0x0000000000000000 0x0000000000000000
XMM[15]=0xcafebabecafebabe 0xcafebabecafebabe
  MXCSR=0x00001fa2


Register to memory mapping:

RAX=0x0018000000004000 is an unknown value
RBX=0x00000006f2400000 is an oop: [B 
{0x00000006f2400000} - klass: {type array byte} - flags: is_cloneable_fast 

 - length: 40
 -   0: 63 c
 -   1: 6f o
 -   2: 6d m
 -   3: 2e .
 -   4: 73 s
 -   5: 75 u
 -   6: 6e n
 -   7: 2e .
 -   8: 74 t
 -   9: 6f o
 -  10: 6f o
 -  11: 6c l
 -  12: 73 s
 -  13: 2e .
 -  14: 6a j
 -  15: 61 a
 -  16: 76 v
 -  17: 61 a
 -  18: 63 c
 -  19: 2e .
 -  20: 63 c
 -  21: 6f o
 -  22: 64 d
 -  23: 65 e
 -  24: 2e .
 -  25: 53 S
 -  26: 63 c
 -  27: 6f o
 -  28: 70 p
 -  29: 65 e
 -  30: 24 $
 -  31: 53 S
 -  32: 63 c
 -  33: 6f o
 -  34: 70 p
 -  35: 65 e
 -  36: 49 I
 -  37: 6d m
 -  38: 70 p
 -  39: 6c l
RCX=0x0 is null
RDX=0x000000004017604a is pointing into metadata
RSP=0x00007fe204ef7d40 points into unknown readable memory: 0x00007fe2240527a8 | a8 27 05 24 e2 7f 00 00
RBP=0x00007fe204ef7dd0 points into unknown readable memory: 0x00007fe204ef7e20 | 20 7e ef 04 e2 7f 00 00
RSI=
[error occurred during error reporting (printing register info), id 0xb, SIGSEGV (0xb) at pc=0x00007fe22bcbc6bd]
RDI=0x00007fe204ef7d70 points into unknown readable memory: 0x00007fe22c9ff5d8 | d8 f5 9f 2c e2 7f 00 00
R8 =0x0000000000000007 is an unknown value
R9 =0x00007fe2240a7f18 points into unknown readable memory: 0x0000000000000003 | 03 00 00 00 00 00 00 00
R10=0x0000000000000001 is an unknown value
R11=0x00000000401762f0 is pointing into metadata
R12=0x00007fe22cb20040: <offset 0x0000000001720040> in /usr/lib/apache-netbeans/jdk/lib/server/libjvm.so at 0x00007fe22b400000
R13=0x00007fe204ef7d70 points into unknown readable memory: 0x00007fe22c9ff5d8 | d8 f5 9f 2c e2 7f 00 00
R14=0x0000000000000240 is an unknown value
R15=
[error occurred during error reporting (printing register info, attempt 2), id 0xb, SIGSEGV (0xb) at pc=0x00007fe22bcbc6bd]

Top of Stack: (sp=0x00007fe204ef7d40)
0x00007fe204ef7d40:   00007fe2240527a8 00000006f20cc978   .'.$....x.......
0x00007fe204ef7d50:   00000000401830e0 000000002cd71789   .0.@.......,....
0x00007fe204ef7d60:   00007fe229632bd0 00007fe224052730   .+c)....0'.$....
0x00007fe204ef7d70:   00007fe22c9ff5d8 0000000000000000   ...,............
0x00007fe204ef7d80:   0000000100000003 00007fe22403e7d0   ...........$....
0x00007fe204ef7d90:   00007fe224052730 00007fe200000000   0'.$............
0x00007fe204ef7da0:   0000000000000000 00007fe224061608   ...........$....
0x00007fe204ef7db0:   00007fe204ef7dec 00007fe1f8000cd0   .}..............
0x00007fe204ef7dc0:   0000000000000001 0000000000000000   ................
0x00007fe204ef7dd0:   00007fe204ef7e20 00007fe22c63e1f0    ~........c,....
0x00007fe204ef7de0:   00007fe204ef7e20 ffffffff2c26fa72    ~......r.&,....
0x00007fe204ef7df0:   23636e6f43203147 00007fe1f8000cd0   G1 Conc#........
0x00007fe204ef7e00:   00007fe204df9000 0000000000100000   ................
0x00007fe204ef7e10:   00007fe204ef8cdc 00007fe204ef86c0   ................
0x00007fe204ef7e20:   00007fe204ef7e80 00007fe22c56ab9f   .~........V,....
0x00007fe204ef7e30:   0000000000000000 00007fe1f8000cd0   ................
0x00007fe204ef7e40:   00007fe1f8001820 0000000000000000    ...............
0x00007fe204ef7e50:   00007fe204ef7e80 00007fe22c21ab29   .~......).!,....
0x00007fe204ef7e60:   00007fe204ef7e80 00007fe1f8001750   .~......P.......
0x00007fe204ef7e70:   00007fe1f8001820 00007fe1f8000cd0    ...............
0x00007fe204ef7e80:   00007fe204ef7eb0 00007fe22c271cc6   .~........',....
0x00007fe204ef7e90:   39203a6b63617473 00007fe204ef86c0   stack: 9........
0x00007fe204ef7ea0:   0000000000000000 00007fe229632a00   .........*c)....
0x00007fe204ef7eb0:   00007fe204ef7f70 00007fe22cd72324   p.......$#.,....
0x00007fe204ef7ec0:   0000000000000000 0000000000000000   ................
0x00007fe204ef7ed0:   0000000000000000 0000000000000000   ................
0x00007fe204ef7ee0:   0000000000000000 00007fe204ef86c0   ................
0x00007fe204ef7ef0:   00007fe204ef86c0 e999fdfdc4897092   .........p......
0x00007fe204ef7f00:   0000000000000000 00007fe229632a00   .........*c)....
0x00007fe204ef7f10:   00007fe22cd72040 00007fe204ef86c0   @ .,............
0x00007fe204ef7f20:   e999fdfdc7e97092 e999ad8d78037092   .p.......p.x....
0x00007fe204ef7f30:   0000000000000000 0000000000000000   ................

Instructions: (pc=0x00007fe22bcd37d6)
  0x00007fe22bcd36d6:   83 f8 01 0f 84 b9 00 00 00 48 8b 56 08 8b 4a 08
  0x00007fe22bcd36e6:   85 c9 7f 96 0f 84 e0 00 00 00 48 8d 05 b5 fb e0
  0x00007fe22bcd36f6:   00 8b 38 48 8d 05 5c 13 e8 00 48 63 00 44 8d 47
  0x00007fe22bcd3706:   ff f7 df 4d 63 c0 48 63 ff 48 63 04 06 48 d3 e0
  0x00007fe22bcd3716:   c1 f9 10 4c 01 c0 0f b6 c9 48 01 c8 0f b7 4a 0c
  0x00007fe22bcd3726:   48 21 f8 4c 89 ef 48 83 e0 f8 4c 8d 3c 06 41 ff
  0x00007fe22bcd3736:   14 cc 49 39 df 72 80 4c 8b 7d 98 48 8b 4d 90 41
  0x00007fe22bcd3746:   0f b6 87 81 00 00 00 84 c0 75 35 49 8b 57 78 49
  0x00007fe22bcd3756:   8b 47 70 48 39 c2 73 28 48 8b 9d 70 ff ff ff b8
  0x00007fe22bcd3766:   01 00 00 00 f0 48 0f c1 03 49 8b 57 70 48 39 d0
  0x00007fe22bcd3776:   73 0e 48 c1 e0 04 49 03 47 60 0f 85 9a fe ff ff
  0x00007fe22bcd3786:   48 83 c4 68 5b 41 5c 41 5d 41 5e 41 5f 5d c3 0f
  0x00007fe22bcd3796:   1f 00 8b 56 08 48 8d 05 46 f0 e0 00 8b 08 48 8d
  0x00007fe22bcd37a6:   05 45 f0 e0 00 48 d3 e2 48 03 10 e9 2d ff ff ff
  0x00007fe22bcd37b6:   66 2e 0f 1f 84 00 00 00 00 00 48 8b 16 48 c1 ea
  0x00007fe22bcd37c6:   2a eb d2 0f 1f 80 00 00 00 00 48 8b 02 49 89 f7
=>0x00007fe22bcd37d6:   48 8b 88 00 01 00 00 48 8d 05 cc 53 be ff 48 39
  0x00007fe22bcd37e6:   c1 0f 84 bc fe ff ff 48 89 b5 78 ff ff ff 48 89
  0x00007fe22bcd37f6:   d7 48 89 55 80 ff d1 48 8b b5 78 ff ff ff 48 8b
  0x00007fe22bcd3806:   55 80 4c 8d 3c c6 e9 98 fe ff ff 0f 1f 80 00 00
  0x00007fe22bcd3816:   00 00 48 89 b5 78 ff ff ff 48 89 d7 48 89 55 80
  0x00007fe22bcd3826:   ff d0 48 8b b5 78 ff ff ff 48 8b 55 80 4c 8d 3c
  0x00007fe22bcd3836:   c6 e9 6d fe ff ff c3 0f 1f 00 48 8d 15 59 67 e8
  0x00007fe22bcd3846:   00 48 89 f8 48 89 f7 48 8b 0a ba 01 00 00 00 48
  0x00007fe22bcd3856:   d3 ef 48 8b 48 38 48 3b 34 f9 73 2a 48 2b 70 08
  0x00007fe22bcd3866:   8b 08 48 c1 ee 03 48 8b 50 18 b8 01 00 00 00 48
  0x00007fe22bcd3876:   01 f6 48 d3 ee 48 89 f1 48 c1 ee 06 48 d3 e0 48
  0x00007fe22bcd3886:   23 04 f2 0f 95 c2 89 d0 c3 90 48 89 f8 48 25 0f
  0x00007fe22bcd3896:   00 ff ff 74 29 48 89 f8 48 8d 15 fb 6a ad 00 48
  0x00007fe22bcd38a6:   89 fe 48 c1 e8 0c 83 e0 0f 8b 0c 82 48 8d 15 e7
  0x00007fe22bcd38b6:   d1 ea 00 48 89 f8 48 d3 e8 48 23 32 75 04 c3 0f
  0x00007fe22bcd38c6:   1f 00 48 8d 0d 01 d2 ea 00 48 89 fa 81 e2 00 f0


Stack slot to memory mapping:

stack at sp + 0 slots: 0x00007fe2240527a8 points into unknown readable memory: 0x0000000000000004 | 04 00 00 00 00 00 00 00
stack at sp + 1 slots: 0x00000006f20cc978 is an oop: java.lang.Class 
{0x00000006f20cc978} - klass: 'java/lang/Class' - flags: 

 - ---- fields (total size 15 words):
 - private volatile transient 'classRedefinedCount' 'I' @12  0 (0x00000000)
 - injected 'klass' 'J' @16  1091385440 (0x00000000410d3860)
 - injected 'array_klass' 'J' @24  0 (0x0000000000000000)
 - injected 'oop_size' 'I' @32  15 (0x0000000f)
 - injected 'static_oop_field_count' 'I' @36  0 (0x00000000)
 - private final transient 'modifiers' 'C' @40    1 (0x0001)
 - private final transient 'primitive' 'Z' @42  false (0x00)
 - private volatile transient 'cachedConstructor' 'Ljava/lang/reflect/Constructor;' @44  null (0x00000000)
 - private transient 'name' 'Ljava/lang/String;' @48  "org.apache.maven.project.artifact.InvalidDependencyVersionException"{0x00000006f20cc9f0} (0xde41993e)
 - private transient 'module' 'Ljava/lang/Module;' @52  a 'java/lang/Module'{0x00000006f208aa20} (0xde411544)
 - private final 'classLoader' 'Ljava/lang/ClassLoader;' @56  a 'org/codehaus/plexus/classworlds/realm/ClassRealm'{0x00000006f2021640} (0xde4042c8)
 - private transient 'classData' 'Ljava/lang/Object;' @60  null (0x00000000)
 - private transient 'signers' '[Ljava/lang/Object;' @64  null (0x00000000)
 - private transient 'packageName' 'Ljava/lang/String;' @68  "org.apache.maven.project.artifact"{0x00000006f20cca60} (0xde41994c)
 - private final transient 'componentType' 'Ljava/lang/Class;' @72  null (0x00000000)
 - private final transient 'protectionDomain' 'Ljava/security/ProtectionDomain;' @76  a 'java/security/ProtectionDomain'{0x00000006f2099c78} (0xde41338f)
 - private volatile transient 'reflectionData' 'Ljava/lang/ref/SoftReference;' @80  null (0x00000000)
 - private volatile transient 'genericInfo' 'Lsun/reflect/generics/repository/ClassRepository;' @84  null (0x00000000)
 - private volatile transient 'enumConstants' '[Ljava/lang/Object;' @88  null (0x00000000)
 - private volatile transient 'enumConstantDirectory' 'Ljava/util/Map;' @92  null (0x00000000)
 - private volatile transient 'annotationData' 'Ljava/lang/Class$AnnotationData;' @96  null (0x00000000)
 - private volatile transient 'annotationType' 'Lsun/reflect/annotation/AnnotationType;' @100  null (0x00000000)
 - transient 'classValueMap' 'Ljava/lang/ClassValue$ClassValueMap;' @104  null (0x00000000)
 - injected 'source_file' 'Ljava/lang/Object;' @108  null (0x00000000)
 - injected '<init_lock>' 'Ljava/lang/Object;' @112  [I{0x00000006f20ccab0} (0xde419956)
 - signature: Lorg/apache/maven/project/artifact/InvalidDependencyVersionException;
 - ---- static fields (0):
stack at sp + 2 slots: 0x00000000401830e0 is a pointer to class: 
java.lang.Class {0x00000000401830e0}
 - instance size:     15
 - klass size:        97
 - access:            public final synchronized 
 - flags:             rewritten has_nonstatic_fields has_nonstatic_concrete_methods defined_by_boot_loader has_localvariable_table has_resolved_methods 
 - state:             fully_initialized
 - name:              'java/lang/Class'
 - super:             'java/lang/Object'
 - sub:               
 - arrays:            'java/lang/Class'[]
 - methods:           Array<T>(0x000000004072ba40)
 - method ordering:   Array<T>(0x000000004067b060)
 - local interfaces:  Array<T>(0x00000000407318b8)
 - trans. interfaces: Array<T>(0x00000000407318f0)
 - secondary supers: Array<T>(0x00000000407279d8)
 - hash_slot:         25
 - secondary bitmap: 0x8002040300880000
 - constants:         constant pool [1652]/operands[42] {0x0000000040728510} for 'java/lang/Class' cache=0x0000000040185090
 - class loader data:  loader data: 0x00007fe2240a7ef0 of 'bootstrap'
 - source file:       'Class.java'
 - field annotations:       Array<T>(0x000000004072b918)
 - generic signature: '<T:Ljava/lang/Object;>Ljava/lang/Object;Ljava/io/Serializable;Ljava/lang/reflect/GenericDeclaration;Ljava/lang/reflect/Type;Ljava/lang/reflect/AnnotatedElement;Ljava/lang/invoke/TypeDescriptor$OfField<Ljava/lang/Class<*>;>;Ljava/lang/constant/Constable;'
 - inner classes:     Array<T>(0x000000004067a478)
 - nest members:     Array<T>(0x000000004067b448)
 - permitted subclasses:     Array<T>(0x0000000040678420)
 - java mirror:       a 'java/lang/Class'{0x00000007ffc7d588} = 'java/lang/Class'
 - vtable length      5  (start addr: 0x00000000401832b8)
 - itable length      32 (start addr: 0x00000000401832e0)
 - ---- static fields (5 words):
 - private static final 'ANNOTATION' 'I' @144 
 - private static final 'ENUM' 'I' @148 
 - private static final 'SYNTHETIC' 'I' @152 
 - private static final 'EMPTY_CLASS_ARRAY' '[Ljava/lang/Class;' @120 
 - private static final 'serialVersionUID' 'J' @136 
 - private static final 'serialPersistentFields' '[Ljava/io/ObjectStreamField;' @124 
 - private static 'reflectionFactory' 'Ljdk/internal/reflect/ReflectionFactory;' @128 
 - ---- non-static fields (26 words):
 - private volatile transient 'classRedefinedCount' 'I' @12 
 - injected 'klass' 'J' @16 
 - injected 'array_klass' 'J' @24 
 - injected 'oop_size' 'I' @32 
 - injected 'static_oop_field_count' 'I' @36 
 - private final transient 'modifiers' 'C' @40 
 - private final transient 'primitive' 'Z' @42 
 - private volatile transient 'cachedConstructor' 'Ljava/lang/reflect/Constructor;' @44 
 - private transient 'name' 'Ljava/lang/String;' @48 
 - private transient 'module' 'Ljava/lang/Module;' @52 
 - private final 'classLoader' 'Ljava/lang/ClassLoader;' @56 
 - private transient 'classData' 'Ljava/lang/Object;' @60 
 - private transient 'signers' '[Ljava/lang/Object;' @64 
 - private transient 'packageName' 'Ljava/lang/String;' @68 
 - private final transient 'componentType' 'Ljava/lang/Class;' @72 
 - private final transient 'protectionDomain' 'Ljava/security/ProtectionDomain;' @76 
 - private volatile transient 'reflectionData' 'Ljava/lang/ref/SoftReference;' @80 
 - private volatile transient 'genericInfo' 'Lsun/reflect/generics/repository/ClassRepository;' @84 
 - private volatile transient 'enumConstants' '[Ljava/lang/Object;' @88 
 - private volatile transient 'enumConstantDirectory' 'Ljava/util/Map;' @92 
 - private volatile transient 'annotationData' 'Ljava/lang/Class$AnnotationData;' @96 
 - private volatile transient 'annotationType' 'Lsun/reflect/annotation/AnnotationType;' @100 
 - transient 'classValueMap' 'Ljava/lang/ClassValue$ClassValueMap;' @104 
 - injected 'source_file' 'Ljava/lang/Object;' @108 
 - injected '<init_lock>' 'Ljava/lang/Object;' @112 
 - non-static oop maps (1 entries): 44-112 
 - ---- field info search table:
   [0] #22,#23 = modifiers:C @ 0x404ad068,0x404b1730
   [2] #350,#351 = name:Ljava/lang/String; @ 0x404aeae8,0x404b1ea8
   [4] #797,#798 = classRedefinedCount:I @ 0x404b5558,0x404b1748
   [6] #14,#15 = classLoader:Ljava/lang/ClassLoader; @ 0x404b5578,0x404b1e38
   [8] #18,#19 = componentType:Ljava/lang/Class; @ 0x404b5590,0x404b1e90
   [10] #1270,#1271 = serialPersistentFields:[Ljava/io/ObjectStreamField; @ 0x404b8340,0x404b8360
   [12] #1294,#1295 = serialVersionUID:J @ 0x404b8428,0x404b1750
   [14] #26,#27 = protectionDomain:Ljava/security/ProtectionDomain; @ 0x404ba3a8,0x404ad478
   [16] #30,#31 = primitive:Z @ 0x404ba3c0,0x404b1760
   [18] #286,#287 = cachedConstructor:Ljava/lang/reflect/Constructor; @ 0x404ba930,0x404ba948
   [20] #357,#358 = module:Ljava/lang/Module; @ 0x404bac08,0x404b1f50
   [22] #361,#362 = classData:Ljava/lang/Object; @ 0x404bac18,0x404b1e58
   [24] #380,#351 = packageName:Ljava/lang/String; @ 0x404bad20,0x404b1ea8
   [26] #402,#794 = reflectionData:Ljava/lang/ref/SoftReference; @ 0x404bad80,0x404ad450
   [28] #448,#449 = signers:[Ljava/lang/Object; @ 0x404baf80,0x404b1e70
   [30] #833,#834 = genericInfo:Lsun/reflect/generics/repository/ClassRepository; @ 0x404bc228,0x404bc240
   [32] #925,#409 = EMPTY_CLASS_ARRAY:[Ljava/lang/Class; @ 0x404bc6e0,0x404b1e20
   [34] #965,#966 = reflectionFactory:Ljdk/internal/reflect/ReflectionFactory; @ 0x404bc8a8,0x404bc8c0
   [36] #973,#449 = enumConstants:[Ljava/lang/Object; @ 0x404bc910,0x404b1e70
   [38] #990,#952 = enumConstantDirectory:Ljava/util/Map; @ 0x404bc938,0x404bc860
   [40] #1027,#1063 = annotationData:Ljava/lang/Class$AnnotationData; @ 0x404bca18,0x404bccb0
   [42] #1148,#1149 = annotationType:Lsun/reflect/annotation/AnnotationType; @ 0x404bd078,0x404bd090
   [44] #1280,#798 = ANNOTATION:I @ 0x404bd638,0x404b1748
   [46] #1283,#798 = ENUM:I @ 0x404bd648,0x404b1748
   [48] #1285,#798 = SYNTHETIC:I @ 0x404bd658,0x404b1748
   [50] #1300,#1301 = classValueMap:Ljava/lang/ClassValue$ClassValueMap; @ 0x404bd768,0x404bd780
stack at sp + 3 slots: 0x000000002cd71789 is an unknown value
stack at sp + 4 slots: 0x00007fe229632bd0 points into unknown readable memory: 0x00007fe22c9ff710 | 10 f7 9f 2c e2 7f 00 00
stack at sp + 5 slots: 0x00007fe224052730 points into unknown readable memory: 0x00007fe224060490 | 90 04 06 24 e2 7f 00 00
stack at sp + 6 slots: 0x00007fe22c9ff5d8: <offset 0x00000000015ff5d8> in /usr/lib/apache-netbeans/jdk/lib/server/libjvm.so at 0x00007fe22b400000
stack at sp + 7 slots: 0x0 is null


---------------  P R O C E S S  ---------------

Threads class SMR info:
_java_thread_list=0x00007fe1bc7e6750, length=12, elements={
0x00007fe22402b650, 0x00007fe2240c8cb0, 0x00007fe2240c9ea0, 0x00007fe2240cba10,
0x00007fe2240cd330, 0x00007fe2240cebb0, 0x00007fe2240d09b0, 0x00007fe2240d23a0,
0x00007fe22410b910, 0x00007fe22410e260, 0x00007fe1bc7cf220, 0x00007fe1bc7e53f0
}

Java Threads: ( => current thread )
  0x00007fe22402b650 JavaThread "main"                              [_thread_in_Java, id=8970, stack(0x00007fe22b300000,0x00007fe22b400000) (1024K)]
  0x00007fe2240c8cb0 JavaThread "Reference Handler"          daemon [_thread_blocked, id=8981, stack(0x00007fe2287f4000,0x00007fe2288f4000) (1024K)]
  0x00007fe2240c9ea0 JavaThread "Finalizer"                  daemon [_thread_blocked, id=8982, stack(0x00007fe2284d5000,0x00007fe2285d5000) (1024K)]
  0x00007fe2240cba10 JavaThread "Signal Dispatcher"          daemon [_thread_blocked, id=8983, stack(0x00007fe2283d5000,0x00007fe2284d5000) (1024K)]
  0x00007fe2240cd330 JavaThread "Service Thread"             daemon [_thread_blocked, id=8984, stack(0x00007fe2282d5000,0x00007fe2283d5000) (1024K)]
  0x00007fe2240cebb0 JavaThread "Monitor Deflation Thread"   daemon [_thread_blocked, id=8985, stack(0x00007fe2281d5000,0x00007fe2282d5000) (1024K)]
  0x00007fe2240d09b0 JavaThread "C2 CompilerThread0"         daemon [_thread_in_native, id=8986, stack(0x00007fe2280d5000,0x00007fe2281d5000) (1024K)]
  0x00007fe2240d23a0 JavaThread "C1 CompilerThread0"         daemon [_thread_blocked, id=8987, stack(0x00007fe205d00000,0x00007fe205e00000) (1024K)]
  0x00007fe22410b910 JavaThread "Notification Thread"        daemon [_thread_blocked, id=8988, stack(0x00007fe205c00000,0x00007fe205d00000) (1024K)]
  0x00007fe22410e260 JavaThread "Common-Cleaner"             daemon [_thread_blocked, id=8989, stack(0x00007fe205b00000,0x00007fe205c00000) (1024K)]
  0x00007fe1bc7cf220 JavaThread "C2 CompilerThread1"         daemon [_thread_in_native, id=9001, stack(0x00007fe205a00000,0x00007fe205b00000) (1024K)]
  0x00007fe1bc7e53f0 JavaThread "C2 CompilerThread2"         daemon [_thread_in_native, id=9002, stack(0x00007fe205900000,0x00007fe205a00000) (1024K)]
Total: 12

Other Threads:
  0x00007fe2240bef10 VMThread "VM Thread"                           [id=8980, stack(0x00007fe2286f3000,0x00007fe2287f3000) (1024K)]
  0x00007fe2240ae9d0 WatcherThread "VM Periodic Task Thread"        [id=8979, stack(0x00007fe2288f5000,0x00007fe2289f5000) (1024K)]
  0x00007fe224051af0 WorkerThread "GC Thread#0"                     [id=8971, stack(0x00007fe229635000,0x00007fe229735000) (1024K)]
  0x00007fe1e0007c90 WorkerThread "GC Thread#1"                     [id=8996, stack(0x00007fe205500000,0x00007fe205600000) (1024K)]
  0x00007fe1e00086f0 WorkerThread "GC Thread#2"                     [id=8997, stack(0x00007fe2053ff000,0x00007fe2054ff000) (1024K)]
  0x00007fe1e0009180 WorkerThread "GC Thread#3"                     [id=8998, stack(0x00007fe2052fe000,0x00007fe2053fe000) (1024K)]
  0x00007fe1e0009d10 WorkerThread "GC Thread#4"                     [id=8999, stack(0x00007fe2051fd000,0x00007fe2052fd000) (1024K)]
  0x00007fe1e000a8c0 WorkerThread "GC Thread#5"                     [id=9000, stack(0x00007fe2050fc000,0x00007fe2051fc000) (1024K)]
  0x00007fe1e00111e0 WorkerThread "GC Thread#6"                     [id=9003, stack(0x00007fe204ffb000,0x00007fe2050fb000) (1024K)]
  0x00007fe1e0012140 WorkerThread "GC Thread#7"                     [id=9004, stack(0x00007fe204efa000,0x00007fe204ffa000) (1024K)]
  0x00007fe224060490 ConcurrentGCThread "G1 Main Marker"            [id=8972, stack(0x00007fe229534000,0x00007fe229634000) (1024K)]
  0x00007fe224061660 WorkerThread "G1 Conc#0"                       [id=8973, stack(0x00007fe229433000,0x00007fe229533000) (1024K)]
=>0x00007fe1f8000cd0 WorkerThread "G1 Conc#1"                       [id=9005, stack(0x00007fe204df9000,0x00007fe204ef9000) (1024K)]
  0x00007fe22409fc70 ConcurrentGCThread "G1 Refine#0"               [id=8974, stack(0x00007fe228b2a000,0x00007fe228c2a000) (1024K)]
  0x00007fe2240a0e60 ConcurrentGCThread "G1 Service"                [id=8975, stack(0x00007fe228a29000,0x00007fe228b29000) (1024K)]
Total: 15

Threads with active compile tasks:
C2 CompilerThread0  5758 5234       4       java.lang.invoke.MethodType::makeImpl (109 bytes)
C2 CompilerThread1  5759 5383   !   4       jdk.internal.loader.BuiltinClassLoader::loadClassOrNull (143 bytes)
C2 CompilerThread2  5759 5331       4       java.lang.invoke.MethodType::methodType (69 bytes)
Total: 3

VM state: not at safepoint (normal execution)

VM Mutex/Monitor currently owned by a thread: None

Heap address: 0x00000006e8000000, size: 4480 MB, Compressed Oops mode: Zero based, Oop shift amount: 3

CDS archive(s) mapped at: [0x0000000040000000-0x0000000040d8c000-0x0000000040d8c000), size 14204928, SharedBaseAddress: 0x0000000040000000, ArchiveRelocationMode: 1.
Compressed class space mapped at: 0x0000000041000000-0x0000000081000000, reserved size: 1073741824
UseCompressedClassPointers 1, UseCompactObjectHeaders 0
Narrow klass pointer bits 32, Max shift 3
Narrow klass base: 0x0000000040000000, Narrow klass shift: 0
Encoding Range: [0x0000000040000000 - 0x0000000140000000), (4294967296 bytes)
Klass Range:    [0x0000000040001000 - 0x0000000081000000), (1090514944 bytes)
Klass ID Range:  [4096 - 1090519033) (1090514937)
Protection zone: [0x0000000040000000 - 0x0000000040001000), (4096 bytes)

GC Precious Log:
 CardTable entry size: 512
 Card Set container configuration: InlinePtr #cards 4 size 8 Array Of Cards #cards 32 size 80 Howl #buckets 8 coarsen threshold 7372 Howl Bitmap #cards 1024 size 144 coarsen threshold 921 Card regions per heap region 1 cards per card region 8192
 CPUs: 8 total, 8 available
 Memory: 17906M
 Large Page Support: Disabled
 NUMA Support: Disabled
 Compressed Oops: Enabled (Zero based)
 Heap Region Size: 4M
 Heap Min Capacity: 8M
 Heap Initial Capacity: 280M
 Heap Max Capacity: 4480M
 Pre-touch: Disabled
 Parallel Workers: 8
 Concurrent Workers: 2
 Concurrent Refinement Workers: 8
 Periodic GC: Disabled

Heap:
 garbage-first heap   total reserved 4587520K, committed 290816K, used 13977K [0x00000006e8000000, 0x0000000800000000)
  region size 4096K, 5 young (20480K), 4 survivors (16384K)

Heap Regions: E=young(eden), S=young(survivor), O=old, HS=humongous(starts), HC=humongous(continues), CS=collection set, F=free, TAMS=top-at-mark-start, PB=parsable bottom
|   0|0x00000006e8000000, 0x00000006e8000000, 0x00000006e8400000|  0%| F|  |TAMS 0x00000006e8000000| PB 0x00000006e8000000| Untracked |  0
|   1|0x00000006e8400000, 0x00000006e8400000, 0x00000006e8800000|  0%| F|  |TAMS 0x00000006e8400000| PB 0x00000006e8400000| Untracked |  0
|   2|0x00000006e8800000, 0x00000006e8800000, 0x00000006e8c00000|  0%| F|  |TAMS 0x00000006e8800000| PB 0x00000006e8800000| Untracked |  0
|   3|0x00000006e8c00000, 0x00000006e8c00000, 0x00000006e9000000|  0%| F|  |TAMS 0x00000006e8c00000| PB 0x00000006e8c00000| Untracked |  0
|   4|0x00000006e9000000, 0x00000006e9000000, 0x00000006e9400000|  0%| F|  |TAMS 0x00000006e9000000| PB 0x00000006e9000000| Untracked |  0
|   5|0x00000006e9400000, 0x00000006e9400000, 0x00000006e9800000|  0%| F|  |TAMS 0x00000006e9400000| PB 0x00000006e9400000| Untracked |  0
|   6|0x00000006e9800000, 0x00000006e9800000, 0x00000006e9c00000|  0%| F|  |TAMS 0x00000006e9800000| PB 0x00000006e9800000| Untracked |  0
|   7|0x00000006e9c00000, 0x00000006e9c00000, 0x00000006ea000000|  0%| F|  |TAMS 0x00000006e9c00000| PB 0x00000006e9c00000| Untracked |  0
|   8|0x00000006ea000000, 0x00000006ea000000, 0x00000006ea400000|  0%| F|  |TAMS 0x00000006ea000000| PB 0x00000006ea000000| Untracked |  0
|   9|0x00000006ea400000, 0x00000006ea400000, 0x00000006ea800000|  0%| F|  |TAMS 0x00000006ea400000| PB 0x00000006ea400000| Untracked |  0
|  10|0x00000006ea800000, 0x00000006ea800000, 0x00000006eac00000|  0%| F|  |TAMS 0x00000006ea800000| PB 0x00000006ea800000| Untracked |  0
|  11|0x00000006eac00000, 0x00000006eac00000, 0x00000006eb000000|  0%| F|  |TAMS 0x00000006eac00000| PB 0x00000006eac00000| Untracked |  0
|  12|0x00000006eb000000, 0x00000006eb000000, 0x00000006eb400000|  0%| F|  |TAMS 0x00000006eb000000| PB 0x00000006eb000000| Untracked |  0
|  13|0x00000006eb400000, 0x00000006eb400000, 0x00000006eb800000|  0%| F|  |TAMS 0x00000006eb400000| PB 0x00000006eb400000| Untracked |  0
|  14|0x00000006eb800000, 0x00000006eb800000, 0x00000006ebc00000|  0%| F|  |TAMS 0x00000006eb800000| PB 0x00000006eb800000| Untracked |  0
|  15|0x00000006ebc00000, 0x00000006ebc00000, 0x00000006ec000000|  0%| F|  |TAMS 0x00000006ebc00000| PB 0x00000006ebc00000| Untracked |  0
|  16|0x00000006ec000000, 0x00000006ec000000, 0x00000006ec400000|  0%| F|  |TAMS 0x00000006ec000000| PB 0x00000006ec000000| Untracked |  0
|  17|0x00000006ec400000, 0x00000006ec400000, 0x00000006ec800000|  0%| F|  |TAMS 0x00000006ec400000| PB 0x00000006ec400000| Untracked |  0
|  18|0x00000006ec800000, 0x00000006ec800000, 0x00000006ecc00000|  0%| F|  |TAMS 0x00000006ec800000| PB 0x00000006ec800000| Untracked |  0
|  19|0x00000006ecc00000, 0x00000006ecc00000, 0x00000006ed000000|  0%| F|  |TAMS 0x00000006ecc00000| PB 0x00000006ecc00000| Untracked |  0
|  20|0x00000006ed000000, 0x00000006ed000000, 0x00000006ed400000|  0%| F|  |TAMS 0x00000006ed000000| PB 0x00000006ed000000| Untracked |  0
|  21|0x00000006ed400000, 0x00000006ed400000, 0x00000006ed800000|  0%| F|  |TAMS 0x00000006ed400000| PB 0x00000006ed400000| Untracked |  0
|  22|0x00000006ed800000, 0x00000006ed800000, 0x00000006edc00000|  0%| F|  |TAMS 0x00000006ed800000| PB 0x00000006ed800000| Untracked |  0
|  23|0x00000006edc00000, 0x00000006edc00000, 0x00000006ee000000|  0%| F|  |TAMS 0x00000006edc00000| PB 0x00000006edc00000| Untracked |  0
|  24|0x00000006ee000000, 0x00000006ee000000, 0x00000006ee400000|  0%| F|  |TAMS 0x00000006ee000000| PB 0x00000006ee000000| Untracked |  0
|  25|0x00000006ee400000, 0x00000006ee400000, 0x00000006ee800000|  0%| F|  |TAMS 0x00000006ee400000| PB 0x00000006ee400000| Untracked |  0
|  26|0x00000006ee800000, 0x00000006ee800000, 0x00000006eec00000|  0%| F|  |TAMS 0x00000006ee800000| PB 0x00000006ee800000| Untracked |  0
|  27|0x00000006eec00000, 0x00000006eec00000, 0x00000006ef000000|  0%| F|  |TAMS 0x00000006eec00000| PB 0x00000006eec00000| Untracked |  0
|  28|0x00000006ef000000, 0x00000006ef000000, 0x00000006ef400000|  0%| F|  |TAMS 0x00000006ef000000| PB 0x00000006ef000000| Untracked |  0
|  29|0x00000006ef400000, 0x00000006ef400000, 0x00000006ef800000|  0%| F|  |TAMS 0x00000006ef400000| PB 0x00000006ef400000| Untracked |  0
|  30|0x00000006ef800000, 0x00000006ef800000, 0x00000006efc00000|  0%| F|  |TAMS 0x00000006ef800000| PB 0x00000006ef800000| Untracked |  0
|  31|0x00000006efc00000, 0x00000006efc00000, 0x00000006f0000000|  0%| F|  |TAMS 0x00000006efc00000| PB 0x00000006efc00000| Untracked |  0
|  32|0x00000006f0000000, 0x00000006f0000000, 0x00000006f0400000|  0%| F|  |TAMS 0x00000006f0000000| PB 0x00000006f0000000| Untracked |  0
|  33|0x00000006f0400000, 0x00000006f0400000, 0x00000006f0800000|  0%| F|  |TAMS 0x00000006f0400000| PB 0x00000006f0400000| Untracked |  0
|  34|0x00000006f0800000, 0x00000006f0800000, 0x00000006f0c00000|  0%| F|  |TAMS 0x00000006f0800000| PB 0x00000006f0800000| Untracked |  0
|  35|0x00000006f0c00000, 0x00000006f0c00000, 0x00000006f1000000|  0%| F|  |TAMS 0x00000006f0c00000| PB 0x00000006f0c00000| Untracked |  0
|  36|0x00000006f1000000, 0x00000006f1000000, 0x00000006f1400000|  0%| F|  |TAMS 0x00000006f1000000| PB 0x00000006f1000000| Untracked |  0
|  37|0x00000006f1400000, 0x00000006f1485620, 0x00000006f1800000| 13%| S|CS|TAMS 0x00000006f1400000| PB 0x00000006f1400000| Complete |  0
|  38|0x00000006f1800000, 0x00000006f1c00000, 0x00000006f1c00000|100%| S|CS|TAMS 0x00000006f1800000| PB 0x00000006f1800000| Complete |  0
|  39|0x00000006f1c00000, 0x00000006f2000000, 0x00000006f2000000|100%| S|CS|TAMS 0x00000006f1c00000| PB 0x00000006f1c00000| Complete |  0
|  40|0x00000006f2000000, 0x00000006f2400000, 0x00000006f2400000|100%| S|CS|TAMS 0x00000006f2000000| PB 0x00000006f2000000| Complete |  0
|  41|0x00000006f2400000, 0x00000006f2400000, 0x00000006f2800000|  0%| F|  |TAMS 0x00000006f2400000| PB 0x00000006f2400000| Untracked |  0
|  42|0x00000006f2800000, 0x00000006f2800000, 0x00000006f2c00000|  0%| F|  |TAMS 0x00000006f2800000| PB 0x00000006f2800000| Untracked |  0
|  43|0x00000006f2c00000, 0x00000006f2c00000, 0x00000006f3000000|  0%| F|  |TAMS 0x00000006f2c00000| PB 0x00000006f2c00000| Untracked |  0
|  44|0x00000006f3000000, 0x00000006f3000000, 0x00000006f3400000|  0%| F|  |TAMS 0x00000006f3000000| PB 0x00000006f3000000| Untracked |  0
|  45|0x00000006f3400000, 0x00000006f3400000, 0x00000006f3800000|  0%| F|  |TAMS 0x00000006f3400000| PB 0x00000006f3400000| Untracked |  0
|  46|0x00000006f3800000, 0x00000006f3800000, 0x00000006f3c00000|  0%| F|  |TAMS 0x00000006f3800000| PB 0x00000006f3800000| Untracked |  0
|  47|0x00000006f3c00000, 0x00000006f3c00000, 0x00000006f4000000|  0%| F|  |TAMS 0x00000006f3c00000| PB 0x00000006f3c00000| Untracked |  0
|  48|0x00000006f4000000, 0x00000006f4000000, 0x00000006f4400000|  0%| F|  |TAMS 0x00000006f4000000| PB 0x00000006f4000000| Untracked |  0
|  49|0x00000006f4400000, 0x00000006f4400000, 0x00000006f4800000|  0%| F|  |TAMS 0x00000006f4400000| PB 0x00000006f4400000| Untracked |  0
|  50|0x00000006f4800000, 0x00000006f4800000, 0x00000006f4c00000|  0%| F|  |TAMS 0x00000006f4800000| PB 0x00000006f4800000| Untracked |  0
|  51|0x00000006f4c00000, 0x00000006f4c00000, 0x00000006f5000000|  0%| F|  |TAMS 0x00000006f4c00000| PB 0x00000006f4c00000| Untracked |  0
|  52|0x00000006f5000000, 0x00000006f5000000, 0x00000006f5400000|  0%| F|  |TAMS 0x00000006f5000000| PB 0x00000006f5000000| Untracked |  0
|  53|0x00000006f5400000, 0x00000006f5400000, 0x00000006f5800000|  0%| F|  |TAMS 0x00000006f5400000| PB 0x00000006f5400000| Untracked |  0
|  54|0x00000006f5800000, 0x00000006f5800000, 0x00000006f5c00000|  0%| F|  |TAMS 0x00000006f5800000| PB 0x00000006f5800000| Untracked |  0
|  55|0x00000006f5c00000, 0x00000006f5c00000, 0x00000006f6000000|  0%| F|  |TAMS 0x00000006f5c00000| PB 0x00000006f5c00000| Untracked |  0
|  56|0x00000006f6000000, 0x00000006f6000000, 0x00000006f6400000|  0%| F|  |TAMS 0x00000006f6000000| PB 0x00000006f6000000| Untracked |  0
|  57|0x00000006f6400000, 0x00000006f6400000, 0x00000006f6800000|  0%| F|  |TAMS 0x00000006f6400000| PB 0x00000006f6400000| Untracked |  0
|  58|0x00000006f6800000, 0x00000006f6800000, 0x00000006f6c00000|  0%| F|  |TAMS 0x00000006f6800000| PB 0x00000006f6800000| Untracked |  0
|  59|0x00000006f6c00000, 0x00000006f6c00000, 0x00000006f7000000|  0%| F|  |TAMS 0x00000006f6c00000| PB 0x00000006f6c00000| Untracked |  0
|  60|0x00000006f7000000, 0x00000006f7000000, 0x00000006f7400000|  0%| F|  |TAMS 0x00000006f7000000| PB 0x00000006f7000000| Untracked |  0
|  61|0x00000006f7400000, 0x00000006f7400000, 0x00000006f7800000|  0%| F|  |TAMS 0x00000006f7400000| PB 0x00000006f7400000| Untracked |  0
|  62|0x00000006f7800000, 0x00000006f7800000, 0x00000006f7c00000|  0%| F|  |TAMS 0x00000006f7800000| PB 0x00000006f7800000| Untracked |  0
|  63|0x00000006f7c00000, 0x00000006f7c00000, 0x00000006f8000000|  0%| F|  |TAMS 0x00000006f7c00000| PB 0x00000006f7c00000| Untracked |  0
|  64|0x00000006f8000000, 0x00000006f8000000, 0x00000006f8400000|  0%| F|  |TAMS 0x00000006f8000000| PB 0x00000006f8000000| Untracked |  0
|  65|0x00000006f8400000, 0x00000006f8400000, 0x00000006f8800000|  0%| F|  |TAMS 0x00000006f8400000| PB 0x00000006f8400000| Untracked |  0
|  66|0x00000006f8800000, 0x00000006f8800000, 0x00000006f8c00000|  0%| F|  |TAMS 0x00000006f8800000| PB 0x00000006f8800000| Untracked |  0
|  67|0x00000006f8c00000, 0x00000006f8c00000, 0x00000006f9000000|  0%| F|  |TAMS 0x00000006f8c00000| PB 0x00000006f8c00000| Untracked |  0
|  68|0x00000006f9000000, 0x00000006f9000000, 0x00000006f9400000|  0%| F|  |TAMS 0x00000006f9000000| PB 0x00000006f9000000| Untracked |  0
|  69|0x00000006f9400000, 0x00000006f9600000, 0x00000006f9800000| 50%| E|  |TAMS 0x00000006f9400000| PB 0x00000006f9400000| Complete |  0
|1119|0x00000007ffc00000, 0x00000007ffd20fd8, 0x0000000800000000| 28%| O|  |TAMS 0x00000007ffd20fd8| PB 0x00000007ffc00000| Untracked |  0

Card table byte_map: [0x00007fe2297a2000,0x00007fe22a062000] _byte_map_base: 0x00007fe226062000

Marking Bits: (CMBitMap*) 0x00007fe224052740
 Bits: [0x00007fe207e00000, 0x00007fe20c400000)

Polling page: 0x00007fe22cf04000

Metaspace:
Metaspace        used 22545K, committed 22848K, reserved 1114112K
 class space     used 2179K, committed 2304K, reserved 1048576K

Usage:
  Non-class:     19.89 MB used.
      Class:      2.13 MB used.
       Both:     22.02 MB used.

Virtual space:
  Non-class space:       64.00 MB reserved,      20.06 MB ( 31%) committed,  1 nodes.
      Class space:        1.00 GB reserved,       2.25 MB ( <1%) committed,  1 nodes.
             Both:        1.06 GB reserved,      22.31 MB (  2%) committed. 

Chunk freelists:
   Non-Class:  11.75 MB
       Class:  13.78 MB
        Both:  25.53 MB

MaxMetaspaceSize: unlimited
CompressedClassSpaceSize: 1.00 GB
Initial GC threshold: 21.00 MB
Current GC threshold: 22.56 MB
CDS: on
 - commit_granule_bytes: 65536.
 - commit_granule_words: 8192.
 - virtual_space_node_default_size: 8388608.
 - enlarge_chunks_in_place: 1.
UseCompressedClassPointers 1, UseCompactObjectHeaders 0
Narrow klass pointer bits 32, Max shift 3
Narrow klass base: 0x0000000040000000, Narrow klass shift: 0
Encoding Range: [0x0000000040000000 - 0x0000000140000000), (4294967296 bytes)
Klass Range:    [0x0000000040001000 - 0x0000000081000000), (1090514944 bytes)
Klass ID Range:  [4096 - 1090519033) (1090514937)
Protection zone: [0x0000000040000000 - 0x0000000040001000), (4096 bytes)


Internal statistics:

num_allocs_failed_limit: 15.
num_arena_births: 200.
num_arena_deaths: 0.
num_vsnodes_births: 2.
num_vsnodes_deaths: 0.
num_space_committed: 357.
num_space_uncommitted: 0.
num_chunks_returned_to_freelist: 15.
num_chunks_taken_from_freelist: 1002.
num_chunk_merges: 15.
num_chunk_splits: 728.
num_chunks_enlarged: 566.
num_inconsistent_stats: 0.

CodeHeap 'non-profiled nmethods': size=120032Kb used=1740Kb max_used=1740Kb free=118291Kb
 bounds [0x00007fe213ec8000, 0x00007fe214138000, 0x00007fe21b400000]
CodeHeap 'profiled nmethods': size=120028Kb used=8638Kb max_used=8638Kb free=111389Kb
 bounds [0x00007fe20c400000, 0x00007fe20cc70000, 0x00007fe213937000]
CodeHeap 'non-nmethods': size=5700Kb used=1488Kb max_used=1533Kb free=4211Kb
 bounds [0x00007fe213937000, 0x00007fe213ba7000, 0x00007fe213ec8000]
CodeCache: size=245760Kb, used=11866Kb, max_used=11911Kb, free=233891Kb
 total_blobs=5901, nmethods=5349, adapters=455, full_count=0
Compilation: enabled, stopped_count=0, restarted_count=0

Compilation events (20 events):
Event: 5.623 Thread 0x00007fe2240d23a0 nmethod 5388 0x00007fe20cc4a788 code [0x00007fe20cc4a880, 0x00007fe20cc4ad28]
Event: 5.623 Thread 0x00007fe2240d23a0 5389       3       java.lang.invoke.InfoFromMemberName::getMethodType (8 bytes)
Event: 5.623 Thread 0x00007fe2240d23a0 nmethod 5389 0x00007fe20cc4ad88 code [0x00007fe20cc4ae80, 0x00007fe20cc4b040]
Event: 5.623 Thread 0x00007fe2240d23a0 5390       3       java.lang.invoke.InnerClassLambdaMetafactory::sanitizedTargetClassName (30 bytes)
Event: 5.624 Thread 0x00007fe2240d23a0 nmethod 5390 0x00007fe20cc4b088 code [0x00007fe20cc4b180, 0x00007fe20cc4b630]
Event: 5.628 Thread 0x00007fe2240d23a0 5391       3       java.lang.invoke.MethodHandles$Lookup::hasFullPrivilegeAccess (18 bytes)
Event: 5.628 Thread 0x00007fe2240d23a0 nmethod 5391 0x00007fe20cc4b688 code [0x00007fe20cc4b780, 0x00007fe20cc4b8d8]
Event: 5.628 Thread 0x00007fe2240d23a0 5392       3       java.lang.invoke.MethodHandles$Lookup::findConstructor (61 bytes)
Event: 5.630 Thread 0x00007fe2240d23a0 nmethod 5392 0x00007fe20cc4b988 code [0x00007fe20cc4ba80, 0x00007fe20cc4c690]
Event: 5.630 Thread 0x00007fe2240d23a0 5393       3       java.lang.invoke.LambdaForm::editor (5 bytes)
Event: 5.631 Thread 0x00007fe2240d23a0 nmethod 5393 0x00007fe20cc4c708 code [0x00007fe20cc4c800, 0x00007fe20cc4cb20]
Event: 5.631 Thread 0x00007fe2240d23a0 5394       3       java.lang.invoke.LambdaFormEditor::lambdaFormEditor (12 bytes)
Event: 5.631 Thread 0x00007fe2240d23a0 nmethod 5394 0x00007fe20cc4cb88 code [0x00007fe20cc4cc80, 0x00007fe20cc4cf28]
Event: 5.631 Thread 0x00007fe2240d23a0 5395       3       java.lang.invoke.LambdaFormEditor::<init> (10 bytes)
Event: 5.631 Thread 0x00007fe2240d23a0 nmethod 5395 0x00007fe20cc4cf88 code [0x00007fe20cc4d080, 0x00007fe20cc4d238]
Event: 5.654 Thread 0x00007fe2240d23a0 5397       3       java.lang.ref.Reference::enqueueFromPending (19 bytes)
Event: 5.655 Thread 0x00007fe2240d23a0 nmethod 5397 0x00007fe20cc4d288 code [0x00007fe20cc4d380, 0x00007fe20cc4d588]
Event: 5.655 Thread 0x00007fe2240d23a0 5398   !   3       java.lang.ref.ReferenceQueue::enqueue (20 bytes)
Event: 5.655 Thread 0x00007fe2240d23a0 nmethod 5398 0x00007fe20cc4d608 code [0x00007fe20cc4d700, 0x00007fe20cc4d9c0]
Event: 5.655 Thread 0x00007fe2240d23a0 5399       3       java.lang.ref.ReferenceQueue::enqueue0 (101 bytes)

GC Heap Usage History (4 events):
Event: 2.195 {heap Before GC invocations=0 (full 0):
 garbage-first heap   total reserved 4587520K, committed 290816K, used 50307K [0x00000006e8000000, 0x0000000800000000)
  region size 4096K, 12 young (49152K), 0 survivors (0K)
}
Event: 2.204 {heap After GC invocations=1 (full 0):
 garbage-first heap   total reserved 4587520K, committed 290816K, used 5865K [0x00000006e8000000, 0x0000000800000000)
  region size 4096K, 2 young (8192K), 2 survivors (8192K)
}
Event: 5.635 {heap Before GC invocations=1 (full 0):
 garbage-first heap   total reserved 4587520K, committed 290816K, used 112361K [0x00000006e8000000, 0x0000000800000000)
  region size 4096K, 29 young (118784K), 2 survivors (8192K)
}
Event: 5.654 {heap After GC invocations=2 (full 0):
 garbage-first heap   total reserved 4587520K, committed 290816K, used 13977K [0x00000006e8000000, 0x0000000800000000)
  region size 4096K, 4 young (16384K), 4 survivors (16384K)
}

Metaspace Usage History (4 events):
Event: 2.196 {metaspace Before GC invocations=0 (full 0):
 Metaspace       used 9804K, committed 9920K, reserved 1114112K
  class space    used 884K, committed 960K, reserved 1048576K
}
Event: 2.204 {metaspace After GC invocations=1 (full 0):
 Metaspace       used 9804K, committed 9920K, reserved 1114112K
  class space    used 884K, committed 960K, reserved 1048576K
}
Event: 5.635 {metaspace Before GC invocations=1 (full 0):
 Metaspace       used 21252K, committed 21504K, reserved 1114112K
  class space    used 2052K, committed 2176K, reserved 1048576K
}
Event: 5.654 {metaspace After GC invocations=2 (full 0):
 Metaspace       used 21252K, committed 21504K, reserved 1114112K
  class space    used 2052K, committed 2176K, reserved 1048576K
}

Dll operation events (8 events):
Event: 0.004 Loaded shared library /usr/lib/apache-netbeans/jdk/lib/libjava.so
Event: 0.034 Loaded shared library /usr/lib/apache-netbeans/jdk/lib/libsimdsort.so
Event: 0.055 Loaded shared library /usr/lib/apache-netbeans/jdk/lib/libnio.so
Event: 0.061 Loaded shared library /usr/lib/apache-netbeans/jdk/lib/libzip.so
Event: 0.076 Loaded shared library /usr/lib/apache-netbeans/jdk/lib/libnet.so
Event: 0.269 Loaded shared library /usr/lib/apache-netbeans/jdk/lib/libjimage.so
Event: 0.288 Loaded shared library /tmp/jansi-2.4.2-d3e3e001f6d33158-libjansi.so
Event: 0.308 Loaded shared library /usr/lib/apache-netbeans/jdk/lib/libverify.so

Deoptimization events (20 events):
Event: 5.368 Thread 0x00007fe22402b650 Uncommon trap: trap_request=0xffffff45 fr.pc=0x00007fe213f21e2c relative=0x00000000000000ac
Event: 5.368 Thread 0x00007fe22402b650 Uncommon trap: reason=unstable_if action=reinterpret pc=0x00007fe213f21e2c method=java.nio.Buffer.limit(I)Ljava/nio/Buffer; @ 42 c2
Event: 5.368 Thread 0x00007fe22402b650 DEOPT PACKING pc=0x00007fe213f21e2c sp=0x00007fe22b3f8c20
Event: 5.368 Thread 0x00007fe22402b650 DEOPT UNPACKING pc=0x00007fe213a58af9 sp=0x00007fe22b3f8bc8 mode 2
Event: 5.368 Thread 0x00007fe22402b650 Uncommon trap: trap_request=0xffffffc6 fr.pc=0x00007fe213f22600 relative=0x0000000000000280
Event: 5.368 Thread 0x00007fe22402b650 Uncommon trap: reason=bimorphic_or_optimized_type_check action=maybe_recompile pc=0x00007fe213f22600 method=java.nio.Buffer.<init>(IIIILjava/lang/foreign/MemorySegment;)V @ 39 c2
Event: 5.368 Thread 0x00007fe22402b650 DEOPT PACKING pc=0x00007fe213f22600 sp=0x00007fe22b3f8900
Event: 5.368 Thread 0x00007fe22402b650 DEOPT UNPACKING pc=0x00007fe213a58af9 sp=0x00007fe22b3f88a8 mode 2
Event: 5.369 Thread 0x00007fe22402b650 Uncommon trap: trap_request=0xffffffc6 fr.pc=0x00007fe213f22600 relative=0x0000000000000280
Event: 5.369 Thread 0x00007fe22402b650 Uncommon trap: reason=bimorphic_or_optimized_type_check action=maybe_recompile pc=0x00007fe213f22600 method=java.nio.Buffer.<init>(IIIILjava/lang/foreign/MemorySegment;)V @ 39 c2
Event: 5.369 Thread 0x00007fe22402b650 DEOPT PACKING pc=0x00007fe213f22600 sp=0x00007fe22b3f8900
Event: 5.369 Thread 0x00007fe22402b650 DEOPT UNPACKING pc=0x00007fe213a58af9 sp=0x00007fe22b3f88a8 mode 2
Event: 5.369 Thread 0x00007fe22402b650 Uncommon trap: trap_request=0xffffffc6 fr.pc=0x00007fe213f22600 relative=0x0000000000000280
Event: 5.369 Thread 0x00007fe22402b650 Uncommon trap: reason=bimorphic_or_optimized_type_check action=maybe_recompile pc=0x00007fe213f22600 method=java.nio.Buffer.<init>(IIIILjava/lang/foreign/MemorySegment;)V @ 39 c2
Event: 5.369 Thread 0x00007fe22402b650 DEOPT PACKING pc=0x00007fe213f22600 sp=0x00007fe22b3f7080
Event: 5.369 Thread 0x00007fe22402b650 DEOPT UNPACKING pc=0x00007fe213a58af9 sp=0x00007fe22b3f7028 mode 2
Event: 5.486 Thread 0x00007fe22402b650 Uncommon trap: trap_request=0xffffff45 fr.pc=0x00007fe213f4c2d0 relative=0x0000000000000ad0
Event: 5.486 Thread 0x00007fe22402b650 Uncommon trap: reason=unstable_if action=reinterpret pc=0x00007fe213f4c2d0 method=jdk.internal.module.SystemModuleFinders$SystemModuleReader.find(Ljava/lang/String;)Ljava/util/Optional; @ 5 c2
Event: 5.486 Thread 0x00007fe22402b650 DEOPT PACKING pc=0x00007fe213f4c2d0 sp=0x00007fe22b3fc550
Event: 5.486 Thread 0x00007fe22402b650 DEOPT UNPACKING pc=0x00007fe213a58af9 sp=0x00007fe22b3fc548 mode 2

Classes loaded (20 events):
Event: 5.485 Loading class java/nio/channels/AsynchronousChannel done
Event: 5.485 Loading class java/nio/channels/AsynchronousFileChannel done
Event: 5.485 Loading class jdk/internal/jrtfs/JrtFileSystemProvider
Event: 5.485 Loading class jdk/internal/jrtfs/JrtFileSystemProvider done
Event: 5.486 Loading class sun/net/www/protocol/jrt/JavaRuntimeURLConnection
Event: 5.486 Loading class sun/net/www/protocol/jrt/JavaRuntimeURLConnection done
Event: 5.486 Loading class sun/net/www/protocol/jrt/JavaRuntimeURLConnection$1
Event: 5.486 Loading class sun/net/www/protocol/jrt/JavaRuntimeURLConnection$1 done
Event: 5.487 Loading class jdk/internal/jimage/ImageBufferCache
Event: 5.487 Loading class jdk/internal/jimage/ImageBufferCache done
Event: 5.487 Loading class jdk/internal/jimage/ImageBufferCache$1
Event: 5.487 Loading class jdk/internal/jimage/ImageBufferCache$1 done
Event: 5.487 Loading class jdk/internal/jimage/ImageBufferCache$2
Event: 5.487 Loading class jdk/internal/jimage/ImageBufferCache$2 done
Event: 5.487 Loading class java/util/AbstractMap$SimpleEntry
Event: 5.487 Loading class java/util/AbstractMap$SimpleEntry done
Event: 5.567 Loading class java/nio/file/ReadOnlyFileSystemException
Event: 5.567 Loading class java/nio/file/ReadOnlyFileSystemException done
Event: 5.583 Loading class java/nio/file/ClosedFileSystemException
Event: 5.583 Loading class java/nio/file/ClosedFileSystemException done

Classes unloaded (0 events):
No events

Classes redefined (0 events):
No events

Internal exceptions (20 events):
Event: 3.005 Thread 0x00007fe22402b650 Exception <a 'java/lang/NoClassDefFoundError'{0x00000006f8a22bb8}: com/google/inject/servlet/ServletModuleTargetVisitor> (0x00000006f8a22bb8) 
thrown [src/hotspot/share/classfile/systemDictionary.cpp, line 316]
Event: 3.117 Thread 0x00007fe22402b650 Exception <a 'java/lang/NoSuchMethodError'{0x00000006f84cfb10}: 'void java.lang.invoke.DirectMethodHandle$Holder.invokeVirtual(java.lang.Object, java.lang.Object)'> (0x00000006f84cfb10) 
thrown [src/hotspot/share/interpreter/linkResolver.cpp, line 803]
Event: 3.360 Thread 0x00007fe22402b650 Exception <a 'java/lang/NoSuchMethodError'{0x00000006f82149b8}: 'void java.lang.invoke.DirectMethodHandle$Holder.invokeSpecial(java.lang.Object, java.lang.Object, java.lang.Object, java.lang.Object, java.lang.Object)'> (0x00000006f82149b8) 
thrown [src/hotspot/share/interpreter/linkResolver.cpp, line 803]
Event: 3.368 Thread 0x00007fe22402b650 Exception <a 'java/lang/NoSuchMethodError'{0x00000006f824a8f0}: 'java.lang.Object java.lang.invoke.DirectMethodHandle$Holder.invokeVirtual(java.lang.Object, java.lang.Object, java.lang.Object)'> (0x00000006f824a8f0) 
thrown [src/hotspot/share/interpreter/linkResolver.cpp, line 803]
Event: 3.373 Thread 0x00007fe22402b650 Exception <a 'java/lang/NoSuchMethodError'{0x00000006f8271b10}: 'void java.lang.invoke.DirectMethodHandle$Holder.invokeSpecial(java.lang.Object, java.lang.Object, java.lang.Object, java.lang.Object, java.lang.Object, java.lang.Object)'> (0x00000006f8271b10) 
thrown [src/hotspot/share/interpreter/linkResolver.cpp, line 803]
Event: 3.490 Thread 0x00007fe22402b650 Exception <a 'java/lang/NoSuchMethodError'{0x00000006f838b1f0}: 'void java.lang.invoke.DirectMethodHandle$Holder.invokeVirtual(java.lang.Object, java.lang.Object, int)'> (0x00000006f838b1f0) 
thrown [src/hotspot/share/interpreter/linkResolver.cpp, line 803]
Event: 3.491 Thread 0x00007fe22402b650 Exception <a 'java/lang/NoSuchMethodError'{0x00000006f83939e0}: 'void java.lang.invoke.DirectMethodHandle$Holder.invokeSpecial(java.lang.Object, java.lang.Object, java.lang.Object, int)'> (0x00000006f83939e0) 
thrown [src/hotspot/share/interpreter/linkResolver.cpp, line 803]
Event: 3.492 Thread 0x00007fe22402b650 Exception <a 'java/lang/NoSuchMethodError'{0x00000006f839bd78}: 'void java.lang.invoke.DelegatingMethodHandle$Holder.reinvoke_L(java.lang.Object, java.lang.Object, int)'> (0x00000006f839bd78) 
thrown [src/hotspot/share/interpreter/linkResolver.cpp, line 803]
Event: 4.277 Thread 0x00007fe22402b650 Implicit null exception at 0x00007fe213f62c4b to 0x00007fe213f62e4c
Event: 4.278 Thread 0x00007fe22402b650 Implicit null exception at 0x00007fe213f5c44b to 0x00007fe213f5c624
Event: 4.278 Thread 0x00007fe22402b650 Implicit null exception at 0x00007fe213f53f9d to 0x00007fe213f54015
Event: 4.311 Thread 0x00007fe22402b650 Exception <a 'java/lang/NoSuchMethodError'{0x00000006f5df54e8}: 'java.lang.Object java.lang.invoke.DirectMethodHandle$Holder.newInvokeSpecial(java.lang.Object, java.lang.Object, java.lang.Object, java.lang.Object, java.lang.Object, java.lang.Object, java.lang.Object)'> (0x00000006f5df54e8) 
thrown [src/hotspot/share/interpreter/linkResolver.cpp, line 803]
Event: 4.450 Thread 0x00007fe22402b650 Exception <a 'java/lang/NoSuchMethodError'{0x00000006f5abbb08}: 'int java.lang.invoke.DirectMethodHandle$Holder.invokeVirtual(java.lang.Object, java.lang.Object)'> (0x00000006f5abbb08) 
thrown [src/hotspot/share/interpreter/linkResolver.cpp, line 803]
Event: 4.468 Thread 0x00007fe22402b650 Implicit null exception at 0x00007fe213f40a36 to 0x00007fe213f40ace
Event: 4.494 Thread 0x00007fe22402b650 Exception <a 'java/lang/NoSuchMethodError'{0x00000006f5427b28}: 'void java.lang.invoke.Invokers$Holder.invokeExact_MT(java.lang.Object, java.lang.Object, int, java.lang.Object)'> (0x00000006f5427b28) 
thrown [src/hotspot/share/interpreter/linkResolver.cpp, line 803]
Event: 4.502 Thread 0x00007fe22402b650 Exception <a 'java/lang/NoSuchMethodError'{0x00000006f545dac8}: 'void java.lang.invoke.DirectMethodHandle$Holder.invokeInterface(java.lang.Object, java.lang.Object, java.lang.Object)'> (0x00000006f545dac8) 
thrown [src/hotspot/share/interpreter/linkResolver.cpp, line 803]
Event: 4.741 Thread 0x00007fe22402b650 Exception <a 'sun/nio/fs/UnixException'{0x00000006f4e988d8}> (0x00000006f4e988d8) 
thrown [src/hotspot/share/prims/jni.cpp, line 516]
Event: 5.052 Thread 0x00007fe22402b650 Implicit null exception at 0x00007fe213f036ae to 0x00007fe213f0402c
Event: 5.478 Thread 0x00007fe22402b650 Exception <a 'java/lang/NoSuchMethodError'{0x00000006f29543a0}: 'int java.lang.invoke.DirectMethodHandle$Holder.invokeInterface(java.lang.Object, java.lang.Object)'> (0x00000006f29543a0) 
thrown [src/hotspot/share/interpreter/linkResolver.cpp, line 803]
Event: 5.527 Thread 0x00007fe22402b650 Exception <a 'java/lang/NoSuchMethodError'{0x00000006f2b61450}: 'int java.lang.invoke.DirectMethodHandle$Holder.invokeVirtual(java.lang.Object, java.lang.Object, java.lang.Object)'> (0x00000006f2b61450) 
thrown [src/hotspot/share/interpreter/linkResolver.cpp, line 803]

VM Operations (20 events):
Event: 3.188 Executing non-safepoint VM operation: HandshakeAllThreads (Deoptimize)
Event: 3.188 Executing non-safepoint VM operation: HandshakeAllThreads (Deoptimize) done
Event: 3.243 Executing non-safepoint VM operation: HandshakeAllThreads (Deoptimize)
Event: 3.243 Executing non-safepoint VM operation: HandshakeAllThreads (Deoptimize) done
Event: 3.293 Executing non-safepoint VM operation: HandshakeAllThreads (Deoptimize)
Event: 3.293 Executing non-safepoint VM operation: HandshakeAllThreads (Deoptimize) done
Event: 3.295 Executing non-safepoint VM operation: HandshakeAllThreads (Deoptimize)
Event: 3.295 Executing non-safepoint VM operation: HandshakeAllThreads (Deoptimize) done
Event: 4.239 Executing non-safepoint VM operation: HandshakeAllThreads (Deoptimize)
Event: 4.239 Executing non-safepoint VM operation: HandshakeAllThreads (Deoptimize) done
Event: 4.241 Executing non-safepoint VM operation: HandshakeAllThreads (Deoptimize)
Event: 4.241 Executing non-safepoint VM operation: HandshakeAllThreads (Deoptimize) done
Event: 4.492 Executing non-safepoint VM operation: HandshakeAllThreads (Deoptimize)
Event: 4.492 Executing non-safepoint VM operation: HandshakeAllThreads (Deoptimize) done
Event: 5.412 Executing non-safepoint VM operation: HandshakeAllThreads (Deoptimize)
Event: 5.412 Executing non-safepoint VM operation: HandshakeAllThreads (Deoptimize) done
Event: 5.475 Executing non-safepoint VM operation: HandshakeAllThreads (Deoptimize)
Event: 5.475 Executing non-safepoint VM operation: HandshakeAllThreads (Deoptimize) done
Event: 5.635 Executing safepoint VM operation: CollectForMetadataAllocation (Metadata GC Threshold)
Event: 5.654 Executing safepoint VM operation: CollectForMetadataAllocation (Metadata GC Threshold) done

Memory protections (17 events):
Event: 0.003 Protecting memory [0x00007fe22b300000,0x00007fe22b304000] with protection modes 0
Event: 0.014 Protecting memory [0x0000000040000000,0x0000000040001000] with protection modes 0
Event: 0.031 Protecting memory [0x00007fe2287f4000,0x00007fe2287f8000] with protection modes 0
Event: 0.032 Protecting memory [0x00007fe2284d5000,0x00007fe2284d9000] with protection modes 0
Event: 0.032 Protecting memory [0x00007fe2283d5000,0x00007fe2283d9000] with protection modes 0
Event: 0.032 Protecting memory [0x00007fe2282d5000,0x00007fe2282d9000] with protection modes 0
Event: 0.033 Protecting memory [0x00007fe2281d5000,0x00007fe2281d9000] with protection modes 0
Event: 0.033 Protecting memory [0x00007fe2280d5000,0x00007fe2280d9000] with protection modes 0
Event: 0.033 Protecting memory [0x00007fe205d00000,0x00007fe205d04000] with protection modes 0
Event: 0.048 Protecting memory [0x00007fe205c00000,0x00007fe205c04000] with protection modes 0
Event: 0.051 Protecting memory [0x00007fe205b00000,0x00007fe205b04000] with protection modes 0
Event: 0.147 Protecting memory [0x00007fe205a00000,0x00007fe205a04000] with protection modes 0
Event: 0.264 Protecting memory [0x00007fe205900000,0x00007fe205904000] with protection modes 0
Event: 0.976 Protecting memory [0x00007fe205a00000,0x00007fe205a04000] with protection modes 0
Event: 1.011 Protecting memory [0x00007fe205900000,0x00007fe205904000] with protection modes 0
Event: 3.695 Protecting memory [0x00007fe205a00000,0x00007fe205a04000] with protection modes 0
Event: 3.793 Protecting memory [0x00007fe205900000,0x00007fe205904000] with protection modes 0

Nmethod flushes (0 events):
No events

Events (20 events):
Event: 0.018 Thread 0x00007fe22402b650 Thread added: 0x00007fe22402b650
Event: 0.031 Thread 0x00007fe22402b650 Thread added: 0x00007fe2240c8cb0
Event: 0.032 Thread 0x00007fe22402b650 Thread added: 0x00007fe2240c9ea0
Event: 0.032 Thread 0x00007fe22402b650 Thread added: 0x00007fe2240cba10
Event: 0.032 Thread 0x00007fe22402b650 Thread added: 0x00007fe2240cd330
Event: 0.032 Thread 0x00007fe22402b650 Thread added: 0x00007fe2240cebb0
Event: 0.033 Thread 0x00007fe22402b650 Thread added: 0x00007fe2240d09b0
Event: 0.033 Thread 0x00007fe22402b650 Thread added: 0x00007fe2240d23a0
Event: 0.048 Thread 0x00007fe22402b650 Thread added: 0x00007fe22410b910
Event: 0.051 Thread 0x00007fe22402b650 Thread added: 0x00007fe22410e260
Event: 0.147 Thread 0x00007fe2240d23a0 Thread added: 0x00007fe1bc0964e0
Event: 0.264 Thread 0x00007fe22402b650 Thread added: 0x00007fe22431a3e0
Event: 0.283 Thread 0x00007fe22431a3e0 Thread exited: 0x00007fe22431a3e0
Event: 0.825 Thread 0x00007fe1bc0964e0 Thread exited: 0x00007fe1bc0964e0
Event: 0.976 Thread 0x00007fe2240d23a0 Thread added: 0x00007fe1bc544200
Event: 1.011 Thread 0x00007fe2240d09b0 Thread added: 0x00007fe1b8194d90
Event: 1.805 Thread 0x00007fe1b8194d90 Thread exited: 0x00007fe1b8194d90
Event: 1.809 Thread 0x00007fe1bc544200 Thread exited: 0x00007fe1bc544200
Event: 3.695 Thread 0x00007fe2240d23a0 Thread added: 0x00007fe1bc7cf220
Event: 3.793 Thread 0x00007fe2240d23a0 Thread added: 0x00007fe1bc7e53f0


Dynamic libraries:
40000000-40001000 ---p 00000000 00:00 0 
40001000-40d8c000 rw-p 00001000 00:22 383280                             /usr/lib/apache-netbeans/jdk/lib/server/classes.jsa
40d8c000-41000000 ---p 00000000 00:00 0 
41000000-41040000 rw-p 00000000 00:00 0 
41040000-41240000 rw-p 00000000 00:00 0 
41240000-81000000 ---p 00000000 00:00 0 
6e8000000-6f9800000 rw-p 00000000 00:00 0 
6f9800000-7ffc00000 ---p 00000000 00:00 0 
7ffc00000-7ffd21000 rw-p 00dbf000 00:22 383280                           /usr/lib/apache-netbeans/jdk/lib/server/classes.jsa
7ffd21000-800000000 rw-p 00000000 00:00 0 
5601bbf85000-5601bbf86000 r--p 00000000 00:22 382840                     /usr/lib/apache-netbeans/jdk/bin/java
5601bbf86000-5601bbf87000 r-xp 00001000 00:22 382840                     /usr/lib/apache-netbeans/jdk/bin/java
5601bbf87000-5601bbf88000 r--p 00002000 00:22 382840                     /usr/lib/apache-netbeans/jdk/bin/java
5601bbf88000-5601bbf89000 r--p 00002000 00:22 382840                     /usr/lib/apache-netbeans/jdk/bin/java
5601bbf89000-5601bbf8a000 rw-p 00003000 00:22 382840                     /usr/lib/apache-netbeans/jdk/bin/java
5601f805e000-5601f80a7000 rw-p 00000000 00:00 0                          [heap]
7fe188000000-7fe188021000 rw-p 00000000 00:00 0 
7fe188021000-7fe18c000000 ---p 00000000 00:00 0 
7fe18c000000-7fe18c537000 rw-p 00000000 00:00 0 
7fe18c537000-7fe190000000 ---p 00000000 00:00 0 
7fe190000000-7fe190861000 rw-p 00000000 00:00 0 
7fe190861000-7fe194000000 ---p 00000000 00:00 0 
7fe194000000-7fe194021000 rw-p 00000000 00:00 0 
7fe194021000-7fe198000000 ---p 00000000 00:00 0 
7fe198000000-7fe198021000 rw-p 00000000 00:00 0 
7fe198021000-7fe19c000000 ---p 00000000 00:00 0 
7fe19c000000-7fe19c8ab000 rw-p 00000000 00:00 0 
7fe19c8ab000-7fe1a0000000 ---p 00000000 00:00 0 
7fe1a0000000-7fe1a0021000 rw-p 00000000 00:00 0 
7fe1a0021000-7fe1a4000000 ---p 00000000 00:00 0 
7fe1a4000000-7fe1a4021000 rw-p 00000000 00:00 0 
7fe1a4021000-7fe1a8000000 ---p 00000000 00:00 0 
7fe1a8000000-7fe1a875f000 rw-p 00000000 00:00 0 
7fe1a875f000-7fe1ac000000 ---p 00000000 00:00 0 
7fe1ac000000-7fe1ac731000 rw-p 00000000 00:00 0 
7fe1ac731000-7fe1b0000000 ---p 00000000 00:00 0 
7fe1b0000000-7fe1b0021000 rw-p 00000000 00:00 0 
7fe1b0021000-7fe1b4000000 ---p 00000000 00:00 0 
7fe1b4000000-7fe1b4021000 rw-p 00000000 00:00 0 
7fe1b4021000-7fe1b8000000 ---p 00000000 00:00 0 
7fe1b8000000-7fe1b9227000 rw-p 00000000 00:00 0 
7fe1b9227000-7fe1bc000000 ---p 00000000 00:00 0 
7fe1bc000000-7fe1bc9ba000 rw-p 00000000 00:00 0 
7fe1bc9ba000-7fe1c0000000 ---p 00000000 00:00 0 
7fe1c0000000-7fe1c0021000 rw-p 00000000 00:00 0 
7fe1c0021000-7fe1c4000000 ---p 00000000 00:00 0 
7fe1c4000000-7fe1c4021000 rw-p 00000000 00:00 0 
7fe1c4021000-7fe1c8000000 ---p 00000000 00:00 0 
7fe1c8000000-7fe1c8021000 rw-p 00000000 00:00 0 
7fe1c8021000-7fe1cc000000 ---p 00000000 00:00 0 
7fe1ce000000-7fe1dbe70000 r--p 00000000 00:22 21991                      /usr/lib/locale/locale-archive
7fe1dc000000-7fe1dc400000 rw-p 00000000 00:00 0 
7fe1dc400000-7fe1dcf80000 rw-p 00000000 00:00 0 
7fe1dcf80000-7fe1dcfd0000 rw-p 00000000 00:00 0 
7fe1dcfd0000-7fe1dd000000 ---p 00000000 00:00 0 
7fe1dd000000-7fe1dd450000 rw-p 00000000 00:00 0 
7fe1dd450000-7fe1e0000000 ---p 00000000 00:00 0 
7fe1e0000000-7fe1e0021000 rw-p 00000000 00:00 0 
7fe1e0021000-7fe1e4000000 ---p 00000000 00:00 0 
7fe1e4000000-7fe1e4021000 rw-p 00000000 00:00 0 
7fe1e4021000-7fe1e8000000 ---p 00000000 00:00 0 
7fe1e8000000-7fe1e8021000 rw-p 00000000 00:00 0 
7fe1e8021000-7fe1ec000000 ---p 00000000 00:00 0 
7fe1ec000000-7fe1ec021000 rw-p 00000000 00:00 0 
7fe1ec021000-7fe1f0000000 ---p 00000000 00:00 0 
7fe1f0000000-7fe1f0021000 rw-p 00000000 00:00 0 
7fe1f0021000-7fe1f4000000 ---p 00000000 00:00 0 
7fe1f4000000-7fe1f4021000 rw-p 00000000 00:00 0 
7fe1f4021000-7fe1f8000000 ---p 00000000 00:00 0 
7fe1f8000000-7fe1f8021000 rw-p 00000000 00:00 0 
7fe1f8021000-7fe1fc000000 ---p 00000000 00:00 0 
7fe1fc000000-7fe1fc021000 rw-p 00000000 00:00 0 
7fe1fc021000-7fe200000000 ---p 00000000 00:00 0 
7fe200000000-7fe200021000 rw-p 00000000 00:00 0 
7fe200021000-7fe204000000 ---p 00000000 00:00 0 
7fe204df8000-7fe204df9000 ---p 00000000 00:00 0 
7fe204df9000-7fe204ef9000 rw-p 00000000 00:00 0 
7fe204ef9000-7fe204efa000 ---p 00000000 00:00 0 
7fe204efa000-7fe204ffa000 rw-p 00000000 00:00 0 
7fe204ffa000-7fe204ffb000 ---p 00000000 00:00 0 
7fe204ffb000-7fe2050fb000 rw-p 00000000 00:00 0 
7fe2050fb000-7fe2050fc000 ---p 00000000 00:00 0 
7fe2050fc000-7fe2051fc000 rw-p 00000000 00:00 0 
7fe2051fc000-7fe2051fd000 ---p 00000000 00:00 0 
7fe2051fd000-7fe2052fd000 rw-p 00000000 00:00 0 
7fe2052fd000-7fe2052fe000 ---p 00000000 00:00 0 
7fe2052fe000-7fe2053fe000 rw-p 00000000 00:00 0 
7fe2053fe000-7fe2053ff000 ---p 00000000 00:00 0 
7fe2053ff000-7fe2054ff000 rw-p 00000000 00:00 0 
7fe2054ff000-7fe205500000 ---p 00000000 00:00 0 
7fe205500000-7fe205600000 rw-p 00000000 00:00 0 
7fe205600000-7fe205603000 r-xp 00000000 00:2a 268                        /tmp/jansi-2.4.2-d3e3e001f6d33158-libjansi.so
7fe205603000-7fe205802000 ---p 00003000 00:2a 268                        /tmp/jansi-2.4.2-d3e3e001f6d33158-libjansi.so
7fe205802000-7fe205803000 r--p 00002000 00:2a 268                        /tmp/jansi-2.4.2-d3e3e001f6d33158-libjansi.so
7fe205803000-7fe205804000 rw-p 00003000 00:2a 268                        /tmp/jansi-2.4.2-d3e3e001f6d33158-libjansi.so
7fe205900000-7fe205904000 ---p 00000000 00:00 0 
7fe205904000-7fe205a00000 rw-p 00000000 00:00 0 
7fe205a00000-7fe205a04000 ---p 00000000 00:00 0 
7fe205a04000-7fe205b00000 rw-p 00000000 00:00 0 
7fe205b00000-7fe205b04000 ---p 00000000 00:00 0 
7fe205b04000-7fe205c00000 rw-p 00000000 00:00 0 
7fe205c00000-7fe205c04000 ---p 00000000 00:00 0 
7fe205c04000-7fe205d00000 rw-p 00000000 00:00 0 
7fe205d00000-7fe205d04000 ---p 00000000 00:00 0 
7fe205d04000-7fe205e00000 rw-p 00000000 00:00 0 
7fe205e00000-7fe208260000 rw-p 00000000 00:00 0 
7fe208260000-7fe20c3f0000 ---p 00000000 00:00 0 
7fe20c3f0000-7fe20c400000 rw-p 00000000 00:00 0 
7fe20c400000-7fe20cc70000 rwxp 00000000 00:00 0 
7fe20cc70000-7fe213937000 ---p 00000000 00:00 0 
7fe213937000-7fe213ba7000 rwxp 00000000 00:00 0 
7fe213ba7000-7fe213ec8000 ---p 00000000 00:00 0 
7fe213ec8000-7fe214138000 rwxp 00000000 00:00 0 
7fe214138000-7fe21b400000 ---p 00000000 00:00 0 
7fe21b400000-7fe223f19000 r--s 00000000 00:22 383272                     /usr/lib/apache-netbeans/jdk/lib/modules
7fe224000000-7fe224c8e000 rw-p 00000000 00:00 0 
7fe224c8e000-7fe228000000 ---p 00000000 00:00 0 
7fe228063000-7fe228067000 r--p 00000000 00:22 383270                     /usr/lib/apache-netbeans/jdk/lib/libverify.so
7fe228067000-7fe228070000 r-xp 00004000 00:22 383270                     /usr/lib/apache-netbeans/jdk/lib/libverify.so
7fe228070000-7fe228072000 r--p 0000d000 00:22 383270                     /usr/lib/apache-netbeans/jdk/lib/libverify.so
7fe228072000-7fe228074000 r--p 0000e000 00:22 383270                     /usr/lib/apache-netbeans/jdk/lib/libverify.so
7fe228074000-7fe228075000 rw-p 00010000 00:22 383270                     /usr/lib/apache-netbeans/jdk/lib/libverify.so
7fe228075000-7fe228077000 r--p 00000000 00:22 383271                     /usr/lib/apache-netbeans/jdk/lib/libzip.so
7fe228077000-7fe228089000 r-xp 00002000 00:22 383271                     /usr/lib/apache-netbeans/jdk/lib/libzip.so
7fe228089000-7fe228091000 r--p 00014000 00:22 383271                     /usr/lib/apache-netbeans/jdk/lib/libzip.so
7fe228091000-7fe228092000 r--p 0001b000 00:22 383271                     /usr/lib/apache-netbeans/jdk/lib/libzip.so
7fe228092000-7fe228093000 rw-p 0001c000 00:22 383271                     /usr/lib/apache-netbeans/jdk/lib/libzip.so
7fe228093000-7fe228094000 r--p 00000000 00:22 383267                     /usr/lib/apache-netbeans/jdk/lib/libsimdsort.so
7fe228094000-7fe2280cd000 r-xp 00001000 00:22 383267                     /usr/lib/apache-netbeans/jdk/lib/libsimdsort.so
7fe2280cd000-7fe2280d3000 r--p 0003a000 00:22 383267                     /usr/lib/apache-netbeans/jdk/lib/libsimdsort.so
7fe2280d3000-7fe2280d4000 r--p 0003f000 00:22 383267                     /usr/lib/apache-netbeans/jdk/lib/libsimdsort.so
7fe2280d4000-7fe2280d5000 rw-p 00040000 00:22 383267                     /usr/lib/apache-netbeans/jdk/lib/libsimdsort.so
7fe2280d5000-7fe2280d9000 ---p 00000000 00:00 0 
7fe2280d9000-7fe2281d5000 rw-p 00000000 00:00 0 
7fe2281d5000-7fe2281d9000 ---p 00000000 00:00 0 
7fe2281d9000-7fe2282d5000 rw-p 00000000 00:00 0 
7fe2282d5000-7fe2282d9000 ---p 00000000 00:00 0 
7fe2282d9000-7fe2283d5000 rw-p 00000000 00:00 0 
7fe2283d5000-7fe2283d9000 ---p 00000000 00:00 0 
7fe2283d9000-7fe2284d5000 rw-p 00000000 00:00 0 
7fe2284d5000-7fe2284d9000 ---p 00000000 00:00 0 
7fe2284d9000-7fe2285d5000 rw-p 00000000 00:00 0 
7fe2285d5000-7fe2286f2000 rw-p 00000000 00:00 0 
7fe2286f2000-7fe2286f3000 ---p 00000000 00:00 0 
7fe2286f3000-7fe2287f3000 rw-p 00000000 00:00 0 
7fe2287f3000-7fe2287f4000 ---p 00000000 00:00 0 
7fe2287f4000-7fe2287f8000 ---p 00000000 00:00 0 
7fe2287f8000-7fe2288f4000 rw-p 00000000 00:00 0 
7fe2288f4000-7fe2288f5000 ---p 00000000 00:00 0 
7fe2288f5000-7fe2289f5000 rw-p 00000000 00:00 0 
7fe228a02000-7fe228a05000 r--p 00000000 00:22 383261                     /usr/lib/apache-netbeans/jdk/lib/libnet.so
7fe228a05000-7fe228a0d000 r-xp 00003000 00:22 383261                     /usr/lib/apache-netbeans/jdk/lib/libnet.so
7fe228a0d000-7fe228a0f000 r--p 0000b000 00:22 383261                     /usr/lib/apache-netbeans/jdk/lib/libnet.so
7fe228a0f000-7fe228a10000 r--p 0000c000 00:22 383261                     /usr/lib/apache-netbeans/jdk/lib/libnet.so
7fe228a10000-7fe228a11000 rw-p 0000d000 00:22 383261                     /usr/lib/apache-netbeans/jdk/lib/libnet.so
7fe228a11000-7fe228a19000 r--p 00000000 00:22 383262                     /usr/lib/apache-netbeans/jdk/lib/libnio.so
7fe228a19000-7fe228a22000 r-xp 00008000 00:22 383262                     /usr/lib/apache-netbeans/jdk/lib/libnio.so
7fe228a22000-7fe228a26000 r--p 00011000 00:22 383262                     /usr/lib/apache-netbeans/jdk/lib/libnio.so
7fe228a26000-7fe228a27000 r--p 00015000 00:22 383262                     /usr/lib/apache-netbeans/jdk/lib/libnio.so
7fe228a27000-7fe228a28000 rw-p 00016000 00:22 383262                     /usr/lib/apache-netbeans/jdk/lib/libnio.so
7fe228a28000-7fe228a29000 ---p 00000000 00:00 0 
7fe228a29000-7fe228b29000 rw-p 00000000 00:00 0 
7fe228b29000-7fe228b2a000 ---p 00000000 00:00 0 
7fe228b2a000-7fe228c2a000 rw-p 00000000 00:00 0 
7fe228c2a000-7fe229432000 rw-p 00000000 00:00 0 
7fe229432000-7fe229433000 ---p 00000000 00:00 0 
7fe229433000-7fe229533000 rw-p 00000000 00:00 0 
7fe229533000-7fe229534000 ---p 00000000 00:00 0 
7fe229534000-7fe229634000 rw-p 00000000 00:00 0 
7fe229634000-7fe229635000 ---p 00000000 00:00 0 
7fe229635000-7fe229735000 rw-p 00000000 00:00 0 
7fe229735000-7fe22982e000 rw-p 00000000 00:00 0 
7fe22982e000-7fe22a060000 ---p 00000000 00:00 0 
7fe22a060000-7fe22a0ee000 rw-p 00000000 00:00 0 
7fe22a0ee000-7fe22a920000 ---p 00000000 00:00 0 
7fe22a920000-7fe22b12f000 rw-p 00000000 00:00 0 
7fe22b12f000-7fe22b215000 ---p 00000000 00:00 0 
7fe22b215000-7fe22b226000 rw-p 00000000 00:00 0 
7fe22b226000-7fe22b300000 ---p 00000000 00:00 0 
7fe22b300000-7fe22b304000 ---p 00000000 00:00 0 
7fe22b304000-7fe22b400000 rw-p 00000000 00:00 0 
7fe22b400000-7fe22b6e2000 r--p 00000000 00:22 383285                     /usr/lib/apache-netbeans/jdk/lib/server/libjvm.so
7fe22b6e2000-7fe22c6e2000 r-xp 002e2000 00:22 383285                     /usr/lib/apache-netbeans/jdk/lib/server/libjvm.so
7fe22c6e2000-7fe22c9f2000 r--p 012e2000 00:22 383285                     /usr/lib/apache-netbeans/jdk/lib/server/libjvm.so
7fe22c9f2000-7fe22cadd000 r--p 015f2000 00:22 383285                     /usr/lib/apache-netbeans/jdk/lib/server/libjvm.so
7fe22cadd000-7fe22cb08000 rw-p 016dd000 00:22 383285                     /usr/lib/apache-netbeans/jdk/lib/server/libjvm.so
7fe22cb08000-7fe22cb84000 rw-p 00000000 00:00 0 
7fe22cb85000-7fe22cb8c000 r--s 00000000 00:22 42117                      /usr/lib64/gconv/gconv-modules.cache
7fe22cb8c000-7fe22cbb5000 rw-p 00000000 00:00 0 
7fe22cbb5000-7fe22cbbc000 ---p 00000000 00:00 0 
7fe22cbbc000-7fe22cbca000 r--p 00000000 00:22 383247                     /usr/lib/apache-netbeans/jdk/lib/libjava.so
7fe22cbca000-7fe22cbd8000 r-xp 0000e000 00:22 383247                     /usr/lib/apache-netbeans/jdk/lib/libjava.so
7fe22cbd8000-7fe22cbdd000 r--p 0001c000 00:22 383247                     /usr/lib/apache-netbeans/jdk/lib/libjava.so
7fe22cbdd000-7fe22cbde000 r--p 00021000 00:22 383247                     /usr/lib/apache-netbeans/jdk/lib/libjava.so
7fe22cbde000-7fe22cbdf000 rw-p 00022000 00:22 383247                     /usr/lib/apache-netbeans/jdk/lib/libjava.so
7fe22cbdf000-7fe22cbe0000 rw-p 00000000 00:00 0 
7fe22cbe0000-7fe22cbe4000 r--p 00000000 00:22 383251                     /usr/lib/apache-netbeans/jdk/lib/libjimage.so
7fe22cbe4000-7fe22cbfc000 r-xp 00004000 00:22 383251                     /usr/lib/apache-netbeans/jdk/lib/libjimage.so
7fe22cbfc000-7fe22cc02000 r--p 0001c000 00:22 383251                     /usr/lib/apache-netbeans/jdk/lib/libjimage.so
7fe22cc02000-7fe22cc04000 r--p 00021000 00:22 383251                     /usr/lib/apache-netbeans/jdk/lib/libjimage.so
7fe22cc04000-7fe22cc05000 rw-p 00023000 00:22 383251                     /usr/lib/apache-netbeans/jdk/lib/libjimage.so
7fe22cc05000-7fe22cc81000 r-xp 00000000 00:22 40448                      /usr/lib64/libm.so.6
7fe22cc81000-7fe22ccf1000 r--p 0007c000 00:22 40448                      /usr/lib64/libm.so.6
7fe22ccf1000-7fe22ccf2000 r--p 000eb000 00:22 40448                      /usr/lib64/libm.so.6
7fe22ccf2000-7fe22ccf3000 rw-p 000ec000 00:22 40448                      /usr/lib64/libm.so.6
7fe22ccf3000-7fe22ccf4000 r-xp 00000000 00:22 40721                      /usr/lib64/librt.so.1
7fe22ccf4000-7fe22ccf5000 r--p 00001000 00:22 40721                      /usr/lib64/librt.so.1
7fe22ccf5000-7fe22ccf6000 r--p 00001000 00:22 40721                      /usr/lib64/librt.so.1
7fe22ccf6000-7fe22ccf9000 rw-p 00000000 00:00 0 
7fe22ccf9000-7fe22ccfa000 r-xp 00000000 00:22 40670                      /usr/lib64/libpthread.so.0
7fe22ccfa000-7fe22ccfb000 r--p 00001000 00:22 40670                      /usr/lib64/libpthread.so.0
7fe22ccfb000-7fe22ccfc000 r--p 00001000 00:22 40670                      /usr/lib64/libpthread.so.0
7fe22ccfc000-7fe22ccfd000 rw-p 00000000 00:00 0 
7fe22ccfd000-7fe22ccfe000 r-xp 00000000 00:22 39851                      /usr/lib64/libdl.so.2
7fe22ccfe000-7fe22ccff000 r--p 00001000 00:22 39851                      /usr/lib64/libdl.so.2
7fe22ccff000-7fe22cd00000 r--p 00001000 00:22 39851                      /usr/lib64/libdl.so.2
7fe22cd00000-7fe22cd01000 rw-p 00000000 00:00 0 
7fe22cd01000-7fe22ce71000 r-xp 00000000 00:22 39580                      /usr/lib64/libc.so.6
7fe22ce71000-7fe22cee6000 r--p 00170000 00:22 39580                      /usr/lib64/libc.so.6
7fe22cee6000-7fe22ceea000 r--p 001e4000 00:22 39580                      /usr/lib64/libc.so.6
7fe22ceea000-7fe22ceec000 rw-p 001e8000 00:22 39580                      /usr/lib64/libc.so.6
7fe22ceec000-7fe22cef4000 rw-p 00000000 00:00 0 
7fe22cef8000-7fe22cef9000 r-xp 00000000 00:22 40919                      /usr/lib64/libutil.so.1
7fe22cef9000-7fe22cefa000 r--p 00001000 00:22 40919                      /usr/lib64/libutil.so.1
7fe22cefa000-7fe22cefb000 r--p 00001000 00:22 40919                      /usr/lib64/libutil.so.1
7fe22cefb000-7fe22cefc000 rw-p 00000000 00:00 0 
7fe22cefc000-7fe22cf04000 rw-s 00000000 00:2a 266                        /tmp/hsperfdata_bilal/8931
7fe22cf04000-7fe22cf05000 ---p 00000000 00:00 0 
7fe22cf05000-7fe22cf06000 r--p 00000000 00:00 0 
7fe22cf06000-7fe22cf07000 ---p 00000000 00:00 0 
7fe22cf07000-7fe22cf0a000 r--p 00000000 00:22 383252                     /usr/lib/apache-netbeans/jdk/lib/libjli.so
7fe22cf0a000-7fe22cf1b000 r-xp 00003000 00:22 383252                     /usr/lib/apache-netbeans/jdk/lib/libjli.so
7fe22cf1b000-7fe22cf22000 r--p 00014000 00:22 383252                     /usr/lib/apache-netbeans/jdk/lib/libjli.so
7fe22cf22000-7fe22cf23000 r--p 0001a000 00:22 383252                     /usr/lib/apache-netbeans/jdk/lib/libjli.so
7fe22cf23000-7fe22cf24000 rw-p 0001b000 00:22 383252                     /usr/lib/apache-netbeans/jdk/lib/libjli.so
7fe22cf24000-7fe22cf26000 rw-p 00000000 00:00 0 
7fe22cf26000-7fe22cf28000 r--p 00000000 00:00 0                          [vvar]
7fe22cf28000-7fe22cf2a000 r--p 00000000 00:00 0                          [vvar_vclock]
7fe22cf2a000-7fe22cf2c000 r-xp 00000000 00:00 0                          [vdso]
7fe22cf2c000-7fe22cf55000 r-xp 00000000 00:22 38973                      /usr/lib64/ld-linux-x86-64.so.2
7fe22cf55000-7fe22cf60000 r--p 00029000 00:22 38973                      /usr/lib64/ld-linux-x86-64.so.2
7fe22cf60000-7fe22cf62000 r--p 00034000 00:22 38973                      /usr/lib64/ld-linux-x86-64.so.2
7fe22cf62000-7fe22cf63000 rw-p 00036000 00:22 38973                      /usr/lib64/ld-linux-x86-64.so.2
7fe22cf63000-7fe22cf64000 rw-p 00000000 00:00 0 
7fff433f4000-7fff43415000 rw-p 00000000 00:00 0                          [stack]
ffffffffff600000-ffffffffff601000 --xp 00000000 00:00 0                  [vsyscall]
Total number of mappings: 246

JVMTI agents: none


VM Arguments:
jvm_args: --enable-native-access=ALL-UNNAMED -Dclassworlds.conf=/usr/lib/apache-netbeans/java/maven/bin/m2.conf -Dmaven.home=/usr/lib/apache-netbeans/java/maven -Dlibrary.jansi.path=/usr/lib/apache-netbeans/java/maven/lib/jansi-native -Dmaven.multiModuleProjectDirectory=/home/bilal/NetBeansProjects/Project-UAS-PBO-Restaurant 
java_command: org.codehaus.plexus.classworlds.launcher.Launcher -Dmaven.ext.class.path=/usr/lib/apache-netbeans/java/maven-nblib/netbeans-eventspy.jar --no-transfer-progress clean install
java_class_path (initial): /usr/lib/apache-netbeans/java/maven/boot/plexus-classworlds-2.9.0.jar
Launcher Type: SUN_STANDARD

[Global flags]
     intx CICompilerCount                          = 4                                         {product} {ergonomic}
     uint ConcGCThreads                            = 2                                         {product} {ergonomic}
     uint G1ConcRefinementThreads                  = 8                                         {product} {ergonomic}
   size_t G1HeapRegionSize                         = 4194304                                   {product} {ergonomic}
   size_t InitialHeapSize                          = 293601280                                 {product} {ergonomic}
   size_t MarkStackSize                            = 4194304                                   {product} {ergonomic}
   size_t MarkStackSizeMax                         = 536870912                                 {product} {ergonomic}
   size_t MaxHeapSize                              = 4697620480                                {product} {ergonomic}
   size_t MaxNewSize                               = 2818572288                                {product} {ergonomic}
   size_t MinHeapDeltaBytes                        = 4194304                                   {product} {ergonomic}
   size_t MinHeapSize                              = 8388608                                   {product} {ergonomic}
    uintx NonNMethodCodeHeapSize                   = 5836800                                {pd product} {ergonomic}
    uintx NonProfiledCodeHeapSize                  = 122912768                              {pd product} {ergonomic}
    uintx ProfiledCodeHeapSize                     = 122908672                              {pd product} {ergonomic}
    uintx ReservedCodeCacheSize                    = 251658240                              {pd product} {ergonomic}
     bool SegmentedCodeCache                       = true                                      {product} {ergonomic}
   size_t SoftMaxHeapSize                          = 4697620480                             {manageable} {ergonomic}
     bool UseCompressedOops                        = true                           {product lp64_product} {ergonomic}
     bool UseG1GC                                  = true                                      {product} {ergonomic}

Logging:
Log output configuration:
 #0: stdout all=warning uptime,level,tags foldmultilines=false
 #1: stderr all=off uptime,level,tags foldmultilines=false

Release file:
IMPLEMENTOR="Eclipse Adoptium"
IMPLEMENTOR_VERSION="Temurin-25.0.1+8"
JAVA_RUNTIME_VERSION="25.0.1+8-LTS"
JAVA_VERSION="25.0.1"
JAVA_VERSION_DATE="2025-10-21"
LIBC="gnu"
MODULES="java.base java.compiler java.datatransfer java.xml java.prefs java.desktop java.instrument java.logging java.management java.security.sasl java.naming java.rmi java.management.rmi java.net.http java.scripting java.security.jgss java.transaction.xa java.sql java.sql.rowset java.xml.crypto java.se java.smartcardio jdk.accessibility jdk.internal.jvmstat jdk.attach jdk.charsets jdk.internal.opt jdk.zipfs jdk.compiler jdk.crypto.cryptoki jdk.crypto.ec jdk.dynalink jdk.internal.ed jdk.editpad jdk.internal.vm.ci jdk.graal.compiler jdk.graal.compiler.management jdk.hotspot.agent jdk.httpserver jdk.incubator.vector jdk.internal.le jdk.internal.md jdk.jartool jdk.javadoc jdk.jcmd jdk.management jdk.management.agent jdk.jconsole jdk.jdeps jdk.jdwp.agent jdk.jdi jdk.jfr jdk.jlink jdk.jpackage jdk.jshell jdk.jsobject jdk.jstatd jdk.localedata jdk.management.jfr jdk.naming.dns jdk.naming.rmi jdk.net jdk.nio.mapmode jdk.sctp jdk.security.auth jdk.security.jgss jdk.unsupported jdk.unsupported.desktop jdk.xml.dom"
OS_ARCH="x86_64"
OS_NAME="Linux"
SOURCE=".:git:61d6a2c1b35e"
BUILD_SOURCE="git:839fa0b45d809157cffd3dc8515aad262a4a1776"
BUILD_SOURCE_REPO="https://github.com/adoptium/temurin-build.git"
SOURCE_REPO="https://github.com/adoptium/jdk25u.git"
FULL_VERSION="25.0.1+8-LTS"
SEMANTIC_VERSION="25.0.1+8"
BUILD_INFO="OS: Linux Version: 6.8.0-1036-azure"
JVM_VARIANT="Hotspot"
JVM_VERSION="25.0.1+8-LTS"
IMAGE_TYPE="JDK"

Environment Variables:
JAVA_HOME=/usr/lib/apache-netbeans/jdk
PATH=/home/bilal/.local/bin:/home/bilal/bin:/usr/local/bin:/usr/bin:/var/lib/snapd/snap/bin:/usr/local/sbin
USERNAME=bilal
SHELL=/bin/bash
DISPLAY=:0
LANG=en_US.UTF-8

Active Locale:
LC_ALL=en_US.UTF-8
LC_COLLATE=en_US.UTF-8
LC_CTYPE=en_US.UTF-8
LC_MESSAGES=en_US.UTF-8
LC_MONETARY=en_US.UTF-8
LC_NUMERIC=en_US.UTF-8
LC_TIME=en_US.UTF-8

Signal Handlers:
   SIGSEGV: crash_handler in libjvm.so, mask=11100100010111111101111111111110, flags=SA_RESTART|SA_SIGINFO, unblocked
    SIGBUS: crash_handler in libjvm.so, mask=11100100010111111101111111111110, flags=SA_RESTART|SA_SIGINFO, unblocked
    SIGFPE: crash_handler in libjvm.so, mask=11100100010111111101111111111110, flags=SA_RESTART|SA_SIGINFO, unblocked
   SIGPIPE: javaSignalHandler in libjvm.so, mask=11100100010111111101111111111110, flags=SA_RESTART|SA_SIGINFO, blocked
   SIGXFSZ: javaSignalHandler in libjvm.so, mask=11100100010111111101111111111110, flags=SA_RESTART|SA_SIGINFO, blocked
    SIGILL: crash_handler in libjvm.so, mask=11100100010111111101111111111110, flags=SA_RESTART|SA_SIGINFO, unblocked
   SIGUSR2: SR_handler in libjvm.so, mask=00000000000000000000000000000000, flags=SA_RESTART|SA_SIGINFO, blocked
    SIGHUP: UserHandler in libjvm.so, mask=11100100010111111101111111111110, flags=SA_RESTART|SA_SIGINFO, blocked
    SIGINT: SIG_IGN, mask=00000000000000000000000000000000, flags=none, blocked
   SIGTERM: UserHandler in libjvm.so, mask=11100100010111111101111111111110, flags=SA_RESTART|SA_SIGINFO, blocked
   SIGQUIT: UserHandler in libjvm.so, mask=11100100010111111101111111111110, flags=SA_RESTART|SA_SIGINFO, blocked
   SIGTRAP: crash_handler in libjvm.so, mask=11100100010111111101111111111110, flags=SA_RESTART|SA_SIGINFO, unblocked


Compilation memory statistics disabled.

Periodic native trim disabled

---------------  S Y S T E M  ---------------

OS:
Fedora release 42 (Adams)
uname: Linux 6.14.0-63.fc42.x86_64 #1 SMP PREEMPT_DYNAMIC Mon Mar 24 19:53:37 UTC 2025 x86_64
OS uptime: 0 days 0:59 hours
libc: glibc 2.41 NPTL 2.41 
rlimit (soft/hard): STACK 8192k/infinity , CORE infinity/infinity , NPROC 71241/71241 , NOFILE 524288/524288 , AS infinity/infinity , CPU infinity/infinity , DATA infinity/infinity , FSIZE infinity/infinity , MEMLOCK 8192k/8192k
load average: 3.19 2.64 2.46

/proc/meminfo:
MemTotal:       18336688 kB
MemFree:         3900328 kB
MemAvailable:   12278472 kB
Buffers:            6484 kB
Cached:          8684136 kB
SwapCached:            0 kB
Active:          7763796 kB
Inactive:        5789252 kB
Active(anon):    4816116 kB
Inactive(anon):   151032 kB
Active(file):    2947680 kB
Inactive(file):  5638220 kB
Unevictable:        6020 kB
Mlocked:            6020 kB
SwapTotal:       8388604 kB
SwapFree:        8388348 kB
Zswap:                 0 kB
Zswapped:              0 kB
Dirty:              6440 kB
Writeback:             0 kB
AnonPages:       4868704 kB
Mapped:          1344504 kB
Shmem:             99756 kB
KReclaimable:     116852 kB
Slab:             321484 kB
SReclaimable:     116852 kB
SUnreclaim:       204632 kB
KernelStack:       22272 kB
PageTables:        60228 kB
SecPageTables:      4208 kB
NFS_Unstable:          0 kB
Bounce:                0 kB
WritebackTmp:          0 kB
CommitLimit:    17556948 kB
Committed_AS:   17497364 kB
VmallocTotal:   34359738367 kB
VmallocUsed:      118024 kB
VmallocChunk:          0 kB
Percpu:             8448 kB
HardwareCorrupted:     0 kB
AnonHugePages:         0 kB
ShmemHugePages:        0 kB
ShmemPmdMapped:        0 kB
FileHugePages:         0 kB
FilePmdMapped:         0 kB
CmaTotal:              0 kB
CmaFree:               0 kB
Unaccepted:            0 kB
HugePages_Total:       0
HugePages_Free:        0
HugePages_Rsvd:        0
HugePages_Surp:        0
Hugepagesize:       2048 kB
Hugetlb:               0 kB
DirectMap4k:      593492 kB
DirectMap2M:    17166336 kB
DirectMap1G:     2097152 kB

/sys/kernel/mm/transparent_hugepage/enabled: always [madvise] never
/sys/kernel/mm/transparent_hugepage/hpage_pmd_size: 2097152
/sys/kernel/mm/transparent_hugepage/shmem_enabled: always within_size advise [never] deny force
/sys/kernel/mm/transparent_hugepage/defrag (defrag/compaction efforts parameter): always defer defer+madvise [madvise] never

Process Memory:
Virtual Size: 8304588K (peak: 8304588K)
Resident Set Size: 279180K (peak: 279180K) (anon: 244992K, file: 34188K, shmem: 0K)
Swapped out: 0K
C-Heap outstanding allocations: 80476K, retained: 22799K
glibc malloc tunables: (default)

/proc/sys/kernel/threads-max (system-wide limit on the number of threads): 142482
/proc/sys/vm/max_map_count (maximum number of memory map areas a process may have): 1048576
/proc/sys/vm/swappiness (control to define how aggressively the kernel swaps out anonymous memory): 60
/proc/sys/kernel/pid_max (system-wide limit on number of process identifiers): 4194304

container information not found.
Steal ticks since vm start: 0
Steal ticks percentage since vm start:  0.000

CPU: total 8 (initial active 8) (8 cores per cpu, 2 threads per core) family 23 model 24 stepping 1 microcode 0x8108109, cx8, cmov, fxsr, ht, mmx, 3dnowpref, sse, sse2, sse3, ssse3, sse4a, sse4.1, sse4.2, popcnt, lzcnt, tsc, tscinvbit, avx, avx2, aes, clmul, bmi1, bmi2, adx, sha, fma, vzeroupper, clflush, clflushopt, rdtscp, f16c
CPU Model and flags from /proc/cpuinfo:
model name	: AMD Ryzen 5 3500U with Radeon Vega Mobile Gfx
flags		: fpu vme de pse tsc msr pae mce cx8 apic sep mtrr pge mca cmov pat pse36 clflush mmx fxsr sse sse2 ht syscall nx mmxext fxsr_opt pdpe1gb rdtscp lm constant_tsc rep_good nopl nonstop_tsc cpuid extd_apicid aperfmperf rapl pni pclmulqdq monitor ssse3 fma cx16 sse4_1 sse4_2 movbe popcnt aes xsave avx f16c rdrand lahf_lm cmp_legacy svm extapic cr8_legacy abm sse4a misalignsse 3dnowprefetch osvw skinit wdt tce topoext perfctr_core perfctr_nb bpext perfctr_llc mwaitx cpb hw_pstate ssbd ibpb vmmcall fsgsbase bmi1 avx2 smep bmi2 rdseed adx smap clflushopt sha_ni xsaveopt xsavec xgetbv1 clzero irperf xsaveerptr arat npt lbrv svm_lock nrip_save tsc_scale vmcb_clean flushbyasid decodeassists pausefilter pfthreshold avic v_vmsave_vmload vgif overflow_recov succor smca sev sev_es

Online cpus: 0-7
Offline cpus: 
BIOS frequency limitation: 2100000
Frequency switch latency (ns): 0
Available cpu frequencies: 2100000 1700000 1400000 
Current governor: schedutil
Core performance/turbo boost: 1

Memory: 4k page, physical 18336688k(12278472k free), swap 8388604k(8388348k free)
Page Sizes: 4k

vm_info: OpenJDK 64-Bit Server VM (25.0.1+8-LTS) for linux-amd64 JRE (25.0.1+8-LTS), built on 2025-10-21T00:00:00Z with gcc 14.2.0

END.
