#
# A fatal error has been detected by the Java Runtime Environment:
#
#  SIGSEGV (0xb) at pc=0x00007fcea11098b0, pid=9482, tid=9540
#
# JRE version: OpenJDK Runtime Environment Temurin-25.0.1+8 (25.0.1+8) (build 25.0.1+8-LTS)
# Java VM: OpenJDK 64-Bit Server VM Temurin-25.0.1+8 (25.0.1+8-LTS, mixed mode, sharing, tiered, compressed oops, compressed class ptrs, g1 gc, linux-amd64)
# Problematic frame:
# V  [libjvm.so+0xd098b0]  PhaseIdealLoop::get_ctrl(Node const*) [clone .isra.0]+0x20
#
# Core dump will be written. Default location: Core dumps may be processed with "/usr/lib/systemd/systemd-coredump %P %u %g %s %t %c %h" (or dumping to /home/bilal/NetBeansProjects/Project-UAS-PBO-Restaurant/core.9482)
#
# If you would like to submit a bug report, please visit:
#   https://github.com/adoptium/adoptium-support/issues
#

---------------  S U M M A R Y ------------

Command Line: --enable-native-access=ALL-UNNAMED -Dclassworlds.conf=/usr/lib/apache-netbeans/java/maven/bin/m2.conf -Dmaven.home=/usr/lib/apache-netbeans/java/maven -Dlibrary.jansi.path=/usr/lib/apache-netbeans/java/maven/lib/jansi-native -Dmaven.multiModuleProjectDirectory=/home/bilal/NetBeansProjects/Project-UAS-PBO-Restaurant org.codehaus.plexus.classworlds.launcher.Launcher -Dnetbeans.deploy=true -Dexec.vmArgs= -Dexec.appArgs= -Dmaven.ext.class.path=/usr/lib/apache-netbeans/java/maven-nblib/netbeans-eventspy.jar --no-transfer-progress package

Host: AMD Ryzen 5 3500U with Radeon Vega Mobile Gfx, 8 cores, 17G, Fedora release 42 (Adams)
Time: Thu Jan  8 14:13:22 2026 WIB elapsed time: 3.279362 seconds (0d 0h 0m 3s)

---------------  T H R E A D  ---------------

Current thread (0x00007fce2843bf20):  JavaThread "C2 CompilerThread2" daemon [_thread_in_native, id=9540, stack(0x00007fce7c8f1000,0x00007fce7c9f1000) (1024K)]


Current CompileTask:
C2:3279 5880       4       java.util.stream.SortedOps$SizedRefSortingSink::end (129 bytes)

Stack: [0x00007fce7c8f1000,0x00007fce7c9f1000],  sp=0x00007fce7c9ec398,  free space=1004k
Native frames: (J=compiled Java code, j=interpreted, Vv=VM code, C=native code)
V  [libjvm.so+0xd098b0]  PhaseIdealLoop::get_ctrl(Node const*) [clone .isra.0]+0x20
V  [libjvm.so+0xd1e820]  PhaseIdealLoop::build_loop_late(VectorSet&, Node_List&, Node_Stack&)+0x160
V  [libjvm.so+0xd1f105]  PhaseIdealLoop::build_and_optimize()+0x735
V  [libjvm.so+0x72db61]  Compile::optimize_loops(PhaseIterGVN&, LoopOptsMode)+0x341
V  [libjvm.so+0x7353ba]  Compile::Optimize()+0x96a
V  [libjvm.so+0x739f79]  Compile::Compile(ciEnv*, ciMethod*, int, Options, DirectiveSet*)+0x1069
V  [libjvm.so+0x651a91]  C2Compiler::compile_method(ciEnv*, ciMethod*, int, bool, DirectiveSet*)+0x1c1
V  [libjvm.so+0x742601]  CompileBroker::invoke_compiler_on_method(CompileTask*)+0xb01
V  [libjvm.so+0x7438e8]  CompileBroker::compiler_thread_loop()+0x518
V  [libjvm.so+0xa3bd1e]  JavaThread::thread_main_inner()+0x1de
V  [libjvm.so+0x116ab9f]  Thread::call_run()+0x9f
V  [libjvm.so+0xe71cc6]  thread_native_entry(Thread*)+0xd6
C  [libc.so.6+0x71324]  start_thread+0x2e4

siginfo: si_signo: 11 (SIGSEGV), si_code: 128 (SI_KERNEL), si_addr: 0x0000000000000000

Registers:
RAX=0x00007fce28de2792, RBX=0x0000000000000001, RCX=0x00007fce28de2793, RDX=0x0000000000002000
RSP=0x00007fce7c9ec398, RBP=0x00007fce7c9ec470, RSI=0x280800007fce28de, RDI=0x00007fce185c7e68
R8 =0x00007fce185c9300, R9 =0x0000000000000036, R10=0x000000000000001a, R11=0x00007fce183fb180
R12=0x00007fce281d0eb8, R13=0x00007fce7c9ec710, R14=0x00007fce7c9ec540, R15=0x00007fce7c9ec520
RIP=0x00007fcea11098b0, EFLAGS=0x0000000000010202, CSGSFS=0x002b000000000033, ERR=0x0000000000000000
  TRAPNO=0x000000000000000d

XMM[0]=0x0000000000000000 0x0000000000000000
XMM[1]=0x00007fce9c911238 0x00007fce18530308
XMM[2]=0x00007fce28de3b20 0x00007fce28c36d60
XMM[3]=0x00007fce28c708d0 0x00007fce3412eb50
XMM[4]=0x00007fce346423f0 0x00007fce346424c8
XMM[5]=0x00007fce34640d30 0x00007fce34640db0
XMM[6]=0x00007fce34640378 0x00007fce346403c8
XMM[7]=0x00007fce3463fed0 0x00007fce28de3b88
XMM[8]=0x00007fce28c72f18 0x00007fce28c71b88
XMM[9]=0x0000000000000000 0x46293e5939a08cea
XMM[10]=0x0000000000000000 0x4376345785d8a000
XMM[11]=0x00007fce2817a350 0x00007fce2817a2e8
XMM[12]=0x0000000000000001 0x0000000000000001
XMM[13]=0x0000000000000000 0x0000000000000000
XMM[14]=0x0000000000000000 0x0000000000000000
XMM[15]=0x0000000000000000 0x0000000000000000
  MXCSR=0x00001fb2


Register to memory mapping:

RAX=0x00007fce28de2792 points into unknown readable memory: ab a1 ce 7f 00 00
RBX=0x0000000000000001 is an unknown value
RCX=0x00007fce28de2793 points into unknown readable memory: a1 ce 7f 00 00
RDX=0x0000000000002000 is an unknown value
RSP=0x00007fce7c9ec398 is pointing into the stack for thread: 0x00007fce2843bf20
RBP=0x00007fce7c9ec470 is pointing into the stack for thread: 0x00007fce2843bf20
RSI=0x280800007fce28de is an unknown value
RDI=0x00007fce185c7e68 points into unknown readable memory: 0x00007fce184c9ac0 | c0 9a 4c 18 ce 7f 00 00
R8 =0x00007fce185c9300 points into unknown readable memory: 0x00007fce28de2793 | 93 27 de 28 ce 7f 00 00
R9 =0x0000000000000036 is an unknown value
R10=0x000000000000001a is an unknown value
R11=0x00007fce183fb180 points into unknown readable memory: 0x0000000000000000 | 00 00 00 00 00 00 00 00
R12=0x00007fce281d0eb8 points into unknown readable memory: 0x00007fcea1aba058 | 58 a0 ab a1 ce 7f 00 00
R13=0x00007fce7c9ec710 is pointing into the stack for thread: 0x00007fce2843bf20
R14=0x00007fce7c9ec540 is pointing into the stack for thread: 0x00007fce2843bf20
R15=0x00007fce7c9ec520 is pointing into the stack for thread: 0x00007fce2843bf20

Top of Stack: (sp=0x00007fce7c9ec398)
0x00007fce7c9ec398:   00007fcea111d92d 0000000000007fd8   -...............
0x00007fce7c9ec3a8:   00007fce18533db0 00007fcea1b4e278   .=S.....x.......
0x00007fce7c9ec3b8:   00007fce28fa8630 00007fce7c9ec410   0..(.......|....
0x00007fce7c9ec3c8:   00007fcea08c56bd 00007fcea1a06d50   .V......Pm......
0x00007fce7c9ec3d8:   00007fce28de2790 00007fce34640060   .'.(....`.d4....
0x00007fce7c9ec3e8:   00007fce2843c901 00007fce7c9ec710   ..C(.......|....
0x00007fce7c9ec3f8:   0000000000002000 00007fce34640060   . ......`.d4....
0x00007fce7c9ec408:   00007fcea1a06d08 0000000000000000   .m..............
0x00007fce7c9ec418:   0000000000000000 00007fce34640060   ........`.d4....
0x00007fce7c9ec428:   00007fce34640060 0000000000000013   `.d4............
0x00007fce7c9ec438:   00007fce7c9ec540 00007fce7c9ec470   @..|....p..|....
0x00007fce7c9ec448:   00007fce7c9ec710 00007fce281d0eb8   ...|.......(....
0x00007fce7c9ec458:   000000000000001a 00007fce7c9ec540   ........@..|....
0x00007fce7c9ec468:   00007fce7c9ec520 00007fce7c9ec4d0    ..|.......|....
0x00007fce7c9ec478:   00007fcea111e820 00007fce28c364b8    ........d.(....
0x00007fce7c9ec488:   0000001a00001271 00007fce7c9ec560   q.......`..|....
0x00007fce7c9ec498:   00007fce28c75c70 00007fce7c9ec540   p\.(....@..|....
0x00007fce7c9ec4a8:   00007fce7c9ec520 0000000000000000    ..|............
0x00007fce7c9ec4b8:   0000000000000001 00007fce7c9ec540   ........@..|....
0x00007fce7c9ec4c8:   00007fce7c9ec710 00007fce7c9ec660   ...|....`..|....
0x00007fce7c9ec4d8:   00007fcea111f105 00007fce24001878   ........x..$....
0x00007fce7c9ec4e8:   00007fce000014ac 00007fce7c9ec560   ........`..|....
0x00007fce7c9ec4f8:   00007fce24590e88 00007fce000014ab   ..Y$............
0x00007fce7c9ec508:   00007fce9c001b10 00007fce28ecddf0   ...........(....
0x00007fce7c9ec518:   00007fce2843c960 0000010000000100   `.C(............
0x00007fce7c9ec528:   00007fce18241de8 00007fce2843c960   ..$.....`.C(....
0x00007fce7c9ec538:   000000000001a430 00007fce2843c960   0.......`.C(....
0x00007fce7c9ec548:   00007fce00000800 00007fce9c9025f8   .........%......
0x00007fce7c9ec558:   0000059ea1c3081b 00007fce1823bf38   ........8.#.....
0x00007fce7c9ec568:   00007fce18241be8 00007fce1823beb8   ..$.......#.....
0x00007fce7c9ec578:   00007fce2843c960 00007fce184c68c0   `.C(.....hL.....
0x00007fce7c9ec588:   00007fce184bde90 00007fce7c9ec5d0   ..K........|....

Instructions: (pc=0x00007fcea11098b0)
  0x00007fcea11097b0:   55 48 89 e5 66 48 8d 3d ec 37 9d 00 66 66 48 e8
  0x00007fcea11097c0:   1c 8d 5d ff 48 8b 00 48 8b 80 b0 08 00 00 48 8b
  0x00007fcea11097d0:   80 80 00 00 00 48 8b b8 f8 02 00 00 48 8b 57 20
  0x00007fcea11097e0:   48 8b 47 28 48 29 d0 48 83 f8 37 76 13 48 8d 42
  0x00007fcea11097f0:   38 48 89 47 20 48 89 d0 5d c3 66 0f 1f 44 00 00
  0x00007fcea1109800:   31 d2 be 38 00 00 00 5d e9 53 be 7b ff 90 66 90
  0x00007fcea1109810:   55 48 89 e5 48 85 d2 74 0c 8b 42 28 39 f8 73 33
  0x00007fcea1109820:   8b 04 86 5d c3 48 8d 05 4c 90 9d 00 48 8d 0d d1
  0x00007fcea1109830:   b3 5f 00 48 8d 15 3e 4c 65 00 be c7 04 00 00 48
  0x00007fcea1109840:   8d 3d ba 35 62 00 48 8b 00 c6 00 58 31 c0 e8 ed
  0x00007fcea1109850:   35 a8 ff 48 8d 05 1e 90 9d 00 48 8d 0d 00 e8 5f
  0x00007fcea1109860:   00 48 8d 15 30 4c 65 00 be c8 04 00 00 48 8d 3d
  0x00007fcea1109870:   8c 35 62 00 48 8b 00 c6 00 58 31 c0 e8 bf 35 a8
  0x00007fcea1109880:   ff 90 66 66 2e 0f 1f 84 00 00 00 00 00 0f 1f 00
  0x00007fcea1109890:   8b 57 20 39 d6 73 79 48 8b 7f 28 89 f6 4c 8d 04
  0x00007fcea11098a0:   f7 49 8b 00 48 83 e0 fe 48 8b 70 08 48 8d 48 01
=>0x00007fcea11098b0:   48 83 3e 00 74 1a 49 89 08 c3 66 0f 1f 44 00 00
  0x00007fcea11098c0:   48 8b 04 25 08 00 00 00 48 8b 00 48 85 c0 75 50
  0x00007fcea11098d0:   8b 40 28 39 d0 73 e9 48 8b 0c c7 48 89 c8 48 83
  0x00007fcea11098e0:   e0 fe 48 8b 70 08 48 8b 36 48 85 f6 74 e2 48 83
  0x00007fcea11098f0:   f9 01 76 2c 8b 50 2c 48 8d 48 01 83 e2 07 83 fa
  0x00007fcea1109900:   05 75 b3 48 8d 4e 01 48 89 f0 eb aa 0f 1f 40 00
  0x00007fcea1109910:   48 8b 04 25 08 00 00 00 0f 0b 66 0f 1f 44 00 00
  0x00007fcea1109920:   31 c0 b9 01 00 00 00 e9 8a ff ff ff 0f 1f 40 00
  0x00007fcea1109930:   55 48 89 e5 41 55 41 54 49 89 fc 53 89 f3 48 83
  0x00007fcea1109940:   ec 08 48 8b 47 10 4c 8b a8 00 03 00 00 49 83 c5
  0x00007fcea1109950:   01 3b 5f 20 73 1a 49 8b 44 24 28 4c 89 2c d8 48
  0x00007fcea1109960:   83 c4 08 5b 41 5c 41 5d 5d c3 66 0f 1f 44 00 00
  0x00007fcea1109970:   48 8d 7f 18 89 de e8 f5 91 12 00 eb d9 90 66 90
  0x00007fcea1109980:   48 8b 07 48 8d 15 26 fb ff ff 48 8b 80 c8 00 00
  0x00007fcea1109990:   00 48 39 d0 75 3a 48 8b 47 08 48 8b 40 10 48 85
  0x00007fcea11099a0:   c0 74 25 48 83 78 10 00 74 1e 48 8b 40 08 48 8b


Stack slot to memory mapping:

stack at sp + 0 slots: 0x00007fcea111d92d: <offset 0x0000000000d1d92d> in /usr/lib/apache-netbeans/jdk/lib/server/libjvm.so at 0x00007fcea0400000
stack at sp + 1 slots: 0x0000000000007fd8 is an unknown value
stack at sp + 2 slots: 0x00007fce18533db0 points into unknown readable memory: 0x00007fcea1abb5c8 | c8 b5 ab a1 ce 7f 00 00
stack at sp + 3 slots: 0x00007fcea1b4e278: <offset 0x000000000174e278> in /usr/lib/apache-netbeans/jdk/lib/server/libjvm.so at 0x00007fcea0400000
stack at sp + 4 slots: 0x00007fce28fa8630 points into unknown readable memory: 0x00007fce9c9025e0 | e0 25 90 9c ce 7f 00 00
stack at sp + 5 slots: 0x00007fce7c9ec410 is pointing into the stack for thread: 0x00007fce2843bf20
stack at sp + 6 slots: 0x00007fcea08c56bd: <offset 0x00000000004c56bd> in /usr/lib/apache-netbeans/jdk/lib/server/libjvm.so at 0x00007fcea0400000
stack at sp + 7 slots: 0x00007fcea1a06d50: <offset 0x0000000001606d50> in /usr/lib/apache-netbeans/jdk/lib/server/libjvm.so at 0x00007fcea0400000

Lock stack of current Java thread (top to bottom):


---------------  P R O C E S S  ---------------

Threads class SMR info:
_java_thread_list=0x00007fcdf800a4e0, length=12, elements={
0x00007fce9c02b6b0, 0x00007fce9c0c8d10, 0x00007fce9c0c9f00, 0x00007fce9c0cba70,
0x00007fce9c0cd390, 0x00007fce9c0cec10, 0x00007fce9c0d0a10, 0x00007fce9c0d2400,
0x00007fce9c113d90, 0x00007fce9c1166e0, 0x00007fce340a3d00, 0x00007fce2843bf20
}

Java Threads: ( => current thread )
  0x00007fce9c02b6b0 JavaThread "main"                              [_thread_blocked, id=9518, stack(0x00007fcea0212000,0x00007fcea0312000) (1024K)]
  0x00007fce9c0c8d10 JavaThread "Reference Handler"          daemon [_thread_blocked, id=9529, stack(0x00007fce7d3f3000,0x00007fce7d4f3000) (1024K)]
  0x00007fce9c0c9f00 JavaThread "Finalizer"                  daemon [_thread_blocked, id=9530, stack(0x00007fce7d1f1000,0x00007fce7d2f1000) (1024K)]
  0x00007fce9c0cba70 JavaThread "Signal Dispatcher"          daemon [_thread_blocked, id=9531, stack(0x00007fce7d0f1000,0x00007fce7d1f1000) (1024K)]
  0x00007fce9c0cd390 JavaThread "Service Thread"             daemon [_thread_blocked, id=9532, stack(0x00007fce7cff1000,0x00007fce7d0f1000) (1024K)]
  0x00007fce9c0cec10 JavaThread "Monitor Deflation Thread"   daemon [_thread_blocked, id=9533, stack(0x00007fce7cef1000,0x00007fce7cff1000) (1024K)]
  0x00007fce9c0d0a10 JavaThread "C2 CompilerThread0"         daemon [_thread_in_native, id=9534, stack(0x00007fce7cdf1000,0x00007fce7cef1000) (1024K)]
  0x00007fce9c0d2400 JavaThread "C1 CompilerThread0"         daemon [_thread_blocked, id=9535, stack(0x00007fce7ccf1000,0x00007fce7cdf1000) (1024K)]
  0x00007fce9c113d90 JavaThread "Notification Thread"        daemon [_thread_blocked, id=9536, stack(0x00007fce7cbf1000,0x00007fce7ccf1000) (1024K)]
  0x00007fce9c1166e0 JavaThread "Common-Cleaner"             daemon [_thread_blocked, id=9537, stack(0x00007fce7caf1000,0x00007fce7cbf1000) (1024K)]
  0x00007fce340a3d00 JavaThread "C2 CompilerThread1"         daemon [_thread_in_native, id=9538, stack(0x00007fce7c9f1000,0x00007fce7caf1000) (1024K)]
=>0x00007fce2843bf20 JavaThread "C2 CompilerThread2"         daemon [_thread_in_native, id=9540, stack(0x00007fce7c8f1000,0x00007fce7c9f1000) (1024K)]
Total: 12

Other Threads:
  0x00007fce9c0bef70 VMThread "VM Thread"                           [id=9528, stack(0x00007fce7d4f4000,0x00007fce7d5f4000) (1024K)]
  0x00007fce9c0aea30 WatcherThread "VM Periodic Task Thread"        [id=9527, stack(0x00007fce7d2f2000,0x00007fce7d3f2000) (1024K)]
  0x00007fce9c051b50 WorkerThread "GC Thread#0"                     [id=9519, stack(0x00007fce8288d000,0x00007fce8298d000) (1024K)]
  0x00007fce64008fa0 WorkerThread "GC Thread#1"                     [id=9541, stack(0x00007fce7c500000,0x00007fce7c600000) (1024K)]
  0x00007fce64009b00 WorkerThread "GC Thread#2"                     [id=9542, stack(0x00007fce7c3ff000,0x00007fce7c4ff000) (1024K)]
  0x00007fce6400a6d0 WorkerThread "GC Thread#3"                     [id=9543, stack(0x00007fce7c2fe000,0x00007fce7c3fe000) (1024K)]
  0x00007fce6400b3e0 WorkerThread "GC Thread#4"                     [id=9544, stack(0x00007fce7c1fd000,0x00007fce7c2fd000) (1024K)]
  0x00007fce6400c160 WorkerThread "GC Thread#5"                     [id=9545, stack(0x00007fce7c0fc000,0x00007fce7c1fc000) (1024K)]
  0x00007fce64012b90 WorkerThread "GC Thread#6"                     [id=9548, stack(0x00007fce6df00000,0x00007fce6e000000) (1024K)]
  0x00007fce64013af0 WorkerThread "GC Thread#7"                     [id=9549, stack(0x00007fce6ddff000,0x00007fce6deff000) (1024K)]
  0x00007fce9c0604f0 ConcurrentGCThread "G1 Main Marker"            [id=9520, stack(0x00007fce7e100000,0x00007fce7e200000) (1024K)]
  0x00007fce9c0616c0 WorkerThread "G1 Conc#0"                       [id=9521, stack(0x00007fce7dfff000,0x00007fce7e0ff000) (1024K)]
  0x00007fce70000cd0 WorkerThread "G1 Conc#1"                       [id=9552, stack(0x00007fce6dbfe000,0x00007fce6dcfe000) (1024K)]
  0x00007fce9c09fcd0 ConcurrentGCThread "G1 Refine#0"               [id=9522, stack(0x00007fce7d6f6000,0x00007fce7d7f6000) (1024K)]
  0x00007fce9c0a0ec0 ConcurrentGCThread "G1 Service"                [id=9523, stack(0x00007fce7d5f5000,0x00007fce7d6f5000) (1024K)]
Total: 15

Threads with active compile tasks:
C2 CompilerThread0  3324 4791   !   4       org.codehaus.plexus.interpolation.StringSearchInterpolator::interpolate (692 bytes)
C2 CompilerThread1  3324 5862   !   4       com.google.inject.spi.InjectionPoint::getInjectionPoints (489 bytes)
C2 CompilerThread2  3325 5880       4       java.util.stream.SortedOps$SizedRefSortingSink::end (129 bytes)
Total: 3

VM state: not at safepoint (normal execution)

VM Mutex/Monitor currently owned by a thread:  ([mutex/lock_event])
[0x00007fcea1b54468] Uncommit_lock - owner thread: 0x00007fce9c0a0ec0

Heap address: 0x00000006e8000000, size: 4480 MB, Compressed Oops mode: Zero based, Oop shift amount: 3

CDS archive(s) mapped at: [0x0000000085000000-0x0000000085d8c000-0x0000000085d8c000), size 14204928, SharedBaseAddress: 0x0000000085000000, ArchiveRelocationMode: 1.
Compressed class space mapped at: 0x0000000086000000-0x00000000c6000000, reserved size: 1073741824
UseCompressedClassPointers 1, UseCompactObjectHeaders 0
Narrow klass pointer bits 32, Max shift 3
Narrow klass base: 0x0000000085000000, Narrow klass shift: 0
Encoding Range: [0x0000000085000000 - 0x0000000185000000), (4294967296 bytes)
Klass Range:    [0x0000000085001000 - 0x00000000c6000000), (1090514944 bytes)
Klass ID Range:  [4096 - 1090519033) (1090514937)
Protection zone: [0x0000000085000000 - 0x0000000085001000), (4096 bytes)

GC Precious Log:
 CardTable entry size: 512
 Card Set container configuration: InlinePtr #cards 4 size 8 Array Of Cards #cards 32 size 80 Howl #buckets 8 coarsen threshold 7372 Howl Bitmap #cards 1024 size 144 coarsen threshold 921 Card regions per heap region 1 cards per card region 8192
 CPUs: 8 total, 8 available
 Memory: 17906M
 Large Page Support: Disabled
 NUMA Support: Disabled
 Compressed Oops: Enabled (Zero based)
 Heap Region Size: 4M
 Heap Min Capacity: 8M
 Heap Initial Capacity: 280M
 Heap Max Capacity: 4480M
 Pre-touch: Disabled
 Parallel Workers: 8
 Concurrent Workers: 2
 Concurrent Refinement Workers: 8
 Periodic GC: Disabled

Heap:
 garbage-first heap   total reserved 4587520K, committed 98304K, used 22087K [0x00000006e8000000, 0x0000000800000000)
  region size 4096K, 5 young (20480K), 4 survivors (16384K)

Heap Regions: E=young(eden), S=young(survivor), O=old, HS=humongous(starts), HC=humongous(continues), CS=collection set, F=free, TAMS=top-at-mark-start, PB=parsable bottom
|   0|0x00000006e8000000, 0x00000006e8400000, 0x00000006e8400000|100%| O|  |TAMS 0x00000006e8000000| PB 0x00000006e8000000| Untracked |  0
|   1|0x00000006e8400000, 0x00000006e8470e00, 0x00000006e8800000| 11%| O|  |TAMS 0x00000006e8400000| PB 0x00000006e8400000| Untracked |  0
|   2|0x00000006e8800000, 0x00000006e8800000, 0x00000006e8c00000|  0%| F|  |TAMS 0x00000006e8800000| PB 0x00000006e8800000| Untracked |  0
|   3|0x00000006e8c00000, 0x00000006e8c00000, 0x00000006e9000000|  0%| F|  |TAMS 0x00000006e8c00000| PB 0x00000006e8c00000| Untracked |  0
|   4|0x00000006e9000000, 0x00000006e9000000, 0x00000006e9400000|  0%| F|  |TAMS 0x00000006e9000000| PB 0x00000006e9000000| Untracked |  0
|   5|0x00000006e9400000, 0x00000006e9400000, 0x00000006e9800000|  0%| F|  |TAMS 0x00000006e9400000| PB 0x00000006e9400000| Untracked |  0
|   6|0x00000006e9800000, 0x00000006e9800000, 0x00000006e9c00000|  0%| F|  |TAMS 0x00000006e9800000| PB 0x00000006e9800000| Untracked |  0
|   7|0x00000006e9c00000, 0x00000006e9c00000, 0x00000006ea000000|  0%| F|  |TAMS 0x00000006e9c00000| PB 0x00000006e9c00000| Untracked |  0
|   8|0x00000006ea000000, 0x00000006ea000000, 0x00000006ea400000|  0%| F|  |TAMS 0x00000006ea000000| PB 0x00000006ea000000| Untracked |  0
|   9|0x00000006ea400000, 0x00000006ea400000, 0x00000006ea800000|  0%| F|  |TAMS 0x00000006ea400000| PB 0x00000006ea400000| Untracked |  0
|  10|0x00000006ea800000, 0x00000006ea800000, 0x00000006eac00000|  0%| F|  |TAMS 0x00000006ea800000| PB 0x00000006ea800000| Untracked |  0
|  11|0x00000006eac00000, 0x00000006eac00000, 0x00000006eb000000|  0%| F|  |TAMS 0x00000006eac00000| PB 0x00000006eac00000| Untracked |  0
|  12|0x00000006eb000000, 0x00000006eb000000, 0x00000006eb400000|  0%| F|  |TAMS 0x00000006eb000000| PB 0x00000006eb000000| Untracked |  0
|  13|0x00000006eb400000, 0x00000006eb400000, 0x00000006eb800000|  0%| F|  |TAMS 0x00000006eb400000| PB 0x00000006eb400000| Untracked |  0
|  14|0x00000006eb800000, 0x00000006eb800000, 0x00000006ebc00000|  0%| F|  |TAMS 0x00000006eb800000| PB 0x00000006eb800000| Untracked |  0
|  15|0x00000006ebc00000, 0x00000006ebc00000, 0x00000006ec000000|  0%| F|  |TAMS 0x00000006ebc00000| PB 0x00000006ebc00000| Untracked |  0
|  16|0x00000006ec000000, 0x00000006ec000000, 0x00000006ec400000|  0%| F|  |TAMS 0x00000006ec000000| PB 0x00000006ec000000| Untracked |  0
|  17|0x00000006ec400000, 0x00000006ec400000, 0x00000006ec800000|  0%| F|  |TAMS 0x00000006ec400000| PB 0x00000006ec400000| Untracked |  0
|  51|0x00000006f4c00000, 0x00000006f5000000, 0x00000006f5000000|100%| S|CS|TAMS 0x00000006f4c00000| PB 0x00000006f4c00000| Complete |  0
|  52|0x00000006f5000000, 0x00000006f5400000, 0x00000006f5400000|100%| S|CS|TAMS 0x00000006f5000000| PB 0x00000006f5000000| Complete |  0
|  53|0x00000006f5400000, 0x00000006f5800000, 0x00000006f5800000|100%| S|CS|TAMS 0x00000006f5400000| PB 0x00000006f5400000| Complete |  0
|  54|0x00000006f5800000, 0x00000006f5c00000, 0x00000006f5c00000|100%| S|CS|TAMS 0x00000006f5800000| PB 0x00000006f5800000| Complete |  0
|  69|0x00000006f9400000, 0x00000006f9600000, 0x00000006f9800000| 50%| E|  |TAMS 0x00000006f9400000| PB 0x00000006f9400000| Complete |  0
|1119|0x00000007ffc00000, 0x00000007ffd20fd8, 0x0000000800000000| 28%| O|Cm|TAMS 0x00000007ffd20fd8| PB 0x00000007ffc00000| Updating |  0

Card table byte_map: [0x00007fce8298d000,0x00007fce8324d000] _byte_map_base: 0x00007fce7f24d000

Marking Bits: (CMBitMap*) 0x00007fce9c0527a0
 Bits: [0x00007fce7e200000, 0x00007fce82800000)

Polling page: 0x00007fcea1db4000

Metaspace:
Metaspace        used 21276K, committed 21568K, reserved 1114112K
 class space     used 1970K, committed 2112K, reserved 1048576K

Usage:
  Non-class:     18.85 MB used.
      Class:      1.92 MB used.
       Both:     20.78 MB used.

Virtual space:
  Non-class space:       64.00 MB reserved,      19.00 MB ( 30%) committed,  1 nodes.
      Class space:        1.00 GB reserved,       2.06 MB ( <1%) committed,  1 nodes.
             Both:        1.06 GB reserved,      21.06 MB (  2%) committed. 

Chunk freelists:
   Non-Class:  12.64 MB
       Class:  13.95 MB
        Both:  26.59 MB

MaxMetaspaceSize: unlimited
CompressedClassSpaceSize: 1.00 GB
Initial GC threshold: 21.00 MB
Current GC threshold: 35.12 MB
CDS: on
 - commit_granule_bytes: 65536.
 - commit_granule_words: 8192.
 - virtual_space_node_default_size: 8388608.
 - enlarge_chunks_in_place: 1.
UseCompressedClassPointers 1, UseCompactObjectHeaders 0
Narrow klass pointer bits 32, Max shift 3
Narrow klass base: 0x0000000085000000, Narrow klass shift: 0
Encoding Range: [0x0000000085000000 - 0x0000000185000000), (4294967296 bytes)
Klass Range:    [0x0000000085001000 - 0x00000000c6000000), (1090514944 bytes)
Klass ID Range:  [4096 - 1090519033) (1090514937)
Protection zone: [0x0000000085000000 - 0x0000000085001000), (4096 bytes)


Internal statistics:

num_allocs_failed_limit: 3.
num_arena_births: 216.
num_arena_deaths: 0.
num_vsnodes_births: 2.
num_vsnodes_deaths: 0.
num_space_committed: 337.
num_space_uncommitted: 0.
num_chunks_returned_to_freelist: 3.
num_chunks_taken_from_freelist: 961.
num_chunk_merges: 3.
num_chunk_splits: 666.
num_chunks_enlarged: 525.
num_inconsistent_stats: 0.

CodeHeap 'non-profiled nmethods': size=120032Kb used=1892Kb max_used=1892Kb free=118139Kb
 bounds [0x00007fce8bec8000, 0x00007fce8c138000, 0x00007fce93400000]
CodeHeap 'profiled nmethods': size=120028Kb used=10271Kb max_used=10271Kb free=109757Kb
 bounds [0x00007fce84400000, 0x00007fce84e10000, 0x00007fce8b937000]
CodeHeap 'non-nmethods': size=5700Kb used=1661Kb max_used=1661Kb free=4038Kb
 bounds [0x00007fce8b937000, 0x00007fce8bba7000, 0x00007fce8bec8000]
CodeCache: size=245760Kb, used=13824Kb, max_used=13824Kb, free=231934Kb
 total_blobs=6549, nmethods=5969, adapters=480, full_count=0
Compilation: enabled, stopped_count=0, restarted_count=0

Compilation events (20 events):
Event: 3.220 Thread 0x00007fce9c0d2400 5970   !   3       java.util.jar.JarFile::getManifestFromReference (197 bytes)
Event: 3.222 Thread 0x00007fce9c0d2400 nmethod 5970 0x00007fce84df8f88 code [0x00007fce84df9080, 0x00007fce84dfa5a0]
Event: 3.226 Thread 0x00007fce9c0d2400 5971       3       java.net.URLClassLoader::isSealed (72 bytes)
Event: 3.228 Thread 0x00007fce9c0d2400 nmethod 5971 0x00007fce84dfa608 code [0x00007fce84dfa700, 0x00007fce84dfc728]
Event: 3.235 Thread 0x00007fce9c0d2400 5972       3       java.util.zip.Inflater::<init> (28 bytes)
Event: 3.235 Thread 0x00007fce9c0d2400 nmethod 5972 0x00007fce84dfc788 code [0x00007fce84dfc880, 0x00007fce84dfcba0]
Event: 3.236 Thread 0x00007fce9c0d2400 5973   !   3       jdk.internal.loader.FileURLMapper::getPath (80 bytes)
Event: 3.237 Thread 0x00007fce9c0d2400 nmethod 5973 0x00007fce84dfcc08 code [0x00007fce84dfcd00, 0x00007fce84dfd428]
Event: 3.237 Thread 0x00007fce9c0d2400 5974       3       java.io.RandomAccessFile::<init> (8 bytes)
Event: 3.238 Thread 0x00007fce9c0d2400 nmethod 5974 0x00007fce84dfd488 code [0x00007fce84dfd580, 0x00007fce84dfd6b8]
Event: 3.238 Thread 0x00007fce9c0d2400 5975       3       java.io.RandomAccessFile::<init> (261 bytes)
Event: 3.239 Thread 0x00007fce9c0d2400 nmethod 5975 0x00007fce84dfd788 code [0x00007fce84dfd880, 0x00007fce84dff2c0]
Event: 3.239 Thread 0x00007fce9c0d2400 5976       3       java.io.RandomAccessFile::open (7 bytes)
Event: 3.240 Thread 0x00007fce9c0d2400 nmethod 5976 0x00007fce84dff308 code [0x00007fce84dff400, 0x00007fce84dff530]
Event: 3.240 Thread 0x00007fce9c0d2400 5977       1       org.apache.maven.artifact.DefaultArtifact::getVersion (5 bytes)
Event: 3.240 Thread 0x00007fce9c0d2400 nmethod 5977 0x00007fce8c09fe88 code [0x00007fce8c09ff80, 0x00007fce8c0a0040]
Event: 3.246 Thread 0x00007fce9c0d2400 5978       3       java.util.regex.Pattern::split (325 bytes)
Event: 3.250 Thread 0x00007fce9c0d2400 nmethod 5978 0x00007fce84dff608 code [0x00007fce84dff700, 0x00007fce84e03c70]
Event: 3.256 Thread 0x00007fce9c0d2400 5982       3       java.lang.classfile.CodeBuilder::putstatic (11 bytes)
Event: 3.256 Thread 0x00007fce9c0d2400 nmethod 5982 0x00007fce84e03c88 code [0x00007fce84e03d80, 0x00007fce84e04230]

GC Heap Usage History (4 events):
Event: 1.025 {heap Before GC invocations=0 (full 0):
 garbage-first heap   total reserved 4587520K, committed 290816K, used 50307K [0x00000006e8000000, 0x0000000800000000)
  region size 4096K, 12 young (49152K), 0 survivors (0K)
}
Event: 1.031 {heap After GC invocations=1 (full 0):
 garbage-first heap   total reserved 4587520K, committed 290816K, used 5934K [0x00000006e8000000, 0x0000000800000000)
  region size 4096K, 2 young (8192K), 2 survivors (8192K)
}
Event: 2.782 {heap Before GC invocations=1 (full 0):
 garbage-first heap   total reserved 4587520K, committed 290816K, used 124718K [0x00000006e8000000, 0x0000000800000000)
  region size 4096K, 31 young (126976K), 2 survivors (8192K)
}
Event: 2.795 {heap After GC invocations=2 (full 0):
 garbage-first heap   total reserved 4587520K, committed 290816K, used 13376K [0x00000006e8000000, 0x0000000800000000)
  region size 4096K, 3 young (12288K), 3 survivors (12288K)
}

Metaspace Usage History (4 events):
Event: 1.025 {metaspace Before GC invocations=0 (full 0):
 Metaspace       used 9805K, committed 9920K, reserved 1114112K
  class space    used 881K, committed 960K, reserved 1048576K
}
Event: 1.031 {metaspace After GC invocations=1 (full 0):
 Metaspace       used 9805K, committed 9920K, reserved 1114112K
  class space    used 881K, committed 960K, reserved 1048576K
}
Event: 2.782 {metaspace Before GC invocations=1 (full 0):
 Metaspace       used 17855K, committed 18176K, reserved 1114112K
  class space    used 1662K, committed 1792K, reserved 1048576K
}
Event: 2.795 {metaspace After GC invocations=2 (full 0):
 Metaspace       used 17855K, committed 18176K, reserved 1114112K
  class space    used 1662K, committed 1792K, reserved 1048576K
}

Dll operation events (8 events):
Event: 0.003 Loaded shared library /usr/lib/apache-netbeans/jdk/lib/libjava.so
Event: 0.023 Loaded shared library /usr/lib/apache-netbeans/jdk/lib/libsimdsort.so
Event: 0.033 Loaded shared library /usr/lib/apache-netbeans/jdk/lib/libnio.so
Event: 0.037 Loaded shared library /usr/lib/apache-netbeans/jdk/lib/libzip.so
Event: 0.043 Loaded shared library /usr/lib/apache-netbeans/jdk/lib/libnet.so
Event: 0.131 Loaded shared library /usr/lib/apache-netbeans/jdk/lib/libjimage.so
Event: 0.144 Loaded shared library /tmp/jansi-2.4.2-ccaf58182e652970-libjansi.so
Event: 0.153 Loaded shared library /usr/lib/apache-netbeans/jdk/lib/libverify.so

Deoptimization events (20 events):
Event: 3.214 Thread 0x00007fce9c02b6b0 Uncommon trap: trap_request=0xffffffc6 fr.pc=0x00007fce8c045718 relative=0x0000000000000518
Event: 3.214 Thread 0x00007fce9c02b6b0 Uncommon trap: reason=bimorphic_or_optimized_type_check action=maybe_recompile pc=0x00007fce8c045718 method=java.util.regex.Pattern$Slice.match(Ljava/util/regex/Matcher;ILjava/lang/CharSequence;)Z @ 75 c2
Event: 3.214 Thread 0x00007fce9c02b6b0 DEOPT PACKING pc=0x00007fce8c045718 sp=0x00007fcea030eeb0
Event: 3.214 Thread 0x00007fce9c02b6b0 DEOPT UNPACKING pc=0x00007fce8ba5a6f9 sp=0x00007fcea030ee50 mode 2
Event: 3.214 Thread 0x00007fce9c02b6b0 Uncommon trap: trap_request=0xffffffc6 fr.pc=0x00007fce8c045718 relative=0x0000000000000518
Event: 3.214 Thread 0x00007fce9c02b6b0 Uncommon trap: reason=bimorphic_or_optimized_type_check action=maybe_recompile pc=0x00007fce8c045718 method=java.util.regex.Pattern$Slice.match(Ljava/util/regex/Matcher;ILjava/lang/CharSequence;)Z @ 75 c2
Event: 3.214 Thread 0x00007fce9c02b6b0 DEOPT PACKING pc=0x00007fce8c045718 sp=0x00007fcea030eeb0
Event: 3.214 Thread 0x00007fce9c02b6b0 DEOPT UNPACKING pc=0x00007fce8ba5a6f9 sp=0x00007fcea030ee50 mode 2
Event: 3.234 Thread 0x00007fce9c02b6b0 Uncommon trap: trap_request=0xffffffde fr.pc=0x00007fce8bf48134 relative=0x0000000000001d34
Event: 3.234 Thread 0x00007fce9c02b6b0 Uncommon trap: reason=class_check action=maybe_recompile pc=0x00007fce8bf48134 method=jdk.internal.loader.URLClassPath.getLoader(I)Ljdk/internal/loader/URLClassPath$Loader; @ 91 c2
Event: 3.234 Thread 0x00007fce9c02b6b0 DEOPT PACKING pc=0x00007fce8bf48134 sp=0x00007fcea030eb60
Event: 3.234 Thread 0x00007fce9c02b6b0 DEOPT UNPACKING pc=0x00007fce8ba5a6f9 sp=0x00007fcea030eaa8 mode 2
Event: 3.247 Thread 0x00007fce9c02b6b0 Uncommon trap: trap_request=0xffffffc6 fr.pc=0x00007fce8bf29700 relative=0x0000000000000280
Event: 3.247 Thread 0x00007fce9c02b6b0 Uncommon trap: reason=bimorphic_or_optimized_type_check action=maybe_recompile pc=0x00007fce8bf29700 method=java.nio.Buffer.<init>(IIIILjava/lang/foreign/MemorySegment;)V @ 39 c2
Event: 3.247 Thread 0x00007fce9c02b6b0 DEOPT PACKING pc=0x00007fce8bf29700 sp=0x00007fcea030e170
Event: 3.247 Thread 0x00007fce9c02b6b0 DEOPT UNPACKING pc=0x00007fce8ba5a6f9 sp=0x00007fcea030e118 mode 2
Event: 3.258 Thread 0x00007fce9c02b6b0 Uncommon trap: trap_request=0xffffffbe fr.pc=0x00007fce8bf88e20 relative=0x0000000000000f20
Event: 3.258 Thread 0x00007fce9c02b6b0 Uncommon trap: reason=profile_predicate action=maybe_recompile pc=0x00007fce8bf88e20 method=java.util.TimSort.binarySort([Ljava/lang/Object;IIILjava/util/Comparator;)V @ 34 c2
Event: 3.258 Thread 0x00007fce9c02b6b0 DEOPT PACKING pc=0x00007fce8bf88e20 sp=0x00007fcea030f220
Event: 3.258 Thread 0x00007fce9c02b6b0 DEOPT UNPACKING pc=0x00007fce8ba5a6f9 sp=0x00007fcea030f1e0 mode 2

Classes loaded (20 events):
Event: 3.248 Loading class sun/util/resources/cldr/TimeZoneNames
Event: 3.248 Loading class sun/util/resources/TimeZoneNamesBundle
Event: 3.248 Loading class sun/util/resources/OpenListResourceBundle
Event: 3.248 Loading class sun/util/resources/OpenListResourceBundle done
Event: 3.248 Loading class sun/util/resources/TimeZoneNamesBundle done
Event: 3.248 Loading class sun/util/resources/cldr/TimeZoneNames done
Event: 3.248 Loading class sun/util/resources/cldr/TimeZoneNames_en
Event: 3.249 Loading class sun/util/resources/cldr/TimeZoneNames_en done
Event: 3.249 Loading class sun/util/resources/cldr/TimeZoneNames_en_US
Event: 3.249 Loading class sun/util/resources/cldr/TimeZoneNames_en_US done
Event: 3.251 Loading class sun/util/cldr/CLDRBaseLocaleDataMetaInfo$CLDRMapHolder
Event: 3.252 Loading class sun/util/cldr/CLDRBaseLocaleDataMetaInfo$CLDRMapHolder done
Event: 3.256 Loading class sun/util/resources/ParallelListResourceBundle
Event: 3.256 Loading class sun/util/resources/ParallelListResourceBundle done
Event: 3.257 Loading class java/text/MessageFormat$Field
Event: 3.257 Loading class java/text/MessageFormat$Field done
Event: 3.258 Loading class java/util/ComparableTimSort
Event: 3.258 Loading class java/util/ComparableTimSort done
Event: 3.263 Loading class java/util/Vector$Itr
Event: 3.263 Loading class java/util/Vector$Itr done

Classes unloaded (0 events):
No events

Classes redefined (0 events):
No events

Internal exceptions (20 events):
Event: 1.628 Thread 0x00007fce9c02b6b0 Exception <a 'java/lang/NoSuchMethodError'{0x00000006f8247010}: 'java.lang.Object java.lang.invoke.DirectMethodHandle$Holder.invokeVirtual(java.lang.Object, java.lang.Object, java.lang.Object)'> (0x00000006f8247010) 
thrown [src/hotspot/share/interpreter/linkResolver.cpp, line 803]
Event: 1.630 Thread 0x00007fce9c02b6b0 Exception <a 'java/lang/NoSuchMethodError'{0x00000006f826d5e8}: 'void java.lang.invoke.DirectMethodHandle$Holder.invokeSpecial(java.lang.Object, java.lang.Object, java.lang.Object, java.lang.Object, java.lang.Object, java.lang.Object)'> (0x00000006f826d5e8) 
thrown [src/hotspot/share/interpreter/linkResolver.cpp, line 803]
Event: 1.654 Thread 0x00007fce9c02b6b0 Exception <a 'java/lang/NoSuchMethodError'{0x00000006f838f6e8}: 'void java.lang.invoke.DirectMethodHandle$Holder.invokeVirtual(java.lang.Object, java.lang.Object, int)'> (0x00000006f838f6e8) 
thrown [src/hotspot/share/interpreter/linkResolver.cpp, line 803]
Event: 1.654 Thread 0x00007fce9c02b6b0 Exception <a 'java/lang/NoSuchMethodError'{0x00000006f8397ed8}: 'void java.lang.invoke.DirectMethodHandle$Holder.invokeSpecial(java.lang.Object, java.lang.Object, java.lang.Object, int)'> (0x00000006f8397ed8) 
thrown [src/hotspot/share/interpreter/linkResolver.cpp, line 803]
Event: 1.655 Thread 0x00007fce9c02b6b0 Exception <a 'java/lang/NoSuchMethodError'{0x00000006f83a0270}: 'void java.lang.invoke.DelegatingMethodHandle$Holder.reinvoke_L(java.lang.Object, java.lang.Object, int)'> (0x00000006f83a0270) 
thrown [src/hotspot/share/interpreter/linkResolver.cpp, line 803]
Event: 2.009 Thread 0x00007fce9c02b6b0 Implicit null exception at 0x00007fce8bf56a4b to 0x00007fce8bf56c3c
Event: 2.010 Thread 0x00007fce9c02b6b0 Implicit null exception at 0x00007fce8bf6054b to 0x00007fce8bf60730
Event: 2.010 Thread 0x00007fce9c02b6b0 Implicit null exception at 0x00007fce8bf54c9d to 0x00007fce8bf54d15
Event: 2.026 Thread 0x00007fce9c02b6b0 Exception <a 'java/lang/NoSuchMethodError'{0x00000006f6abed00}: 'java.lang.Object java.lang.invoke.DirectMethodHandle$Holder.newInvokeSpecial(java.lang.Object, java.lang.Object, java.lang.Object, java.lang.Object, java.lang.Object, java.lang.Object, java.lang.Object)'> (0x00000006f6abed00) 
thrown [src/hotspot/share/interpreter/linkResolver.cpp, line 803]
Event: 2.177 Thread 0x00007fce9c02b6b0 Exception <a 'java/lang/NoSuchMethodError'{0x00000006f5515788}: 'int java.lang.invoke.DirectMethodHandle$Holder.invokeVirtual(java.lang.Object, java.lang.Object)'> (0x00000006f5515788) 
thrown [src/hotspot/share/interpreter/linkResolver.cpp, line 803]
Event: 2.189 Thread 0x00007fce9c02b6b0 Implicit null exception at 0x00007fce8bf416b6 to 0x00007fce8bf4174e
Event: 2.202 Thread 0x00007fce9c02b6b0 Exception <a 'java/lang/NoSuchMethodError'{0x00000006f5649d28}: 'void java.lang.invoke.Invokers$Holder.invokeExact_MT(java.lang.Object, java.lang.Object, int, java.lang.Object)'> (0x00000006f5649d28) 
thrown [src/hotspot/share/interpreter/linkResolver.cpp, line 803]
Event: 2.430 Thread 0x00007fce9c02b6b0 Implicit null exception at 0x00007fce8bf419ae to 0x00007fce8bf4232c
Event: 2.885 Thread 0x00007fce9cb094d0 Exception <a 'java/lang/NoSuchMethodError'{0x00000006f882b2c8}: 'java.lang.Object java.lang.invoke.DirectMethodHandle$Holder.invokeStatic(java.lang.Object, long, java.lang.Object)'> (0x00000006f882b2c8) 
thrown [src/hotspot/share/interpreter/linkResolver.cpp, line 803]
Event: 2.885 Thread 0x00007fce9cb094d0 Exception <a 'java/lang/NoSuchMethodError'{0x00000006f8833168}: 'java.lang.Object java.lang.invoke.DirectMethodHandle$Holder.invokeStaticInit(java.lang.Object, long, java.lang.Object)'> (0x00000006f8833168) 
thrown [src/hotspot/share/interpreter/linkResolver.cpp, line 803]
Event: 2.886 Thread 0x00007fce9cb094d0 Exception <a 'java/lang/NoSuchMethodError'{0x00000006f8842418}: 'java.lang.Object java.lang.invoke.DirectMethodHandle$Holder.newInvokeSpecial(java.lang.Object, long)'> (0x00000006f8842418) 
thrown [src/hotspot/share/interpreter/linkResolver.cpp, line 803]
Event: 2.888 Thread 0x00007fce9cb094d0 Exception <a 'java/lang/NoSuchMethodError'{0x00000006f884b860}: 'long java.lang.invoke.DirectMethodHandle$Holder.invokeInterface(java.lang.Object, java.lang.Object)'> (0x00000006f884b860) 
thrown [src/hotspot/share/interpreter/linkResolver.cpp, line 803]
Event: 2.888 Thread 0x00007fce9cb094d0 Exception <a 'java/lang/NoSuchMethodError'{0x00000006f8853870}: 'long java.lang.invoke.DelegatingMethodHandle$Holder.reinvoke_L(java.lang.Object, java.lang.Object)'> (0x00000006f8853870) 
thrown [src/hotspot/share/interpreter/linkResolver.cpp, line 803]
Event: 3.255 Thread 0x00007fce9c02b6b0 Exception <a 'java/lang/NoSuchMethodError'{0x00000006f60dae78}: 'java.lang.Object java.lang.invoke.DirectMethodHandle$Holder.newInvokeSpecial(java.lang.Object, java.lang.Object, java.lang.Object, int)'> (0x00000006f60dae78) 
thrown [src/hotspot/share/interpreter/linkResolver.cpp, line 803]
Event: 3.256 Thread 0x00007fce9c02b6b0 Exception <a 'java/lang/NoSuchMethodError'{0x00000006f60e3b80}: 'java.lang.Object java.lang.invoke.Invokers$Holder.linkToTargetMethod(java.lang.Object, java.lang.Object, int, java.lang.Object)'> (0x00000006f60e3b80) 
thrown [src/hotspot/share/interpreter/linkResolver.cpp, line 803]

VM Operations (20 events):
Event: 1.552 Executing non-safepoint VM operation: HandshakeAllThreads (Deoptimize)
Event: 1.552 Executing non-safepoint VM operation: HandshakeAllThreads (Deoptimize) done
Event: 1.591 Executing non-safepoint VM operation: HandshakeAllThreads (Deoptimize)
Event: 1.591 Executing non-safepoint VM operation: HandshakeAllThreads (Deoptimize) done
Event: 1.592 Executing non-safepoint VM operation: HandshakeAllThreads (Deoptimize)
Event: 1.592 Executing non-safepoint VM operation: HandshakeAllThreads (Deoptimize) done
Event: 1.991 Executing non-safepoint VM operation: HandshakeAllThreads (Deoptimize)
Event: 1.991 Executing non-safepoint VM operation: HandshakeAllThreads (Deoptimize) done
Event: 1.991 Executing non-safepoint VM operation: HandshakeAllThreads (Deoptimize)
Event: 1.991 Executing non-safepoint VM operation: HandshakeAllThreads (Deoptimize) done
Event: 2.200 Executing non-safepoint VM operation: HandshakeAllThreads (Deoptimize)
Event: 2.200 Executing non-safepoint VM operation: HandshakeAllThreads (Deoptimize) done
Event: 2.782 Executing safepoint VM operation: G1CollectForAllocation (G1 Evacuation Pause)
Event: 2.795 Executing safepoint VM operation: G1CollectForAllocation (G1 Evacuation Pause) done
Event: 2.858 Executing non-safepoint VM operation: HandshakeAllThreads (Deoptimize)
Event: 2.858 Executing non-safepoint VM operation: HandshakeAllThreads (Deoptimize) done
Event: 3.118 Executing non-safepoint VM operation: HandshakeAllThreads (Deoptimize)
Event: 3.118 Executing non-safepoint VM operation: HandshakeAllThreads (Deoptimize) done
Event: 3.147 Executing non-safepoint VM operation: HandshakeAllThreads (Deoptimize)
Event: 3.147 Executing non-safepoint VM operation: HandshakeAllThreads (Deoptimize) done

Memory protections (15 events):
Event: 0.003 Protecting memory [0x00007fcea0212000,0x00007fcea0216000] with protection modes 0
Event: 0.010 Protecting memory [0x0000000085000000,0x0000000085001000] with protection modes 0
Event: 0.021 Protecting memory [0x00007fce7d3f3000,0x00007fce7d3f7000] with protection modes 0
Event: 0.021 Protecting memory [0x00007fce7d1f1000,0x00007fce7d1f5000] with protection modes 0
Event: 0.021 Protecting memory [0x00007fce7d0f1000,0x00007fce7d0f5000] with protection modes 0
Event: 0.021 Protecting memory [0x00007fce7cff1000,0x00007fce7cff5000] with protection modes 0
Event: 0.022 Protecting memory [0x00007fce7cef1000,0x00007fce7cef5000] with protection modes 0
Event: 0.022 Protecting memory [0x00007fce7cdf1000,0x00007fce7cdf5000] with protection modes 0
Event: 0.022 Protecting memory [0x00007fce7ccf1000,0x00007fce7ccf5000] with protection modes 0
Event: 0.031 Protecting memory [0x00007fce7cbf1000,0x00007fce7cbf5000] with protection modes 0
Event: 0.032 Protecting memory [0x00007fce7caf1000,0x00007fce7caf5000] with protection modes 0
Event: 0.076 Protecting memory [0x00007fce7c9f1000,0x00007fce7c9f5000] with protection modes 0
Event: 0.126 Protecting memory [0x00007fce7c8f1000,0x00007fce7c8f5000] with protection modes 0
Event: 0.508 Protecting memory [0x00007fce7c8f1000,0x00007fce7c8f5000] with protection modes 0
Event: 2.859 Protecting memory [0x00007fce6dcfe000,0x00007fce6dd02000] with protection modes 0

Nmethod flushes (0 events):
No events

Events (16 events):
Event: 0.014 Thread 0x00007fce9c02b6b0 Thread added: 0x00007fce9c02b6b0
Event: 0.021 Thread 0x00007fce9c02b6b0 Thread added: 0x00007fce9c0c8d10
Event: 0.021 Thread 0x00007fce9c02b6b0 Thread added: 0x00007fce9c0c9f00
Event: 0.021 Thread 0x00007fce9c02b6b0 Thread added: 0x00007fce9c0cba70
Event: 0.021 Thread 0x00007fce9c02b6b0 Thread added: 0x00007fce9c0cd390
Event: 0.021 Thread 0x00007fce9c02b6b0 Thread added: 0x00007fce9c0cec10
Event: 0.022 Thread 0x00007fce9c02b6b0 Thread added: 0x00007fce9c0d0a10
Event: 0.022 Thread 0x00007fce9c02b6b0 Thread added: 0x00007fce9c0d2400
Event: 0.030 Thread 0x00007fce9c02b6b0 Thread added: 0x00007fce9c113d90
Event: 0.032 Thread 0x00007fce9c02b6b0 Thread added: 0x00007fce9c1166e0
Event: 0.076 Thread 0x00007fce9c0d0a10 Thread added: 0x00007fce340a3d00
Event: 0.126 Thread 0x00007fce9c02b6b0 Thread added: 0x00007fce9c31a4e0
Event: 0.142 Thread 0x00007fce9c31a4e0 Thread exited: 0x00007fce9c31a4e0
Event: 0.508 Thread 0x00007fce9c0d2400 Thread added: 0x00007fce2843bf20
Event: 2.859 Thread 0x00007fce9c02b6b0 Thread added: 0x00007fce9cb094d0
Event: 2.890 Thread 0x00007fce9cb094d0 Thread exited: 0x00007fce9cb094d0


Dynamic libraries:
85000000-85001000 ---p 00000000 00:00 0 
85001000-85d8c000 rw-p 00001000 00:22 383280                             /usr/lib/apache-netbeans/jdk/lib/server/classes.jsa
85d8c000-86000000 ---p 00000000 00:00 0 
86000000-86040000 rw-p 00000000 00:00 0 
86040000-86210000 rw-p 00000000 00:00 0 
86210000-c6000000 ---p 00000000 00:00 0 
6e8000000-6ec800000 rw-p 00000000 00:00 0 
6ec800000-6f4800000 ---p 00000000 00:00 0 
6f4800000-6f9800000 rw-p 00000000 00:00 0 
6f9800000-7ffc00000 ---p 00000000 00:00 0 
7ffc00000-7ffd21000 rw-p 00dbf000 00:22 383280                           /usr/lib/apache-netbeans/jdk/lib/server/classes.jsa
7ffd21000-800000000 rw-p 00000000 00:00 0 
557a01a15000-557a01a16000 r--p 00000000 00:22 382840                     /usr/lib/apache-netbeans/jdk/bin/java
557a01a16000-557a01a17000 r-xp 00001000 00:22 382840                     /usr/lib/apache-netbeans/jdk/bin/java
557a01a17000-557a01a18000 r--p 00002000 00:22 382840                     /usr/lib/apache-netbeans/jdk/bin/java
557a01a18000-557a01a19000 r--p 00002000 00:22 382840                     /usr/lib/apache-netbeans/jdk/bin/java
557a01a19000-557a01a1a000 rw-p 00003000 00:22 382840                     /usr/lib/apache-netbeans/jdk/bin/java
557a0242e000-557a02477000 rw-p 00000000 00:00 0                          [heap]
7fcde8000000-7fcde8021000 rw-p 00000000 00:00 0 
7fcde8021000-7fcdec000000 ---p 00000000 00:00 0 
7fcdf0000000-7fcdf0043000 rw-p 00000000 00:00 0 
7fcdf0043000-7fcdf4000000 ---p 00000000 00:00 0 
7fcdf4000000-7fcdf4021000 rw-p 00000000 00:00 0 
7fcdf4021000-7fcdf8000000 ---p 00000000 00:00 0 
7fcdf8000000-7fcdf8021000 rw-p 00000000 00:00 0 
7fcdf8021000-7fcdfc000000 ---p 00000000 00:00 0 
7fcdfc000000-7fcdfc047000 rw-p 00000000 00:00 0 
7fcdfc047000-7fce00000000 ---p 00000000 00:00 0 
7fce00000000-7fce00021000 rw-p 00000000 00:00 0 
7fce00021000-7fce04000000 ---p 00000000 00:00 0 
7fce04000000-7fce04021000 rw-p 00000000 00:00 0 
7fce04021000-7fce08000000 ---p 00000000 00:00 0 
7fce08000000-7fce08021000 rw-p 00000000 00:00 0 
7fce08021000-7fce0c000000 ---p 00000000 00:00 0 
7fce0c000000-7fce0c021000 rw-p 00000000 00:00 0 
7fce0c021000-7fce10000000 ---p 00000000 00:00 0 
7fce10000000-7fce10021000 rw-p 00000000 00:00 0 
7fce10021000-7fce14000000 ---p 00000000 00:00 0 
7fce14000000-7fce14021000 rw-p 00000000 00:00 0 
7fce14021000-7fce18000000 ---p 00000000 00:00 0 
7fce18000000-7fce18b46000 rw-p 00000000 00:00 0 
7fce18b46000-7fce1c000000 ---p 00000000 00:00 0 
7fce1c000000-7fce1c021000 rw-p 00000000 00:00 0 
7fce1c021000-7fce20000000 ---p 00000000 00:00 0 
7fce20000000-7fce20021000 rw-p 00000000 00:00 0 
7fce20021000-7fce24000000 ---p 00000000 00:00 0 
7fce24000000-7fce24cce000 rw-p 00000000 00:00 0 
7fce24cce000-7fce28000000 ---p 00000000 00:00 0 
7fce28000000-7fce29013000 rw-p 00000000 00:00 0 
7fce29013000-7fce2c000000 ---p 00000000 00:00 0 
7fce2c000000-7fce2c021000 rw-p 00000000 00:00 0 
7fce2c021000-7fce30000000 ---p 00000000 00:00 0 
7fce30000000-7fce30021000 rw-p 00000000 00:00 0 
7fce30021000-7fce34000000 ---p 00000000 00:00 0 
7fce34000000-7fce34f88000 rw-p 00000000 00:00 0 
7fce34f88000-7fce38000000 ---p 00000000 00:00 0 
7fce38000000-7fce38021000 rw-p 00000000 00:00 0 
7fce38021000-7fce3c000000 ---p 00000000 00:00 0 
7fce3c000000-7fce3c021000 rw-p 00000000 00:00 0 
7fce3c021000-7fce40000000 ---p 00000000 00:00 0 
7fce40000000-7fce40021000 rw-p 00000000 00:00 0 
7fce40021000-7fce44000000 ---p 00000000 00:00 0 
7fce46000000-7fce53e70000 r--p 00000000 00:22 21991                      /usr/lib/locale/locale-archive
7fce54000000-7fce54400000 rw-p 00000000 00:00 0 
7fce54400000-7fce55000000 rw-p 00000000 00:00 0 
7fce55000000-7fce55100000 rw-p 00000000 00:00 0 
7fce55100000-7fce551b0000 rw-p 00000000 00:00 0 
7fce551b0000-7fce55200000 ---p 00000000 00:00 0 
7fce55200000-7fce55360000 rw-p 00000000 00:00 0 
7fce55360000-7fce58000000 ---p 00000000 00:00 0 
7fce58000000-7fce58021000 rw-p 00000000 00:00 0 
7fce58021000-7fce5c000000 ---p 00000000 00:00 0 
7fce5c000000-7fce5c021000 rw-p 00000000 00:00 0 
7fce5c021000-7fce60000000 ---p 00000000 00:00 0 
7fce60000000-7fce60021000 rw-p 00000000 00:00 0 
7fce60021000-7fce64000000 ---p 00000000 00:00 0 
7fce64000000-7fce64021000 rw-p 00000000 00:00 0 
7fce64021000-7fce68000000 ---p 00000000 00:00 0 
7fce68000000-7fce68021000 rw-p 00000000 00:00 0 
7fce68021000-7fce6c000000 ---p 00000000 00:00 0 
7fce6d7fd000-7fce6d801000 ---p 00000000 00:00 0 
7fce6d801000-7fce6d8fd000 rw-p 00000000 00:00 0 
7fce6d8fd000-7fce6d901000 ---p 00000000 00:00 0 
7fce6d901000-7fce6d9fd000 rw-p 00000000 00:00 0 
7fce6d9fd000-7fce6da01000 ---p 00000000 00:00 0 
7fce6da01000-7fce6dafd000 rw-p 00000000 00:00 0 
7fce6dafd000-7fce6db01000 ---p 00000000 00:00 0 
7fce6db01000-7fce6dbfd000 rw-p 00000000 00:00 0 
7fce6dbfd000-7fce6dbfe000 ---p 00000000 00:00 0 
7fce6dbfe000-7fce6dcfe000 rw-p 00000000 00:00 0 
7fce6dcfe000-7fce6dd02000 ---p 00000000 00:00 0 
7fce6dd02000-7fce6ddfe000 rw-p 00000000 00:00 0 
7fce6ddfe000-7fce6ddff000 ---p 00000000 00:00 0 
7fce6ddff000-7fce6deff000 rw-p 00000000 00:00 0 
7fce6deff000-7fce6df00000 ---p 00000000 00:00 0 
7fce6df00000-7fce6e000000 rw-p 00000000 00:00 0 
7fce6e000000-7fce70021000 rw-p 00000000 00:00 0 
7fce70021000-7fce74000000 ---p 00000000 00:00 0 
7fce74000000-7fce74021000 rw-p 00000000 00:00 0 
7fce74021000-7fce78000000 ---p 00000000 00:00 0 
7fce78000000-7fce78021000 rw-p 00000000 00:00 0 
7fce78021000-7fce7c000000 ---p 00000000 00:00 0 
7fce7c0fb000-7fce7c0fc000 ---p 00000000 00:00 0 
7fce7c0fc000-7fce7c1fc000 rw-p 00000000 00:00 0 
7fce7c1fc000-7fce7c1fd000 ---p 00000000 00:00 0 
7fce7c1fd000-7fce7c2fd000 rw-p 00000000 00:00 0 
7fce7c2fd000-7fce7c2fe000 ---p 00000000 00:00 0 
7fce7c2fe000-7fce7c3fe000 rw-p 00000000 00:00 0 
7fce7c3fe000-7fce7c3ff000 ---p 00000000 00:00 0 
7fce7c3ff000-7fce7c4ff000 rw-p 00000000 00:00 0 
7fce7c4ff000-7fce7c500000 ---p 00000000 00:00 0 
7fce7c500000-7fce7c600000 rw-p 00000000 00:00 0 
7fce7c600000-7fce7c603000 r-xp 00000000 00:2b 232                        /tmp/jansi-2.4.2-ccaf58182e652970-libjansi.so
7fce7c603000-7fce7c802000 ---p 00003000 00:2b 232                        /tmp/jansi-2.4.2-ccaf58182e652970-libjansi.so
7fce7c802000-7fce7c803000 r--p 00002000 00:2b 232                        /tmp/jansi-2.4.2-ccaf58182e652970-libjansi.so
7fce7c803000-7fce7c804000 rw-p 00003000 00:2b 232                        /tmp/jansi-2.4.2-ccaf58182e652970-libjansi.so
7fce7c848000-7fce7c86b000 r-xp 00000000 00:22 40114                      /usr/lib64/libgcc_s-15-20250329.so.1
7fce7c86b000-7fce7c872000 r--p 00023000 00:22 40114                      /usr/lib64/libgcc_s-15-20250329.so.1
7fce7c872000-7fce7c873000 r--p 0002a000 00:22 40114                      /usr/lib64/libgcc_s-15-20250329.so.1
7fce7c873000-7fce7c874000 rw-p 00000000 00:00 0 
7fce7c874000-7fce7c8c0000 r-xp 00000000 00:22 40553                      /usr/lib64/libnss_systemd.so.2
7fce7c8c0000-7fce7c8d8000 r--p 0004c000 00:22 40553                      /usr/lib64/libnss_systemd.so.2
7fce7c8d8000-7fce7c8dd000 r--p 00063000 00:22 40553                      /usr/lib64/libnss_systemd.so.2
7fce7c8dd000-7fce7c8de000 rw-p 00068000 00:22 40553                      /usr/lib64/libnss_systemd.so.2
7fce7c8f1000-7fce7c8f5000 ---p 00000000 00:00 0 
7fce7c8f5000-7fce7c9f1000 rw-p 00000000 00:00 0 
7fce7c9f1000-7fce7c9f5000 ---p 00000000 00:00 0 
7fce7c9f5000-7fce7caf1000 rw-p 00000000 00:00 0 
7fce7caf1000-7fce7caf5000 ---p 00000000 00:00 0 
7fce7caf5000-7fce7cbf1000 rw-p 00000000 00:00 0 
7fce7cbf1000-7fce7cbf5000 ---p 00000000 00:00 0 
7fce7cbf5000-7fce7ccf1000 rw-p 00000000 00:00 0 
7fce7ccf1000-7fce7ccf5000 ---p 00000000 00:00 0 
7fce7ccf5000-7fce7cdf1000 rw-p 00000000 00:00 0 
7fce7cdf1000-7fce7cdf5000 ---p 00000000 00:00 0 
7fce7cdf5000-7fce7cef1000 rw-p 00000000 00:00 0 
7fce7cef1000-7fce7cef5000 ---p 00000000 00:00 0 
7fce7cef5000-7fce7cff1000 rw-p 00000000 00:00 0 
7fce7cff1000-7fce7cff5000 ---p 00000000 00:00 0 
7fce7cff5000-7fce7d0f1000 rw-p 00000000 00:00 0 
7fce7d0f1000-7fce7d0f5000 ---p 00000000 00:00 0 
7fce7d0f5000-7fce7d1f1000 rw-p 00000000 00:00 0 
7fce7d1f1000-7fce7d1f5000 ---p 00000000 00:00 0 
7fce7d1f5000-7fce7d2f1000 rw-p 00000000 00:00 0 
7fce7d2f1000-7fce7d2f2000 ---p 00000000 00:00 0 
7fce7d2f2000-7fce7d3f2000 rw-p 00000000 00:00 0 
7fce7d3f2000-7fce7d3f3000 ---p 00000000 00:00 0 
7fce7d3f3000-7fce7d3f7000 ---p 00000000 00:00 0 
7fce7d3f7000-7fce7d4f3000 rw-p 00000000 00:00 0 
7fce7d4f3000-7fce7d4f4000 ---p 00000000 00:00 0 
7fce7d4f4000-7fce7d5f4000 rw-p 00000000 00:00 0 
7fce7d5f4000-7fce7d5f5000 ---p 00000000 00:00 0 
7fce7d5f5000-7fce7d6f5000 rw-p 00000000 00:00 0 
7fce7d6f5000-7fce7d6f6000 ---p 00000000 00:00 0 
7fce7d6f6000-7fce7d7f6000 rw-p 00000000 00:00 0 
7fce7d7f6000-7fce7dffe000 rw-p 00000000 00:00 0 
7fce7dffe000-7fce7dfff000 ---p 00000000 00:00 0 
7fce7dfff000-7fce7e0ff000 rw-p 00000000 00:00 0 
7fce7e0ff000-7fce7e100000 ---p 00000000 00:00 0 
7fce7e100000-7fce7e200000 rw-p 00000000 00:00 0 
7fce7e200000-7fce7e320000 rw-p 00000000 00:00 0 
7fce7e320000-7fce7e530000 ---p 00000000 00:00 0 
7fce7e530000-7fce7e570000 rw-p 00000000 00:00 0 
7fce7e570000-7fce7e650000 ---p 00000000 00:00 0 
7fce7e650000-7fce7e660000 rw-p 00000000 00:00 0 
7fce7e660000-7fce827f0000 ---p 00000000 00:00 0 
7fce827f0000-7fce82800000 rw-p 00000000 00:00 0 
7fce82803000-7fce82807000 r--p 00000000 00:22 383270                     /usr/lib/apache-netbeans/jdk/lib/libverify.so
7fce82807000-7fce82810000 r-xp 00004000 00:22 383270                     /usr/lib/apache-netbeans/jdk/lib/libverify.so
7fce82810000-7fce82812000 r--p 0000d000 00:22 383270                     /usr/lib/apache-netbeans/jdk/lib/libverify.so
7fce82812000-7fce82814000 r--p 0000e000 00:22 383270                     /usr/lib/apache-netbeans/jdk/lib/libverify.so
7fce82814000-7fce82815000 rw-p 00010000 00:22 383270                     /usr/lib/apache-netbeans/jdk/lib/libverify.so
7fce82815000-7fce82817000 r--p 00000000 00:22 383271                     /usr/lib/apache-netbeans/jdk/lib/libzip.so
7fce82817000-7fce82829000 r-xp 00002000 00:22 383271                     /usr/lib/apache-netbeans/jdk/lib/libzip.so
7fce82829000-7fce82831000 r--p 00014000 00:22 383271                     /usr/lib/apache-netbeans/jdk/lib/libzip.so
7fce82831000-7fce82832000 r--p 0001b000 00:22 383271                     /usr/lib/apache-netbeans/jdk/lib/libzip.so
7fce82832000-7fce82833000 rw-p 0001c000 00:22 383271                     /usr/lib/apache-netbeans/jdk/lib/libzip.so
7fce82833000-7fce8283b000 r--p 00000000 00:22 383262                     /usr/lib/apache-netbeans/jdk/lib/libnio.so
7fce8283b000-7fce82844000 r-xp 00008000 00:22 383262                     /usr/lib/apache-netbeans/jdk/lib/libnio.so
7fce82844000-7fce82848000 r--p 00011000 00:22 383262                     /usr/lib/apache-netbeans/jdk/lib/libnio.so
7fce82848000-7fce82849000 r--p 00015000 00:22 383262                     /usr/lib/apache-netbeans/jdk/lib/libnio.so
7fce82849000-7fce8284a000 rw-p 00016000 00:22 383262                     /usr/lib/apache-netbeans/jdk/lib/libnio.so
7fce8284a000-7fce8284b000 r--p 00000000 00:22 383267                     /usr/lib/apache-netbeans/jdk/lib/libsimdsort.so
7fce8284b000-7fce82884000 r-xp 00001000 00:22 383267                     /usr/lib/apache-netbeans/jdk/lib/libsimdsort.so
7fce82884000-7fce8288a000 r--p 0003a000 00:22 383267                     /usr/lib/apache-netbeans/jdk/lib/libsimdsort.so
7fce8288a000-7fce8288b000 r--p 0003f000 00:22 383267                     /usr/lib/apache-netbeans/jdk/lib/libsimdsort.so
7fce8288b000-7fce8288c000 rw-p 00040000 00:22 383267                     /usr/lib/apache-netbeans/jdk/lib/libsimdsort.so
7fce8288c000-7fce8288d000 ---p 00000000 00:00 0 
7fce8288d000-7fce8298d000 rw-p 00000000 00:00 0 
7fce8298d000-7fce829b1000 rw-p 00000000 00:00 0 
7fce829b1000-7fce829f3000 ---p 00000000 00:00 0 
7fce829f3000-7fce829fb000 rw-p 00000000 00:00 0 
7fce829fb000-7fce82a17000 ---p 00000000 00:00 0 
7fce82a17000-7fce82a19000 rw-p 00000000 00:00 0 
7fce82a19000-7fce8324b000 ---p 00000000 00:00 0 
7fce8324b000-7fce83271000 rw-p 00000000 00:00 0 
7fce83271000-7fce832b3000 ---p 00000000 00:00 0 
7fce832b3000-7fce832bb000 rw-p 00000000 00:00 0 
7fce832bb000-7fce832d7000 ---p 00000000 00:00 0 
7fce832d7000-7fce832d9000 rw-p 00000000 00:00 0 
7fce832d9000-7fce83b0b000 ---p 00000000 00:00 0 
7fce83b0b000-7fce8431a000 rw-p 00000000 00:00 0 
7fce8431a000-7fce84400000 ---p 00000000 00:00 0 
7fce84400000-7fce84e10000 rwxp 00000000 00:00 0 
7fce84e10000-7fce8b937000 ---p 00000000 00:00 0 
7fce8b937000-7fce8bba7000 rwxp 00000000 00:00 0 
7fce8bba7000-7fce8bec8000 ---p 00000000 00:00 0 
7fce8bec8000-7fce8c138000 rwxp 00000000 00:00 0 
7fce8c138000-7fce93400000 ---p 00000000 00:00 0 
7fce93400000-7fce9bf19000 r--s 00000000 00:22 383272                     /usr/lib/apache-netbeans/jdk/lib/modules
7fce9bf1d000-7fce9bf24000 r--s 00000000 00:22 42117                      /usr/lib64/gconv/gconv-modules.cache
7fce9bf24000-7fce9cf78000 rw-p 00000000 00:00 0 
7fce9cf78000-7fcea0000000 ---p 00000000 00:00 0 
7fcea0000000-7fcea0006000 r-xp 00000000 00:22 39662                      /usr/lib64/libcap.so.2.73
7fcea0006000-7fcea000a000 r--p 00006000 00:22 39662                      /usr/lib64/libcap.so.2.73
7fcea000a000-7fcea000b000 r--p 00009000 00:22 39662                      /usr/lib64/libcap.so.2.73
7fcea000b000-7fcea000c000 rw-p 0000a000 00:22 39662                      /usr/lib64/libcap.so.2.73
7fcea000c000-7fcea00f3000 rw-p 00000000 00:00 0 
7fcea00f3000-7fcea01c9000 ---p 00000000 00:00 0 
7fcea01c9000-7fcea01d7000 r--p 00000000 00:22 383247                     /usr/lib/apache-netbeans/jdk/lib/libjava.so
7fcea01d7000-7fcea01e5000 r-xp 0000e000 00:22 383247                     /usr/lib/apache-netbeans/jdk/lib/libjava.so
7fcea01e5000-7fcea01ea000 r--p 0001c000 00:22 383247                     /usr/lib/apache-netbeans/jdk/lib/libjava.so
7fcea01ea000-7fcea01eb000 r--p 00021000 00:22 383247                     /usr/lib/apache-netbeans/jdk/lib/libjava.so
7fcea01eb000-7fcea01ec000 rw-p 00022000 00:22 383247                     /usr/lib/apache-netbeans/jdk/lib/libjava.so
7fcea01ec000-7fcea01ed000 rw-p 00000000 00:00 0 
7fcea01ed000-7fcea01f1000 r--p 00000000 00:22 383251                     /usr/lib/apache-netbeans/jdk/lib/libjimage.so
7fcea01f1000-7fcea0209000 r-xp 00004000 00:22 383251                     /usr/lib/apache-netbeans/jdk/lib/libjimage.so
7fcea0209000-7fcea020f000 r--p 0001c000 00:22 383251                     /usr/lib/apache-netbeans/jdk/lib/libjimage.so
7fcea020f000-7fcea0211000 r--p 00021000 00:22 383251                     /usr/lib/apache-netbeans/jdk/lib/libjimage.so
7fcea0211000-7fcea0212000 rw-p 00023000 00:22 383251                     /usr/lib/apache-netbeans/jdk/lib/libjimage.so
7fcea0212000-7fcea0216000 ---p 00000000 00:00 0 
7fcea0216000-7fcea0312000 rw-p 00000000 00:00 0 
7fcea0312000-7fcea038e000 r-xp 00000000 00:22 40448                      /usr/lib64/libm.so.6
7fcea038e000-7fcea03fe000 r--p 0007c000 00:22 40448                      /usr/lib64/libm.so.6
7fcea03fe000-7fcea03ff000 r--p 000eb000 00:22 40448                      /usr/lib64/libm.so.6
7fcea03ff000-7fcea0400000 rw-p 000ec000 00:22 40448                      /usr/lib64/libm.so.6
7fcea0400000-7fcea06e2000 r--p 00000000 00:22 383285                     /usr/lib/apache-netbeans/jdk/lib/server/libjvm.so
7fcea06e2000-7fcea16e2000 r-xp 002e2000 00:22 383285                     /usr/lib/apache-netbeans/jdk/lib/server/libjvm.so
7fcea16e2000-7fcea19f2000 r--p 012e2000 00:22 383285                     /usr/lib/apache-netbeans/jdk/lib/server/libjvm.so
7fcea19f2000-7fcea1add000 r--p 015f2000 00:22 383285                     /usr/lib/apache-netbeans/jdk/lib/server/libjvm.so
7fcea1add000-7fcea1b08000 rw-p 016dd000 00:22 383285                     /usr/lib/apache-netbeans/jdk/lib/server/libjvm.so
7fcea1b08000-7fcea1b84000 rw-p 00000000 00:00 0 
7fcea1b88000-7fcea1b8b000 r--p 00000000 00:22 383261                     /usr/lib/apache-netbeans/jdk/lib/libnet.so
7fcea1b8b000-7fcea1b93000 r-xp 00003000 00:22 383261                     /usr/lib/apache-netbeans/jdk/lib/libnet.so
7fcea1b93000-7fcea1b95000 r--p 0000b000 00:22 383261                     /usr/lib/apache-netbeans/jdk/lib/libnet.so
7fcea1b95000-7fcea1b96000 r--p 0000c000 00:22 383261                     /usr/lib/apache-netbeans/jdk/lib/libnet.so
7fcea1b96000-7fcea1b97000 rw-p 0000d000 00:22 383261                     /usr/lib/apache-netbeans/jdk/lib/libnet.so
7fcea1b97000-7fcea1b9c000 rw-p 00000000 00:00 0 
7fcea1b9c000-7fcea1ba3000 ---p 00000000 00:00 0 
7fcea1ba3000-7fcea1ba4000 r-xp 00000000 00:22 40721                      /usr/lib64/librt.so.1
7fcea1ba4000-7fcea1ba5000 r--p 00001000 00:22 40721                      /usr/lib64/librt.so.1
7fcea1ba5000-7fcea1ba6000 r--p 00001000 00:22 40721                      /usr/lib64/librt.so.1
7fcea1ba6000-7fcea1ba9000 rw-p 00000000 00:00 0 
7fcea1ba9000-7fcea1baa000 r-xp 00000000 00:22 40670                      /usr/lib64/libpthread.so.0
7fcea1baa000-7fcea1bab000 r--p 00001000 00:22 40670                      /usr/lib64/libpthread.so.0
7fcea1bab000-7fcea1bac000 r--p 00001000 00:22 40670                      /usr/lib64/libpthread.so.0
7fcea1bac000-7fcea1bad000 rw-p 00000000 00:00 0 
7fcea1bad000-7fcea1bae000 r-xp 00000000 00:22 39851                      /usr/lib64/libdl.so.2
7fcea1bae000-7fcea1baf000 r--p 00001000 00:22 39851                      /usr/lib64/libdl.so.2
7fcea1baf000-7fcea1bb0000 r--p 00001000 00:22 39851                      /usr/lib64/libdl.so.2
7fcea1bb0000-7fcea1bb1000 rw-p 00000000 00:00 0 
7fcea1bb1000-7fcea1d21000 r-xp 00000000 00:22 39580                      /usr/lib64/libc.so.6
7fcea1d21000-7fcea1d96000 r--p 00170000 00:22 39580                      /usr/lib64/libc.so.6
7fcea1d96000-7fcea1d9a000 r--p 001e4000 00:22 39580                      /usr/lib64/libc.so.6
7fcea1d9a000-7fcea1d9c000 rw-p 001e8000 00:22 39580                      /usr/lib64/libc.so.6
7fcea1d9c000-7fcea1da4000 rw-p 00000000 00:00 0 
7fcea1da6000-7fcea1da7000 rw-p 00000000 00:00 0 
7fcea1da7000-7fcea1da8000 rw-p 00000000 00:00 0 
7fcea1da8000-7fcea1da9000 r-xp 00000000 00:22 40919                      /usr/lib64/libutil.so.1
7fcea1da9000-7fcea1daa000 r--p 00001000 00:22 40919                      /usr/lib64/libutil.so.1
7fcea1daa000-7fcea1dab000 r--p 00001000 00:22 40919                      /usr/lib64/libutil.so.1
7fcea1dab000-7fcea1dac000 rw-p 00000000 00:00 0 
7fcea1dac000-7fcea1db4000 rw-s 00000000 00:2b 230                        /tmp/hsperfdata_bilal/9482
7fcea1db4000-7fcea1db5000 ---p 00000000 00:00 0 
7fcea1db5000-7fcea1db6000 r--p 00000000 00:00 0 
7fcea1db6000-7fcea1db7000 ---p 00000000 00:00 0 
7fcea1db7000-7fcea1dba000 r--p 00000000 00:22 383252                     /usr/lib/apache-netbeans/jdk/lib/libjli.so
7fcea1dba000-7fcea1dcb000 r-xp 00003000 00:22 383252                     /usr/lib/apache-netbeans/jdk/lib/libjli.so
7fcea1dcb000-7fcea1dd2000 r--p 00014000 00:22 383252                     /usr/lib/apache-netbeans/jdk/lib/libjli.so
7fcea1dd2000-7fcea1dd3000 r--p 0001a000 00:22 383252                     /usr/lib/apache-netbeans/jdk/lib/libjli.so
7fcea1dd3000-7fcea1dd4000 rw-p 0001b000 00:22 383252                     /usr/lib/apache-netbeans/jdk/lib/libjli.so
7fcea1dd4000-7fcea1dd6000 rw-p 00000000 00:00 0 
7fcea1dd6000-7fcea1dd8000 r--p 00000000 00:00 0                          [vvar]
7fcea1dd8000-7fcea1dda000 r--p 00000000 00:00 0                          [vvar_vclock]
7fcea1dda000-7fcea1ddc000 r-xp 00000000 00:00 0                          [vdso]
7fcea1ddc000-7fcea1e05000 r-xp 00000000 00:22 38973                      /usr/lib64/ld-linux-x86-64.so.2
7fcea1e05000-7fcea1e10000 r--p 00029000 00:22 38973                      /usr/lib64/ld-linux-x86-64.so.2
7fcea1e10000-7fcea1e12000 r--p 00034000 00:22 38973                      /usr/lib64/ld-linux-x86-64.so.2
7fcea1e12000-7fcea1e13000 rw-p 00036000 00:22 38973                      /usr/lib64/ld-linux-x86-64.so.2
7fcea1e13000-7fcea1e14000 rw-p 00000000 00:00 0 
7ffc86b3c000-7ffc86b5d000 rw-p 00000000 00:00 0                          [stack]
ffffffffff600000-ffffffffff601000 --xp 00000000 00:00 0                  [vsyscall]
Total number of mappings: 292

JVMTI agents: none


VM Arguments:
jvm_args: --enable-native-access=ALL-UNNAMED -Dclassworlds.conf=/usr/lib/apache-netbeans/java/maven/bin/m2.conf -Dmaven.home=/usr/lib/apache-netbeans/java/maven -Dlibrary.jansi.path=/usr/lib/apache-netbeans/java/maven/lib/jansi-native -Dmaven.multiModuleProjectDirectory=/home/bilal/NetBeansProjects/Project-UAS-PBO-Restaurant 
java_command: org.codehaus.plexus.classworlds.launcher.Launcher -Dnetbeans.deploy=true -Dexec.vmArgs= -Dexec.appArgs= -Dmaven.ext.class.path=/usr/lib/apache-netbeans/java/maven-nblib/netbeans-eventspy.jar --no-transfer-progress package
java_class_path (initial): /usr/lib/apache-netbeans/java/maven/boot/plexus-classworlds-2.9.0.jar
Launcher Type: SUN_STANDARD

[Global flags]
     intx CICompilerCount                          = 4                                         {product} {ergonomic}
     uint ConcGCThreads                            = 2                                         {product} {ergonomic}
     uint G1ConcRefinementThreads                  = 8                                         {product} {ergonomic}
   size_t G1HeapRegionSize                         = 4194304                                   {product} {ergonomic}
   size_t InitialHeapSize                          = 293601280                                 {product} {ergonomic}
   size_t MarkStackSize                            = 4194304                                   {product} {ergonomic}
   size_t MarkStackSizeMax                         = 536870912                                 {product} {ergonomic}
   size_t MaxHeapSize                              = 4697620480                                {product} {ergonomic}
   size_t MaxNewSize                               = 2818572288                                {product} {ergonomic}
   size_t MinHeapDeltaBytes                        = 4194304                                   {product} {ergonomic}
   size_t MinHeapSize                              = 8388608                                   {product} {ergonomic}
    uintx NonNMethodCodeHeapSize                   = 5836800                                {pd product} {ergonomic}
    uintx NonProfiledCodeHeapSize                  = 122912768                              {pd product} {ergonomic}
    uintx ProfiledCodeHeapSize                     = 122908672                              {pd product} {ergonomic}
    uintx ReservedCodeCacheSize                    = 251658240                              {pd product} {ergonomic}
     bool SegmentedCodeCache                       = true                                      {product} {ergonomic}
   size_t SoftMaxHeapSize                          = 4697620480                             {manageable} {ergonomic}
     bool UseCompressedOops                        = true                           {product lp64_product} {ergonomic}
     bool UseG1GC                                  = true                                      {product} {ergonomic}

Logging:
Log output configuration:
 #0: stdout all=warning uptime,level,tags foldmultilines=false
 #1: stderr all=off uptime,level,tags foldmultilines=false

Release file:
IMPLEMENTOR="Eclipse Adoptium"
IMPLEMENTOR_VERSION="Temurin-25.0.1+8"
JAVA_RUNTIME_VERSION="25.0.1+8-LTS"
JAVA_VERSION="25.0.1"
JAVA_VERSION_DATE="2025-10-21"
LIBC="gnu"
MODULES="java.base java.compiler java.datatransfer java.xml java.prefs java.desktop java.instrument java.logging java.management java.security.sasl java.naming java.rmi java.management.rmi java.net.http java.scripting java.security.jgss java.transaction.xa java.sql java.sql.rowset java.xml.crypto java.se java.smartcardio jdk.accessibility jdk.internal.jvmstat jdk.attach jdk.charsets jdk.internal.opt jdk.zipfs jdk.compiler jdk.crypto.cryptoki jdk.crypto.ec jdk.dynalink jdk.internal.ed jdk.editpad jdk.internal.vm.ci jdk.graal.compiler jdk.graal.compiler.management jdk.hotspot.agent jdk.httpserver jdk.incubator.vector jdk.internal.le jdk.internal.md jdk.jartool jdk.javadoc jdk.jcmd jdk.management jdk.management.agent jdk.jconsole jdk.jdeps jdk.jdwp.agent jdk.jdi jdk.jfr jdk.jlink jdk.jpackage jdk.jshell jdk.jsobject jdk.jstatd jdk.localedata jdk.management.jfr jdk.naming.dns jdk.naming.rmi jdk.net jdk.nio.mapmode jdk.sctp jdk.security.auth jdk.security.jgss jdk.unsupported jdk.unsupported.desktop jdk.xml.dom"
OS_ARCH="x86_64"
OS_NAME="Linux"
SOURCE=".:git:61d6a2c1b35e"
BUILD_SOURCE="git:839fa0b45d809157cffd3dc8515aad262a4a1776"
BUILD_SOURCE_REPO="https://github.com/adoptium/temurin-build.git"
SOURCE_REPO="https://github.com/adoptium/jdk25u.git"
FULL_VERSION="25.0.1+8-LTS"
SEMANTIC_VERSION="25.0.1+8"
BUILD_INFO="OS: Linux Version: 6.8.0-1036-azure"
JVM_VARIANT="Hotspot"
JVM_VERSION="25.0.1+8-LTS"
IMAGE_TYPE="JDK"

Environment Variables:
JAVA_HOME=/usr/lib/apache-netbeans/jdk
PATH=/home/bilal/.local/bin:/home/bilal/bin:/usr/local/bin:/usr/bin:/var/lib/snapd/snap/bin:/usr/local/sbin
USERNAME=bilal
SHELL=/bin/bash
DISPLAY=:0
LANG=en_US.UTF-8

Active Locale:
LC_ALL=en_US.UTF-8
LC_COLLATE=en_US.UTF-8
LC_CTYPE=en_US.UTF-8
LC_MESSAGES=en_US.UTF-8
LC_MONETARY=en_US.UTF-8
LC_NUMERIC=en_US.UTF-8
LC_TIME=en_US.UTF-8

Signal Handlers:
   SIGSEGV: crash_handler in libjvm.so, mask=11100100010111111101111111111110, flags=SA_RESTART|SA_SIGINFO, unblocked
    SIGBUS: crash_handler in libjvm.so, mask=11100100010111111101111111111110, flags=SA_RESTART|SA_SIGINFO, unblocked
    SIGFPE: crash_handler in libjvm.so, mask=11100100010111111101111111111110, flags=SA_RESTART|SA_SIGINFO, unblocked
   SIGPIPE: javaSignalHandler in libjvm.so, mask=11100100010111111101111111111110, flags=SA_RESTART|SA_SIGINFO, blocked
   SIGXFSZ: javaSignalHandler in libjvm.so, mask=11100100010111111101111111111110, flags=SA_RESTART|SA_SIGINFO, blocked
    SIGILL: crash_handler in libjvm.so, mask=11100100010111111101111111111110, flags=SA_RESTART|SA_SIGINFO, unblocked
   SIGUSR2: SR_handler in libjvm.so, mask=00000000000000000000000000000000, flags=SA_RESTART|SA_SIGINFO, blocked
    SIGHUP: UserHandler in libjvm.so, mask=11100100010111111101111111111110, flags=SA_RESTART|SA_SIGINFO, blocked
    SIGINT: SIG_IGN, mask=00000000000000000000000000000000, flags=none, blocked
   SIGTERM: UserHandler in libjvm.so, mask=11100100010111111101111111111110, flags=SA_RESTART|SA_SIGINFO, blocked
   SIGQUIT: UserHandler in libjvm.so, mask=11100100010111111101111111111110, flags=SA_RESTART|SA_SIGINFO, blocked
   SIGTRAP: crash_handler in libjvm.so, mask=11100100010111111101111111111110, flags=SA_RESTART|SA_SIGINFO, unblocked


Compilation memory statistics disabled.

Periodic native trim disabled

---------------  S Y S T E M  ---------------

OS:
Fedora release 42 (Adams)
uname: Linux 6.14.0-63.fc42.x86_64 #1 SMP PREEMPT_DYNAMIC Mon Mar 24 19:53:37 UTC 2025 x86_64
OS uptime: 0 days 0:32 hours
libc: glibc 2.41 NPTL 2.41 
rlimit (soft/hard): STACK 8192k/infinity , CORE infinity/infinity , NPROC 71241/71241 , NOFILE 524288/524288 , AS infinity/infinity , CPU infinity/infinity , DATA infinity/infinity , FSIZE infinity/infinity , MEMLOCK 8192k/8192k
load average: 1.17 1.04 0.84

/proc/meminfo:
MemTotal:       18336688 kB
MemFree:         6068172 kB
MemAvailable:   13161604 kB
Buffers:            6520 kB
Cached:          7357000 kB
SwapCached:            0 kB
Active:          9122816 kB
Inactive:        2271316 kB
Active(anon):    4093936 kB
Inactive(anon):        0 kB
Active(file):    5028880 kB
Inactive(file):  2271316 kB
Unevictable:        5816 kB
Mlocked:            5816 kB
SwapTotal:       8388604 kB
SwapFree:        8388604 kB
Zswap:                 0 kB
Zswapped:              0 kB
Dirty:              3820 kB
Writeback:             0 kB
AnonPages:       4036868 kB
Mapped:           979652 kB
Shmem:             58392 kB
KReclaimable:     118840 kB
Slab:             318944 kB
SReclaimable:     118840 kB
SUnreclaim:       200104 kB
KernelStack:       25600 kB
PageTables:        57032 kB
SecPageTables:      3980 kB
NFS_Unstable:          0 kB
Bounce:                0 kB
WritebackTmp:          0 kB
CommitLimit:    17556948 kB
Committed_AS:   12744012 kB
VmallocTotal:   34359738367 kB
VmallocUsed:      121392 kB
VmallocChunk:          0 kB
Percpu:             8608 kB
HardwareCorrupted:     0 kB
AnonHugePages:         0 kB
ShmemHugePages:        0 kB
ShmemPmdMapped:        0 kB
FileHugePages:         0 kB
FilePmdMapped:         0 kB
CmaTotal:              0 kB
CmaFree:               0 kB
Unaccepted:            0 kB
HugePages_Total:       0
HugePages_Free:        0
HugePages_Rsvd:        0
HugePages_Surp:        0
Hugepagesize:       2048 kB
Hugetlb:               0 kB
DirectMap4k:      556628 kB
DirectMap2M:    15106048 kB
DirectMap1G:     4194304 kB

/sys/kernel/mm/transparent_hugepage/enabled: always [madvise] never
/sys/kernel/mm/transparent_hugepage/hpage_pmd_size: 2097152
/sys/kernel/mm/transparent_hugepage/shmem_enabled: always within_size advise [never] deny force
/sys/kernel/mm/transparent_hugepage/defrag (defrag/compaction efforts parameter): always defer defer+madvise [madvise] never

Process Memory:
Virtual Size: 8837724K (peak: 8903260K)
Resident Set Size: 189220K (peak: 288208K) (anon: 162388K, file: 26832K, shmem: 0K)
Swapped out: 0K
C-Heap outstanding allocations: 85167K, retained: 15156K
glibc malloc tunables: (default)

/proc/sys/kernel/threads-max (system-wide limit on the number of threads): 142482
/proc/sys/vm/max_map_count (maximum number of memory map areas a process may have): 1048576
/proc/sys/vm/swappiness (control to define how aggressively the kernel swaps out anonymous memory): 60
/proc/sys/kernel/pid_max (system-wide limit on number of process identifiers): 4194304

container information not found.
Steal ticks since vm start: 0
Steal ticks percentage since vm start:  0.000

CPU: total 8 (initial active 8) (8 cores per cpu, 2 threads per core) family 23 model 24 stepping 1 microcode 0x8108109, cx8, cmov, fxsr, ht, mmx, 3dnowpref, sse, sse2, sse3, ssse3, sse4a, sse4.1, sse4.2, popcnt, lzcnt, tsc, tscinvbit, avx, avx2, aes, clmul, bmi1, bmi2, adx, sha, fma, vzeroupper, clflush, clflushopt, rdtscp, f16c
CPU Model and flags from /proc/cpuinfo:
model name	: AMD Ryzen 5 3500U with Radeon Vega Mobile Gfx
flags		: fpu vme de pse tsc msr pae mce cx8 apic sep mtrr pge mca cmov pat pse36 clflush mmx fxsr sse sse2 ht syscall nx mmxext fxsr_opt pdpe1gb rdtscp lm constant_tsc rep_good nopl nonstop_tsc cpuid extd_apicid aperfmperf rapl pni pclmulqdq monitor ssse3 fma cx16 sse4_1 sse4_2 movbe popcnt aes xsave avx f16c rdrand lahf_lm cmp_legacy svm extapic cr8_legacy abm sse4a misalignsse 3dnowprefetch osvw skinit wdt tce topoext perfctr_core perfctr_nb bpext perfctr_llc mwaitx cpb hw_pstate ssbd ibpb vmmcall fsgsbase bmi1 avx2 smep bmi2 rdseed adx smap clflushopt sha_ni xsaveopt xsavec xgetbv1 clzero irperf xsaveerptr arat npt lbrv svm_lock nrip_save tsc_scale vmcb_clean flushbyasid decodeassists pausefilter pfthreshold avic v_vmsave_vmload vgif overflow_recov succor smca sev sev_es

Online cpus: 0-7
Offline cpus: 
BIOS frequency limitation: 2100000
Frequency switch latency (ns): 0
Available cpu frequencies: 2100000 1700000 1400000 
Current governor: schedutil
Core performance/turbo boost: 1

Memory: 4k page, physical 18336688k(13161604k free), swap 8388604k(8388604k free)
Page Sizes: 4k

vm_info: OpenJDK 64-Bit Server VM (25.0.1+8-LTS) for linux-amd64 JRE (25.0.1+8-LTS), built on 2025-10-21T00:00:00Z with gcc 14.2.0

END.
