#
# A fatal error has been detected by the Java Runtime Environment:
#
#  SIGSEGV (0xb) at pc=0x00007fdf1332914a, pid=7811, tid=7872
#
# JRE version: OpenJDK Runtime Environment Temurin-25.0.1+8 (25.0.1+8) (build 25.0.1+8-LTS)
# Java VM: OpenJDK 64-Bit Server VM Temurin-25.0.1+8 (25.0.1+8-LTS, mixed mode, sharing, tiered, compressed oops, compressed class ptrs, g1 gc, linux-amd64)
# Problematic frame:
# V  [libjvm.so+0x92914a]  G1ParScanThreadState::trim_queue_to_threshold(unsigned int)+0x2f5a
#
# Core dump will be written. Default location: Core dumps may be processed with "/usr/lib/systemd/systemd-coredump %P %u %g %s %t %c %h" (or dumping to /home/bilal/NetBeansProjects/Project-UAS-PBO-Restaurant/core.7811)
#
# If you would like to submit a bug report, please visit:
#   https://github.com/adoptium/adoptium-support/issues
#

---------------  S U M M A R Y ------------

Command Line: --enable-native-access=ALL-UNNAMED -Dclassworlds.conf=/usr/lib/apache-netbeans/java/maven/bin/m2.conf -Dmaven.home=/usr/lib/apache-netbeans/java/maven -Dlibrary.jansi.path=/usr/lib/apache-netbeans/java/maven/lib/jansi-native -Dmaven.multiModuleProjectDirectory=/home/bilal/NetBeansProjects/Project-UAS-PBO-Restaurant org.codehaus.plexus.classworlds.launcher.Launcher -Dnetbeans.deploy=true -Dexec.vmArgs= -Dexec.appArgs= -Dmaven.ext.class.path=/usr/lib/apache-netbeans/java/maven-nblib/netbeans-eventspy.jar --no-transfer-progress package

Host: AMD Ryzen 5 3500U with Radeon Vega Mobile Gfx, 8 cores, 17G, Fedora release 42 (Adams)
Time: Thu Jan 15 15:17:51 2026 WIB elapsed time: 4.776820 seconds (0d 0h 0m 4s)

---------------  T H R E A D  ---------------

Current thread (0x00007fded4009670):  WorkerThread "GC Thread#3"    [id=7872, stack(0x00007fdeec9ff000,0x00007fdeecaff000) (1024K)]

Stack: [0x00007fdeec9ff000,0x00007fdeecaff000],  sp=0x00007fdeecafd950,  free space=1018k
Native frames: (J=compiled Java code, j=interpreted, Vv=VM code, C=native code)
V  [libjvm.so+0x92914a]  G1ParScanThreadState::trim_queue_to_threshold(unsigned int)+0x2f5a
V  [libjvm.so+0x94dc85]  G1ParCopyClosure<(G1Barrier)1, false>::do_oop(oopDesc**)+0xf5
V  [libjvm.so+0x6e6c40]  ClassLoaderData::oops_do(OopClosure*, int, bool)+0x90
V  [libjvm.so+0x921079]  G1CLDScanClosure::do_cld(ClassLoaderData*)+0x39
V  [libjvm.so+0x6ea939]  ClassLoaderDataGraph::roots_cld_do(CLDClosure*, CLDClosure*)+0x39
V  [libjvm.so+0x951593]  G1RootProcessor::process_java_roots(G1RootClosures*, G1GCPhaseTimes*, unsigned int)+0xd3
V  [libjvm.so+0x951611]  G1RootProcessor::evacuate_roots(G1ParScanThreadState*, unsigned int)+0x61
V  [libjvm.so+0x969762]  G1EvacuateRegionsTask::scan_roots(G1ParScanThreadState*, unsigned int)+0x22
V  [libjvm.so+0x969a2e]  G1EvacuateRegionsBaseTask::work(unsigned int)+0x9e
V  [libjvm.so+0x123e1f0]  WorkerThread::run()+0x80
V  [libjvm.so+0x116ab9f]  Thread::call_run()+0x9f
V  [libjvm.so+0xe71cc6]  thread_native_entry(Thread*)+0xd6
C  [libc.so.6+0x71f14]  start_thread+0x2e4

siginfo: si_signo: 11 (SIGSEGV), si_code: 128 (SI_KERNEL), si_addr: 0x0000000000000000

Registers:
RAX=0x0074636172747362, RBX=0x00000006f14ec09d, RCX=0x00007fdf12eb8bb0, RDX=0x0000000000000001
RSP=0x00007fdeecafd950, RBP=0x00007fdeecafd9f0, RSI=0x0000000000000000, RDI=0x00000006f873e4c8
R8 =0x000000004d1762f0, R9 =0x00000006f14ec088, R10=0x0000000000001be1, R11=0x0000000500172a78
R12=0x00007fde80003820, R13=0x00000006f873e4c8, R14=0x0000000000000000, R15=0x0000000000000000
RIP=0x00007fdf1332914a, EFLAGS=0x0000000000010246, CSGSFS=0x002b000000000033, ERR=0x0000000000000000
  TRAPNO=0x000000000000000d

XMM[0]=0x000000f800176400 0x0000000000000001
XMM[1]=0xdf0e792edf0e7921 0xdf0e7914df0e7908
XMM[2]=0xdf0e78c7df0e78ba 0xdf0e78aedf0e78a1
XMM[3]=0xdf0e7860df0e7853 0xdf0e7846df0e7839
XMM[4]=0xdf0e77fbdf0e77ee 0xdf0e77e1df0e77d5
XMM[5]=0xdf0e774fdf0e7743 0xdf0e7736df0e772a
XMM[6]=0xdf0e77b0df0e77a4 0xdf0e7798df0e778c
XMM[7]=0xdf0e7814df0e7807 0xdf0e77fbdf0e77ee
XMM[8]=0xdf0e82e5df0e82d9 0xdf0e82cddf0e82c1
XMM[9]=0x0000000000000000 0x0000000000000000
XMM[10]=0x3f3f3f3f3f3f3f3f 0x3f3f3f3f3f3f3f3f
XMM[11]=0x9999999999999999 0x9999999999999999
XMM[12]=0x2020202020202020 0x2020202020202020
XMM[13]=0x0000000000000000 0x0000000000000000
XMM[14]=0x0000000000000000 0x0000000000000000
XMM[15]=0x0000000000000000 0x0000000000000000
  MXCSR=0x00001fa2


Register to memory mapping:

RAX=0x0074636172747362 is an unknown value
RBX=
[error occurred during error reporting (printing register info), id 0xb, SIGSEGV (0xb) at pc=0x00007fdf132bc6bd]
RCX=0x00007fdf12eb8bb0: <offset 0x00000000004b8bb0> in /usr/lib/apache-netbeans/jdk/lib/server/libjvm.so at 0x00007fdf12a00000
RDX=0x0000000000000001 is an unknown value
RSP=0x00007fdeecafd950 points into unknown readable memory: 0x00007fdf14154a5c | 5c 4a 15 14 df 7f 00 00
RBP=0x00007fdeecafd9f0 points into unknown readable memory: 0x00007fdeecafda50 | 50 da af ec de 7f 00 00
RSI=0x0 is null
RDI=
[error occurred during error reporting (printing register info, attempt 2), id 0xb, SIGSEGV (0xb) at pc=0x00007fdf132bc6bd]
R8 =0x000000004d1762f0 is pointing into metadata
R9 =0x00000006f14ec088 is an oop: java.lang.String 
{0x00000006f14ec088} - klass: 'java/lang/String' - flags: 

 - ---- fields (total size 3 words):
 - private 'hash' 'I' @12  0 (0x00000000)
 - private final 'coder' 'B' @16  0 (0x00)
 - private 'hashIsZero' 'Z' @17  false (0x00)
 - injected 'flags' 'B' @18  0 (0x00)
 - private final 'value' '[B' @20  
[error occurred during error reporting (printing register info, attempt 3), id 0xb, SIGSEGV (0xb) at pc=0x00007fdf138557b5]
Top of Stack: (sp=0x00007fdeecafd950)
0x00007fdeecafd950:   00007fdf14154a5c 00000006f14ea46b   \J......k.N.....
0x00007fdeecafd960:   00007fde00000000 0000000000000001   ................
0x00007fdeecafd970:   00007fdf0c09ef70 0000000600000001   p...............
0x00007fdeecafd980:   00000006f873e4c8 000000004d620073   ..s.....s.bM....
0x00007fdeecafd990:   0000000000000000 00007fdf14116768   ........hg......
0x00007fdeecafd9a0:   00000040ecafd9b0 00007fdf14116760   ....@...`g......
0x00007fdeecafd9b0:   000001000001d9d0 0000000000000001   ................
0x00007fdeecafd9c0:   0000000000000430 00007fde80003820   0....... 8......
0x00007fdeecafd9d0:   00007fdf0c79fed0 00007fdf0c79ff90   ..y.......y.....
0x00007fdeecafd9e0:   00007fdf0c79fe90 00007fdeecafdb10   ..y.............
0x00007fdeecafd9f0:   00007fdeecafda50 00007fdf1334dc85   P.........4.....
0x00007fdeecafda00:   000000011bc678ef 0000000000000000   .x..............
0x00007fdeecafda10:   000000011bc63ca9 0000000000000000   .<..............
0x00007fdeecafda20:   00007fdeecafda60 000001df134412d7   `.........D.....
0x00007fdeecafda30:   00007fdf0c79fed8 00007fde80001118   ..y.............
0x00007fdeecafda40:   00007fdf0c79ff90 00007fdf0c79fe90   ..y.......y.....
0x00007fdeecafda50:   00007fdeecafda80 00007fdf130e6c40   ........@l......
0x00007fdeecafda60:   00007fde80001178 00007fde80001178   x.......x.......
0x00007fdeecafda70:   00007fde80001178 00007fde80001001   x...............
0x00007fdeecafda80:   00007fdeecafdac0 00007fdf13321079   ........y.2.....
0x00007fdeecafda90:   0000000000000430 0000000036b5842f   0......./..6....
0x00007fdeecafdaa0:   00007fdeecafdac0 00007fdf13b7d39e   ................
0x00007fdeecafdab0:   00007fdf0c1e2b10 00007fde80001178   .+......x.......
0x00007fdeecafdac0:   00007fdeecafdaf0 00007fdf130ea939   ........9.......
0x00007fdeecafdad0:   000000011b3f415b 00007fde800010e0   [A?.............
0x00007fdeecafdae0:   00007fde80001178 00007fded4000f40   x.......@.......
0x00007fdeecafdaf0:   00007fdeecafdba0 00007fdf13351593   ..........5.....
0x00007fdeecafdb00:   00000004ecafdb20 00007fde80001190    ...............
0x00007fdeecafdb10:   00007fdf14000160 000000011b3f415b   `.......[A?.....
0x00007fdeecafdb20:   0000000000000000 00007fdf00000005   ................
0x00007fdeecafdb30:   00007fded4000f40 00007fdf00000004   @...............
0x00007fdeecafdb40:   0000000000000000 0000000000000000   ................

Instructions: (pc=0x00007fdf1332914a)
  0x00007fdf1332904a:   48 8b 30 48 8b 45 b8 8b 00 e9 67 ff ff ff 48 8b
  0x00007fdf1332905a:   40 48 48 8b 10 e9 7f fd ff ff 41 8b 47 08 e9 ca
  0x00007fdf1332906a:   f5 ff ff 0f 85 a6 08 00 00 48 8b 45 a8 48 8d 0d
  0x00007fdf1332907a:   32 fb b8 ff 48 c7 45 b8 00 00 00 00 48 8b 00 48
  0x00007fdf1332908a:   8b 80 00 01 00 00 48 39 c8 0f 84 db f2 ff ff 44
  0x00007fdf1332909a:   88 4d 90 48 8b 7d a8 4c 89 ee 4c 89 5d 98 88 55
  0x00007fdf133290aa:   a0 ff d0 44 0f b6 4d 90 4c 8b 5d 98 48 89 45 b8
  0x00007fdf133290ba:   0f b6 55 a0 e9 b1 f2 ff ff 31 d2 be 05 00 00 00
  0x00007fdf133290ca:   bf 18 02 00 00 4c 89 45 b8 e8 08 dd b6 ff 4c 8b
  0x00007fdf133290da:   45 b8 48 89 80 00 02 00 00 48 89 c1 48 c7 80 08
  0x00007fdf133290ea:   02 00 00 00 00 00 00 48 c7 80 10 02 00 00 00 00
  0x00007fdf133290fa:   00 00 49 89 40 18 49 81 00 18 02 00 00 48 8b 80
  0x00007fdf1332910a:   00 02 00 00 e9 cc ed ff ff 48 89 fe 4c 89 c7 ff
  0x00007fdf1332911a:   d2 48 8b 4d b8 48 89 c2 49 8b 87 88 02 00 00 48
  0x00007fdf1332912a:   8d 04 c2 e9 01 e4 ff ff 0f 85 25 08 00 00 48 8b
  0x00007fdf1332913a:   00 48 8d 0d 6e fa b8 ff 48 c7 45 a0 00 00 00 00
=>0x00007fdf1332914a:   48 8b 80 00 01 00 00 48 39 c8 0f 84 e0 f2 ff ff
  0x00007fdf1332915a:   4c 89 5d 80 48 8b 7d 98 4c 89 ee 88 55 88 ff d0
  0x00007fdf1332916a:   4c 8b 5d 80 0f b6 55 88 48 89 45 a0 e9 bf f2 ff
  0x00007fdf1332917a:   ff 4c 89 d8 f0 49 0f b1 4d 00 49 39 c3 74 1a 4c
  0x00007fdf1332918a:   89 ea a8 04 75 0a 48 83 e0 fc 49 89 c6 48 89 c2
  0x00007fdf1332919a:   48 85 d2 0f 85 e3 09 00 00 48 8b 45 90 48 8b 75
  0x00007fdf133291aa:   b8 8b 50 70 49 8b 84 24 d8 01 00 00 48 01 34 d0
  0x00007fdf133291ba:   45 84 c9 0f 85 7b 08 00 00 83 7d a0 0f 0f 85 8c
  0x00007fdf133291ca:   12 00 00 8b 45 a0 48 8b 75 b8 4d 8d b4 24 80 01
  0x00007fdf133291da:   00 00 41 b8 01 00 00 00 49 01 74 c4 70 48 8b 45
  0x00007fdf133291ea:   a8 45 89 84 24 a0 01 00 00 0f b7 40 0c 66 83 f8
  0x00007fdf133291fa:   04 0f 86 fd 0a 00 00 66 83 f8 06 0f 84 40 1a 00
  0x00007fdf1332920a:   00 4d 89 d6 4d 89 d5 e9 64 d9 ff ff 49 8b 97 80
  0x00007fdf1332921a:   02 00 00 48 8d 0d cc 96 f9 ff 49 8d bf 80 02 00
  0x00007fdf1332922a:   00 48 83 c0 08 48 8b 12 48 39 ca 0f 85 db 12 00
  0x00007fdf1332923a:   00 31 d2 be 05 00 00 00 48 89 c7 e8 96 db b6 ff


Stack slot to memory mapping:

stack at sp + 0 slots: 0x00007fdf14154a5c: <offset 0x0000000001754a5c> in /usr/lib/apache-netbeans/jdk/lib/server/libjvm.so at 0x00007fdf12a00000
stack at sp + 1 slots: 
[error occurred during error reporting (inspecting top of stack), id 0xb, SIGSEGV (0xb) at pc=0x00007fdf132bc6cc]
stack at sp + 2 slots: 0x00007fde00000000 is an unknown value
stack at sp + 3 slots: 0x0000000000000001 is an unknown value
stack at sp + 4 slots: 0x00007fdf0c09ef70 points into unknown readable memory: 0x00000006f8400000 | 00 00 40 f8 06 00 00 00
stack at sp + 5 slots: 0x0000000600000001 is an unknown value
stack at sp + 6 slots: 
[error occurred during error reporting (inspecting top of stack, attempt 2), id 0xb, SIGSEGV (0xb) at pc=0x00007fdf132bc6bd]
stack at sp + 7 slots: 0x000000004d620073 is pointing into metadata


---------------  P R O C E S S  ---------------

Threads class SMR info:
_java_thread_list=0x00007fdea47653c0, length=12, elements={
0x00007fdf0c02b6b0, 0x00007fdf0c0c8d10, 0x00007fdf0c0c9f00, 0x00007fdf0c0cba70,
0x00007fdf0c0cd390, 0x00007fdf0c0cec10, 0x00007fdf0c0d0a10, 0x00007fdf0c0d2400,
0x00007fdf0c10bad0, 0x00007fdf0c10e420, 0x00007fdea40a9870, 0x00007fdea4764500
}

Java Threads: ( => current thread )
  0x00007fdf0c02b6b0 JavaThread "main"                              [_thread_blocked, id=7847, stack(0x00007fdf12900000,0x00007fdf12a00000) (1024K)]
  0x00007fdf0c0c8d10 JavaThread "Reference Handler"          daemon [_thread_blocked, id=7858, stack(0x00007fdeedbff000,0x00007fdeedcff000) (1024K)]
  0x00007fdf0c0c9f00 JavaThread "Finalizer"                  daemon [_thread_blocked, id=7859, stack(0x00007fdeed8fc000,0x00007fdeed9fc000) (1024K)]
  0x00007fdf0c0cba70 JavaThread "Signal Dispatcher"          daemon [_thread_blocked, id=7860, stack(0x00007fdeed7fc000,0x00007fdeed8fc000) (1024K)]
  0x00007fdf0c0cd390 JavaThread "Service Thread"             daemon [_thread_blocked, id=7861, stack(0x00007fdeed6fc000,0x00007fdeed7fc000) (1024K)]
  0x00007fdf0c0cec10 JavaThread "Monitor Deflation Thread"   daemon [_thread_blocked, id=7862, stack(0x00007fdeed5fc000,0x00007fdeed6fc000) (1024K)]
  0x00007fdf0c0d0a10 JavaThread "C2 CompilerThread0"         daemon [_thread_blocked, id=7863, stack(0x00007fdeed4fc000,0x00007fdeed5fc000) (1024K)]
  0x00007fdf0c0d2400 JavaThread "C1 CompilerThread0"         daemon [_thread_blocked, id=7864, stack(0x00007fdeed3fc000,0x00007fdeed4fc000) (1024K)]
  0x00007fdf0c10bad0 JavaThread "Notification Thread"        daemon [_thread_blocked, id=7865, stack(0x00007fdeed2fc000,0x00007fdeed3fc000) (1024K)]
  0x00007fdf0c10e420 JavaThread "Common-Cleaner"             daemon [_thread_blocked, id=7866, stack(0x00007fdeed1fc000,0x00007fdeed2fc000) (1024K)]
  0x00007fdea40a9870 JavaThread "C2 CompilerThread1"         daemon [_thread_blocked, id=7867, stack(0x00007fdeed0fc000,0x00007fdeed1fc000) (1024K)]
  0x00007fdea4764500 JavaThread "C2 CompilerThread2"         daemon [_thread_in_native, id=7875, stack(0x00007fdeecffc000,0x00007fdeed0fc000) (1024K)]
Total: 12

Other Threads:
  0x00007fdf0c0bef70 VMThread "VM Thread"                           [id=7857, stack(0x00007fdeedafe000,0x00007fdeedbfe000) (1024K)]
  0x00007fdf0c0aea30 WatcherThread "VM Periodic Task Thread"        [id=7856, stack(0x00007fdeed9fd000,0x00007fdeedafd000) (1024K)]
  0x00007fdf0c051b50 WorkerThread "GC Thread#0"                     [id=7848, stack(0x00007fdf10c05000,0x00007fdf10d05000) (1024K)]
  0x00007fded4007c90 WorkerThread "GC Thread#1"                     [id=7870, stack(0x00007fdeecefc000,0x00007fdeecffc000) (1024K)]
  0x00007fded4008930 WorkerThread "GC Thread#2"                     [id=7871, stack(0x00007fdeecb00000,0x00007fdeecc00000) (1024K)]
=>0x00007fded4009670 WorkerThread "GC Thread#3"                     [id=7872, stack(0x00007fdeec9ff000,0x00007fdeecaff000) (1024K)]
  0x00007fded400a3d0 WorkerThread "GC Thread#4"                     [id=7873, stack(0x00007fdeec8fe000,0x00007fdeec9fe000) (1024K)]
  0x00007fded400b150 WorkerThread "GC Thread#5"                     [id=7874, stack(0x00007fdeec7fd000,0x00007fdeec8fd000) (1024K)]
  0x00007fdf0c0604f0 ConcurrentGCThread "G1 Main Marker"            [id=7849, stack(0x00007fdf10b04000,0x00007fdf10c04000) (1024K)]
  0x00007fdf0c0616c0 WorkerThread "G1 Conc#0"                       [id=7850, stack(0x00007fdf10a03000,0x00007fdf10b03000) (1024K)]
  0x00007fdf0c09fcd0 ConcurrentGCThread "G1 Refine#0"               [id=7851, stack(0x00007fdf100fa000,0x00007fdf101fa000) (1024K)]
  0x00007fdf0c0a0ec0 ConcurrentGCThread "G1 Service"                [id=7852, stack(0x00007fdeedd00000,0x00007fdeede00000) (1024K)]
Total: 12

Threads with active compile tasks:
C2 CompilerThread0  4798 5335       4       org.codehaus.plexus.util.xml.Xpp3DomBuilder::build (413 bytes)
C1 CompilerThread0  4798 5416       3       org.codehaus.plexus.util.xml.pull.MXParser::setupFromTemplate (76 bytes)
C2 CompilerThread1  4798 5147   !   4       org.codehaus.plexus.interpolation.StringSearchInterpolator::interpolate (692 bytes)
C2 CompilerThread2  4798 5060       4       java.lang.invoke.MethodType::makeImpl (109 bytes)
Total: 4

VM state: at safepoint (normal execution)

VM Mutex/Monitor currently owned by a thread:  ([mutex/lock_event])
[0x00007fdf14151e68] Threads_lock - owner thread: 0x00007fdf0c0bef70
[0x00007fdf14151ce8] Heap_lock - owner thread: 0x00007fdf0c02b6b0

Heap address: 0x00000006e8000000, size: 4480 MB, Compressed Oops mode: Zero based, Oop shift amount: 3

CDS archive(s) mapped at: [0x000000004d000000-0x000000004dd8c000-0x000000004dd8c000), size 14204928, SharedBaseAddress: 0x000000004d000000, ArchiveRelocationMode: 1.
Compressed class space mapped at: 0x000000004e000000-0x000000008e000000, reserved size: 1073741824
UseCompressedClassPointers 1, UseCompactObjectHeaders 0
Narrow klass pointer bits 32, Max shift 3
Narrow klass base: 0x000000004d000000, Narrow klass shift: 0
Encoding Range: [0x000000004d000000 - 0x000000014d000000), (4294967296 bytes)
Klass Range:    [0x000000004d001000 - 0x000000008e000000), (1090514944 bytes)
Klass ID Range:  [4096 - 1090519033) (1090514937)
Protection zone: [0x000000004d000000 - 0x000000004d001000), (4096 bytes)

GC Precious Log:
 CardTable entry size: 512
 Card Set container configuration: InlinePtr #cards 4 size 8 Array Of Cards #cards 32 size 80 Howl #buckets 8 coarsen threshold 7372 Howl Bitmap #cards 1024 size 144 coarsen threshold 921 Card regions per heap region 1 cards per card region 8192
 CPUs: 8 total, 8 available
 Memory: 17906M
 Large Page Support: Disabled
 NUMA Support: Disabled
 Compressed Oops: Enabled (Zero based)
 Heap Region Size: 4M
 Heap Min Capacity: 8M
 Heap Initial Capacity: 280M
 Heap Max Capacity: 4480M
 Pre-touch: Disabled
 Parallel Workers: 8
 Concurrent Workers: 2
 Concurrent Refinement Workers: 8
 Periodic GC: Disabled

Heap:
 garbage-first heap   total reserved 4587520K, committed 290816K, used 124675K [0x00000006e8000000, 0x0000000800000000)
  region size 4096K, 32 young (131072K), 3 survivors (12288K)

Heap Regions: E=young(eden), S=young(survivor), O=old, HS=humongous(starts), HC=humongous(continues), CS=collection set, F=free, TAMS=top-at-mark-start, PB=parsable bottom
|   0|0x00000006e8000000, 0x00000006e8000000, 0x00000006e8400000|  0%| F|  |TAMS 0x00000006e8000000| PB 0x00000006e8000000| Untracked |  0
|   1|0x00000006e8400000, 0x00000006e8400000, 0x00000006e8800000|  0%| F|  |TAMS 0x00000006e8400000| PB 0x00000006e8400000| Untracked |  0
|   2|0x00000006e8800000, 0x00000006e8800000, 0x00000006e8c00000|  0%| F|  |TAMS 0x00000006e8800000| PB 0x00000006e8800000| Untracked |  0
|   3|0x00000006e8c00000, 0x00000006e8c00000, 0x00000006e9000000|  0%| F|  |TAMS 0x00000006e8c00000| PB 0x00000006e8c00000| Untracked |  0
|   4|0x00000006e9000000, 0x00000006e9000000, 0x00000006e9400000|  0%| F|  |TAMS 0x00000006e9000000| PB 0x00000006e9000000| Untracked |  0
|   5|0x00000006e9400000, 0x00000006e9400000, 0x00000006e9800000|  0%| F|  |TAMS 0x00000006e9400000| PB 0x00000006e9400000| Untracked |  0
|   6|0x00000006e9800000, 0x00000006e9800000, 0x00000006e9c00000|  0%| F|  |TAMS 0x00000006e9800000| PB 0x00000006e9800000| Untracked |  0
|   7|0x00000006e9c00000, 0x00000006e9c00000, 0x00000006ea000000|  0%| F|  |TAMS 0x00000006e9c00000| PB 0x00000006e9c00000| Untracked |  0
|   8|0x00000006ea000000, 0x00000006ea000000, 0x00000006ea400000|  0%| F|  |TAMS 0x00000006ea000000| PB 0x00000006ea000000| Untracked |  0
|   9|0x00000006ea400000, 0x00000006ea400000, 0x00000006ea800000|  0%| F|  |TAMS 0x00000006ea400000| PB 0x00000006ea400000| Untracked |  0
|  10|0x00000006ea800000, 0x00000006ea800000, 0x00000006eac00000|  0%| F|  |TAMS 0x00000006ea800000| PB 0x00000006ea800000| Untracked |  0
|  11|0x00000006eac00000, 0x00000006eac00000, 0x00000006eb000000|  0%| F|  |TAMS 0x00000006eac00000| PB 0x00000006eac00000| Untracked |  0
|  12|0x00000006eb000000, 0x00000006eb000000, 0x00000006eb400000|  0%| F|  |TAMS 0x00000006eb000000| PB 0x00000006eb000000| Untracked |  0
|  13|0x00000006eb400000, 0x00000006eb400000, 0x00000006eb800000|  0%| F|  |TAMS 0x00000006eb400000| PB 0x00000006eb400000| Untracked |  0
|  14|0x00000006eb800000, 0x00000006eb800000, 0x00000006ebc00000|  0%| F|  |TAMS 0x00000006eb800000| PB 0x00000006eb800000| Untracked |  0
|  15|0x00000006ebc00000, 0x00000006ebc00000, 0x00000006ec000000|  0%| F|  |TAMS 0x00000006ebc00000| PB 0x00000006ebc00000| Untracked |  0
|  16|0x00000006ec000000, 0x00000006ec000000, 0x00000006ec400000|  0%| F|  |TAMS 0x00000006ec000000| PB 0x00000006ec000000| Untracked |  0
|  17|0x00000006ec400000, 0x00000006ec400000, 0x00000006ec800000|  0%| F|  |TAMS 0x00000006ec400000| PB 0x00000006ec400000| Untracked |  0
|  18|0x00000006ec800000, 0x00000006ec800000, 0x00000006ecc00000|  0%| F|  |TAMS 0x00000006ec800000| PB 0x00000006ec800000| Untracked |  0
|  19|0x00000006ecc00000, 0x00000006ecc00000, 0x00000006ed000000|  0%| F|  |TAMS 0x00000006ecc00000| PB 0x00000006ecc00000| Untracked |  0
|  20|0x00000006ed000000, 0x00000006ed000000, 0x00000006ed400000|  0%| F|  |TAMS 0x00000006ed000000| PB 0x00000006ed000000| Untracked |  0
|  21|0x00000006ed400000, 0x00000006ed400000, 0x00000006ed800000|  0%| F|  |TAMS 0x00000006ed400000| PB 0x00000006ed400000| Untracked |  0
|  22|0x00000006ed800000, 0x00000006ed800000, 0x00000006edc00000|  0%| F|  |TAMS 0x00000006ed800000| PB 0x00000006ed800000| Untracked |  0
|  23|0x00000006edc00000, 0x00000006edc00000, 0x00000006ee000000|  0%| F|  |TAMS 0x00000006edc00000| PB 0x00000006edc00000| Untracked |  0
|  24|0x00000006ee000000, 0x00000006ee000000, 0x00000006ee400000|  0%| F|  |TAMS 0x00000006ee000000| PB 0x00000006ee000000| Untracked |  0
|  25|0x00000006ee400000, 0x00000006ee400000, 0x00000006ee800000|  0%| F|  |TAMS 0x00000006ee400000| PB 0x00000006ee400000| Untracked |  0
|  26|0x00000006ee800000, 0x00000006ee800000, 0x00000006eec00000|  0%| F|  |TAMS 0x00000006ee800000| PB 0x00000006ee800000| Untracked |  0
|  27|0x00000006eec00000, 0x00000006eec00000, 0x00000006ef000000|  0%| F|  |TAMS 0x00000006eec00000| PB 0x00000006eec00000| Untracked |  0
|  28|0x00000006ef000000, 0x00000006ef000000, 0x00000006ef400000|  0%| F|  |TAMS 0x00000006ef000000| PB 0x00000006ef000000| Untracked |  0
|  29|0x00000006ef400000, 0x00000006ef400000, 0x00000006ef800000|  0%| F|  |TAMS 0x00000006ef400000| PB 0x00000006ef400000| Untracked |  0
|  30|0x00000006ef800000, 0x00000006ef800000, 0x00000006efc00000|  0%| F|  |TAMS 0x00000006ef800000| PB 0x00000006ef800000| Untracked |  0
|  31|0x00000006efc00000, 0x00000006efc00000, 0x00000006f0000000|  0%| F|  |TAMS 0x00000006efc00000| PB 0x00000006efc00000| Untracked |  0
|  32|0x00000006f0000000, 0x00000006f0000000, 0x00000006f0400000|  0%| F|  |TAMS 0x00000006f0000000| PB 0x00000006f0000000| Untracked |  0
|  33|0x00000006f0400000, 0x00000006f0400000, 0x00000006f0800000|  0%| F|  |TAMS 0x00000006f0400000| PB 0x00000006f0400000| Untracked |  0
|  34|0x00000006f0800000, 0x00000006f0800000, 0x00000006f0c00000|  0%| F|  |TAMS 0x00000006f0800000| PB 0x00000006f0800000| Untracked |  0
|  35|0x00000006f0c00000, 0x00000006f0c00000, 0x00000006f1000000|  0%| F|  |TAMS 0x00000006f0c00000| PB 0x00000006f0c00000| Untracked |  0
|  36|0x00000006f1000000, 0x00000006f132eb28, 0x00000006f1400000| 79%| S|  |TAMS 0x00000006f1000000| PB 0x00000006f1000000| Complete |  0
|  37|0x00000006f1400000, 0x00000006f1800000, 0x00000006f1800000|100%| S|  |TAMS 0x00000006f1400000| PB 0x00000006f1400000| Complete |  0
|  38|0x00000006f1800000, 0x00000006f1c00000, 0x00000006f1c00000|100%| S|  |TAMS 0x00000006f1800000| PB 0x00000006f1800000| Complete |  0
|  39|0x00000006f1c00000, 0x00000006f2000000, 0x00000006f2000000|100%| E|CS|TAMS 0x00000006f1c00000| PB 0x00000006f1c00000| Complete |  0
|  40|0x00000006f2000000, 0x00000006f2400000, 0x00000006f2400000|100%| E|CS|TAMS 0x00000006f2000000| PB 0x00000006f2000000| Complete |  0
|  41|0x00000006f2400000, 0x00000006f2800000, 0x00000006f2800000|100%| E|CS|TAMS 0x00000006f2400000| PB 0x00000006f2400000| Complete |  0
|  42|0x00000006f2800000, 0x00000006f2c00000, 0x00000006f2c00000|100%| E|CS|TAMS 0x00000006f2800000| PB 0x00000006f2800000| Complete |  0
|  43|0x00000006f2c00000, 0x00000006f3000000, 0x00000006f3000000|100%| E|CS|TAMS 0x00000006f2c00000| PB 0x00000006f2c00000| Complete |  0
|  44|0x00000006f3000000, 0x00000006f3400000, 0x00000006f3400000|100%| E|CS|TAMS 0x00000006f3000000| PB 0x00000006f3000000| Complete |  0
|  45|0x00000006f3400000, 0x00000006f3800000, 0x00000006f3800000|100%| E|CS|TAMS 0x00000006f3400000| PB 0x00000006f3400000| Complete |  0
|  46|0x00000006f3800000, 0x00000006f3c00000, 0x00000006f3c00000|100%| E|CS|TAMS 0x00000006f3800000| PB 0x00000006f3800000| Complete |  0
|  47|0x00000006f3c00000, 0x00000006f4000000, 0x00000006f4000000|100%| E|CS|TAMS 0x00000006f3c00000| PB 0x00000006f3c00000| Complete |  0
|  48|0x00000006f4000000, 0x00000006f4400000, 0x00000006f4400000|100%| E|CS|TAMS 0x00000006f4000000| PB 0x00000006f4000000| Complete |  0
|  49|0x00000006f4400000, 0x00000006f4800000, 0x00000006f4800000|100%| E|CS|TAMS 0x00000006f4400000| PB 0x00000006f4400000| Complete |  0
|  50|0x00000006f4800000, 0x00000006f4c00000, 0x00000006f4c00000|100%| E|CS|TAMS 0x00000006f4800000| PB 0x00000006f4800000| Complete |  0
|  51|0x00000006f4c00000, 0x00000006f5000000, 0x00000006f5000000|100%| E|CS|TAMS 0x00000006f4c00000| PB 0x00000006f4c00000| Complete |  0
|  52|0x00000006f5000000, 0x00000006f5400000, 0x00000006f5400000|100%| E|CS|TAMS 0x00000006f5000000| PB 0x00000006f5000000| Complete |  0
|  53|0x00000006f5400000, 0x00000006f5800000, 0x00000006f5800000|100%| E|CS|TAMS 0x00000006f5400000| PB 0x00000006f5400000| Complete |  0
|  54|0x00000006f5800000, 0x00000006f5c00000, 0x00000006f5c00000|100%| E|CS|TAMS 0x00000006f5800000| PB 0x00000006f5800000| Complete |  0
|  55|0x00000006f5c00000, 0x00000006f6000000, 0x00000006f6000000|100%| E|CS|TAMS 0x00000006f5c00000| PB 0x00000006f5c00000| Complete |  0
|  56|0x00000006f6000000, 0x00000006f609ffd8, 0x00000006f6400000| 15%| E|CS|TAMS 0x00000006f6000000| PB 0x00000006f6000000| Complete |  0
|  57|0x00000006f6400000, 0x00000006f6800000, 0x00000006f6800000|100%| E|CS|TAMS 0x00000006f6400000| PB 0x00000006f6400000| Complete |  0
|  58|0x00000006f6800000, 0x00000006f6c00000, 0x00000006f6c00000|100%| E|CS|TAMS 0x00000006f6800000| PB 0x00000006f6800000| Complete |  0
|  59|0x00000006f6c00000, 0x00000006f7000000, 0x00000006f7000000|100%| E|CS|TAMS 0x00000006f6c00000| PB 0x00000006f6c00000| Complete |  0
|  60|0x00000006f7000000, 0x00000006f7400000, 0x00000006f7400000|100%| E|CS|TAMS 0x00000006f7000000| PB 0x00000006f7000000| Complete |  0
|  61|0x00000006f7400000, 0x00000006f7800000, 0x00000006f7800000|100%| E|CS|TAMS 0x00000006f7400000| PB 0x00000006f7400000| Complete |  0
|  62|0x00000006f7800000, 0x00000006f7c00000, 0x00000006f7c00000|100%| E|CS|TAMS 0x00000006f7800000| PB 0x00000006f7800000| Complete |  0
|  63|0x00000006f7c00000, 0x00000006f8000000, 0x00000006f8000000|100%| E|CS|TAMS 0x00000006f7c00000| PB 0x00000006f7c00000| Complete |  0
|  64|0x00000006f8000000, 0x00000006f8400000, 0x00000006f8400000|100%| E|CS|TAMS 0x00000006f8000000| PB 0x00000006f8000000| Complete |  0
|  65|0x00000006f8400000, 0x00000006f8800000, 0x00000006f8800000|100%| E|CS|TAMS 0x00000006f8400000| PB 0x00000006f8400000| Complete |  0
|  66|0x00000006f8800000, 0x00000006f8c00000, 0x00000006f8c00000|100%| E|CS|TAMS 0x00000006f8800000| PB 0x00000006f8800000| Complete |  0
|  67|0x00000006f8c00000, 0x00000006f9000000, 0x00000006f9000000|100%| E|CS|TAMS 0x00000006f8c00000| PB 0x00000006f8c00000| Complete |  0
|  68|0x00000006f9000000, 0x00000006f9400000, 0x00000006f9400000|100%| E|CS|TAMS 0x00000006f9000000| PB 0x00000006f9000000| Complete |  0
|  69|0x00000006f9400000, 0x00000006f9800000, 0x00000006f9800000|100%| E|CS|TAMS 0x00000006f9400000| PB 0x00000006f9400000| Complete |  0
|1119|0x00000007ffc00000, 0x00000007ffd20fd8, 0x0000000800000000| 28%| O|  |TAMS 0x00000007ffc00000| PB 0x00000007ffc00000| Untracked |  0

Card table byte_map: [0x00007fdf10d72000,0x00007fdf11632000] _byte_map_base: 0x00007fdf0d632000

Marking Bits: (CMBitMap*) 0x00007fdf0c0527a0
 Bits: [0x00007fdeefe00000, 0x00007fdef4400000)

Polling page: 0x00007fdf144cc000

Metaspace:
Metaspace        used 17824K, committed 18176K, reserved 1114112K
 class space     used 1662K, committed 1792K, reserved 1048576K

Usage:
  Non-class:     15.78 MB used.
      Class:      1.62 MB used.
       Both:     17.41 MB used.

Virtual space:
  Non-class space:       64.00 MB reserved,      16.00 MB ( 25%) committed,  1 nodes.
      Class space:        1.00 GB reserved,       1.75 MB ( <1%) committed,  1 nodes.
             Both:        1.06 GB reserved,      17.75 MB (  2%) committed. 

Chunk freelists:
   Non-Class:  15.92 MB
       Class:  14.28 MB
        Both:  30.20 MB

MaxMetaspaceSize: unlimited
CompressedClassSpaceSize: 1.00 GB
Initial GC threshold: 21.00 MB
Current GC threshold: 21.00 MB
CDS: on
 - commit_granule_bytes: 65536.
 - commit_granule_words: 8192.
 - virtual_space_node_default_size: 8388608.
 - enlarge_chunks_in_place: 1.
UseCompressedClassPointers 1, UseCompactObjectHeaders 0
Narrow klass pointer bits 32, Max shift 3
Narrow klass base: 0x000000004d000000, Narrow klass shift: 0
Encoding Range: [0x000000004d000000 - 0x000000014d000000), (4294967296 bytes)
Klass Range:    [0x000000004d001000 - 0x000000008e000000), (1090514944 bytes)
Klass ID Range:  [4096 - 1090519033) (1090514937)
Protection zone: [0x000000004d000000 - 0x000000004d001000), (4096 bytes)


Internal statistics:

num_allocs_failed_limit: 0.
num_arena_births: 182.
num_arena_deaths: 0.
num_vsnodes_births: 2.
num_vsnodes_deaths: 0.
num_space_committed: 284.
num_space_uncommitted: 0.
num_chunks_returned_to_freelist: 0.
num_chunks_taken_from_freelist: 798.
num_chunk_merges: 0.
num_chunk_splits: 550.
num_chunks_enlarged: 438.
num_inconsistent_stats: 0.

CodeHeap 'non-profiled nmethods': size=120032Kb used=1750Kb max_used=1750Kb free=118281Kb
 bounds [0x00007fdefbec8000, 0x00007fdefc138000, 0x00007fdf03400000]
CodeHeap 'profiled nmethods': size=120028Kb used=8747Kb max_used=8747Kb free=111280Kb
 bounds [0x00007fdef4400000, 0x00007fdef4c90000, 0x00007fdefb937000]
CodeHeap 'non-nmethods': size=5700Kb used=1478Kb max_used=1563Kb free=4221Kb
 bounds [0x00007fdefb937000, 0x00007fdefbba7000, 0x00007fdefbec8000]
CodeCache: size=245760Kb, used=11975Kb, max_used=12060Kb, free=233782Kb
 total_blobs=5897, nmethods=5358, adapters=443, full_count=0
Compilation: enabled, stopped_count=0, restarted_count=0

Compilation events (20 events):
Event: 4.739 Thread 0x00007fdf0c0d2400 nmethod 5409 0x00007fdef4c80b08 code [0x00007fdef4c80c00, 0x00007fdef4c85848]
Event: 4.739 Thread 0x00007fdf0c0d2400 5387       3       java.util.regex.CharPredicates$$Lambda/0x800000024::is (5 bytes)
Event: 4.740 Thread 0x00007fdf0c0d2400 nmethod 5387 0x00007fdef4c85888 code [0x00007fdef4c85980, 0x00007fdef4c85c10]
Event: 4.740 Thread 0x00007fdf0c0d2400 5388       3       java.util.regex.CharPredicates::lambda$ASCII_DIGIT$0 (20 bytes)
Event: 4.740 Thread 0x00007fdf0c0d2400 nmethod 5388 0x00007fdef4c85c88 code [0x00007fdef4c85d80, 0x00007fdef4c85f90]
Event: 4.741 Thread 0x00007fdf0c0d2400 5411       1       org.apache.maven.model.profile.activation.JdkVersionProfileActivator$RangeValue::access$000 (5 bytes)
Event: 4.741 Thread 0x00007fdf0c0d2400 nmethod 5411 0x00007fdefc07d588 code [0x00007fdefc07d680, 0x00007fdefc07d728]
Event: 4.741 Thread 0x00007fdf0c0d2400 5412       3       java.util.ArrayList$SubList::checkForComodification (23 bytes)
Event: 4.741 Thread 0x00007fdf0c0d2400 nmethod 5412 0x00007fdef4c86008 code [0x00007fdef4c86100, 0x00007fdef4c86318]
Event: 4.741 Thread 0x00007fdf0c0d2400 5413       3       java.util.ArrayList$SubList::toArray (79 bytes)
Event: 4.743 Thread 0x00007fdf0c0d2400 nmethod 5413 0x00007fdef4c86388 code [0x00007fdef4c86480, 0x00007fdef4c86ba0]
Event: 4.743 Thread 0x00007fdf0c0d2400 5418   !   3       org.codehaus.plexus.util.xml.pull.MXParser::parseComment (590 bytes)
Event: 4.748 Thread 0x00007fdf0c0d2400 nmethod 5418 0x00007fdef4c86c08 code [0x00007fdef4c86d00, 0x00007fdef4c89550]
Event: 4.748 Thread 0x00007fdf0c0d2400 5404       1       org.apache.maven.model.ActivationFile::getExists (5 bytes)
Event: 4.748 Thread 0x00007fdf0c0d2400 nmethod 5404 0x00007fdefc07d888 code [0x00007fdefc07d980, 0x00007fdefc07da40]
Event: 4.748 Thread 0x00007fdf0c0d2400 5414       3       org.codehaus.plexus.util.xml.pull.MXParser::setInput (75 bytes)
Event: 4.750 Thread 0x00007fdf0c0d2400 nmethod 5414 0x00007fdef4c89608 code [0x00007fdef4c89700, 0x00007fdef4c8a768]
Event: 4.750 Thread 0x00007fdf0c0d2400 5415       3       org.codehaus.plexus.util.xml.pull.MXParser::reset (169 bytes)
Event: 4.751 Thread 0x00007fdf0c0d2400 nmethod 5415 0x00007fdef4c8a788 code [0x00007fdef4c8a880, 0x00007fdef4c8ac18]
Event: 4.751 Thread 0x00007fdf0c0d2400 5416       3       org.codehaus.plexus.util.xml.pull.MXParser::setupFromTemplate (76 bytes)

GC Heap Usage History (3 events):
Event: 1.830 {heap Before GC invocations=0 (full 0):
 garbage-first heap   total reserved 4587520K, committed 290816K, used 50307K [0x00000006e8000000, 0x0000000800000000)
  region size 4096K, 12 young (49152K), 0 survivors (0K)
}
Event: 1.838 {heap After GC invocations=1 (full 0):
 garbage-first heap   total reserved 4587520K, committed 290816K, used 5891K [0x00000006e8000000, 0x0000000800000000)
  region size 4096K, 2 young (8192K), 2 survivors (8192K)
}
Event: 4.752 {heap Before GC invocations=1 (full 0):
 garbage-first heap   total reserved 4587520K, committed 290816K, used 124675K [0x00000006e8000000, 0x0000000800000000)
  region size 4096K, 31 young (126976K), 2 survivors (8192K)
}

Metaspace Usage History (3 events):
Event: 1.830 {metaspace Before GC invocations=0 (full 0):
 Metaspace       used 9802K, committed 9920K, reserved 1114112K
  class space    used 881K, committed 960K, reserved 1048576K
}
Event: 1.838 {metaspace After GC invocations=1 (full 0):
 Metaspace       used 9802K, committed 9920K, reserved 1114112K
  class space    used 881K, committed 960K, reserved 1048576K
}
Event: 4.752 {metaspace Before GC invocations=1 (full 0):
 Metaspace       used 17824K, committed 18176K, reserved 1114112K
  class space    used 1662K, committed 1792K, reserved 1048576K
}

Dll operation events (8 events):
Event: 0.004 Loaded shared library /usr/lib/apache-netbeans/jdk/lib/libjava.so
Event: 0.032 Loaded shared library /usr/lib/apache-netbeans/jdk/lib/libsimdsort.so
Event: 0.056 Loaded shared library /usr/lib/apache-netbeans/jdk/lib/libnio.so
Event: 0.061 Loaded shared library /usr/lib/apache-netbeans/jdk/lib/libzip.so
Event: 0.072 Loaded shared library /usr/lib/apache-netbeans/jdk/lib/libnet.so
Event: 0.245 Loaded shared library /usr/lib/apache-netbeans/jdk/lib/libjimage.so
Event: 0.262 Loaded shared library /tmp/jansi-2.4.2-d5b254259c9f1686-libjansi.so
Event: 0.279 Loaded shared library /usr/lib/apache-netbeans/jdk/lib/libverify.so

Deoptimization events (20 events):
Event: 4.710 Thread 0x00007fdf0c02b6b0 Uncommon trap: trap_request=0xffffffde fr.pc=0x00007fdefc077ea8 relative=0x0000000000000428
Event: 4.710 Thread 0x00007fdf0c02b6b0 Uncommon trap: reason=class_check action=maybe_recompile pc=0x00007fdefc077ea8 method=org.codehaus.plexus.interpolation.MapBasedValueSource.getValue(Ljava/lang/String;)Ljava/lang/Object; @ 16 c2
Event: 4.710 Thread 0x00007fdf0c02b6b0 DEOPT PACKING pc=0x00007fdefc077ea8 sp=0x00007fdf129fad90
Event: 4.710 Thread 0x00007fdf0c02b6b0 DEOPT UNPACKING pc=0x00007fdefba581f9 sp=0x00007fdf129fad48 mode 2
Event: 4.710 Thread 0x00007fdf0c02b6b0 Uncommon trap: trap_request=0xffffffde fr.pc=0x00007fdefc077ea8 relative=0x0000000000000428
Event: 4.710 Thread 0x00007fdf0c02b6b0 Uncommon trap: reason=class_check action=maybe_recompile pc=0x00007fdefc077ea8 method=org.codehaus.plexus.interpolation.MapBasedValueSource.getValue(Ljava/lang/String;)Ljava/lang/Object; @ 16 c2
Event: 4.710 Thread 0x00007fdf0c02b6b0 DEOPT PACKING pc=0x00007fdefc077ea8 sp=0x00007fdf129fad90
Event: 4.710 Thread 0x00007fdf0c02b6b0 DEOPT UNPACKING pc=0x00007fdefba581f9 sp=0x00007fdf129fad48 mode 2
Event: 4.710 Thread 0x00007fdf0c02b6b0 Uncommon trap: trap_request=0xffffffde fr.pc=0x00007fdefc077ea8 relative=0x0000000000000428
Event: 4.710 Thread 0x00007fdf0c02b6b0 Uncommon trap: reason=class_check action=maybe_recompile pc=0x00007fdefc077ea8 method=org.codehaus.plexus.interpolation.MapBasedValueSource.getValue(Ljava/lang/String;)Ljava/lang/Object; @ 16 c2
Event: 4.710 Thread 0x00007fdf0c02b6b0 DEOPT PACKING pc=0x00007fdefc077ea8 sp=0x00007fdf129fad90
Event: 4.710 Thread 0x00007fdf0c02b6b0 DEOPT UNPACKING pc=0x00007fdefba581f9 sp=0x00007fdf129fad48 mode 2
Event: 4.729 Thread 0x00007fdf0c02b6b0 Uncommon trap: trap_request=0xffffff45 fr.pc=0x00007fdefbfd9d80 relative=0x0000000000000680
Event: 4.729 Thread 0x00007fdf0c02b6b0 Uncommon trap: reason=unstable_if action=reinterpret pc=0x00007fdefbfd9d80 method=org.codehaus.plexus.util.xml.pull.MXParser.isValidCodePoint(I)Z @ 3 c2
Event: 4.729 Thread 0x00007fdf0c02b6b0 DEOPT PACKING pc=0x00007fdefbfd9d80 sp=0x00007fdf129fb610
Event: 4.729 Thread 0x00007fdf0c02b6b0 DEOPT UNPACKING pc=0x00007fdefba581f9 sp=0x00007fdf129fb548 mode 2
Event: 4.729 Thread 0x00007fdf0c02b6b0 Uncommon trap: trap_request=0xffffff45 fr.pc=0x00007fdefbfc1dd8 relative=0x0000000000000058
Event: 4.729 Thread 0x00007fdf0c02b6b0 Uncommon trap: reason=unstable_if action=reinterpret pc=0x00007fdefbfc1dd8 method=org.codehaus.plexus.util.xml.pull.MXParser.isValidCodePoint(I)Z @ 3 c2
Event: 4.729 Thread 0x00007fdf0c02b6b0 DEOPT PACKING pc=0x00007fdefbfc1dd8 sp=0x00007fdf129fb590
Event: 4.729 Thread 0x00007fdf0c02b6b0 DEOPT UNPACKING pc=0x00007fdefba581f9 sp=0x00007fdf129fb548 mode 2

Classes loaded (20 events):
Event: 3.799 Loading class java/nio/file/attribute/PosixFileAttributeView
Event: 3.799 Loading class java/nio/file/attribute/FileOwnerAttributeView
Event: 3.799 Loading class java/nio/file/attribute/FileOwnerAttributeView done
Event: 3.799 Loading class java/nio/file/attribute/PosixFileAttributeView done
Event: 3.799 Loading class sun/nio/fs/UnixFileAttributeViews$Posix
Event: 3.799 Loading class sun/nio/fs/UnixFileAttributeViews$Posix done
Event: 3.799 Loading class java/nio/file/attribute/PosixFilePermission
Event: 3.799 Loading class java/nio/file/attribute/PosixFilePermission done
Event: 3.800 Loading class java/util/RegularEnumSet$EnumSetIterator
Event: 3.800 Loading class java/util/RegularEnumSet$EnumSetIterator done
Event: 3.800 Loading class sun/nio/fs/UnixFileModeAttribute$1
Event: 3.800 Loading class sun/nio/fs/UnixFileModeAttribute$1 done
Event: 3.912 Loading class java/util/Collections$UnmodifiableList$1
Event: 3.912 Loading class java/util/Collections$UnmodifiableList$1 done
Event: 4.347 Loading class java/io/FileWriter
Event: 4.347 Loading class java/io/FileWriter done
Event: 4.385 Loading class jdk/internal/reflect/MethodHandleIntegerFieldAccessorImpl
Event: 4.386 Loading class jdk/internal/reflect/MethodHandleIntegerFieldAccessorImpl done
Event: 4.417 Loading class java/io/FileReader
Event: 4.417 Loading class java/io/FileReader done

Classes unloaded (0 events):
No events

Classes redefined (0 events):
No events

Internal exceptions (20 events):
Event: 2.016 Thread 0x00007fdf0c02b6b0 Exception <a 'java/lang/NoSuchMethodError'{0x00000006f91985b8}: 'java.lang.Object java.lang.invoke.Invokers$Holder.invokeExact_MT(java.lang.Object, java.lang.Object, java.lang.Object, java.lang.Object, java.lang.Object, java.lang.Object)'> (0x00000006f91985b8) 
thrown [src/hotspot/share/interpreter/linkResolver.cpp, line 803]
Event: 2.019 Thread 0x00007fdf0c02b6b0 Implicit null exception at 0x00007fdefbf2899a to 0x00007fdefbf28b2c
Event: 2.022 Thread 0x00007fdf0c02b6b0 Exception <a 'java/lang/NoSuchMethodError'{0x00000006f91b7cd0}: 'java.lang.Object java.lang.invoke.Invokers$Holder.invokeExact_MT(java.lang.Object, int, java.lang.Object)'> (0x00000006f91b7cd0) 
thrown [src/hotspot/share/interpreter/linkResolver.cpp, line 803]
Event: 2.397 Thread 0x00007fdf0c02b6b0 Exception <a 'java/lang/NoSuchMethodError'{0x00000006f89a5e58}: 'void java.lang.invoke.Invokers$Holder.invokeExact_MT(java.lang.Object, java.lang.Object, java.lang.Object, java.lang.Object)'> (0x00000006f89a5e58) 
thrown [src/hotspot/share/interpreter/linkResolver.cpp, line 803]
Event: 2.423 Thread 0x00007fdf0c02b6b0 Exception <a 'java/lang/NoClassDefFoundError'{0x00000006f8a35458}: com/google/inject/servlet/ServletModuleTargetVisitor> (0x00000006f8a35458) 
thrown [src/hotspot/share/classfile/systemDictionary.cpp, line 316]
Event: 2.546 Thread 0x00007fdf0c02b6b0 Exception <a 'java/lang/NoSuchMethodError'{0x00000006f84d1ed8}: 'void java.lang.invoke.DirectMethodHandle$Holder.invokeVirtual(java.lang.Object, java.lang.Object)'> (0x00000006f84d1ed8) 
thrown [src/hotspot/share/interpreter/linkResolver.cpp, line 803]
Event: 2.782 Thread 0x00007fdf0c02b6b0 Exception <a 'java/lang/NoSuchMethodError'{0x00000006f82116d0}: 'void java.lang.invoke.DirectMethodHandle$Holder.invokeSpecial(java.lang.Object, java.lang.Object, java.lang.Object, java.lang.Object, java.lang.Object)'> (0x00000006f82116d0) 
thrown [src/hotspot/share/interpreter/linkResolver.cpp, line 803]
Event: 2.790 Thread 0x00007fdf0c02b6b0 Exception <a 'java/lang/NoSuchMethodError'{0x00000006f8247608}: 'java.lang.Object java.lang.invoke.DirectMethodHandle$Holder.invokeVirtual(java.lang.Object, java.lang.Object, java.lang.Object)'> (0x00000006f8247608) 
thrown [src/hotspot/share/interpreter/linkResolver.cpp, line 803]
Event: 2.794 Thread 0x00007fdf0c02b6b0 Exception <a 'java/lang/NoSuchMethodError'{0x00000006f826dbe0}: 'void java.lang.invoke.DirectMethodHandle$Holder.invokeSpecial(java.lang.Object, java.lang.Object, java.lang.Object, java.lang.Object, java.lang.Object, java.lang.Object)'> (0x00000006f826dbe0) 
thrown [src/hotspot/share/interpreter/linkResolver.cpp, line 803]
Event: 2.835 Thread 0x00007fdf0c02b6b0 Exception <a 'java/lang/NoSuchMethodError'{0x00000006f838e270}: 'void java.lang.invoke.DirectMethodHandle$Holder.invokeVirtual(java.lang.Object, java.lang.Object, int)'> (0x00000006f838e270) 
thrown [src/hotspot/share/interpreter/linkResolver.cpp, line 803]
Event: 2.836 Thread 0x00007fdf0c02b6b0 Exception <a 'java/lang/NoSuchMethodError'{0x00000006f8396a60}: 'void java.lang.invoke.DirectMethodHandle$Holder.invokeSpecial(java.lang.Object, java.lang.Object, java.lang.Object, int)'> (0x00000006f8396a60) 
thrown [src/hotspot/share/interpreter/linkResolver.cpp, line 803]
Event: 2.837 Thread 0x00007fdf0c02b6b0 Exception <a 'java/lang/NoSuchMethodError'{0x00000006f839edf8}: 'void java.lang.invoke.DelegatingMethodHandle$Holder.reinvoke_L(java.lang.Object, java.lang.Object, int)'> (0x00000006f839edf8) 
thrown [src/hotspot/share/interpreter/linkResolver.cpp, line 803]
Event: 3.453 Thread 0x00007fdf0c02b6b0 Implicit null exception at 0x00007fdefbf523cb to 0x00007fdefbf525cc
Event: 3.453 Thread 0x00007fdf0c02b6b0 Implicit null exception at 0x00007fdefbf5c8cb to 0x00007fdefbf5cac0
Event: 3.453 Thread 0x00007fdf0c02b6b0 Implicit null exception at 0x00007fdefbf7ab9d to 0x00007fdefbf7ac15
Event: 3.479 Thread 0x00007fdf0c02b6b0 Exception <a 'java/lang/NoSuchMethodError'{0x00000006f6b23d68}: 'java.lang.Object java.lang.invoke.DirectMethodHandle$Holder.newInvokeSpecial(java.lang.Object, java.lang.Object, java.lang.Object, java.lang.Object, java.lang.Object, java.lang.Object, java.lang.Object)'> (0x00000006f6b23d68) 
thrown [src/hotspot/share/interpreter/linkResolver.cpp, line 803]
Event: 3.716 Thread 0x00007fdf0c02b6b0 Exception <a 'java/lang/NoSuchMethodError'{0x00000006f55d5f18}: 'int java.lang.invoke.DirectMethodHandle$Holder.invokeVirtual(java.lang.Object, java.lang.Object)'> (0x00000006f55d5f18) 
thrown [src/hotspot/share/interpreter/linkResolver.cpp, line 803]
Event: 3.739 Thread 0x00007fdf0c02b6b0 Implicit null exception at 0x00007fdefbf3e836 to 0x00007fdefbf3e8ce
Event: 3.757 Thread 0x00007fdf0c02b6b0 Exception <a 'java/lang/NoSuchMethodError'{0x00000006f570a648}: 'void java.lang.invoke.Invokers$Holder.invokeExact_MT(java.lang.Object, java.lang.Object, int, java.lang.Object)'> (0x00000006f570a648) 
thrown [src/hotspot/share/interpreter/linkResolver.cpp, line 803]
Event: 4.117 Thread 0x00007fdf0c02b6b0 Implicit null exception at 0x00007fdefbf4d8ae to 0x00007fdefbf4e22c

VM Operations (20 events):
Event: 2.137 Executing non-safepoint VM operation: HandshakeAllThreads (Deoptimize) done
Event: 2.389 Executing non-safepoint VM operation: HandshakeAllThreads (Deoptimize)
Event: 2.389 Executing non-safepoint VM operation: HandshakeAllThreads (Deoptimize) done
Event: 2.564 Executing non-safepoint VM operation: HandshakeAllThreads (Deoptimize)
Event: 2.564 Executing non-safepoint VM operation: HandshakeAllThreads (Deoptimize) done
Event: 2.609 Executing non-safepoint VM operation: HandshakeAllThreads (Deoptimize)
Event: 2.609 Executing non-safepoint VM operation: HandshakeAllThreads (Deoptimize) done
Event: 2.666 Executing non-safepoint VM operation: HandshakeAllThreads (Deoptimize)
Event: 2.666 Executing non-safepoint VM operation: HandshakeAllThreads (Deoptimize) done
Event: 2.722 Executing non-safepoint VM operation: HandshakeAllThreads (Deoptimize)
Event: 2.723 Executing non-safepoint VM operation: HandshakeAllThreads (Deoptimize) done
Event: 2.724 Executing non-safepoint VM operation: HandshakeAllThreads (Deoptimize)
Event: 2.724 Executing non-safepoint VM operation: HandshakeAllThreads (Deoptimize) done
Event: 3.411 Executing non-safepoint VM operation: HandshakeAllThreads (Deoptimize)
Event: 3.411 Executing non-safepoint VM operation: HandshakeAllThreads (Deoptimize) done
Event: 3.412 Executing non-safepoint VM operation: HandshakeAllThreads (Deoptimize)
Event: 3.412 Executing non-safepoint VM operation: HandshakeAllThreads (Deoptimize) done
Event: 3.755 Executing non-safepoint VM operation: HandshakeAllThreads (Deoptimize)
Event: 3.755 Executing non-safepoint VM operation: HandshakeAllThreads (Deoptimize) done
Event: 4.752 Executing safepoint VM operation: G1CollectForAllocation (G1 Evacuation Pause)

Memory protections (15 events):
Event: 0.003 Protecting memory [0x00007fdf12900000,0x00007fdf12904000] with protection modes 0
Event: 0.013 Protecting memory [0x000000004d000000,0x000000004d001000] with protection modes 0
Event: 0.029 Protecting memory [0x00007fdeedbff000,0x00007fdeedc03000] with protection modes 0
Event: 0.029 Protecting memory [0x00007fdeed8fc000,0x00007fdeed900000] with protection modes 0
Event: 0.030 Protecting memory [0x00007fdeed7fc000,0x00007fdeed800000] with protection modes 0
Event: 0.030 Protecting memory [0x00007fdeed6fc000,0x00007fdeed700000] with protection modes 0
Event: 0.030 Protecting memory [0x00007fdeed5fc000,0x00007fdeed600000] with protection modes 0
Event: 0.030 Protecting memory [0x00007fdeed4fc000,0x00007fdeed500000] with protection modes 0
Event: 0.030 Protecting memory [0x00007fdeed3fc000,0x00007fdeed400000] with protection modes 0
Event: 0.050 Protecting memory [0x00007fdeed2fc000,0x00007fdeed300000] with protection modes 0
Event: 0.054 Protecting memory [0x00007fdeed1fc000,0x00007fdeed200000] with protection modes 0
Event: 0.143 Protecting memory [0x00007fdeed0fc000,0x00007fdeed100000] with protection modes 0
Event: 0.238 Protecting memory [0x00007fdeecffc000,0x00007fdeed000000] with protection modes 0
Event: 0.929 Protecting memory [0x00007fdeecffc000,0x00007fdeed000000] with protection modes 0
Event: 3.010 Protecting memory [0x00007fdeecffc000,0x00007fdeed000000] with protection modes 0

Nmethod flushes (0 events):
No events

Events (16 events):
Event: 0.016 Thread 0x00007fdf0c02b6b0 Thread added: 0x00007fdf0c02b6b0
Event: 0.029 Thread 0x00007fdf0c02b6b0 Thread added: 0x00007fdf0c0c8d10
Event: 0.029 Thread 0x00007fdf0c02b6b0 Thread added: 0x00007fdf0c0c9f00
Event: 0.030 Thread 0x00007fdf0c02b6b0 Thread added: 0x00007fdf0c0cba70
Event: 0.030 Thread 0x00007fdf0c02b6b0 Thread added: 0x00007fdf0c0cd390
Event: 0.030 Thread 0x00007fdf0c02b6b0 Thread added: 0x00007fdf0c0cec10
Event: 0.030 Thread 0x00007fdf0c02b6b0 Thread added: 0x00007fdf0c0d0a10
Event: 0.030 Thread 0x00007fdf0c02b6b0 Thread added: 0x00007fdf0c0d2400
Event: 0.050 Thread 0x00007fdf0c02b6b0 Thread added: 0x00007fdf0c10bad0
Event: 0.053 Thread 0x00007fdf0c02b6b0 Thread added: 0x00007fdf0c10e420
Event: 0.143 Thread 0x00007fdf0c0d2400 Thread added: 0x00007fdea40a9870
Event: 0.238 Thread 0x00007fdf0c02b6b0 Thread added: 0x00007fdf0c31a560
Event: 0.256 Thread 0x00007fdf0c31a560 Thread exited: 0x00007fdf0c31a560
Event: 0.929 Thread 0x00007fdf0c0d2400 Thread added: 0x00007fdea44a5360
Event: 2.888 Thread 0x00007fdea44a5360 Thread exited: 0x00007fdea44a5360
Event: 3.010 Thread 0x00007fdf0c0d2400 Thread added: 0x00007fdea4764500


Dynamic libraries:
4d000000-4d001000 ---p 00000000 00:00 0 
4d001000-4dd8c000 rw-p 00001000 00:22 383280                             /usr/lib/apache-netbeans/jdk/lib/server/classes.jsa
4dd8c000-4e000000 ---p 00000000 00:00 0 
4e000000-4e040000 rw-p 00000000 00:00 0 
4e040000-4e1c0000 rw-p 00000000 00:00 0 
4e1c0000-8e000000 ---p 00000000 00:00 0 
6e8000000-6f9800000 rw-p 00000000 00:00 0 
6f9800000-7ffc00000 ---p 00000000 00:00 0 
7ffc00000-7ffd21000 rw-p 00dbf000 00:22 383280                           /usr/lib/apache-netbeans/jdk/lib/server/classes.jsa
7ffd21000-800000000 rw-p 00000000 00:00 0 
55f51aa34000-55f51aa35000 r--p 00000000 00:22 382840                     /usr/lib/apache-netbeans/jdk/bin/java
55f51aa35000-55f51aa36000 r-xp 00001000 00:22 382840                     /usr/lib/apache-netbeans/jdk/bin/java
55f51aa36000-55f51aa37000 r--p 00002000 00:22 382840                     /usr/lib/apache-netbeans/jdk/bin/java
55f51aa37000-55f51aa38000 r--p 00002000 00:22 382840                     /usr/lib/apache-netbeans/jdk/bin/java
55f51aa38000-55f51aa39000 rw-p 00003000 00:22 382840                     /usr/lib/apache-netbeans/jdk/bin/java
55f521aad000-55f521af6000 rw-p 00000000 00:00 0                          [heap]
7fde78000000-7fde78021000 rw-p 00000000 00:00 0 
7fde78021000-7fde7c000000 ---p 00000000 00:00 0 
7fde80000000-7fde8053a000 rw-p 00000000 00:00 0 
7fde8053a000-7fde84000000 ---p 00000000 00:00 0 
7fde84000000-7fde84021000 rw-p 00000000 00:00 0 
7fde84021000-7fde88000000 ---p 00000000 00:00 0 
7fde88000000-7fde88021000 rw-p 00000000 00:00 0 
7fde88021000-7fde8c000000 ---p 00000000 00:00 0 
7fde8c000000-7fde8c021000 rw-p 00000000 00:00 0 
7fde8c021000-7fde90000000 ---p 00000000 00:00 0 
7fde90000000-7fde909db000 rw-p 00000000 00:00 0 
7fde909db000-7fde94000000 ---p 00000000 00:00 0 
7fde94000000-7fde94e85000 rw-p 00000000 00:00 0 
7fde94e85000-7fde98000000 ---p 00000000 00:00 0 
7fde98000000-7fde98021000 rw-p 00000000 00:00 0 
7fde98021000-7fde9c000000 ---p 00000000 00:00 0 
7fde9c000000-7fde9c021000 rw-p 00000000 00:00 0 
7fde9c021000-7fdea0000000 ---p 00000000 00:00 0 
7fdea0000000-7fdea09bd000 rw-p 00000000 00:00 0 
7fdea09bd000-7fdea4000000 ---p 00000000 00:00 0 
7fdea4000000-7fdea4d09000 rw-p 00000000 00:00 0 
7fdea4d09000-7fdea8000000 ---p 00000000 00:00 0 
7fdea8000000-7fdea8021000 rw-p 00000000 00:00 0 
7fdea8021000-7fdeac000000 ---p 00000000 00:00 0 
7fdeac000000-7fdeac021000 rw-p 00000000 00:00 0 
7fdeac021000-7fdeb0000000 ---p 00000000 00:00 0 
7fdeb0000000-7fdeb0021000 rw-p 00000000 00:00 0 
7fdeb0021000-7fdeb4000000 ---p 00000000 00:00 0 
7fdeb6000000-7fdec3e70000 r--p 00000000 00:22 1467629                    /usr/lib/locale/locale-archive
7fdec4000000-7fdec4400000 rw-p 00000000 00:00 0 
7fdec4400000-7fdec4fe0000 rw-p 00000000 00:00 0 
7fdec4fe0000-7fdec5000000 ---p 00000000 00:00 0 
7fdec5000000-7fdec5020000 rw-p 00000000 00:00 0 
7fdec5020000-7fdec8000000 ---p 00000000 00:00 0 
7fdec8000000-7fdec8021000 rw-p 00000000 00:00 0 
7fdec8021000-7fdecc000000 ---p 00000000 00:00 0 
7fdecc000000-7fdecc021000 rw-p 00000000 00:00 0 
7fdecc021000-7fded0000000 ---p 00000000 00:00 0 
7fded0000000-7fded0021000 rw-p 00000000 00:00 0 
7fded0021000-7fded4000000 ---p 00000000 00:00 0 
7fded4000000-7fded4021000 rw-p 00000000 00:00 0 
7fded4021000-7fded8000000 ---p 00000000 00:00 0 
7fded8000000-7fded8021000 rw-p 00000000 00:00 0 
7fded8021000-7fdedc000000 ---p 00000000 00:00 0 
7fdedc000000-7fdedc021000 rw-p 00000000 00:00 0 
7fdedc021000-7fdee0000000 ---p 00000000 00:00 0 
7fdee0000000-7fdee0021000 rw-p 00000000 00:00 0 
7fdee0021000-7fdee4000000 ---p 00000000 00:00 0 
7fdee4000000-7fdee4021000 rw-p 00000000 00:00 0 
7fdee4021000-7fdee8000000 ---p 00000000 00:00 0 
7fdee8000000-7fdee8021000 rw-p 00000000 00:00 0 
7fdee8021000-7fdeec000000 ---p 00000000 00:00 0 
7fdeec7fc000-7fdeec7fd000 ---p 00000000 00:00 0 
7fdeec7fd000-7fdeec8fd000 rw-p 00000000 00:00 0 
7fdeec8fd000-7fdeec8fe000 ---p 00000000 00:00 0 
7fdeec8fe000-7fdeec9fe000 rw-p 00000000 00:00 0 
7fdeec9fe000-7fdeec9ff000 ---p 00000000 00:00 0 
7fdeec9ff000-7fdeecaff000 rw-p 00000000 00:00 0 
7fdeecaff000-7fdeecb00000 ---p 00000000 00:00 0 
7fdeecb00000-7fdeecc00000 rw-p 00000000 00:00 0 
7fdeecc00000-7fdeecc03000 r-xp 00000000 00:2b 207                        /tmp/jansi-2.4.2-d5b254259c9f1686-libjansi.so
7fdeecc03000-7fdeece02000 ---p 00003000 00:2b 207                        /tmp/jansi-2.4.2-d5b254259c9f1686-libjansi.so
7fdeece02000-7fdeece03000 r--p 00002000 00:2b 207                        /tmp/jansi-2.4.2-d5b254259c9f1686-libjansi.so
7fdeece03000-7fdeece04000 rw-p 00003000 00:2b 207                        /tmp/jansi-2.4.2-d5b254259c9f1686-libjansi.so
7fdeecefb000-7fdeecefc000 ---p 00000000 00:00 0 
7fdeecefc000-7fdeecffc000 rw-p 00000000 00:00 0 
7fdeecffc000-7fdeed000000 ---p 00000000 00:00 0 
7fdeed000000-7fdeed0fc000 rw-p 00000000 00:00 0 
7fdeed0fc000-7fdeed100000 ---p 00000000 00:00 0 
7fdeed100000-7fdeed1fc000 rw-p 00000000 00:00 0 
7fdeed1fc000-7fdeed200000 ---p 00000000 00:00 0 
7fdeed200000-7fdeed2fc000 rw-p 00000000 00:00 0 
7fdeed2fc000-7fdeed300000 ---p 00000000 00:00 0 
7fdeed300000-7fdeed3fc000 rw-p 00000000 00:00 0 
7fdeed3fc000-7fdeed400000 ---p 00000000 00:00 0 
7fdeed400000-7fdeed4fc000 rw-p 00000000 00:00 0 
7fdeed4fc000-7fdeed500000 ---p 00000000 00:00 0 
7fdeed500000-7fdeed5fc000 rw-p 00000000 00:00 0 
7fdeed5fc000-7fdeed600000 ---p 00000000 00:00 0 
7fdeed600000-7fdeed6fc000 rw-p 00000000 00:00 0 
7fdeed6fc000-7fdeed700000 ---p 00000000 00:00 0 
7fdeed700000-7fdeed7fc000 rw-p 00000000 00:00 0 
7fdeed7fc000-7fdeed800000 ---p 00000000 00:00 0 
7fdeed800000-7fdeed8fc000 rw-p 00000000 00:00 0 
7fdeed8fc000-7fdeed900000 ---p 00000000 00:00 0 
7fdeed900000-7fdeed9fc000 rw-p 00000000 00:00 0 
7fdeed9fc000-7fdeed9fd000 ---p 00000000 00:00 0 
7fdeed9fd000-7fdeedafd000 rw-p 00000000 00:00 0 
7fdeedafd000-7fdeedafe000 ---p 00000000 00:00 0 
7fdeedafe000-7fdeedbfe000 rw-p 00000000 00:00 0 
7fdeedbfe000-7fdeedbff000 ---p 00000000 00:00 0 
7fdeedbff000-7fdeedc03000 ---p 00000000 00:00 0 
7fdeedc03000-7fdeedcff000 rw-p 00000000 00:00 0 
7fdeedcff000-7fdeedd00000 ---p 00000000 00:00 0 
7fdeedd00000-7fdeede00000 rw-p 00000000 00:00 0 
7fdeede00000-7fdef0260000 rw-p 00000000 00:00 0 
7fdef0260000-7fdef43f0000 ---p 00000000 00:00 0 
7fdef43f0000-7fdef4400000 rw-p 00000000 00:00 0 
7fdef4400000-7fdef4c90000 rwxp 00000000 00:00 0 
7fdef4c90000-7fdefb937000 ---p 00000000 00:00 0 
7fdefb937000-7fdefbba7000 rwxp 00000000 00:00 0 
7fdefbba7000-7fdefbec8000 ---p 00000000 00:00 0 
7fdefbec8000-7fdefc138000 rwxp 00000000 00:00 0 
7fdefc138000-7fdf03400000 ---p 00000000 00:00 0 
7fdf03400000-7fdf0bf19000 r--s 00000000 00:22 383272                     /usr/lib/apache-netbeans/jdk/lib/modules
7fdf0bf39000-7fdf0bf40000 r--s 00000000 00:22 1505679                    /usr/lib64/gconv/gconv-modules.cache
7fdf0bf40000-7fdf0bf44000 r--p 00000000 00:22 383270                     /usr/lib/apache-netbeans/jdk/lib/libverify.so
7fdf0bf44000-7fdf0bf4d000 r-xp 00004000 00:22 383270                     /usr/lib/apache-netbeans/jdk/lib/libverify.so
7fdf0bf4d000-7fdf0bf4f000 r--p 0000d000 00:22 383270                     /usr/lib/apache-netbeans/jdk/lib/libverify.so
7fdf0bf4f000-7fdf0bf51000 r--p 0000e000 00:22 383270                     /usr/lib/apache-netbeans/jdk/lib/libverify.so
7fdf0bf51000-7fdf0bf52000 rw-p 00010000 00:22 383270                     /usr/lib/apache-netbeans/jdk/lib/libverify.so
7fdf0bf52000-7fdf0bf54000 r--p 00000000 00:22 383271                     /usr/lib/apache-netbeans/jdk/lib/libzip.so
7fdf0bf54000-7fdf0bf66000 r-xp 00002000 00:22 383271                     /usr/lib/apache-netbeans/jdk/lib/libzip.so
7fdf0bf66000-7fdf0bf6e000 r--p 00014000 00:22 383271                     /usr/lib/apache-netbeans/jdk/lib/libzip.so
7fdf0bf6e000-7fdf0bf6f000 r--p 0001b000 00:22 383271                     /usr/lib/apache-netbeans/jdk/lib/libzip.so
7fdf0bf6f000-7fdf0bf70000 rw-p 0001c000 00:22 383271                     /usr/lib/apache-netbeans/jdk/lib/libzip.so
7fdf0bf70000-7fdf0bf73000 r--p 00000000 00:22 383261                     /usr/lib/apache-netbeans/jdk/lib/libnet.so
7fdf0bf73000-7fdf0bf7b000 r-xp 00003000 00:22 383261                     /usr/lib/apache-netbeans/jdk/lib/libnet.so
7fdf0bf7b000-7fdf0bf7d000 r--p 0000b000 00:22 383261                     /usr/lib/apache-netbeans/jdk/lib/libnet.so
7fdf0bf7d000-7fdf0bf7e000 r--p 0000c000 00:22 383261                     /usr/lib/apache-netbeans/jdk/lib/libnet.so
7fdf0bf7e000-7fdf0bf7f000 rw-p 0000d000 00:22 383261                     /usr/lib/apache-netbeans/jdk/lib/libnet.so
7fdf0bf7f000-7fdf0c994000 rw-p 00000000 00:00 0 
7fdf0c994000-7fdf10000000 ---p 00000000 00:00 0 
7fdf10004000-7fdf1000c000 r--p 00000000 00:22 383262                     /usr/lib/apache-netbeans/jdk/lib/libnio.so
7fdf1000c000-7fdf10015000 r-xp 00008000 00:22 383262                     /usr/lib/apache-netbeans/jdk/lib/libnio.so
7fdf10015000-7fdf10019000 r--p 00011000 00:22 383262                     /usr/lib/apache-netbeans/jdk/lib/libnio.so
7fdf10019000-7fdf1001a000 r--p 00015000 00:22 383262                     /usr/lib/apache-netbeans/jdk/lib/libnio.so
7fdf1001a000-7fdf1001b000 rw-p 00016000 00:22 383262                     /usr/lib/apache-netbeans/jdk/lib/libnio.so
7fdf1001b000-7fdf1001c000 r--p 00000000 00:22 383267                     /usr/lib/apache-netbeans/jdk/lib/libsimdsort.so
7fdf1001c000-7fdf10055000 r-xp 00001000 00:22 383267                     /usr/lib/apache-netbeans/jdk/lib/libsimdsort.so
7fdf10055000-7fdf1005b000 r--p 0003a000 00:22 383267                     /usr/lib/apache-netbeans/jdk/lib/libsimdsort.so
7fdf1005b000-7fdf1005c000 r--p 0003f000 00:22 383267                     /usr/lib/apache-netbeans/jdk/lib/libsimdsort.so
7fdf1005c000-7fdf1005d000 rw-p 00040000 00:22 383267                     /usr/lib/apache-netbeans/jdk/lib/libsimdsort.so
7fdf1005d000-7fdf100f9000 rw-p 00000000 00:00 0 
7fdf100f9000-7fdf100fa000 ---p 00000000 00:00 0 
7fdf100fa000-7fdf101fa000 rw-p 00000000 00:00 0 
7fdf101fa000-7fdf10a02000 rw-p 00000000 00:00 0 
7fdf10a02000-7fdf10a03000 ---p 00000000 00:00 0 
7fdf10a03000-7fdf10b03000 rw-p 00000000 00:00 0 
7fdf10b03000-7fdf10b04000 ---p 00000000 00:00 0 
7fdf10b04000-7fdf10c04000 rw-p 00000000 00:00 0 
7fdf10c04000-7fdf10c05000 ---p 00000000 00:00 0 
7fdf10c05000-7fdf10d05000 rw-p 00000000 00:00 0 
7fdf10d05000-7fdf10dfe000 rw-p 00000000 00:00 0 
7fdf10dfe000-7fdf11630000 ---p 00000000 00:00 0 
7fdf11630000-7fdf116be000 rw-p 00000000 00:00 0 
7fdf116be000-7fdf11ef0000 ---p 00000000 00:00 0 
7fdf11ef0000-7fdf12723000 rw-p 00000000 00:00 0 
7fdf12723000-7fdf12809000 ---p 00000000 00:00 0 
7fdf12809000-7fdf1280e000 rw-p 00000000 00:00 0 
7fdf1280e000-7fdf12815000 ---p 00000000 00:00 0 
7fdf12815000-7fdf12827000 rw-p 00000000 00:00 0 
7fdf12827000-7fdf12900000 ---p 00000000 00:00 0 
7fdf12900000-7fdf12904000 ---p 00000000 00:00 0 
7fdf12904000-7fdf12a00000 rw-p 00000000 00:00 0 
7fdf12a00000-7fdf12ce2000 r--p 00000000 00:22 383285                     /usr/lib/apache-netbeans/jdk/lib/server/libjvm.so
7fdf12ce2000-7fdf13ce2000 r-xp 002e2000 00:22 383285                     /usr/lib/apache-netbeans/jdk/lib/server/libjvm.so
7fdf13ce2000-7fdf13ff2000 r--p 012e2000 00:22 383285                     /usr/lib/apache-netbeans/jdk/lib/server/libjvm.so
7fdf13ff2000-7fdf140dd000 r--p 015f2000 00:22 383285                     /usr/lib/apache-netbeans/jdk/lib/server/libjvm.so
7fdf140dd000-7fdf14108000 rw-p 016dd000 00:22 383285                     /usr/lib/apache-netbeans/jdk/lib/server/libjvm.so
7fdf14108000-7fdf14184000 rw-p 00000000 00:00 0 
7fdf14185000-7fdf14193000 r--p 00000000 00:22 383247                     /usr/lib/apache-netbeans/jdk/lib/libjava.so
7fdf14193000-7fdf141a1000 r-xp 0000e000 00:22 383247                     /usr/lib/apache-netbeans/jdk/lib/libjava.so
7fdf141a1000-7fdf141a6000 r--p 0001c000 00:22 383247                     /usr/lib/apache-netbeans/jdk/lib/libjava.so
7fdf141a6000-7fdf141a7000 r--p 00021000 00:22 383247                     /usr/lib/apache-netbeans/jdk/lib/libjava.so
7fdf141a7000-7fdf141a8000 rw-p 00022000 00:22 383247                     /usr/lib/apache-netbeans/jdk/lib/libjava.so
7fdf141a8000-7fdf141a9000 rw-p 00000000 00:00 0 
7fdf141a9000-7fdf141ad000 r--p 00000000 00:22 383251                     /usr/lib/apache-netbeans/jdk/lib/libjimage.so
7fdf141ad000-7fdf141c5000 r-xp 00004000 00:22 383251                     /usr/lib/apache-netbeans/jdk/lib/libjimage.so
7fdf141c5000-7fdf141cb000 r--p 0001c000 00:22 383251                     /usr/lib/apache-netbeans/jdk/lib/libjimage.so
7fdf141cb000-7fdf141cd000 r--p 00021000 00:22 383251                     /usr/lib/apache-netbeans/jdk/lib/libjimage.so
7fdf141cd000-7fdf141ce000 rw-p 00023000 00:22 383251                     /usr/lib/apache-netbeans/jdk/lib/libjimage.so
7fdf141ce000-7fdf1424b000 r-xp 00000000 00:22 1467676                    /usr/lib64/libm.so.6
7fdf1424b000-7fdf142bb000 r--p 0007d000 00:22 1467676                    /usr/lib64/libm.so.6
7fdf142bb000-7fdf142bc000 r--p 000ec000 00:22 1467676                    /usr/lib64/libm.so.6
7fdf142bc000-7fdf142bd000 rw-p 000ed000 00:22 1467676                    /usr/lib64/libm.so.6
7fdf142bd000-7fdf142be000 r-xp 00000000 00:22 1467684                    /usr/lib64/librt.so.1
7fdf142be000-7fdf142bf000 r--p 00001000 00:22 1467684                    /usr/lib64/librt.so.1
7fdf142bf000-7fdf142c0000 r--p 00001000 00:22 1467684                    /usr/lib64/librt.so.1
7fdf142c0000-7fdf142c3000 rw-p 00000000 00:00 0 
7fdf142c3000-7fdf142c4000 r-xp 00000000 00:22 1467682                    /usr/lib64/libpthread.so.0
7fdf142c4000-7fdf142c5000 r--p 00001000 00:22 1467682                    /usr/lib64/libpthread.so.0
7fdf142c5000-7fdf142c6000 r--p 00001000 00:22 1467682                    /usr/lib64/libpthread.so.0
7fdf142c6000-7fdf142c7000 rw-p 00000000 00:00 0 
7fdf142c7000-7fdf142c8000 r-xp 00000000 00:22 1467675                    /usr/lib64/libdl.so.2
7fdf142c8000-7fdf142c9000 r--p 00001000 00:22 1467675                    /usr/lib64/libdl.so.2
7fdf142c9000-7fdf142ca000 r--p 00001000 00:22 1467675                    /usr/lib64/libdl.so.2
7fdf142ca000-7fdf142cb000 rw-p 00000000 00:00 0 
7fdf142cb000-7fdf14439000 r-xp 00000000 00:22 1467674                    /usr/lib64/libc.so.6
7fdf14439000-7fdf144ae000 r--p 0016e000 00:22 1467674                    /usr/lib64/libc.so.6
7fdf144ae000-7fdf144b2000 r--p 001e2000 00:22 1467674                    /usr/lib64/libc.so.6
7fdf144b2000-7fdf144b4000 rw-p 001e6000 00:22 1467674                    /usr/lib64/libc.so.6
7fdf144b4000-7fdf144bc000 rw-p 00000000 00:00 0 
7fdf144c0000-7fdf144c1000 r-xp 00000000 00:22 1467686                    /usr/lib64/libutil.so.1
7fdf144c1000-7fdf144c2000 r--p 00001000 00:22 1467686                    /usr/lib64/libutil.so.1
7fdf144c2000-7fdf144c3000 r--p 00001000 00:22 1467686                    /usr/lib64/libutil.so.1
7fdf144c3000-7fdf144c4000 rw-p 00000000 00:00 0 
7fdf144c4000-7fdf144cc000 rw-s 00000000 00:2b 205                        /tmp/hsperfdata_bilal/7811
7fdf144cc000-7fdf144cd000 ---p 00000000 00:00 0 
7fdf144cd000-7fdf144ce000 r--p 00000000 00:00 0 
7fdf144ce000-7fdf144cf000 ---p 00000000 00:00 0 
7fdf144cf000-7fdf144d2000 r--p 00000000 00:22 383252                     /usr/lib/apache-netbeans/jdk/lib/libjli.so
7fdf144d2000-7fdf144e3000 r-xp 00003000 00:22 383252                     /usr/lib/apache-netbeans/jdk/lib/libjli.so
7fdf144e3000-7fdf144ea000 r--p 00014000 00:22 383252                     /usr/lib/apache-netbeans/jdk/lib/libjli.so
7fdf144ea000-7fdf144eb000 r--p 0001a000 00:22 383252                     /usr/lib/apache-netbeans/jdk/lib/libjli.so
7fdf144eb000-7fdf144ec000 rw-p 0001b000 00:22 383252                     /usr/lib/apache-netbeans/jdk/lib/libjli.so
7fdf144ec000-7fdf144ee000 rw-p 00000000 00:00 0 
7fdf144ee000-7fdf144f0000 r--p 00000000 00:00 0                          [vvar]
7fdf144f0000-7fdf144f2000 r--p 00000000 00:00 0                          [vvar_vclock]
7fdf144f2000-7fdf144f4000 r-xp 00000000 00:00 0                          [vdso]
7fdf144f4000-7fdf1451d000 r-xp 00000000 00:22 1467671                    /usr/lib64/ld-linux-x86-64.so.2
7fdf1451d000-7fdf14528000 r--p 00029000 00:22 1467671                    /usr/lib64/ld-linux-x86-64.so.2
7fdf14528000-7fdf1452a000 r--p 00034000 00:22 1467671                    /usr/lib64/ld-linux-x86-64.so.2
7fdf1452a000-7fdf1452b000 rw-p 00036000 00:22 1467671                    /usr/lib64/ld-linux-x86-64.so.2
7fdf1452b000-7fdf1452c000 rw-p 00000000 00:00 0 
7ffe5fac9000-7ffe5faea000 rw-p 00000000 00:00 0                          [stack]
ffffffffff600000-ffffffffff601000 --xp 00000000 00:00 0                  [vsyscall]
Total number of mappings: 233

JVMTI agents: none


VM Arguments:
jvm_args: --enable-native-access=ALL-UNNAMED -Dclassworlds.conf=/usr/lib/apache-netbeans/java/maven/bin/m2.conf -Dmaven.home=/usr/lib/apache-netbeans/java/maven -Dlibrary.jansi.path=/usr/lib/apache-netbeans/java/maven/lib/jansi-native -Dmaven.multiModuleProjectDirectory=/home/bilal/NetBeansProjects/Project-UAS-PBO-Restaurant 
java_command: org.codehaus.plexus.classworlds.launcher.Launcher -Dnetbeans.deploy=true -Dexec.vmArgs= -Dexec.appArgs= -Dmaven.ext.class.path=/usr/lib/apache-netbeans/java/maven-nblib/netbeans-eventspy.jar --no-transfer-progress package
java_class_path (initial): /usr/lib/apache-netbeans/java/maven/boot/plexus-classworlds-2.9.0.jar
Launcher Type: SUN_STANDARD

[Global flags]
     intx CICompilerCount                          = 4                                         {product} {ergonomic}
     uint ConcGCThreads                            = 2                                         {product} {ergonomic}
     uint G1ConcRefinementThreads                  = 8                                         {product} {ergonomic}
   size_t G1HeapRegionSize                         = 4194304                                   {product} {ergonomic}
   size_t InitialHeapSize                          = 293601280                                 {product} {ergonomic}
   size_t MarkStackSize                            = 4194304                                   {product} {ergonomic}
   size_t MarkStackSizeMax                         = 536870912                                 {product} {ergonomic}
   size_t MaxHeapSize                              = 4697620480                                {product} {ergonomic}
   size_t MaxNewSize                               = 2818572288                                {product} {ergonomic}
   size_t MinHeapDeltaBytes                        = 4194304                                   {product} {ergonomic}
   size_t MinHeapSize                              = 8388608                                   {product} {ergonomic}
    uintx NonNMethodCodeHeapSize                   = 5836800                                {pd product} {ergonomic}
    uintx NonProfiledCodeHeapSize                  = 122912768                              {pd product} {ergonomic}
    uintx ProfiledCodeHeapSize                     = 122908672                              {pd product} {ergonomic}
    uintx ReservedCodeCacheSize                    = 251658240                              {pd product} {ergonomic}
     bool SegmentedCodeCache                       = true                                      {product} {ergonomic}
   size_t SoftMaxHeapSize                          = 4697620480                             {manageable} {ergonomic}
     bool UseCompressedOops                        = true                           {product lp64_product} {ergonomic}
     bool UseG1GC                                  = true                                      {product} {ergonomic}

Logging:
Log output configuration:
 #0: stdout all=warning uptime,level,tags foldmultilines=false
 #1: stderr all=off uptime,level,tags foldmultilines=false

Release file:
IMPLEMENTOR="Eclipse Adoptium"
IMPLEMENTOR_VERSION="Temurin-25.0.1+8"
JAVA_RUNTIME_VERSION="25.0.1+8-LTS"
JAVA_VERSION="25.0.1"
JAVA_VERSION_DATE="2025-10-21"
LIBC="gnu"
MODULES="java.base java.compiler java.datatransfer java.xml java.prefs java.desktop java.instrument java.logging java.management java.security.sasl java.naming java.rmi java.management.rmi java.net.http java.scripting java.security.jgss java.transaction.xa java.sql java.sql.rowset java.xml.crypto java.se java.smartcardio jdk.accessibility jdk.internal.jvmstat jdk.attach jdk.charsets jdk.internal.opt jdk.zipfs jdk.compiler jdk.crypto.cryptoki jdk.crypto.ec jdk.dynalink jdk.internal.ed jdk.editpad jdk.internal.vm.ci jdk.graal.compiler jdk.graal.compiler.management jdk.hotspot.agent jdk.httpserver jdk.incubator.vector jdk.internal.le jdk.internal.md jdk.jartool jdk.javadoc jdk.jcmd jdk.management jdk.management.agent jdk.jconsole jdk.jdeps jdk.jdwp.agent jdk.jdi jdk.jfr jdk.jlink jdk.jpackage jdk.jshell jdk.jsobject jdk.jstatd jdk.localedata jdk.management.jfr jdk.naming.dns jdk.naming.rmi jdk.net jdk.nio.mapmode jdk.sctp jdk.security.auth jdk.security.jgss jdk.unsupported jdk.unsupported.desktop jdk.xml.dom"
OS_ARCH="x86_64"
OS_NAME="Linux"
SOURCE=".:git:61d6a2c1b35e"
BUILD_SOURCE="git:839fa0b45d809157cffd3dc8515aad262a4a1776"
BUILD_SOURCE_REPO="https://github.com/adoptium/temurin-build.git"
SOURCE_REPO="https://github.com/adoptium/jdk25u.git"
FULL_VERSION="25.0.1+8-LTS"
SEMANTIC_VERSION="25.0.1+8"
BUILD_INFO="OS: Linux Version: 6.8.0-1036-azure"
JVM_VARIANT="Hotspot"
JVM_VERSION="25.0.1+8-LTS"
IMAGE_TYPE="JDK"

Environment Variables:
JAVA_HOME=/usr/lib/apache-netbeans/jdk
PATH=/home/bilal/.local/bin:/home/bilal/bin:/usr/local/bin:/usr/bin:/var/lib/snapd/snap/bin:/usr/local/sbin
USERNAME=bilal
SHELL=/bin/bash
DISPLAY=:0
LANG=en_US.UTF-8

Active Locale:
LC_ALL=en_US.UTF-8
LC_COLLATE=en_US.UTF-8
LC_CTYPE=en_US.UTF-8
LC_MESSAGES=en_US.UTF-8
LC_MONETARY=en_US.UTF-8
LC_NUMERIC=en_US.UTF-8
LC_TIME=en_US.UTF-8

Signal Handlers:
   SIGSEGV: crash_handler in libjvm.so, mask=11100100010111111101111111111110, flags=SA_RESTART|SA_SIGINFO, unblocked
    SIGBUS: crash_handler in libjvm.so, mask=11100100010111111101111111111110, flags=SA_RESTART|SA_SIGINFO, unblocked
    SIGFPE: crash_handler in libjvm.so, mask=11100100010111111101111111111110, flags=SA_RESTART|SA_SIGINFO, unblocked
   SIGPIPE: javaSignalHandler in libjvm.so, mask=11100100010111111101111111111110, flags=SA_RESTART|SA_SIGINFO, blocked
   SIGXFSZ: javaSignalHandler in libjvm.so, mask=11100100010111111101111111111110, flags=SA_RESTART|SA_SIGINFO, blocked
    SIGILL: crash_handler in libjvm.so, mask=11100100010111111101111111111110, flags=SA_RESTART|SA_SIGINFO, unblocked
   SIGUSR2: SR_handler in libjvm.so, mask=00000000000000000000000000000000, flags=SA_RESTART|SA_SIGINFO, blocked
    SIGHUP: UserHandler in libjvm.so, mask=11100100010111111101111111111110, flags=SA_RESTART|SA_SIGINFO, blocked
    SIGINT: SIG_IGN, mask=00000000000000000000000000000000, flags=none, blocked
   SIGTERM: UserHandler in libjvm.so, mask=11100100010111111101111111111110, flags=SA_RESTART|SA_SIGINFO, blocked
   SIGQUIT: UserHandler in libjvm.so, mask=11100100010111111101111111111110, flags=SA_RESTART|SA_SIGINFO, blocked
   SIGTRAP: crash_handler in libjvm.so, mask=11100100010111111101111111111110, flags=SA_RESTART|SA_SIGINFO, unblocked


Compilation memory statistics disabled.

Periodic native trim disabled

---------------  S Y S T E M  ---------------

OS:
Fedora release 42 (Adams)
uname: Linux 6.14.0-63.fc42.x86_64 #1 SMP PREEMPT_DYNAMIC Mon Mar 24 19:53:37 UTC 2025 x86_64
OS uptime: 0 days 0:17 hours
libc: glibc 2.41 NPTL 2.41 
rlimit (soft/hard): STACK 8192k/infinity , CORE infinity/infinity , NPROC 71241/71241 , NOFILE 524288/524288 , AS infinity/infinity , CPU infinity/infinity , DATA infinity/infinity , FSIZE infinity/infinity , MEMLOCK 8192k/8192k
load average: 2.20 2.66 1.76

/proc/meminfo:
MemTotal:       18336688 kB
MemFree:         2823576 kB
MemAvailable:    9848020 kB
Buffers:            6520 kB
Cached:         10524204 kB
SwapCached:            0 kB
Active:         11686388 kB
Inactive:        2938400 kB
Active(anon):    7406356 kB
Inactive(anon):        0 kB
Active(file):    4280032 kB
Inactive(file):  2938400 kB
Unevictable:        5840 kB
Mlocked:            5840 kB
SwapTotal:       8388604 kB
SwapFree:        8388604 kB
Zswap:                 0 kB
Zswapped:              0 kB
Dirty:              5644 kB
Writeback:             0 kB
AnonPages:       4100072 kB
Mapped:          1108272 kB
Shmem:           3307364 kB
KReclaimable:     144388 kB
Slab:             345088 kB
SReclaimable:     144388 kB
SUnreclaim:       200700 kB
KernelStack:       23792 kB
PageTables:        59372 kB
SecPageTables:      4168 kB
NFS_Unstable:          0 kB
Bounce:                0 kB
WritebackTmp:          0 kB
CommitLimit:    17556948 kB
Committed_AS:   18236456 kB
VmallocTotal:   34359738367 kB
VmallocUsed:      120332 kB
VmallocChunk:          0 kB
Percpu:             8416 kB
HardwareCorrupted:     0 kB
AnonHugePages:         0 kB
ShmemHugePages:        0 kB
ShmemPmdMapped:        0 kB
FileHugePages:         0 kB
FilePmdMapped:         0 kB
CmaTotal:              0 kB
CmaFree:               0 kB
Unaccepted:            0 kB
HugePages_Total:       0
HugePages_Free:        0
HugePages_Rsvd:        0
HugePages_Surp:        0
Hugepagesize:       2048 kB
Hugetlb:               0 kB
DirectMap4k:      466516 kB
DirectMap2M:    16244736 kB
DirectMap1G:     3145728 kB

/sys/kernel/mm/transparent_hugepage/enabled: always [madvise] never
/sys/kernel/mm/transparent_hugepage/hpage_pmd_size: 2097152
/sys/kernel/mm/transparent_hugepage/shmem_enabled: always within_size advise [never] deny force
/sys/kernel/mm/transparent_hugepage/defrag (defrag/compaction efforts parameter): always defer defer+madvise [madvise] never

Process Memory:
Virtual Size: 8104892K (peak: 8170400K)
Resident Set Size: 262992K (peak: 262992K) (anon: 236160K, file: 26832K, shmem: 0K)
Swapped out: 0K
C-Heap outstanding allocations: 74980K, retained: 9003K
glibc malloc tunables: (default)

/proc/sys/kernel/threads-max (system-wide limit on the number of threads): 142482
/proc/sys/vm/max_map_count (maximum number of memory map areas a process may have): 1048576
/proc/sys/vm/swappiness (control to define how aggressively the kernel swaps out anonymous memory): 60
/proc/sys/kernel/pid_max (system-wide limit on number of process identifiers): 4194304

container information not found.
Steal ticks since vm start: 0
Steal ticks percentage since vm start:  0.000

CPU: total 8 (initial active 8) (8 cores per cpu, 2 threads per core) family 23 model 24 stepping 1 microcode 0x8108109, cx8, cmov, fxsr, ht, mmx, 3dnowpref, sse, sse2, sse3, ssse3, sse4a, sse4.1, sse4.2, popcnt, lzcnt, tsc, tscinvbit, avx, avx2, aes, clmul, bmi1, bmi2, adx, sha, fma, vzeroupper, clflush, clflushopt, rdtscp, f16c
CPU Model and flags from /proc/cpuinfo:
model name	: AMD Ryzen 5 3500U with Radeon Vega Mobile Gfx
flags		: fpu vme de pse tsc msr pae mce cx8 apic sep mtrr pge mca cmov pat pse36 clflush mmx fxsr sse sse2 ht syscall nx mmxext fxsr_opt pdpe1gb rdtscp lm constant_tsc rep_good nopl nonstop_tsc cpuid extd_apicid aperfmperf rapl pni pclmulqdq monitor ssse3 fma cx16 sse4_1 sse4_2 movbe popcnt aes xsave avx f16c rdrand lahf_lm cmp_legacy svm extapic cr8_legacy abm sse4a misalignsse 3dnowprefetch osvw skinit wdt tce topoext perfctr_core perfctr_nb bpext perfctr_llc mwaitx cpb hw_pstate ssbd ibpb vmmcall fsgsbase bmi1 avx2 smep bmi2 rdseed adx smap clflushopt sha_ni xsaveopt xsavec xgetbv1 clzero irperf xsaveerptr arat npt lbrv svm_lock nrip_save tsc_scale vmcb_clean flushbyasid decodeassists pausefilter pfthreshold avic v_vmsave_vmload vgif overflow_recov succor smca sev sev_es

Online cpus: 0-7
Offline cpus: 
BIOS frequency limitation: 2100000
Frequency switch latency (ns): 0
Available cpu frequencies: 2100000 1700000 1400000 
Current governor: schedutil
Core performance/turbo boost: 1

Memory: 4k page, physical 18336688k(9848020k free), swap 8388604k(8388604k free)
Page Sizes: 4k

vm_info: OpenJDK 64-Bit Server VM (25.0.1+8-LTS) for linux-amd64 JRE (25.0.1+8-LTS), built on 2025-10-21T00:00:00Z with gcc 14.2.0

END.
