#
# A fatal error has been detected by the Java Runtime Environment:
#
#  SIGSEGV (0xb) at pc=0x00007fcefcb89ee5, pid=11935, tid=11990
#
# JRE version: OpenJDK Runtime Environment Temurin-25.0.1+8 (25.0.1+8) (build 25.0.1+8-LTS)
# Java VM: OpenJDK 64-Bit Server VM Temurin-25.0.1+8 (25.0.1+8-LTS, mixed mode, sharing, tiered, compressed oops, compressed class ptrs, g1 gc, linux-amd64)
# Problematic frame:
# V  [libjvm.so+0x989ee5]  Node_Backward_Iterator::next()+0x115
#
# Core dump will be written. Default location: Core dumps may be processed with "/usr/lib/systemd/systemd-coredump %P %u %g %s %t %c %h" (or dumping to /home/bilal/NetBeansProjects/Project-UAS-PBO-Restaurant/core.11935)
#
# If you would like to submit a bug report, please visit:
#   https://github.com/adoptium/adoptium-support/issues
#

---------------  S U M M A R Y ------------

Command Line: --enable-native-access=ALL-UNNAMED -Dclassworlds.conf=/usr/lib/apache-netbeans/java/maven/bin/m2.conf -Dmaven.home=/usr/lib/apache-netbeans/java/maven -Dlibrary.jansi.path=/usr/lib/apache-netbeans/java/maven/lib/jansi-native -Dmaven.multiModuleProjectDirectory=/home/bilal/NetBeansProjects/Project-UAS-PBO-Restaurant org.codehaus.plexus.classworlds.launcher.Launcher -Dmaven.ext.class.path=/usr/lib/apache-netbeans/java/maven-nblib/netbeans-eventspy.jar --no-transfer-progress clean install

Host: AMD Ryzen 5 3500U with Radeon Vega Mobile Gfx, 8 cores, 17G, Fedora release 42 (Adams)
Time: Thu Jan  8 14:33:17 2026 WIB elapsed time: 2.984702 seconds (0d 0h 0m 2s)

---------------  T H R E A D  ---------------

Current thread (0x00007fcef40d09b0):  JavaThread "C2 CompilerThread0" daemon [_thread_in_native, id=11990, stack(0x00007fcef8e68000,0x00007fcef8f68000) (1024K)]


Current CompileTask:
C2:2984 5372   !   4       jdk.internal.loader.BuiltinClassLoader::loadClassOrNull (143 bytes)

Stack: [0x00007fcef8e68000,0x00007fcef8f68000],  sp=0x00007fcef8f63f90,  free space=1007k
Native frames: (J=compiled Java code, j=interpreted, Vv=VM code, C=native code)
V  [libjvm.so+0x989ee5]  Node_Backward_Iterator::next()+0x115
V  [libjvm.so+0x98d1e9]  PhaseCFG::schedule_late(VectorSet&, Node_Stack&)+0x69
V  [libjvm.so+0x98d9f8]  PhaseCFG::global_code_motion()+0x1e8
V  [libjvm.so+0x98f44a]  PhaseCFG::do_global_code_motion()+0x4a
V  [libjvm.so+0x7375a6]  Compile::Code_Gen()+0x296
V  [libjvm.so+0x73a502]  Compile::Compile(ciEnv*, ciMethod*, int, Options, DirectiveSet*)+0x15f2
V  [libjvm.so+0x651a91]  C2Compiler::compile_method(ciEnv*, ciMethod*, int, bool, DirectiveSet*)+0x1c1
V  [libjvm.so+0x742601]  CompileBroker::invoke_compiler_on_method(CompileTask*)+0xb01
V  [libjvm.so+0x7438e8]  CompileBroker::compiler_thread_loop()+0x518
V  [libjvm.so+0xa3bd1e]  JavaThread::thread_main_inner()+0x1de
V  [libjvm.so+0x116ab9f]  Thread::call_run()+0x9f
V  [libjvm.so+0xe71cc6]  thread_native_entry(Thread*)+0xd6
C  [libc.so.6+0x71324]  start_thread+0x2e4

siginfo: si_signo: 11 (SIGSEGV), si_code: 1 (SEGV_MAPERR), si_addr: 0x0000000000000070

Registers:
RAX=0x0000000000000000, RBX=0x00007fce7c1312fa, RCX=0x00000000000c0000, RDX=0x0000000020000000
RSP=0x00007fcef8f63f90, RBP=0x00007fcef8f63fd0, RSI=0x00000000000002f6, RDI=0x00007fce7c1312fa
R8 =0x0000000000000002, R9 =0x0000000000000000, R10=0x00007fce88d2a9a8, R11=0x0000000000000017
R12=0x00007fcef8f63ff0, R13=0x00007fce7c12ec00, R14=0x0000000000000004, R15=0x0000000000000020
RIP=0x00007fcefcb89ee5, EFLAGS=0x0000000000010293, CSGSFS=0x002b000000000033, ERR=0x0000000000000004
  TRAPNO=0x000000000000000e

XMM[0]=0x0000000000000000 0x3fd39ac16c86cb8c
XMM[1]=0x0000000000000000 0x3fd39b41ece6a0e8
XMM[2]=0x0000000000000000 0x3fd39aa7b168ed1b
XMM[3]=0x0000000000000000 0x3fd39aa7b168ed1b
XMM[4]=0x0000000000000000 0x0000000000000002
XMM[5]=0x0000000000000000 0x00007fce882cfe60
XMM[6]=0x0000000000000000 0x0000000200000000
XMM[7]=0x00007fce8835c478 0x00007fce8834c460
XMM[8]=0x00007fcef4597b20 0x00007fcef4597b68
XMM[9]=0x00007fce7c14e558 0x00007fce7c14e628
XMM[10]=0x00007fce7c14e5c0 0x00007fce7c14e690
XMM[11]=0x00007fce7c14e4f0 0x00007fce7c14e488
XMM[12]=0xc19bf1749bdc06a7 0x80deb1fe72be5d74
XMM[13]=0x550c7dc3243185be 0x12835b01d807aa98
XMM[14]=0xab1c5ed5923f82a4 0x59f111f13956c25b
XMM[15]=0x0000000000000000 0x0000000000000000
  MXCSR=0x00001fa2


Register to memory mapping:

RAX=0x0 is null
RBX=0x00007fce7c1312fa points into unknown readable memory: 8b fd ce 7f 00 00
RCX=0x00000000000c0000 is an unknown value
RDX=0x0000000020000000 is an unknown value
RSP=0x00007fcef8f63f90 is pointing into the stack for thread: 0x00007fcef40d09b0
RBP=0x00007fcef8f63fd0 is pointing into the stack for thread: 0x00007fcef40d09b0
RSI=0x00000000000002f6 is an unknown value
RDI=0x00007fce7c1312fa points into unknown readable memory: 8b fd ce 7f 00 00
R8 =0x0000000000000002 is an unknown value
R9 =0x0 is null
R10=0x00007fce88d2a9a8 points into unknown readable memory: 0x0000000000000002 | 02 00 00 00 00 00 00 00
R11=0x0000000000000017 is an unknown value
R12=0x00007fcef8f63ff0 is pointing into the stack for thread: 0x00007fcef40d09b0
R13=0x00007fce7c12ec00 points into unknown readable memory: 0x00007fcefd8c0fb8 | b8 0f 8c fd ce 7f 00 00
R14=0x0000000000000004 is an unknown value
R15=0x0000000000000020 is an unknown value

Top of Stack: (sp=0x00007fcef8f63f90)
0x00007fcef8f63f90:   00007fce00000006 00007fce000002e7   ................
0x00007fcef8f63fa0:   00007fcef8f63fd0 0000000000000001   .?..............
0x00007fcef8f63fb0:   00007fce781708f0 00007fce8c1c4e90   ...x.....N......
0x00007fcef8f63fc0:   00007fcef459aa38 00007fcef8f64470   8.Y.....pD......
0x00007fcef8f63fd0:   00007fcef8f64040 00007fcefcb8d1e9   @@..............
0x00007fcef8f63fe0:   00007fce781727a8 00007fcef8f63ff0   .'.x.....?......
0x00007fcef8f63ff0:   00007fcef8f640e0 00007fcef8f64100   .@.......A......
0x00007fcef8f64000:   00007fcef8f64470 00007fcef8f640e0   pD.......@......
0x00007fcef8f64010:   0000000000010018 00007fcef40d13f0   ................
0x00007fcef8f64020:   00007fcef8f640e0 00007fcef8f64100   .@.......A......
0x00007fcef8f64030:   00007fcef8f64470 00007fce88d22aa8   pD.......*......
0x00007fcef8f64040:   00007fcef8f643f0 00007fcefcb8d9f8   .C..............
0x00007fcef8f64050:   0000000000010018 0000000000010000   ................
0x00007fcef8f64060:   00007fcef8f640d0 00007fcefc6c4d98   .@.......Ml.....
0x00007fcef8f64070:   00007fcef8f640e0 00007fcefc6c4e77   .@......wNl.....
0x00007fcef8f64080:   00007fce7c1a0530 00007fcef8f641f0   0..|.....A......
0x00007fcef8f64090:   00007fcef8f64100 00007fcefc6c4e77   .A......wNl.....
0x00007fcef8f640a0:   00007fcef8f640d0 00007fcefdb12238   .@......8"......
0x00007fcef8f640b0:   00007fce8c480870 00007fce8c487948   p.H.....HyH.....
0x00007fcef8f640c0:   000000000017dc58 00007fce8c488860   X.......`.H.....
0x00007fcef8f640d0:   00007fce8c480870 00007fce8c487948   p.H.....HyH.....
0x00007fcef8f640e0:   0000020000000200 00007fce88d2a9a8   ................
0x00007fcef8f640f0:   00007fcef40d13f0 00007fcefdb1520b   .........R......
0x00007fcef8f64100:   00007fce884dd7e8 00007fce884e64f8   ..M......dN.....
0x00007fcef8f64110:   00007fce884dd6a8 00007fcef40d13f0   ..M.............
0x00007fcef8f64120:   000000000000d110 00007fce884bd660   ........`.K.....
0x00007fcef8f64130:   00007fcef8f64160 0000000000020018   `A..............
0x00007fcef8f64140:   0000000000000000 00007fcef8f641e0   .........A......
0x00007fcef8f64150:   000000000000000e 0000000000020000   ................
0x00007fcef8f64160:   00007fcef8f64180 00007fcefdb16172   .A......ra......
0x00007fcef8f64170:   0000000000020018 00007fce88000030   ........0.......
0x00007fcef8f64180:   00007fcef8f641c0 00007fcefd064cf8   .A.......L......

Instructions: (pc=0x00007fcefcb89ee5)
  0x00007fcefcb89de5:   48 8b 06 48 8d 48 10 48 2b 4e 10 48 c1 e9 04 85
  0x00007fcefcb89df5:   c9 0f 84 b6 01 00 00 48 8b 10 8b 48 08 49 89 fc
  0x00007fcefcb89e05:   49 89 d5 83 e2 01 49 83 e5 fe 88 55 c7 45 8b 75
  0x00007fcefcb89e15:   20 41 39 ce 44 0f 47 f1 48 83 e8 10 48 89 06 41
  0x00007fcefcb89e25:   8b 4d 28 4d 8b 3c 24 89 cb c1 eb 05 41 3b 1f 0f
  0x00007fcefcb89e35:   83 26 01 00 00 49 8b 47 08 ba 01 00 00 00 d3 e2
  0x00007fcefcb89e45:   4c 89 e9 09 14 98 41 8b 45 2c 83 e0 0f 83 f8 08
  0x00007fcefcb89e55:   75 07 49 8b 45 08 48 8b 08 49 8b 44 24 10 8b 49
  0x00007fcefcb89e65:   28 48 8b 80 88 00 00 00 48 8b 04 c8 8b 70 70 45
  0x00007fcefcb89e75:   85 f6 0f 84 fb 00 00 00 45 8d 7e ff 45 31 c9 4d
  0x00007fcefcb89e85:   89 fe 49 c1 e7 03 eb 07 0f 1f 00 41 83 ee 01 49
  0x00007fcefcb89e95:   8b 45 10 4a 8b 1c 38 49 8b 04 24 8b 4b 28 89 cf
  0x00007fcefcb89ea5:   c1 ef 05 3b 38 73 11 4c 8b 50 08 b8 01 00 00 00
  0x00007fcefcb89eb5:   d3 e0 41 23 04 ba 75 54 8b 43 2c 48 89 df 83 e0
  0x00007fcefcb89ec5:   0f 83 f8 08 75 0a 48 8b 43 08 48 8b 38 8b 4f 28
  0x00007fcefcb89ed5:   49 8b 44 24 10 48 8b 80 88 00 00 00 48 8b 04 c8
=>0x00007fcefcb89ee5:   8b 40 70 39 f0 72 25 39 c6 75 0b 8b 47 2c 83 e0
  0x00007fcefcb89ef5:   0f 83 f8 0c 74 16 48 89 df 89 75 c8 e8 7a 8a 4a
  0x00007fcefcb89f05:   00 49 89 d9 3a 45 c7 74 15 8b 75 c8 49 83 ef 08
  0x00007fcefcb89f15:   45 85 f6 0f 85 72 ff ff ff 4d 85 c9 74 55 49 8b
  0x00007fcefcb89f25:   5c 24 08 0f b6 45 c7 49 09 c5 48 8b 03 48 83 c0
  0x00007fcefcb89f35:   10 48 89 03 48 3b 43 08 73 51 4c 89 28 4d 89 cd
  0x00007fcefcb89f45:   44 89 70 08 45 8b 71 20 c6 45 c7 00 e9 ce fe ff
  0x00007fcefcb89f55:   ff 66 2e 0f 1f 84 00 00 00 00 00 89 de 4c 89 ff
  0x00007fcefcb89f65:   89 4d c8 e8 53 e6 84 00 8b 4d c8 e9 c5 fe ff ff
  0x00007fcefcb89f75:   0f 1f 00 80 7d c7 00 74 27 48 83 c4 18 4c 89 e8
  0x00007fcefcb89f85:   5b 41 5c 41 5d 41 5e 41 5f 5d c3 48 89 df 4c 89
  0x00007fcefcb89f95:   4d c8 e8 e4 ac 4a 00 48 8b 03 4c 8b 4d c8 eb 9a
  0x00007fcefcb89fa5:   c6 45 c7 01 45 8b 75 20 e9 72 fe ff ff 45 31 ed
  0x00007fcefcb89fb5:   eb c7 90 0f 1f 84 00 00 00 00 00 55 48 8d 05 41
  0x00007fcefcb89fc5:   77 d9 00 49 89 fa 48 89 f7 0f b6 00 48 89 e5 8b
  0x00007fcefcb89fd5:   75 10 84 c0 75 45 f2 0f 10 4f 08 f2 0f 10 15 f0


Stack slot to memory mapping:

stack at sp + 0 slots: 0x00007fce00000006 is an unknown value
stack at sp + 1 slots: 0x00007fce000002e7 is an unknown value
stack at sp + 2 slots: 0x00007fcef8f63fd0 is pointing into the stack for thread: 0x00007fcef40d09b0
stack at sp + 3 slots: 0x0000000000000001 is an unknown value
stack at sp + 4 slots: 0x00007fce781708f0 points into unknown readable memory: 0x00007fcefd7f4e08 | 08 4e 7f fd ce 7f 00 00
stack at sp + 5 slots: 0x00007fce8c1c4e90 points into unknown readable memory: 0x00007fcefd8b1d80 | 80 1d 8b fd ce 7f 00 00
stack at sp + 6 slots: 0x00007fcef459aa38 points into unknown readable memory: 0x00007fcefd861270 | 70 12 86 fd ce 7f 00 00
stack at sp + 7 slots: 0x00007fcef8f64470 is pointing into the stack for thread: 0x00007fcef40d09b0

Lock stack of current Java thread (top to bottom):


---------------  P R O C E S S  ---------------

Threads class SMR info:
_java_thread_list=0x00007fce8c47cc90, length=12, elements={
0x00007fcef402b650, 0x00007fcef40c8cb0, 0x00007fcef40c9ea0, 0x00007fcef40cba10,
0x00007fcef40cd330, 0x00007fcef40cebb0, 0x00007fcef40d09b0, 0x00007fcef40d23a0,
0x00007fcef410afb0, 0x00007fcef410d900, 0x00007fce8c086910, 0x00007fce8c47bdd0
}

Java Threads: ( => current thread )
  0x00007fcef402b650 JavaThread "main"                              [_thread_in_vm, id=11974, stack(0x00007fcefc100000,0x00007fcefc200000) (1024K)]
  0x00007fcef40c8cb0 JavaThread "Reference Handler"          daemon [_thread_blocked, id=11985, stack(0x00007fcef9587000,0x00007fcef9687000) (1024K)]
  0x00007fcef40c9ea0 JavaThread "Finalizer"                  daemon [_thread_blocked, id=11986, stack(0x00007fcef9268000,0x00007fcef9368000) (1024K)]
  0x00007fcef40cba10 JavaThread "Signal Dispatcher"          daemon [_thread_blocked, id=11987, stack(0x00007fcef9168000,0x00007fcef9268000) (1024K)]
  0x00007fcef40cd330 JavaThread "Service Thread"             daemon [_thread_blocked, id=11988, stack(0x00007fcef9068000,0x00007fcef9168000) (1024K)]
  0x00007fcef40cebb0 JavaThread "Monitor Deflation Thread"   daemon [_thread_blocked, id=11989, stack(0x00007fcef8f68000,0x00007fcef9068000) (1024K)]
=>0x00007fcef40d09b0 JavaThread "C2 CompilerThread0"         daemon [_thread_in_native, id=11990, stack(0x00007fcef8e68000,0x00007fcef8f68000) (1024K)]
  0x00007fcef40d23a0 JavaThread "C1 CompilerThread0"         daemon [_thread_blocked, id=11991, stack(0x00007fcef8d68000,0x00007fcef8e68000) (1024K)]
  0x00007fcef410afb0 JavaThread "Notification Thread"        daemon [_thread_blocked, id=11992, stack(0x00007fcef8c26000,0x00007fcef8d26000) (1024K)]
  0x00007fcef410d900 JavaThread "Common-Cleaner"             daemon [_thread_blocked, id=11993, stack(0x00007fcef8b26000,0x00007fcef8c26000) (1024K)]
  0x00007fce8c086910 JavaThread "C2 CompilerThread1"         daemon [_thread_blocked, id=11994, stack(0x00007fcef8a08000,0x00007fcef8b08000) (1024K)]
  0x00007fce8c47bdd0 JavaThread "C2 CompilerThread2"         daemon [_thread_blocked, id=11996, stack(0x00007fcef8908000,0x00007fcef8a08000) (1024K)]
Total: 12

Other Threads:
  0x00007fcef40bef10 VMThread "VM Thread"                           [id=11984, stack(0x00007fcef9486000,0x00007fcef9586000) (1024K)]
  0x00007fcef40ae9d0 WatcherThread "VM Periodic Task Thread"        [id=11983, stack(0x00007fcef9688000,0x00007fcef9788000) (1024K)]
  0x00007fcef4051af0 WorkerThread "GC Thread#0"                     [id=11975, stack(0x00007fcefa3c8000,0x00007fcefa4c8000) (1024K)]
  0x00007fceb0007c90 WorkerThread "GC Thread#1"                     [id=11997, stack(0x00007fcef8500000,0x00007fcef8600000) (1024K)]
  0x00007fceb0008930 WorkerThread "GC Thread#2"                     [id=11998, stack(0x00007fcef83ff000,0x00007fcef84ff000) (1024K)]
  0x00007fceb0009670 WorkerThread "GC Thread#3"                     [id=11999, stack(0x00007fcef82fe000,0x00007fcef83fe000) (1024K)]
  0x00007fceb000a3d0 WorkerThread "GC Thread#4"                     [id=12000, stack(0x00007fcef81fd000,0x00007fcef82fd000) (1024K)]
  0x00007fceb000b150 WorkerThread "GC Thread#5"                     [id=12001, stack(0x00007fcef80fc000,0x00007fcef81fc000) (1024K)]
  0x00007fceb0011a70 WorkerThread "GC Thread#6"                     [id=12002, stack(0x00007fced5d00000,0x00007fced5e00000) (1024K)]
  0x00007fceb0012600 WorkerThread "GC Thread#7"                     [id=12003, stack(0x00007fced5bff000,0x00007fced5cff000) (1024K)]
  0x00007fcef4060490 ConcurrentGCThread "G1 Main Marker"            [id=11976, stack(0x00007fcefa2c7000,0x00007fcefa3c7000) (1024K)]
  0x00007fcef4061660 WorkerThread "G1 Conc#0"                       [id=11977, stack(0x00007fcefa1c6000,0x00007fcefa2c6000) (1024K)]
  0x00007fcec8000cd0 WorkerThread "G1 Conc#1"                       [id=12004, stack(0x00007fced5afe000,0x00007fced5bfe000) (1024K)]
  0x00007fcef409fc70 ConcurrentGCThread "G1 Refine#0"               [id=11978, stack(0x00007fcef98bd000,0x00007fcef99bd000) (1024K)]
  0x00007fcef40a0e60 ConcurrentGCThread "G1 Service"                [id=11979, stack(0x00007fcef97bc000,0x00007fcef98bc000) (1024K)]
Total: 15

Threads with active compile tasks:
C2 CompilerThread0  3001 5372   !   4       jdk.internal.loader.BuiltinClassLoader::loadClassOrNull (143 bytes)
Total: 1

VM state: not at safepoint (normal execution)

VM Mutex/Monitor currently owned by a thread: None

Heap address: 0x00000006e8000000, size: 4480 MB, Compressed Oops mode: Zero based, Oop shift amount: 3

CDS archive(s) mapped at: [0x000000006c000000-0x000000006cd8c000-0x000000006cd8c000), size 14204928, SharedBaseAddress: 0x000000006c000000, ArchiveRelocationMode: 1.
Compressed class space mapped at: 0x000000006d000000-0x00000000ad000000, reserved size: 1073741824
UseCompressedClassPointers 1, UseCompactObjectHeaders 0
Narrow klass pointer bits 32, Max shift 3
Narrow klass base: 0x000000006c000000, Narrow klass shift: 0
Encoding Range: [0x000000006c000000 - 0x000000016c000000), (4294967296 bytes)
Klass Range:    [0x000000006c001000 - 0x00000000ad000000), (1090514944 bytes)
Klass ID Range:  [4096 - 1090519033) (1090514937)
Protection zone: [0x000000006c000000 - 0x000000006c001000), (4096 bytes)

GC Precious Log:
 CardTable entry size: 512
 Card Set container configuration: InlinePtr #cards 4 size 8 Array Of Cards #cards 32 size 80 Howl #buckets 8 coarsen threshold 7372 Howl Bitmap #cards 1024 size 144 coarsen threshold 921 Card regions per heap region 1 cards per card region 8192
 CPUs: 8 total, 8 available
 Memory: 17906M
 Large Page Support: Disabled
 NUMA Support: Disabled
 Compressed Oops: Enabled (Zero based)
 Heap Region Size: 4M
 Heap Min Capacity: 8M
 Heap Initial Capacity: 280M
 Heap Max Capacity: 4480M
 Pre-touch: Disabled
 Parallel Workers: 8
 Concurrent Workers: 2
 Concurrent Refinement Workers: 8
 Periodic GC: Disabled

Heap:
 garbage-first heap   total reserved 4587520K, committed 57344K, used 13443K [0x00000006e8000000, 0x0000000800000000)
  region size 4096K, 4 young (16384K), 3 survivors (12288K)

Heap Regions: E=young(eden), S=young(survivor), O=old, HS=humongous(starts), HC=humongous(continues), CS=collection set, F=free, TAMS=top-at-mark-start, PB=parsable bottom
|   0|0x00000006e8000000, 0x00000006e8000000, 0x00000006e8400000|  0%| F|  |TAMS 0x00000006e8000000| PB 0x00000006e8000000| Untracked |  0
|   1|0x00000006e8400000, 0x00000006e8400000, 0x00000006e8800000|  0%| F|  |TAMS 0x00000006e8400000| PB 0x00000006e8400000| Untracked |  0
|   2|0x00000006e8800000, 0x00000006e8800000, 0x00000006e8c00000|  0%| F|  |TAMS 0x00000006e8800000| PB 0x00000006e8800000| Untracked |  0
|   3|0x00000006e8c00000, 0x00000006e8c00000, 0x00000006e9000000|  0%| F|  |TAMS 0x00000006e8c00000| PB 0x00000006e8c00000| Untracked |  0
|   4|0x00000006e9000000, 0x00000006e9000000, 0x00000006e9400000|  0%| F|  |TAMS 0x00000006e9000000| PB 0x00000006e9000000| Untracked |  0
|   5|0x00000006e9400000, 0x00000006e9400000, 0x00000006e9800000|  0%| F|  |TAMS 0x00000006e9400000| PB 0x00000006e9400000| Untracked |  0
|   6|0x00000006e9800000, 0x00000006e9800000, 0x00000006e9c00000|  0%| F|  |TAMS 0x00000006e9800000| PB 0x00000006e9800000| Untracked |  0
|   7|0x00000006e9c00000, 0x00000006e9c00000, 0x00000006ea000000|  0%| F|  |TAMS 0x00000006e9c00000| PB 0x00000006e9c00000| Untracked |  0
|   8|0x00000006ea000000, 0x00000006ea000000, 0x00000006ea400000|  0%| F|  |TAMS 0x00000006ea000000| PB 0x00000006ea000000| Untracked |  0
|  38|0x00000006f1800000, 0x00000006f1c00000, 0x00000006f1c00000|100%| S|CS|TAMS 0x00000006f1800000| PB 0x00000006f1800000| Complete |  0
|  39|0x00000006f1c00000, 0x00000006f2000000, 0x00000006f2000000|100%| S|CS|TAMS 0x00000006f1c00000| PB 0x00000006f1c00000| Complete |  0
|  40|0x00000006f2000000, 0x00000006f2400000, 0x00000006f2400000|100%| S|CS|TAMS 0x00000006f2000000| PB 0x00000006f2000000| Complete |  0
|  69|0x00000006f9400000, 0x00000006f9600000, 0x00000006f9800000| 50%| E|  |TAMS 0x00000006f9400000| PB 0x00000006f9400000| Complete |  0
|1119|0x00000007ffc00000, 0x00000007ffd20fd8, 0x0000000800000000| 28%| O|Cm|TAMS 0x00000007ffc00000| PB 0x00000007ffc00000| Complete |  0

Card table byte_map: [0x00007fcefa535000,0x00007fcefadf5000] _byte_map_base: 0x00007fcef6df5000

Marking Bits: (CMBitMap*) 0x00007fcef4052740
 Bits: [0x00007fced7e00000, 0x00007fcedc400000)

Polling page: 0x00007fcefdc97000

Metaspace:
Metaspace        used 23071K, committed 23424K, reserved 1114112K
 class space     used 2217K, committed 2368K, reserved 1048576K

Usage:
  Non-class:     20.37 MB used.
      Class:      2.17 MB used.
       Both:     22.53 MB used.

Virtual space:
  Non-class space:       64.00 MB reserved,      20.56 MB ( 32%) committed,  1 nodes.
      Class space:        1.00 GB reserved,       2.31 MB ( <1%) committed,  1 nodes.
             Both:        1.06 GB reserved,      22.88 MB (  2%) committed. 

Chunk freelists:
   Non-Class:  11.28 MB
       Class:  13.73 MB
        Both:  25.02 MB

MaxMetaspaceSize: unlimited
CompressedClassSpaceSize: 1.00 GB
Initial GC threshold: 21.00 MB
Current GC threshold: 35.44 MB
CDS: on
 - commit_granule_bytes: 65536.
 - commit_granule_words: 8192.
 - virtual_space_node_default_size: 8388608.
 - enlarge_chunks_in_place: 1.
UseCompressedClassPointers 1, UseCompactObjectHeaders 0
Narrow klass pointer bits 32, Max shift 3
Narrow klass base: 0x000000006c000000, Narrow klass shift: 0
Encoding Range: [0x000000006c000000 - 0x000000016c000000), (4294967296 bytes)
Klass Range:    [0x000000006c001000 - 0x00000000ad000000), (1090514944 bytes)
Klass ID Range:  [4096 - 1090519033) (1090514937)
Protection zone: [0x000000006c000000 - 0x000000006c001000), (4096 bytes)


Internal statistics:

num_allocs_failed_limit: 3.
num_arena_births: 196.
num_arena_deaths: 0.
num_vsnodes_births: 2.
num_vsnodes_deaths: 0.
num_space_committed: 366.
num_space_uncommitted: 0.
num_chunks_returned_to_freelist: 3.
num_chunks_taken_from_freelist: 1008.
num_chunk_merges: 3.
num_chunk_splits: 726.
num_chunks_enlarged: 582.
num_inconsistent_stats: 0.

CodeHeap 'non-profiled nmethods': size=120032Kb used=1837Kb max_used=1837Kb free=118194Kb
 bounds [0x00007fcee3ec8000, 0x00007fcee4138000, 0x00007fceeb400000]
CodeHeap 'profiled nmethods': size=120028Kb used=8747Kb max_used=8747Kb free=111280Kb
 bounds [0x00007fcedc400000, 0x00007fcedcc90000, 0x00007fcee3937000]
CodeHeap 'non-nmethods': size=5700Kb used=1495Kb max_used=1629Kb free=4204Kb
 bounds [0x00007fcee3937000, 0x00007fcee3ba7000, 0x00007fcee3ec8000]
CodeCache: size=245760Kb, used=12079Kb, max_used=12213Kb, free=233678Kb
 total_blobs=5941, nmethods=5387, adapters=458, full_count=0
Compilation: enabled, stopped_count=0, restarted_count=0

Compilation events (20 events):
Event: 2.937 Thread 0x00007fcef40d23a0 5404       3       java.lang.invoke.LambdaProxyClassArchive::find (47 bytes)
Event: 2.938 Thread 0x00007fcef40d23a0 nmethod 5404 0x00007fcedcc85088 code [0x00007fcedcc85180, 0x00007fcedcc85768]
Event: 2.938 Thread 0x00007fcef40d23a0 5405       3       java.lang.invoke.LambdaProxyClassArchive::loadedByBuiltinLoader (22 bytes)
Event: 2.938 Thread 0x00007fcef40d23a0 nmethod 5405 0x00007fcedcc85788 code [0x00007fcedcc85880, 0x00007fcedcc85b48]
Event: 2.938 Thread 0x00007fcef40d23a0 5406       3       java.lang.invoke.LambdaMetafactory::metafactory (71 bytes)
Event: 2.939 Thread 0x00007fcef40d23a0 nmethod 5406 0x00007fcedcc85b88 code [0x00007fcedcc85c80, 0x00007fcedcc86760]
Event: 2.939 Thread 0x00007fcef40d23a0 5408       3       java.lang.classfile.ClassBuilder::withInterfaces (14 bytes)
Event: 2.940 Thread 0x00007fcef40d23a0 nmethod 5408 0x00007fcedcc86788 code [0x00007fcedcc86880, 0x00007fcedcc86e88]
Event: 2.940 Thread 0x00007fcef40d23a0 5409       3       java.lang.classfile.Interfaces::of (9 bytes)
Event: 2.940 Thread 0x00007fcef40d23a0 nmethod 5409 0x00007fcedcc86f08 code [0x00007fcedcc87000, 0x00007fcedcc87350]
Event: 2.940 Thread 0x00007fcef40d23a0 5410       3       jdk.internal.classfile.impl.InterfacesImpl::<init> (13 bytes)
Event: 2.940 Thread 0x00007fcef40d23a0 nmethod 5410 0x00007fcedcc87388 code [0x00007fcedcc87480, 0x00007fcedcc87738]
Event: 2.940 Thread 0x00007fcef40d23a0 5411       3       jdk.internal.classfile.impl.InterfacesImpl::writeTo (9 bytes)
Event: 2.940 Thread 0x00007fcef40d23a0 nmethod 5411 0x00007fcedcc87788 code [0x00007fcedcc87880, 0x00007fcedcc87a78]
Event: 2.975 Thread 0x00007fcef40d23a0 5412       3       com.sun.tools.javac.util.Context::checkState (13 bytes)
Event: 2.975 Thread 0x00007fcef40d23a0 nmethod 5412 0x00007fcedcc87a88 code [0x00007fcedcc87b80, 0x00007fcedcc87d60]
Event: 2.978 Thread 0x00007fcef40d23a0 5413       1       java.util.stream.MatchOps$BooleanTerminalSink::cancellationRequested (5 bytes)
Event: 2.978 Thread 0x00007fcef40d23a0 nmethod 5413 0x00007fcee4089508 code [0x00007fcee4089600, 0x00007fcee40896c0]
Event: 2.980 Thread 0x00007fcef40d23a0 5414       3       com.sun.tools.javac.util.Context::uncheckedCast (2 bytes)
Event: 2.980 Thread 0x00007fcef40d23a0 nmethod 5414 0x00007fcedcc87d88 code [0x00007fcedcc87e80, 0x00007fcedcc87f60]

GC Heap Usage History (4 events):
Event: 1.075 {heap Before GC invocations=0 (full 0):
 garbage-first heap   total reserved 4587520K, committed 290816K, used 50307K [0x00000006e8000000, 0x0000000800000000)
  region size 4096K, 12 young (49152K), 0 survivors (0K)
}
Event: 1.082 {heap After GC invocations=1 (full 0):
 garbage-first heap   total reserved 4587520K, committed 290816K, used 5934K [0x00000006e8000000, 0x0000000800000000)
  region size 4096K, 2 young (8192K), 2 survivors (8192K)
}
Event: 2.878 {heap Before GC invocations=1 (full 0):
 garbage-first heap   total reserved 4587520K, committed 290816K, used 112430K [0x00000006e8000000, 0x0000000800000000)
  region size 4096K, 29 young (118784K), 2 survivors (8192K)
}
Event: 2.890 {heap After GC invocations=2 (full 0):
 garbage-first heap   total reserved 4587520K, committed 290816K, used 13443K [0x00000006e8000000, 0x0000000800000000)
  region size 4096K, 3 young (12288K), 3 survivors (12288K)
}

Metaspace Usage History (4 events):
Event: 1.075 {metaspace Before GC invocations=0 (full 0):
 Metaspace       used 9785K, committed 9920K, reserved 1114112K
  class space    used 880K, committed 960K, reserved 1048576K
}
Event: 1.082 {metaspace After GC invocations=1 (full 0):
 Metaspace       used 9785K, committed 9920K, reserved 1114112K
  class space    used 880K, committed 960K, reserved 1048576K
}
Event: 2.878 {metaspace Before GC invocations=1 (full 0):
 Metaspace       used 21259K, committed 21504K, reserved 1114112K
  class space    used 2049K, committed 2176K, reserved 1048576K
}
Event: 2.890 {metaspace After GC invocations=2 (full 0):
 Metaspace       used 21259K, committed 21504K, reserved 1114112K
  class space    used 2049K, committed 2176K, reserved 1048576K
}

Dll operation events (8 events):
Event: 0.006 Loaded shared library /usr/lib/apache-netbeans/jdk/lib/libjava.so
Event: 0.033 Loaded shared library /usr/lib/apache-netbeans/jdk/lib/libsimdsort.so
Event: 0.052 Loaded shared library /usr/lib/apache-netbeans/jdk/lib/libnio.so
Event: 0.057 Loaded shared library /usr/lib/apache-netbeans/jdk/lib/libzip.so
Event: 0.070 Loaded shared library /usr/lib/apache-netbeans/jdk/lib/libnet.so
Event: 0.173 Loaded shared library /usr/lib/apache-netbeans/jdk/lib/libjimage.so
Event: 0.184 Loaded shared library /tmp/jansi-2.4.2-5fb5dc5222f47f17-libjansi.so
Event: 0.193 Loaded shared library /usr/lib/apache-netbeans/jdk/lib/libverify.so

Deoptimization events (20 events):
Event: 2.714 Thread 0x00007fcef402b650 Uncommon trap: trap_request=0xffffff45 fr.pc=0x00007fcee3f219ac relative=0x00000000000000ac
Event: 2.714 Thread 0x00007fcef402b650 Uncommon trap: reason=unstable_if action=reinterpret pc=0x00007fcee3f219ac method=java.nio.Buffer.limit(I)Ljava/nio/Buffer; @ 42 c2
Event: 2.714 Thread 0x00007fcef402b650 DEOPT PACKING pc=0x00007fcee3f219ac sp=0x00007fcefc1f8c20
Event: 2.714 Thread 0x00007fcef402b650 DEOPT UNPACKING pc=0x00007fcee3a581f9 sp=0x00007fcefc1f8bc8 mode 2
Event: 2.714 Thread 0x00007fcef402b650 Uncommon trap: trap_request=0xffffffc6 fr.pc=0x00007fcee3f22580 relative=0x0000000000000280
Event: 2.714 Thread 0x00007fcef402b650 Uncommon trap: reason=bimorphic_or_optimized_type_check action=maybe_recompile pc=0x00007fcee3f22580 method=java.nio.Buffer.<init>(IIIILjava/lang/foreign/MemorySegment;)V @ 39 c2
Event: 2.714 Thread 0x00007fcef402b650 DEOPT PACKING pc=0x00007fcee3f22580 sp=0x00007fcefc1f8900
Event: 2.714 Thread 0x00007fcef402b650 DEOPT UNPACKING pc=0x00007fcee3a581f9 sp=0x00007fcefc1f88a8 mode 2
Event: 2.714 Thread 0x00007fcef402b650 Uncommon trap: trap_request=0xffffffc6 fr.pc=0x00007fcee3f22580 relative=0x0000000000000280
Event: 2.714 Thread 0x00007fcef402b650 Uncommon trap: reason=bimorphic_or_optimized_type_check action=maybe_recompile pc=0x00007fcee3f22580 method=java.nio.Buffer.<init>(IIIILjava/lang/foreign/MemorySegment;)V @ 39 c2
Event: 2.714 Thread 0x00007fcef402b650 DEOPT PACKING pc=0x00007fcee3f22580 sp=0x00007fcefc1f8900
Event: 2.714 Thread 0x00007fcef402b650 DEOPT UNPACKING pc=0x00007fcee3a581f9 sp=0x00007fcefc1f88a8 mode 2
Event: 2.714 Thread 0x00007fcef402b650 Uncommon trap: trap_request=0xffffffc6 fr.pc=0x00007fcee3f22580 relative=0x0000000000000280
Event: 2.714 Thread 0x00007fcef402b650 Uncommon trap: reason=bimorphic_or_optimized_type_check action=maybe_recompile pc=0x00007fcee3f22580 method=java.nio.Buffer.<init>(IIIILjava/lang/foreign/MemorySegment;)V @ 39 c2
Event: 2.714 Thread 0x00007fcef402b650 DEOPT PACKING pc=0x00007fcee3f22580 sp=0x00007fcefc1f7080
Event: 2.714 Thread 0x00007fcef402b650 DEOPT UNPACKING pc=0x00007fcee3a581f9 sp=0x00007fcefc1f7028 mode 2
Event: 2.781 Thread 0x00007fcef402b650 Uncommon trap: trap_request=0xffffff45 fr.pc=0x00007fcee3f478d0 relative=0x0000000000000ad0
Event: 2.782 Thread 0x00007fcef402b650 Uncommon trap: reason=unstable_if action=reinterpret pc=0x00007fcee3f478d0 method=jdk.internal.module.SystemModuleFinders$SystemModuleReader.find(Ljava/lang/String;)Ljava/util/Optional; @ 5 c2
Event: 2.782 Thread 0x00007fcef402b650 DEOPT PACKING pc=0x00007fcee3f478d0 sp=0x00007fcefc1fc550
Event: 2.782 Thread 0x00007fcef402b650 DEOPT UNPACKING pc=0x00007fcee3a581f9 sp=0x00007fcefc1fc548 mode 2

Classes loaded (20 events):
Event: 2.781 Loading class java/nio/channels/AsynchronousChannel done
Event: 2.781 Loading class java/nio/channels/AsynchronousFileChannel done
Event: 2.781 Loading class jdk/internal/jrtfs/JrtFileSystemProvider
Event: 2.781 Loading class jdk/internal/jrtfs/JrtFileSystemProvider done
Event: 2.782 Loading class sun/net/www/protocol/jrt/JavaRuntimeURLConnection
Event: 2.782 Loading class sun/net/www/protocol/jrt/JavaRuntimeURLConnection done
Event: 2.782 Loading class sun/net/www/protocol/jrt/JavaRuntimeURLConnection$1
Event: 2.782 Loading class sun/net/www/protocol/jrt/JavaRuntimeURLConnection$1 done
Event: 2.782 Loading class jdk/internal/jimage/ImageBufferCache
Event: 2.782 Loading class jdk/internal/jimage/ImageBufferCache done
Event: 2.782 Loading class jdk/internal/jimage/ImageBufferCache$1
Event: 2.782 Loading class jdk/internal/jimage/ImageBufferCache$1 done
Event: 2.782 Loading class jdk/internal/jimage/ImageBufferCache$2
Event: 2.782 Loading class jdk/internal/jimage/ImageBufferCache$2 done
Event: 2.782 Loading class java/util/AbstractMap$SimpleEntry
Event: 2.782 Loading class java/util/AbstractMap$SimpleEntry done
Event: 2.839 Loading class java/nio/file/ReadOnlyFileSystemException
Event: 2.839 Loading class java/nio/file/ReadOnlyFileSystemException done
Event: 2.848 Loading class java/nio/file/ClosedFileSystemException
Event: 2.848 Loading class java/nio/file/ClosedFileSystemException done

Classes unloaded (0 events):
No events

Classes redefined (0 events):
No events

Internal exceptions (20 events):
Event: 1.453 Thread 0x00007fcef402b650 Exception <a 'java/lang/NoClassDefFoundError'{0x00000006f8a2be30}: com/google/inject/servlet/ServletModuleTargetVisitor> (0x00000006f8a2be30) 
thrown [src/hotspot/share/classfile/systemDictionary.cpp, line 316]
Event: 1.525 Thread 0x00007fcef402b650 Exception <a 'java/lang/NoSuchMethodError'{0x00000006f84da478}: 'void java.lang.invoke.DirectMethodHandle$Holder.invokeVirtual(java.lang.Object, java.lang.Object)'> (0x00000006f84da478) 
thrown [src/hotspot/share/interpreter/linkResolver.cpp, line 803]
Event: 1.666 Thread 0x00007fcef402b650 Exception <a 'java/lang/NoSuchMethodError'{0x00000006f821eb40}: 'void java.lang.invoke.DirectMethodHandle$Holder.invokeSpecial(java.lang.Object, java.lang.Object, java.lang.Object, java.lang.Object, java.lang.Object)'> (0x00000006f821eb40) 
thrown [src/hotspot/share/interpreter/linkResolver.cpp, line 803]
Event: 1.670 Thread 0x00007fcef402b650 Exception <a 'java/lang/NoSuchMethodError'{0x00000006f8254a78}: 'java.lang.Object java.lang.invoke.DirectMethodHandle$Holder.invokeVirtual(java.lang.Object, java.lang.Object, java.lang.Object)'> (0x00000006f8254a78) 
thrown [src/hotspot/share/interpreter/linkResolver.cpp, line 803]
Event: 1.673 Thread 0x00007fcef402b650 Exception <a 'java/lang/NoSuchMethodError'{0x00000006f827bd48}: 'void java.lang.invoke.DirectMethodHandle$Holder.invokeSpecial(java.lang.Object, java.lang.Object, java.lang.Object, java.lang.Object, java.lang.Object, java.lang.Object)'> (0x00000006f827bd48) 
thrown [src/hotspot/share/interpreter/linkResolver.cpp, line 803]
Event: 1.700 Thread 0x00007fcef402b650 Exception <a 'java/lang/NoSuchMethodError'{0x00000006f8395430}: 'void java.lang.invoke.DirectMethodHandle$Holder.invokeVirtual(java.lang.Object, java.lang.Object, int)'> (0x00000006f8395430) 
thrown [src/hotspot/share/interpreter/linkResolver.cpp, line 803]
Event: 1.700 Thread 0x00007fcef402b650 Exception <a 'java/lang/NoSuchMethodError'{0x00000006f839dc20}: 'void java.lang.invoke.DirectMethodHandle$Holder.invokeSpecial(java.lang.Object, java.lang.Object, java.lang.Object, int)'> (0x00000006f839dc20) 
thrown [src/hotspot/share/interpreter/linkResolver.cpp, line 803]
Event: 1.700 Thread 0x00007fcef402b650 Exception <a 'java/lang/NoSuchMethodError'{0x00000006f83a5fb8}: 'void java.lang.invoke.DelegatingMethodHandle$Holder.reinvoke_L(java.lang.Object, java.lang.Object, int)'> (0x00000006f83a5fb8) 
thrown [src/hotspot/share/interpreter/linkResolver.cpp, line 803]
Event: 2.078 Thread 0x00007fcef402b650 Implicit null exception at 0x00007fcee3fc824b to 0x00007fcee3fc8444
Event: 2.078 Thread 0x00007fcef402b650 Implicit null exception at 0x00007fcee3f59a4b to 0x00007fcee3f59c28
Event: 2.078 Thread 0x00007fcef402b650 Implicit null exception at 0x00007fcee3f0939d to 0x00007fcee3f09415
Event: 2.095 Thread 0x00007fcef402b650 Exception <a 'java/lang/NoSuchMethodError'{0x00000006f5e01d40}: 'java.lang.Object java.lang.invoke.DirectMethodHandle$Holder.newInvokeSpecial(java.lang.Object, java.lang.Object, java.lang.Object, java.lang.Object, java.lang.Object, java.lang.Object, java.lang.Object)'> (0x00000006f5e01d40) 
thrown [src/hotspot/share/interpreter/linkResolver.cpp, line 803]
Event: 2.155 Thread 0x00007fcef402b650 Exception <a 'java/lang/NoSuchMethodError'{0x00000006f5ac6530}: 'int java.lang.invoke.DirectMethodHandle$Holder.invokeVirtual(java.lang.Object, java.lang.Object)'> (0x00000006f5ac6530) 
thrown [src/hotspot/share/interpreter/linkResolver.cpp, line 803]
Event: 2.180 Thread 0x00007fcef402b650 Exception <a 'java/lang/NoSuchMethodError'{0x00000006f543aa60}: 'void java.lang.invoke.Invokers$Holder.invokeExact_MT(java.lang.Object, java.lang.Object, int, java.lang.Object)'> (0x00000006f543aa60) 
thrown [src/hotspot/share/interpreter/linkResolver.cpp, line 803]
Event: 2.185 Thread 0x00007fcef402b650 Exception <a 'java/lang/NoSuchMethodError'{0x00000006f5470a00}: 'void java.lang.invoke.DirectMethodHandle$Holder.invokeInterface(java.lang.Object, java.lang.Object, java.lang.Object)'> (0x00000006f5470a00) 
thrown [src/hotspot/share/interpreter/linkResolver.cpp, line 803]
Event: 2.319 Thread 0x00007fcef402b650 Exception <a 'sun/nio/fs/UnixException'{0x00000006f4e8e028}> (0x00000006f4e8e028) 
thrown [src/hotspot/share/prims/jni.cpp, line 516]
Event: 2.512 Thread 0x00007fcef402b650 Implicit null exception at 0x00007fcee3f5fb2e to 0x00007fcee3f604ac
Event: 2.777 Thread 0x00007fcef402b650 Exception <a 'java/lang/NoSuchMethodError'{0x00000006f2982948}: 'int java.lang.invoke.DirectMethodHandle$Holder.invokeInterface(java.lang.Object, java.lang.Object)'> (0x00000006f2982948) 
thrown [src/hotspot/share/interpreter/linkResolver.cpp, line 803]
Event: 2.812 Thread 0x00007fcef402b650 Exception <a 'java/lang/NoSuchMethodError'{0x00000006f2b8cca0}: 'int java.lang.invoke.DirectMethodHandle$Holder.invokeVirtual(java.lang.Object, java.lang.Object, java.lang.Object)'> (0x00000006f2b8cca0) 
thrown [src/hotspot/share/interpreter/linkResolver.cpp, line 803]
Event: 2.940 Thread 0x00007fcef402b650 Exception <a 'java/lang/NoSuchMethodError'{0x00000006f943ade0}: 'java.lang.Object java.lang.invoke.DirectMethodHandle$Holder.newInvokeSpecial(java.lang.Object, java.lang.Object, int)'> (0x00000006f943ade0) 
thrown [src/hotspot/share/interpreter/linkResolver.cpp, line 803]

VM Operations (20 events):
Event: 1.631 Executing non-safepoint VM operation: HandshakeAllThreads (Deoptimize)
Event: 1.631 Executing non-safepoint VM operation: HandshakeAllThreads (Deoptimize) done
Event: 1.632 Executing non-safepoint VM operation: HandshakeAllThreads (Deoptimize)
Event: 1.632 Executing non-safepoint VM operation: HandshakeAllThreads (Deoptimize) done
Event: 2.056 Executing non-safepoint VM operation: HandshakeAllThreads (Deoptimize)
Event: 2.056 Executing non-safepoint VM operation: HandshakeAllThreads (Deoptimize) done
Event: 2.057 Executing non-safepoint VM operation: HandshakeAllThreads (Deoptimize)
Event: 2.057 Executing non-safepoint VM operation: HandshakeAllThreads (Deoptimize) done
Event: 2.178 Executing non-safepoint VM operation: HandshakeAllThreads (Deoptimize)
Event: 2.178 Executing non-safepoint VM operation: HandshakeAllThreads (Deoptimize) done
Event: 2.738 Executing non-safepoint VM operation: HandshakeAllThreads (Deoptimize)
Event: 2.738 Executing non-safepoint VM operation: HandshakeAllThreads (Deoptimize) done
Event: 2.775 Executing non-safepoint VM operation: HandshakeAllThreads (Deoptimize)
Event: 2.775 Executing non-safepoint VM operation: HandshakeAllThreads (Deoptimize) done
Event: 2.878 Executing safepoint VM operation: CollectForMetadataAllocation (Metadata GC Threshold)
Event: 2.890 Executing safepoint VM operation: CollectForMetadataAllocation (Metadata GC Threshold) done
Event: 2.899 Executing safepoint VM operation: G1PauseRemark
Event: 2.905 Executing safepoint VM operation: G1PauseRemark done
Event: 2.906 Executing safepoint VM operation: G1PauseCleanup
Event: 2.906 Executing safepoint VM operation: G1PauseCleanup done

Memory protections (14 events):
Event: 0.005 Protecting memory [0x00007fcefc100000,0x00007fcefc104000] with protection modes 0
Event: 0.016 Protecting memory [0x000000006c000000,0x000000006c001000] with protection modes 0
Event: 0.031 Protecting memory [0x00007fcef9587000,0x00007fcef958b000] with protection modes 0
Event: 0.031 Protecting memory [0x00007fcef9268000,0x00007fcef926c000] with protection modes 0
Event: 0.032 Protecting memory [0x00007fcef9168000,0x00007fcef916c000] with protection modes 0
Event: 0.032 Protecting memory [0x00007fcef9068000,0x00007fcef906c000] with protection modes 0
Event: 0.032 Protecting memory [0x00007fcef8f68000,0x00007fcef8f6c000] with protection modes 0
Event: 0.032 Protecting memory [0x00007fcef8e68000,0x00007fcef8e6c000] with protection modes 0
Event: 0.032 Protecting memory [0x00007fcef8d68000,0x00007fcef8d6c000] with protection modes 0
Event: 0.048 Protecting memory [0x00007fcef8c26000,0x00007fcef8c2a000] with protection modes 0
Event: 0.050 Protecting memory [0x00007fcef8b26000,0x00007fcef8b2a000] with protection modes 0
Event: 0.112 Protecting memory [0x00007fcef8a08000,0x00007fcef8a0c000] with protection modes 0
Event: 0.169 Protecting memory [0x00007fcef8908000,0x00007fcef890c000] with protection modes 0
Event: 0.541 Protecting memory [0x00007fcef8908000,0x00007fcef890c000] with protection modes 0

Nmethod flushes (0 events):
No events

Events (14 events):
Event: 0.019 Thread 0x00007fcef402b650 Thread added: 0x00007fcef402b650
Event: 0.031 Thread 0x00007fcef402b650 Thread added: 0x00007fcef40c8cb0
Event: 0.031 Thread 0x00007fcef402b650 Thread added: 0x00007fcef40c9ea0
Event: 0.031 Thread 0x00007fcef402b650 Thread added: 0x00007fcef40cba10
Event: 0.032 Thread 0x00007fcef402b650 Thread added: 0x00007fcef40cd330
Event: 0.032 Thread 0x00007fcef402b650 Thread added: 0x00007fcef40cebb0
Event: 0.032 Thread 0x00007fcef402b650 Thread added: 0x00007fcef40d09b0
Event: 0.032 Thread 0x00007fcef402b650 Thread added: 0x00007fcef40d23a0
Event: 0.048 Thread 0x00007fcef402b650 Thread added: 0x00007fcef410afb0
Event: 0.050 Thread 0x00007fcef402b650 Thread added: 0x00007fcef410d900
Event: 0.112 Thread 0x00007fcef40d23a0 Thread added: 0x00007fce8c086910
Event: 0.169 Thread 0x00007fcef402b650 Thread added: 0x00007fcef431a430
Event: 0.181 Thread 0x00007fcef431a430 Thread exited: 0x00007fcef431a430
Event: 0.541 Thread 0x00007fcef40d23a0 Thread added: 0x00007fce8c47bdd0


Dynamic libraries:
6c000000-6c001000 ---p 00000000 00:00 0 
6c001000-6cd8c000 rw-p 00001000 00:22 383280                             /usr/lib/apache-netbeans/jdk/lib/server/classes.jsa
6cd8c000-6d000000 ---p 00000000 00:00 0 
6d000000-6d040000 rw-p 00000000 00:00 0 
6d040000-6d250000 rw-p 00000000 00:00 0 
6d250000-ad000000 ---p 00000000 00:00 0 
6e8000000-6ea400000 rw-p 00000000 00:00 0 
6ea400000-6f1800000 ---p 00000000 00:00 0 
6f1800000-6f2400000 rw-p 00000000 00:00 0 
6f2400000-6f9400000 ---p 00000000 00:00 0 
6f9400000-6f9800000 rw-p 00000000 00:00 0 
6f9800000-7ffc00000 ---p 00000000 00:00 0 
7ffc00000-7ffd21000 rw-p 00dbf000 00:22 383280                           /usr/lib/apache-netbeans/jdk/lib/server/classes.jsa
7ffd21000-800000000 rw-p 00000000 00:00 0 
560af24bf000-560af24c0000 r--p 00000000 00:22 382840                     /usr/lib/apache-netbeans/jdk/bin/java
560af24c0000-560af24c1000 r-xp 00001000 00:22 382840                     /usr/lib/apache-netbeans/jdk/bin/java
560af24c1000-560af24c2000 r--p 00002000 00:22 382840                     /usr/lib/apache-netbeans/jdk/bin/java
560af24c2000-560af24c3000 r--p 00002000 00:22 382840                     /usr/lib/apache-netbeans/jdk/bin/java
560af24c3000-560af24c4000 rw-p 00003000 00:22 382840                     /usr/lib/apache-netbeans/jdk/bin/java
560b10a6a000-560b10ab3000 rw-p 00000000 00:00 0                          [heap]
7fce58000000-7fce58021000 rw-p 00000000 00:00 0 
7fce58021000-7fce5c000000 ---p 00000000 00:00 0 
7fce5c000000-7fce5c021000 rw-p 00000000 00:00 0 
7fce5c021000-7fce60000000 ---p 00000000 00:00 0 
7fce60000000-7fce60021000 rw-p 00000000 00:00 0 
7fce60021000-7fce64000000 ---p 00000000 00:00 0 
7fce64000000-7fce64021000 rw-p 00000000 00:00 0 
7fce64021000-7fce68000000 ---p 00000000 00:00 0 
7fce68000000-7fce68021000 rw-p 00000000 00:00 0 
7fce68021000-7fce6c000000 ---p 00000000 00:00 0 
7fce6c000000-7fce6c021000 rw-p 00000000 00:00 0 
7fce6c021000-7fce70000000 ---p 00000000 00:00 0 
7fce70000000-7fce70021000 rw-p 00000000 00:00 0 
7fce70021000-7fce74000000 ---p 00000000 00:00 0 
7fce74000000-7fce74021000 rw-p 00000000 00:00 0 
7fce74021000-7fce78000000 ---p 00000000 00:00 0 
7fce78000000-7fce78b52000 rw-p 00000000 00:00 0 
7fce78b52000-7fce7c000000 ---p 00000000 00:00 0 
7fce7c000000-7fce7ce76000 rw-p 00000000 00:00 0 
7fce7ce76000-7fce80000000 ---p 00000000 00:00 0 
7fce80000000-7fce80021000 rw-p 00000000 00:00 0 
7fce80021000-7fce84000000 ---p 00000000 00:00 0 
7fce84000000-7fce84021000 rw-p 00000000 00:00 0 
7fce84021000-7fce88000000 ---p 00000000 00:00 0 
7fce88000000-7fce8906f000 rw-p 00000000 00:00 0 
7fce8906f000-7fce8c000000 ---p 00000000 00:00 0 
7fce8c000000-7fce8cb8d000 rw-p 00000000 00:00 0 
7fce8cb8d000-7fce90000000 ---p 00000000 00:00 0 
7fce90000000-7fce90021000 rw-p 00000000 00:00 0 
7fce90021000-7fce94000000 ---p 00000000 00:00 0 
7fce94000000-7fce94021000 rw-p 00000000 00:00 0 
7fce94021000-7fce98000000 ---p 00000000 00:00 0 
7fce98000000-7fce98021000 rw-p 00000000 00:00 0 
7fce98021000-7fce9c000000 ---p 00000000 00:00 0 
7fce9e000000-7fceabe70000 r--p 00000000 00:22 21991                      /usr/lib/locale/locale-archive
7fceac000000-7fceac400000 rw-p 00000000 00:00 0 
7fceac400000-7fceacf80000 rw-p 00000000 00:00 0 
7fceacf80000-7fceacfd0000 rw-p 00000000 00:00 0 
7fceacfd0000-7fcead000000 ---p 00000000 00:00 0 
7fcead000000-7fcead4c0000 rw-p 00000000 00:00 0 
7fcead4c0000-7fceb0000000 ---p 00000000 00:00 0 
7fceb0000000-7fceb0021000 rw-p 00000000 00:00 0 
7fceb0021000-7fceb4000000 ---p 00000000 00:00 0 
7fceb4000000-7fceb4021000 rw-p 00000000 00:00 0 
7fceb4021000-7fceb8000000 ---p 00000000 00:00 0 
7fceb8000000-7fceb8021000 rw-p 00000000 00:00 0 
7fceb8021000-7fcebc000000 ---p 00000000 00:00 0 
7fcebc000000-7fcebc021000 rw-p 00000000 00:00 0 
7fcebc021000-7fcec0000000 ---p 00000000 00:00 0 
7fcec0000000-7fcec0021000 rw-p 00000000 00:00 0 
7fcec0021000-7fcec4000000 ---p 00000000 00:00 0 
7fcec4000000-7fcec4021000 rw-p 00000000 00:00 0 
7fcec4021000-7fcec8000000 ---p 00000000 00:00 0 
7fcec8000000-7fcec8021000 rw-p 00000000 00:00 0 
7fcec8021000-7fcecc000000 ---p 00000000 00:00 0 
7fcecc000000-7fcecc021000 rw-p 00000000 00:00 0 
7fcecc021000-7fced0000000 ---p 00000000 00:00 0 
7fced0000000-7fced0021000 rw-p 00000000 00:00 0 
7fced0021000-7fced4000000 ---p 00000000 00:00 0 
7fced5afd000-7fced5afe000 ---p 00000000 00:00 0 
7fced5afe000-7fced5bfe000 rw-p 00000000 00:00 0 
7fced5bfe000-7fced5bff000 ---p 00000000 00:00 0 
7fced5bff000-7fced5cff000 rw-p 00000000 00:00 0 
7fced5cff000-7fced5d00000 ---p 00000000 00:00 0 
7fced5d00000-7fced5e00000 rw-p 00000000 00:00 0 
7fced5e00000-7fced7e90000 rw-p 00000000 00:00 0 
7fced7e90000-7fced8060000 ---p 00000000 00:00 0 
7fced8060000-7fced8090000 rw-p 00000000 00:00 0 
7fced8090000-7fced8250000 ---p 00000000 00:00 0 
7fced8250000-7fced8260000 rw-p 00000000 00:00 0 
7fced8260000-7fcedc3f0000 ---p 00000000 00:00 0 
7fcedc3f0000-7fcedc400000 rw-p 00000000 00:00 0 
7fcedc400000-7fcedcc90000 rwxp 00000000 00:00 0 
7fcedcc90000-7fcee3937000 ---p 00000000 00:00 0 
7fcee3937000-7fcee3ba7000 rwxp 00000000 00:00 0 
7fcee3ba7000-7fcee3ec8000 ---p 00000000 00:00 0 
7fcee3ec8000-7fcee4138000 rwxp 00000000 00:00 0 
7fcee4138000-7fceeb400000 ---p 00000000 00:00 0 
7fceeb400000-7fcef3f19000 r--s 00000000 00:22 383272                     /usr/lib/apache-netbeans/jdk/lib/modules
7fcef4000000-7fcef4cb9000 rw-p 00000000 00:00 0 
7fcef4cb9000-7fcef8000000 ---p 00000000 00:00 0 
7fcef80fb000-7fcef80fc000 ---p 00000000 00:00 0 
7fcef80fc000-7fcef81fc000 rw-p 00000000 00:00 0 
7fcef81fc000-7fcef81fd000 ---p 00000000 00:00 0 
7fcef81fd000-7fcef82fd000 rw-p 00000000 00:00 0 
7fcef82fd000-7fcef82fe000 ---p 00000000 00:00 0 
7fcef82fe000-7fcef83fe000 rw-p 00000000 00:00 0 
7fcef83fe000-7fcef83ff000 ---p 00000000 00:00 0 
7fcef83ff000-7fcef84ff000 rw-p 00000000 00:00 0 
7fcef84ff000-7fcef8500000 ---p 00000000 00:00 0 
7fcef8500000-7fcef8600000 rw-p 00000000 00:00 0 
7fcef8600000-7fcef8603000 r-xp 00000000 00:2b 302                        /tmp/jansi-2.4.2-5fb5dc5222f47f17-libjansi.so
7fcef8603000-7fcef8802000 ---p 00003000 00:2b 302                        /tmp/jansi-2.4.2-5fb5dc5222f47f17-libjansi.so
7fcef8802000-7fcef8803000 r--p 00002000 00:2b 302                        /tmp/jansi-2.4.2-5fb5dc5222f47f17-libjansi.so
7fcef8803000-7fcef8804000 rw-p 00003000 00:2b 302                        /tmp/jansi-2.4.2-5fb5dc5222f47f17-libjansi.so
7fcef88f6000-7fcef88fa000 r--p 00000000 00:22 383270                     /usr/lib/apache-netbeans/jdk/lib/libverify.so
7fcef88fa000-7fcef8903000 r-xp 00004000 00:22 383270                     /usr/lib/apache-netbeans/jdk/lib/libverify.so
7fcef8903000-7fcef8905000 r--p 0000d000 00:22 383270                     /usr/lib/apache-netbeans/jdk/lib/libverify.so
7fcef8905000-7fcef8907000 r--p 0000e000 00:22 383270                     /usr/lib/apache-netbeans/jdk/lib/libverify.so
7fcef8907000-7fcef8908000 rw-p 00010000 00:22 383270                     /usr/lib/apache-netbeans/jdk/lib/libverify.so
7fcef8908000-7fcef890c000 ---p 00000000 00:00 0 
7fcef890c000-7fcef8a08000 rw-p 00000000 00:00 0 
7fcef8a08000-7fcef8a0c000 ---p 00000000 00:00 0 
7fcef8a0c000-7fcef8b08000 rw-p 00000000 00:00 0 
7fcef8b08000-7fcef8b0a000 r--p 00000000 00:22 383271                     /usr/lib/apache-netbeans/jdk/lib/libzip.so
7fcef8b0a000-7fcef8b1c000 r-xp 00002000 00:22 383271                     /usr/lib/apache-netbeans/jdk/lib/libzip.so
7fcef8b1c000-7fcef8b24000 r--p 00014000 00:22 383271                     /usr/lib/apache-netbeans/jdk/lib/libzip.so
7fcef8b24000-7fcef8b25000 r--p 0001b000 00:22 383271                     /usr/lib/apache-netbeans/jdk/lib/libzip.so
7fcef8b25000-7fcef8b26000 rw-p 0001c000 00:22 383271                     /usr/lib/apache-netbeans/jdk/lib/libzip.so
7fcef8b26000-7fcef8b2a000 ---p 00000000 00:00 0 
7fcef8b2a000-7fcef8c26000 rw-p 00000000 00:00 0 
7fcef8c26000-7fcef8c2a000 ---p 00000000 00:00 0 
7fcef8c2a000-7fcef8d26000 rw-p 00000000 00:00 0 
7fcef8d26000-7fcef8d27000 r--p 00000000 00:22 383267                     /usr/lib/apache-netbeans/jdk/lib/libsimdsort.so
7fcef8d27000-7fcef8d60000 r-xp 00001000 00:22 383267                     /usr/lib/apache-netbeans/jdk/lib/libsimdsort.so
7fcef8d60000-7fcef8d66000 r--p 0003a000 00:22 383267                     /usr/lib/apache-netbeans/jdk/lib/libsimdsort.so
7fcef8d66000-7fcef8d67000 r--p 0003f000 00:22 383267                     /usr/lib/apache-netbeans/jdk/lib/libsimdsort.so
7fcef8d67000-7fcef8d68000 rw-p 00040000 00:22 383267                     /usr/lib/apache-netbeans/jdk/lib/libsimdsort.so
7fcef8d68000-7fcef8d6c000 ---p 00000000 00:00 0 
7fcef8d6c000-7fcef8e68000 rw-p 00000000 00:00 0 
7fcef8e68000-7fcef8e6c000 ---p 00000000 00:00 0 
7fcef8e6c000-7fcef8f68000 rw-p 00000000 00:00 0 
7fcef8f68000-7fcef8f6c000 ---p 00000000 00:00 0 
7fcef8f6c000-7fcef9068000 rw-p 00000000 00:00 0 
7fcef9068000-7fcef906c000 ---p 00000000 00:00 0 
7fcef906c000-7fcef9168000 rw-p 00000000 00:00 0 
7fcef9168000-7fcef916c000 ---p 00000000 00:00 0 
7fcef916c000-7fcef9268000 rw-p 00000000 00:00 0 
7fcef9268000-7fcef926c000 ---p 00000000 00:00 0 
7fcef926c000-7fcef9368000 rw-p 00000000 00:00 0 
7fcef9368000-7fcef9485000 rw-p 00000000 00:00 0 
7fcef9485000-7fcef9486000 ---p 00000000 00:00 0 
7fcef9486000-7fcef9586000 rw-p 00000000 00:00 0 
7fcef9586000-7fcef9587000 ---p 00000000 00:00 0 
7fcef9587000-7fcef958b000 ---p 00000000 00:00 0 
7fcef958b000-7fcef9687000 rw-p 00000000 00:00 0 
7fcef9687000-7fcef9688000 ---p 00000000 00:00 0 
7fcef9688000-7fcef9788000 rw-p 00000000 00:00 0 
7fcef9795000-7fcef9798000 r--p 00000000 00:22 383261                     /usr/lib/apache-netbeans/jdk/lib/libnet.so
7fcef9798000-7fcef97a0000 r-xp 00003000 00:22 383261                     /usr/lib/apache-netbeans/jdk/lib/libnet.so
7fcef97a0000-7fcef97a2000 r--p 0000b000 00:22 383261                     /usr/lib/apache-netbeans/jdk/lib/libnet.so
7fcef97a2000-7fcef97a3000 r--p 0000c000 00:22 383261                     /usr/lib/apache-netbeans/jdk/lib/libnet.so
7fcef97a3000-7fcef97a4000 rw-p 0000d000 00:22 383261                     /usr/lib/apache-netbeans/jdk/lib/libnet.so
7fcef97a4000-7fcef97ac000 r--p 00000000 00:22 383262                     /usr/lib/apache-netbeans/jdk/lib/libnio.so
7fcef97ac000-7fcef97b5000 r-xp 00008000 00:22 383262                     /usr/lib/apache-netbeans/jdk/lib/libnio.so
7fcef97b5000-7fcef97b9000 r--p 00011000 00:22 383262                     /usr/lib/apache-netbeans/jdk/lib/libnio.so
7fcef97b9000-7fcef97ba000 r--p 00015000 00:22 383262                     /usr/lib/apache-netbeans/jdk/lib/libnio.so
7fcef97ba000-7fcef97bb000 rw-p 00016000 00:22 383262                     /usr/lib/apache-netbeans/jdk/lib/libnio.so
7fcef97bb000-7fcef97bc000 ---p 00000000 00:00 0 
7fcef97bc000-7fcef98bc000 rw-p 00000000 00:00 0 
7fcef98bc000-7fcef98bd000 ---p 00000000 00:00 0 
7fcef98bd000-7fcef99bd000 rw-p 00000000 00:00 0 
7fcef99bd000-7fcefa1c5000 rw-p 00000000 00:00 0 
7fcefa1c5000-7fcefa1c6000 ---p 00000000 00:00 0 
7fcefa1c6000-7fcefa2c6000 rw-p 00000000 00:00 0 
7fcefa2c6000-7fcefa2c7000 ---p 00000000 00:00 0 
7fcefa2c7000-7fcefa3c7000 rw-p 00000000 00:00 0 
7fcefa3c7000-7fcefa3c8000 ---p 00000000 00:00 0 
7fcefa3c8000-7fcefa4c8000 rw-p 00000000 00:00 0 
7fcefa4c8000-7fcefa547000 rw-p 00000000 00:00 0 
7fcefa547000-7fcefa581000 ---p 00000000 00:00 0 
7fcefa581000-7fcefa587000 rw-p 00000000 00:00 0 
7fcefa587000-7fcefa5bf000 ---p 00000000 00:00 0 
7fcefa5bf000-7fcefa5c1000 rw-p 00000000 00:00 0 
7fcefa5c1000-7fcefadf3000 ---p 00000000 00:00 0 
7fcefadf3000-7fcefae07000 rw-p 00000000 00:00 0 
7fcefae07000-7fcefae41000 ---p 00000000 00:00 0 
7fcefae41000-7fcefae47000 rw-p 00000000 00:00 0 
7fcefae47000-7fcefae7f000 ---p 00000000 00:00 0 
7fcefae7f000-7fcefae81000 rw-p 00000000 00:00 0 
7fcefae81000-7fcefb6b3000 ---p 00000000 00:00 0 
7fcefb6b3000-7fcefbee6000 rw-p 00000000 00:00 0 
7fcefbee6000-7fcefbfcc000 ---p 00000000 00:00 0 
7fcefbfcc000-7fcefbfde000 rw-p 00000000 00:00 0 
7fcefbfde000-7fcefc0b7000 ---p 00000000 00:00 0 
7fcefc0b7000-7fcefc0c5000 r--p 00000000 00:22 383247                     /usr/lib/apache-netbeans/jdk/lib/libjava.so
7fcefc0c5000-7fcefc0d3000 r-xp 0000e000 00:22 383247                     /usr/lib/apache-netbeans/jdk/lib/libjava.so
7fcefc0d3000-7fcefc0d8000 r--p 0001c000 00:22 383247                     /usr/lib/apache-netbeans/jdk/lib/libjava.so
7fcefc0d8000-7fcefc0d9000 r--p 00021000 00:22 383247                     /usr/lib/apache-netbeans/jdk/lib/libjava.so
7fcefc0d9000-7fcefc0da000 rw-p 00022000 00:22 383247                     /usr/lib/apache-netbeans/jdk/lib/libjava.so
7fcefc0da000-7fcefc0db000 rw-p 00000000 00:00 0 
7fcefc0db000-7fcefc0df000 r--p 00000000 00:22 383251                     /usr/lib/apache-netbeans/jdk/lib/libjimage.so
7fcefc0df000-7fcefc0f7000 r-xp 00004000 00:22 383251                     /usr/lib/apache-netbeans/jdk/lib/libjimage.so
7fcefc0f7000-7fcefc0fd000 r--p 0001c000 00:22 383251                     /usr/lib/apache-netbeans/jdk/lib/libjimage.so
7fcefc0fd000-7fcefc0ff000 r--p 00021000 00:22 383251                     /usr/lib/apache-netbeans/jdk/lib/libjimage.so
7fcefc0ff000-7fcefc100000 rw-p 00023000 00:22 383251                     /usr/lib/apache-netbeans/jdk/lib/libjimage.so
7fcefc100000-7fcefc104000 ---p 00000000 00:00 0 
7fcefc104000-7fcefc200000 rw-p 00000000 00:00 0 
7fcefc200000-7fcefc4e2000 r--p 00000000 00:22 383285                     /usr/lib/apache-netbeans/jdk/lib/server/libjvm.so
7fcefc4e2000-7fcefd4e2000 r-xp 002e2000 00:22 383285                     /usr/lib/apache-netbeans/jdk/lib/server/libjvm.so
7fcefd4e2000-7fcefd7f2000 r--p 012e2000 00:22 383285                     /usr/lib/apache-netbeans/jdk/lib/server/libjvm.so
7fcefd7f2000-7fcefd8dd000 r--p 015f2000 00:22 383285                     /usr/lib/apache-netbeans/jdk/lib/server/libjvm.so
7fcefd8dd000-7fcefd908000 rw-p 016dd000 00:22 383285                     /usr/lib/apache-netbeans/jdk/lib/server/libjvm.so
7fcefd908000-7fcefd984000 rw-p 00000000 00:00 0 
7fcefd985000-7fcefd98c000 r--s 00000000 00:22 42117                      /usr/lib64/gconv/gconv-modules.cache
7fcefd98c000-7fcefd991000 rw-p 00000000 00:00 0 
7fcefd991000-7fcefd998000 ---p 00000000 00:00 0 
7fcefd998000-7fcefda14000 r-xp 00000000 00:22 40448                      /usr/lib64/libm.so.6
7fcefda14000-7fcefda84000 r--p 0007c000 00:22 40448                      /usr/lib64/libm.so.6
7fcefda84000-7fcefda85000 r--p 000eb000 00:22 40448                      /usr/lib64/libm.so.6
7fcefda85000-7fcefda86000 rw-p 000ec000 00:22 40448                      /usr/lib64/libm.so.6
7fcefda86000-7fcefda87000 r-xp 00000000 00:22 40721                      /usr/lib64/librt.so.1
7fcefda87000-7fcefda88000 r--p 00001000 00:22 40721                      /usr/lib64/librt.so.1
7fcefda88000-7fcefda89000 r--p 00001000 00:22 40721                      /usr/lib64/librt.so.1
7fcefda89000-7fcefda8c000 rw-p 00000000 00:00 0 
7fcefda8c000-7fcefda8d000 r-xp 00000000 00:22 40670                      /usr/lib64/libpthread.so.0
7fcefda8d000-7fcefda8e000 r--p 00001000 00:22 40670                      /usr/lib64/libpthread.so.0
7fcefda8e000-7fcefda8f000 r--p 00001000 00:22 40670                      /usr/lib64/libpthread.so.0
7fcefda8f000-7fcefda90000 rw-p 00000000 00:00 0 
7fcefda90000-7fcefda91000 r-xp 00000000 00:22 39851                      /usr/lib64/libdl.so.2
7fcefda91000-7fcefda92000 r--p 00001000 00:22 39851                      /usr/lib64/libdl.so.2
7fcefda92000-7fcefda93000 r--p 00001000 00:22 39851                      /usr/lib64/libdl.so.2
7fcefda93000-7fcefda94000 rw-p 00000000 00:00 0 
7fcefda94000-7fcefdc04000 r-xp 00000000 00:22 39580                      /usr/lib64/libc.so.6
7fcefdc04000-7fcefdc79000 r--p 00170000 00:22 39580                      /usr/lib64/libc.so.6
7fcefdc79000-7fcefdc7d000 r--p 001e4000 00:22 39580                      /usr/lib64/libc.so.6
7fcefdc7d000-7fcefdc7f000 rw-p 001e8000 00:22 39580                      /usr/lib64/libc.so.6
7fcefdc7f000-7fcefdc87000 rw-p 00000000 00:00 0 
7fcefdc8b000-7fcefdc8c000 r-xp 00000000 00:22 40919                      /usr/lib64/libutil.so.1
7fcefdc8c000-7fcefdc8d000 r--p 00001000 00:22 40919                      /usr/lib64/libutil.so.1
7fcefdc8d000-7fcefdc8e000 r--p 00001000 00:22 40919                      /usr/lib64/libutil.so.1
7fcefdc8e000-7fcefdc8f000 rw-p 00000000 00:00 0 
7fcefdc8f000-7fcefdc97000 rw-s 00000000 00:2b 300                        /tmp/hsperfdata_bilal/11935
7fcefdc97000-7fcefdc98000 ---p 00000000 00:00 0 
7fcefdc98000-7fcefdc99000 r--p 00000000 00:00 0 
7fcefdc99000-7fcefdc9a000 ---p 00000000 00:00 0 
7fcefdc9a000-7fcefdc9d000 r--p 00000000 00:22 383252                     /usr/lib/apache-netbeans/jdk/lib/libjli.so
7fcefdc9d000-7fcefdcae000 r-xp 00003000 00:22 383252                     /usr/lib/apache-netbeans/jdk/lib/libjli.so
7fcefdcae000-7fcefdcb5000 r--p 00014000 00:22 383252                     /usr/lib/apache-netbeans/jdk/lib/libjli.so
7fcefdcb5000-7fcefdcb6000 r--p 0001a000 00:22 383252                     /usr/lib/apache-netbeans/jdk/lib/libjli.so
7fcefdcb6000-7fcefdcb7000 rw-p 0001b000 00:22 383252                     /usr/lib/apache-netbeans/jdk/lib/libjli.so
7fcefdcb7000-7fcefdcb9000 rw-p 00000000 00:00 0 
7fcefdcb9000-7fcefdcbb000 r--p 00000000 00:00 0                          [vvar]
7fcefdcbb000-7fcefdcbd000 r--p 00000000 00:00 0                          [vvar_vclock]
7fcefdcbd000-7fcefdcbf000 r-xp 00000000 00:00 0                          [vdso]
7fcefdcbf000-7fcefdce8000 r-xp 00000000 00:22 38973                      /usr/lib64/ld-linux-x86-64.so.2
7fcefdce8000-7fcefdcf3000 r--p 00029000 00:22 38973                      /usr/lib64/ld-linux-x86-64.so.2
7fcefdcf3000-7fcefdcf5000 r--p 00034000 00:22 38973                      /usr/lib64/ld-linux-x86-64.so.2
7fcefdcf5000-7fcefdcf6000 rw-p 00036000 00:22 38973                      /usr/lib64/ld-linux-x86-64.so.2
7fcefdcf6000-7fcefdcf7000 rw-p 00000000 00:00 0 
7ffdf1020000-7ffdf1041000 rw-p 00000000 00:00 0                          [stack]
ffffffffff600000-ffffffffff601000 --xp 00000000 00:00 0                  [vsyscall]
Total number of mappings: 262

JVMTI agents: none


VM Arguments:
jvm_args: --enable-native-access=ALL-UNNAMED -Dclassworlds.conf=/usr/lib/apache-netbeans/java/maven/bin/m2.conf -Dmaven.home=/usr/lib/apache-netbeans/java/maven -Dlibrary.jansi.path=/usr/lib/apache-netbeans/java/maven/lib/jansi-native -Dmaven.multiModuleProjectDirectory=/home/bilal/NetBeansProjects/Project-UAS-PBO-Restaurant 
java_command: org.codehaus.plexus.classworlds.launcher.Launcher -Dmaven.ext.class.path=/usr/lib/apache-netbeans/java/maven-nblib/netbeans-eventspy.jar --no-transfer-progress clean install
java_class_path (initial): /usr/lib/apache-netbeans/java/maven/boot/plexus-classworlds-2.9.0.jar
Launcher Type: SUN_STANDARD

[Global flags]
     intx CICompilerCount                          = 4                                         {product} {ergonomic}
     uint ConcGCThreads                            = 2                                         {product} {ergonomic}
     uint G1ConcRefinementThreads                  = 8                                         {product} {ergonomic}
   size_t G1HeapRegionSize                         = 4194304                                   {product} {ergonomic}
   size_t InitialHeapSize                          = 293601280                                 {product} {ergonomic}
   size_t MarkStackSize                            = 4194304                                   {product} {ergonomic}
   size_t MarkStackSizeMax                         = 536870912                                 {product} {ergonomic}
   size_t MaxHeapSize                              = 4697620480                                {product} {ergonomic}
   size_t MaxNewSize                               = 2818572288                                {product} {ergonomic}
   size_t MinHeapDeltaBytes                        = 4194304                                   {product} {ergonomic}
   size_t MinHeapSize                              = 8388608                                   {product} {ergonomic}
    uintx NonNMethodCodeHeapSize                   = 5836800                                {pd product} {ergonomic}
    uintx NonProfiledCodeHeapSize                  = 122912768                              {pd product} {ergonomic}
    uintx ProfiledCodeHeapSize                     = 122908672                              {pd product} {ergonomic}
    uintx ReservedCodeCacheSize                    = 251658240                              {pd product} {ergonomic}
     bool SegmentedCodeCache                       = true                                      {product} {ergonomic}
   size_t SoftMaxHeapSize                          = 4697620480                             {manageable} {ergonomic}
     bool UseCompressedOops                        = true                           {product lp64_product} {ergonomic}
     bool UseG1GC                                  = true                                      {product} {ergonomic}

Logging:
Log output configuration:
 #0: stdout all=warning uptime,level,tags foldmultilines=false
 #1: stderr all=off uptime,level,tags foldmultilines=false

Release file:
IMPLEMENTOR="Eclipse Adoptium"
IMPLEMENTOR_VERSION="Temurin-25.0.1+8"
JAVA_RUNTIME_VERSION="25.0.1+8-LTS"
JAVA_VERSION="25.0.1"
JAVA_VERSION_DATE="2025-10-21"
LIBC="gnu"
MODULES="java.base java.compiler java.datatransfer java.xml java.prefs java.desktop java.instrument java.logging java.management java.security.sasl java.naming java.rmi java.management.rmi java.net.http java.scripting java.security.jgss java.transaction.xa java.sql java.sql.rowset java.xml.crypto java.se java.smartcardio jdk.accessibility jdk.internal.jvmstat jdk.attach jdk.charsets jdk.internal.opt jdk.zipfs jdk.compiler jdk.crypto.cryptoki jdk.crypto.ec jdk.dynalink jdk.internal.ed jdk.editpad jdk.internal.vm.ci jdk.graal.compiler jdk.graal.compiler.management jdk.hotspot.agent jdk.httpserver jdk.incubator.vector jdk.internal.le jdk.internal.md jdk.jartool jdk.javadoc jdk.jcmd jdk.management jdk.management.agent jdk.jconsole jdk.jdeps jdk.jdwp.agent jdk.jdi jdk.jfr jdk.jlink jdk.jpackage jdk.jshell jdk.jsobject jdk.jstatd jdk.localedata jdk.management.jfr jdk.naming.dns jdk.naming.rmi jdk.net jdk.nio.mapmode jdk.sctp jdk.security.auth jdk.security.jgss jdk.unsupported jdk.unsupported.desktop jdk.xml.dom"
OS_ARCH="x86_64"
OS_NAME="Linux"
SOURCE=".:git:61d6a2c1b35e"
BUILD_SOURCE="git:839fa0b45d809157cffd3dc8515aad262a4a1776"
BUILD_SOURCE_REPO="https://github.com/adoptium/temurin-build.git"
SOURCE_REPO="https://github.com/adoptium/jdk25u.git"
FULL_VERSION="25.0.1+8-LTS"
SEMANTIC_VERSION="25.0.1+8"
BUILD_INFO="OS: Linux Version: 6.8.0-1036-azure"
JVM_VARIANT="Hotspot"
JVM_VERSION="25.0.1+8-LTS"
IMAGE_TYPE="JDK"

Environment Variables:
JAVA_HOME=/usr/lib/apache-netbeans/jdk
PATH=/home/bilal/.local/bin:/home/bilal/bin:/usr/local/bin:/usr/bin:/var/lib/snapd/snap/bin:/usr/local/sbin
USERNAME=bilal
SHELL=/bin/bash
DISPLAY=:0
LANG=en_US.UTF-8

Active Locale:
LC_ALL=en_US.UTF-8
LC_COLLATE=en_US.UTF-8
LC_CTYPE=en_US.UTF-8
LC_MESSAGES=en_US.UTF-8
LC_MONETARY=en_US.UTF-8
LC_NUMERIC=en_US.UTF-8
LC_TIME=en_US.UTF-8

Signal Handlers:
   SIGSEGV: crash_handler in libjvm.so, mask=11100100010111111101111111111110, flags=SA_RESTART|SA_SIGINFO, unblocked
    SIGBUS: crash_handler in libjvm.so, mask=11100100010111111101111111111110, flags=SA_RESTART|SA_SIGINFO, unblocked
    SIGFPE: crash_handler in libjvm.so, mask=11100100010111111101111111111110, flags=SA_RESTART|SA_SIGINFO, unblocked
   SIGPIPE: javaSignalHandler in libjvm.so, mask=11100100010111111101111111111110, flags=SA_RESTART|SA_SIGINFO, blocked
   SIGXFSZ: javaSignalHandler in libjvm.so, mask=11100100010111111101111111111110, flags=SA_RESTART|SA_SIGINFO, blocked
    SIGILL: crash_handler in libjvm.so, mask=11100100010111111101111111111110, flags=SA_RESTART|SA_SIGINFO, unblocked
   SIGUSR2: SR_handler in libjvm.so, mask=00000000000000000000000000000000, flags=SA_RESTART|SA_SIGINFO, blocked
    SIGHUP: UserHandler in libjvm.so, mask=11100100010111111101111111111110, flags=SA_RESTART|SA_SIGINFO, blocked
    SIGINT: SIG_IGN, mask=00000000000000000000000000000000, flags=none, blocked
   SIGTERM: UserHandler in libjvm.so, mask=11100100010111111101111111111110, flags=SA_RESTART|SA_SIGINFO, blocked
   SIGQUIT: UserHandler in libjvm.so, mask=11100100010111111101111111111110, flags=SA_RESTART|SA_SIGINFO, blocked
   SIGTRAP: crash_handler in libjvm.so, mask=11100100010111111101111111111110, flags=SA_RESTART|SA_SIGINFO, unblocked


Compilation memory statistics disabled.

Periodic native trim disabled

---------------  S Y S T E M  ---------------

OS:
Fedora release 42 (Adams)
uname: Linux 6.14.0-63.fc42.x86_64 #1 SMP PREEMPT_DYNAMIC Mon Mar 24 19:53:37 UTC 2025 x86_64
OS uptime: 0 days 0:52 hours
libc: glibc 2.41 NPTL 2.41 
rlimit (soft/hard): STACK 8192k/infinity , CORE infinity/infinity , NPROC 71241/71241 , NOFILE 524288/524288 , AS infinity/infinity , CPU infinity/infinity , DATA infinity/infinity , FSIZE infinity/infinity , MEMLOCK 8192k/8192k
load average: 0.66 0.75 0.73

/proc/meminfo:
MemTotal:       18336688 kB
MemFree:         5363152 kB
MemAvailable:   12836112 kB
Buffers:            6520 kB
Cached:          7752480 kB
SwapCached:            0 kB
Active:          9467372 kB
Inactive:        2631740 kB
Active(anon):    4420040 kB
Inactive(anon):        0 kB
Active(file):    5047332 kB
Inactive(file):  2631740 kB
Unevictable:        5832 kB
Mlocked:            5832 kB
SwapTotal:       8388604 kB
SwapFree:        8388604 kB
Zswap:                 0 kB
Zswapped:              0 kB
Dirty:              4044 kB
Writeback:             0 kB
AnonPages:       4346324 kB
Mapped:          1209316 kB
Shmem:             75060 kB
KReclaimable:     120144 kB
Slab:             318716 kB
SReclaimable:     120144 kB
SUnreclaim:       198572 kB
KernelStack:       27264 kB
PageTables:        64032 kB
SecPageTables:      4148 kB
NFS_Unstable:          0 kB
Bounce:                0 kB
WritebackTmp:          0 kB
CommitLimit:    17556948 kB
Committed_AS:   15084972 kB
VmallocTotal:   34359738367 kB
VmallocUsed:      123040 kB
VmallocChunk:          0 kB
Percpu:             8704 kB
HardwareCorrupted:     0 kB
AnonHugePages:         0 kB
ShmemHugePages:        0 kB
ShmemPmdMapped:        0 kB
FileHugePages:         0 kB
FilePmdMapped:         0 kB
CmaTotal:              0 kB
CmaFree:               0 kB
Unaccepted:            0 kB
HugePages_Total:       0
HugePages_Free:        0
HugePages_Rsvd:        0
HugePages_Surp:        0
Hugepagesize:       2048 kB
Hugetlb:               0 kB
DirectMap4k:      556628 kB
DirectMap2M:    15106048 kB
DirectMap1G:     4194304 kB

/sys/kernel/mm/transparent_hugepage/enabled: always [madvise] never
/sys/kernel/mm/transparent_hugepage/hpage_pmd_size: 2097152
/sys/kernel/mm/transparent_hugepage/shmem_enabled: always within_size advise [never] deny force
/sys/kernel/mm/transparent_hugepage/defrag (defrag/compaction efforts parameter): always defer defer+madvise [madvise] never

Process Memory:
Virtual Size: 8304588K (peak: 8322076K)
Resident Set Size: 163852K (peak: 261596K) (anon: 129824K, file: 34028K, shmem: 0K)
Swapped out: 0K
C-Heap outstanding allocations: 68941K, retained: 20250K
glibc malloc tunables: (default)

/proc/sys/kernel/threads-max (system-wide limit on the number of threads): 142482
/proc/sys/vm/max_map_count (maximum number of memory map areas a process may have): 1048576
/proc/sys/vm/swappiness (control to define how aggressively the kernel swaps out anonymous memory): 60
/proc/sys/kernel/pid_max (system-wide limit on number of process identifiers): 4194304

container information not found.
Steal ticks since vm start: 0
Steal ticks percentage since vm start:  0.000

CPU: total 8 (initial active 8) (8 cores per cpu, 2 threads per core) family 23 model 24 stepping 1 microcode 0x8108109, cx8, cmov, fxsr, ht, mmx, 3dnowpref, sse, sse2, sse3, ssse3, sse4a, sse4.1, sse4.2, popcnt, lzcnt, tsc, tscinvbit, avx, avx2, aes, clmul, bmi1, bmi2, adx, sha, fma, vzeroupper, clflush, clflushopt, rdtscp, f16c
CPU Model and flags from /proc/cpuinfo:
model name	: AMD Ryzen 5 3500U with Radeon Vega Mobile Gfx
flags		: fpu vme de pse tsc msr pae mce cx8 apic sep mtrr pge mca cmov pat pse36 clflush mmx fxsr sse sse2 ht syscall nx mmxext fxsr_opt pdpe1gb rdtscp lm constant_tsc rep_good nopl nonstop_tsc cpuid extd_apicid aperfmperf rapl pni pclmulqdq monitor ssse3 fma cx16 sse4_1 sse4_2 movbe popcnt aes xsave avx f16c rdrand lahf_lm cmp_legacy svm extapic cr8_legacy abm sse4a misalignsse 3dnowprefetch osvw skinit wdt tce topoext perfctr_core perfctr_nb bpext perfctr_llc mwaitx cpb hw_pstate ssbd ibpb vmmcall fsgsbase bmi1 avx2 smep bmi2 rdseed adx smap clflushopt sha_ni xsaveopt xsavec xgetbv1 clzero irperf xsaveerptr arat npt lbrv svm_lock nrip_save tsc_scale vmcb_clean flushbyasid decodeassists pausefilter pfthreshold avic v_vmsave_vmload vgif overflow_recov succor smca sev sev_es

Online cpus: 0-7
Offline cpus: 
BIOS frequency limitation: 2100000
Frequency switch latency (ns): 0
Available cpu frequencies: 2100000 1700000 1400000 
Current governor: schedutil
Core performance/turbo boost: 1

Memory: 4k page, physical 18336688k(12836112k free), swap 8388604k(8388604k free)
Page Sizes: 4k

vm_info: OpenJDK 64-Bit Server VM (25.0.1+8-LTS) for linux-amd64 JRE (25.0.1+8-LTS), built on 2025-10-21T00:00:00Z with gcc 14.2.0

END.
