#
# A fatal error has been detected by the Java Runtime Environment:
#
#  SIGSEGV (0xb) at pc=0x00007fd89e7295ef, pid=9836, tid=9892
#
# JRE version: OpenJDK Runtime Environment Temurin-25.0.1+8 (25.0.1+8) (build 25.0.1+8-LTS)
# Java VM: OpenJDK 64-Bit Server VM Temurin-25.0.1+8 (25.0.1+8-LTS, mixed mode, sharing, tiered, compressed oops, compressed class ptrs, g1 gc, linux-amd64)
# Problematic frame:
# V  [libjvm.so+0x7295ef]  Compile::disconnect_useless_nodes(Unique_Node_List&, Unique_Node_List&, Unique_Node_List const*)+0x8f
#
# Core dump will be written. Default location: Core dumps may be processed with "/usr/lib/systemd/systemd-coredump %P %u %g %s %t %c %h" (or dumping to /home/bilal/NetBeansProjects/Project-UAS-PBO-Restaurant/core.9836)
#
# If you would like to submit a bug report, please visit:
#   https://github.com/adoptium/adoptium-support/issues
#

---------------  S U M M A R Y ------------

Command Line: --enable-native-access=ALL-UNNAMED -Dclassworlds.conf=/usr/lib/apache-netbeans/java/maven/bin/m2.conf -Dmaven.home=/usr/lib/apache-netbeans/java/maven -Dlibrary.jansi.path=/usr/lib/apache-netbeans/java/maven/lib/jansi-native -Dmaven.multiModuleProjectDirectory=/home/bilal/NetBeansProjects/Project-UAS-PBO-Restaurant org.codehaus.plexus.classworlds.launcher.Launcher -Dnetbeans.deploy=true -Dexec.vmArgs= -Dexec.appArgs= -Dmaven.ext.class.path=/usr/lib/apache-netbeans/java/maven-nblib/netbeans-eventspy.jar --no-transfer-progress package

Host: AMD Ryzen 5 3500U with Radeon Vega Mobile Gfx, 8 cores, 17G, Fedora release 42 (Adams)
Time: Thu Jan 15 15:27:13 2026 WIB elapsed time: 2.775175 seconds (0d 0h 0m 2s)

---------------  T H R E A D  ---------------

Current thread (0x00007fd830086d30):  JavaThread "C2 CompilerThread1" daemon [_thread_in_native, id=9892, stack(0x00007fd878754000,0x00007fd878854000) (1024K)]


Current CompileTask:
C2:2775 3354       4       org.codehaus.plexus.util.xml.pull.MXParser::parseStartTag (1205 bytes)

Stack: [0x00007fd878754000,0x00007fd878854000],  sp=0x00007fd878850c00,  free space=1011k
Native frames: (J=compiled Java code, j=interpreted, Vv=VM code, C=native code)
V  [libjvm.so+0x7295ef]  Compile::disconnect_useless_nodes(Unique_Node_List&, Unique_Node_List&, Unique_Node_List const*)+0x8f
V  [libjvm.so+0x72cab1]  Compile::inline_string_calls(bool)+0x81
V  [libjvm.so+0x73a179]  Compile::Compile(ciEnv*, ciMethod*, int, Options, DirectiveSet*)+0x1269
V  [libjvm.so+0x651a91]  C2Compiler::compile_method(ciEnv*, ciMethod*, int, bool, DirectiveSet*)+0x1c1
V  [libjvm.so+0x742601]  CompileBroker::invoke_compiler_on_method(CompileTask*)+0xb01
V  [libjvm.so+0x7438e8]  CompileBroker::compiler_thread_loop()+0x518
V  [libjvm.so+0xa3bd1e]  JavaThread::thread_main_inner()+0x1de
V  [libjvm.so+0x116ab9f]  Thread::call_run()+0x9f
V  [libjvm.so+0xe71cc6]  thread_native_entry(Thread*)+0xd6
C  [libc.so.6+0x71f14]  start_thread+0x2e4

siginfo: si_signo: 11 (SIGSEGV), si_code: 1 (SEGV_MAPERR), si_addr: 0x00007ed8302a85c0

Registers:
RAX=0x0000000000000002, RBX=0x00007fd878850cd0, RCX=0x0000000000000000, RDX=0x00007fd878850cd0
RSP=0x00007fd878850c00, RBP=0x00007fd878850c50, RSI=0x00007ed8302a85c0, RDI=0x00007fd82c258a18
R8 =0x00007ed8302a85c0, R9 =0x0000000000000033, R10=0x00007fd8200be4e8, R11=0x00007fd8200be4e8
R12=0x00007fd82c1f2758, R13=0x00007fd8302a8508, R14=0x0000000000000000, R15=0x0000000000000002
RIP=0x00007fd89e7295ef, EFLAGS=0x0000000000010202, CSGSFS=0x002b000000000033, ERR=0x0000000000000004
  TRAPNO=0x000000000000000e

XMM[0]=0x0000000000000000 0x0000000000000000
XMM[1]=0x0000000000000000 0x0000000000000000
XMM[2]=0x00007fd83006c8c8 0x00007fd83006c7b0
XMM[3]=0x00007fd83006cba8 0x00007fd83006cb10
XMM[4]=0x0000000000000000 0x00007fd81c000090
XMM[5]=0x00007fd83006d4c8 0x00007fd83006d430
XMM[6]=0x00007fd83006d268 0x00007fd83006d1d0
XMM[7]=0x00007fd83006cf08 0x00007fd83006cd70
XMM[8]=0x00007fd82c197ce8 0x00007fd82c196ff8
XMM[9]=0x0000000000000000 0x46293e5939a08cea
XMM[10]=0x0000000000000000 0x4376345785d8a000
XMM[11]=0x00007fd83003d790 0x00007fd83003d728
XMM[12]=0x0000000000000001 0x0000000000000001
XMM[13]=0x0000000000000000 0x0000000000000000
XMM[14]=0x0000000000000000 0x0000000000000000
XMM[15]=0x0000000000000000 0x0000000000000000
  MXCSR=0x00001fa2


Register to memory mapping:

RAX=0x0000000000000002 is an unknown value
RBX=0x00007fd878850cd0 is pointing into the stack for thread: 0x00007fd830086d30
RCX=0x0 is null
RDX=0x00007fd878850cd0 is pointing into the stack for thread: 0x00007fd830086d30
RSP=0x00007fd878850c00 is pointing into the stack for thread: 0x00007fd830086d30
RBP=0x00007fd878850c50 is pointing into the stack for thread: 0x00007fd830086d30
RSI=0x00007ed8302a85c0 is an unknown value
RDI=0x00007fd82c258a18 points into unknown readable memory: 0x00007fd89f6d9198 | 98 91 6d 9f d8 7f 00 00
R8 =0x00007ed8302a85c0 is an unknown value
R9 =0x0000000000000033 is an unknown value
R10=0x00007fd8200be4e8 points into unknown readable memory: 0x1ffc7bfbefd107eb | eb 07 d1 ef fb 7b fc 1f
R11=0x00007fd8200be4e8 points into unknown readable memory: 0x1ffc7bfbefd107eb | eb 07 d1 ef fb 7b fc 1f
R12=0x00007fd82c1f2758 points into unknown readable memory: 0x00007fd878851b30 | 30 1b 85 78 d8 7f 00 00
R13=0x00007fd8302a8508 points into unknown readable memory: 0x00007fd89f6bb330 | 30 b3 6b 9f d8 7f 00 00
R14=0x0 is null
R15=0x0000000000000002 is an unknown value

Top of Stack: (sp=0x00007fd878850c00)
0x00007fd878850c00:   00007fd878851a00 00007fd89eebd95a   ...x....Z.......
0x00007fd878850c10:   0000000000008368 0000000000000822   h.......".......
0x00007fd878850c20:   00007fd878850c40 00007fd878851a00   @..x.......x....
0x00007fd878850c30:   00007fd878850cc0 00007fd81c0b8b40   ...x....@.......
0x00007fd878850c40:   00007fd81c0c0b30 00007fd830087770   0.......pw.0....
0x00007fd878850c50:   00007fd878850d80 00007fd89e72cab1   ...x......r.....
0x00007fd878850c60:   00007fd878851a00 0000000000018360   ...x....`.......
0x00007fd878850c70:   00007fd81c0b8b40 00007fd81c0bccd8   @...............
0x00007fd878850c80:   000000013006db80 00007fd81c0bccd8   ...0............
0x00007fd878850c90:   00007fd878850cd0 00007fd89eec4b34   ...x....4K......
0x00007fd878850ca0:   00007fd878851a00 00007fd83006db80   ...x.......0....
0x00007fd878850cb0:   0000000000000404 00007fd82c1f2758   ........X'.,....
0x00007fd878850cc0:   00007fd800000002 00007fd878851a00   ...........x....
0x00007fd878850cd0:   00007fd830087770 00007fd800001000   pw.0............
0x00007fd878850ce0:   00007fd81c278de8 00000a80305305d8   ..'.......S0....
0x00007fd878850cf0:   0000010000000100 00007fd8200be4e8   ........... ....
0x00007fd878850d00:   00007fd830087770 00007fd878852670   pw.0....p&.x....
0x00007fd878850d10:   00007fd800000000 00007fd83006be60   ........`..0....
0x00007fd878850d20:   0000000000000000 00000006ffffffff   ................
0x00007fd878850d30:   0000000000000000 00007fd8980039c0   .........9......
0x00007fd878850d40:   00007fd800000000 00007fd89e9a36cf   .........6......
0x00007fd878850d50:   00007fd878850ea0 00007fd878850ea0   ...x.......x....
0x00007fd878850d60:   00007fd8980b78a0 00007fd878850e50   .x......P..x....
0x00007fd878850d70:   00007fd89f7216b1 00007fd878851a00   ..r........x....
0x00007fd878850d80:   00007fd878851980 00007fd89e73a179   ...x....y.s.....
0x00007fd878850d90:   00007fd81c150b40 00007fd81c154b10   @........K......
0x00007fd878850da0:   0000000000000000 00007fd81c157108   .........q......
0x00007fd878850db0:   00007fd878851b80 00007fd82c1f27c8   ...x.....'.,....
0x00007fd878850dc0:   00007fd878850e10 00007fd878850dd0   ...x.......x....
0x00007fd878850dd0:   0000000000000000 0000000000000000   ................
0x00007fd878850de0:   0000000000000000 0000000000000000   ................
0x00007fd878850df0:   0000000000000000 00007fd89f2eff48   ........H.......

Instructions: (pc=0x00007fd89e7295ef)
  0x00007fd89e7294ef:   00 00 00 00 00 66 66 2e 0f 1f 84 00 00 00 00 00
  0x00007fd89e7294ff:   90 48 8b 83 e8 07 00 00 41 83 c5 01 48 8b 0c 10
  0x00007fd89e72950f:   48 89 4c 10 f8 8b 83 e0 07 00 00 48 83 c2 08 41
  0x00007fd89e72951f:   39 c5 7c dd 83 e8 01 89 83 e0 07 00 00 e9 6f f9
  0x00007fd89e72952f:   ff ff 0f 1f 80 00 00 00 00 5b 4c 89 e6 41 5c 41
  0x00007fd89e72953f:   5d 41 5e 5d ff e0 0f 1f 00 48 8d bf 78 02 00 00
  0x00007fd89e72954f:   44 89 ee e8 69 f0 aa 00 e9 3c fc ff ff 0f 1f 40
  0x00007fd89e72955f:   00 55 48 89 e5 41 57 49 89 ff 41 56 41 55 41 54
  0x00007fd89e72956f:   53 48 89 f3 48 83 ec 28 8b 46 1c 85 c0 0f 84 d0
  0x00007fd89e72957f:   00 00 00 48 89 7d b0 49 89 d4 49 89 f7 31 d2 66
  0x00007fd89e72958f:   90 49 8b 47 10 4c 8b 2c d0 41 8b 45 2c f7 d0 a8
  0x00007fd89e72959f:   03 0f 84 5a 06 00 00 41 8b 45 20 45 31 f6 85 c0
  0x00007fd89e7295af:   0f 8e 88 00 00 00 48 89 55 c8 4c 89 fa 41 89 c7
  0x00007fd89e7295bf:   48 89 d3 eb 20 0f 1f 40 00 4c 8b 53 28 ba 01 00
  0x00007fd89e7295cf:   00 00 d3 e2 89 d1 43 23 0c 8a 74 27 41 83 c6 01
  0x00007fd89e7295df:   45 39 f7 7e 49 4d 8b 45 10 49 63 ce 49 8d 34 c8
=>0x00007fd89e7295ef:   48 8b 3e 8b 4f 28 41 89 c9 41 c1 e9 05 44 3b 4b
  0x00007fd89e7295ff:   20 72 c6 83 e8 01 41 83 ef 01 41 89 45 20 49 8b
  0x00007fd89e72960f:   04 c0 48 89 06 4c 89 ee e8 44 9e 70 00 84 c0 0f
  0x00007fd89e72961f:   85 cc 04 00 00 41 8b 45 20 45 39 f7 7f b7 48 8b
  0x00007fd89e72962f:   55 c8 49 89 df 83 f8 01 0f 84 13 05 00 00 48 83
  0x00007fd89e72963f:   c2 01 41 3b 57 1c 0f 82 45 ff ff ff 4c 89 fb 4c
  0x00007fd89e72964f:   8b 7d b0 41 8b 87 a8 01 00 00 41 b9 01 00 00 00
  0x00007fd89e72965f:   8d 50 ff 48 63 f2 48 c1 e6 03 85 d2 78 5b 0f 1f
  0x00007fd89e72966f:   00 4d 8b 87 b0 01 00 00 49 8d 3c 30 48 8b 07 8b
  0x00007fd89e72967f:   48 28 89 c8 c1 e8 05 3b 43 20 73 13 4c 8b 53 28
  0x00007fd89e72968f:   45 89 cb 41 d3 e3 44 89 d9 41 23 0c 82 75 1e 41
  0x00007fd89e72969f:   8b 87 a8 01 00 00 83 e8 01 41 89 87 a8 01 00 00
  0x00007fd89e7296af:   39 d0 7e 09 48 98 49 8b 04 c0 48 89 07 83 ea 01
  0x00007fd89e7296bf:   48 83 ee 08 83 fa ff 75 a8 41 8b 87 c0 01 00 00
  0x00007fd89e7296cf:   41 b9 01 00 00 00 8d 50 ff 48 63 f2 48 c1 e6 03
  0x00007fd89e7296df:   85 d2 78 65 66 66 2e 0f 1f 84 00 00 00 00 00 66


Stack slot to memory mapping:

stack at sp + 0 slots: 0x00007fd878851a00 is pointing into the stack for thread: 0x00007fd830086d30
stack at sp + 1 slots: 0x00007fd89eebd95a: <offset 0x0000000000ebd95a> in /usr/lib/apache-netbeans/jdk/lib/server/libjvm.so at 0x00007fd89e000000
stack at sp + 2 slots: 0x0000000000008368 is an unknown value
stack at sp + 3 slots: 0x0000000000000822 is an unknown value
stack at sp + 4 slots: 0x00007fd878850c40 is pointing into the stack for thread: 0x00007fd830086d30
stack at sp + 5 slots: 0x00007fd878851a00 is pointing into the stack for thread: 0x00007fd830086d30
stack at sp + 6 slots: 0x00007fd878850cc0 is pointing into the stack for thread: 0x00007fd830086d30
stack at sp + 7 slots: 0x00007fd81c0b8b40 points into unknown readable memory: 0x00007fd81c278dd0 | d0 8d 27 1c d8 7f 00 00

Lock stack of current Java thread (top to bottom):


---------------  P R O C E S S  ---------------

Threads class SMR info:
_java_thread_list=0x00007fd8200e65e0, length=11, elements={
0x00007fd89802b6b0, 0x00007fd8980c8d10, 0x00007fd8980c9f00, 0x00007fd8980cba70,
0x00007fd8980cd390, 0x00007fd8980cec10, 0x00007fd8980d0a10, 0x00007fd8980d2400,
0x00007fd89810b8c0, 0x00007fd89810e210, 0x00007fd830086d30
}

Java Threads: ( => current thread )
  0x00007fd89802b6b0 JavaThread "main"                              [_thread_in_vm, id=9872, stack(0x00007fd89df00000,0x00007fd89e000000) (1024K)]
  0x00007fd8980c8d10 JavaThread "Reference Handler"          daemon [_thread_blocked, id=9883, stack(0x00007fd8791f5000,0x00007fd8792f5000) (1024K)]
  0x00007fd8980c9f00 JavaThread "Finalizer"                  daemon [_thread_blocked, id=9884, stack(0x00007fd878f72000,0x00007fd879072000) (1024K)]
  0x00007fd8980cba70 JavaThread "Signal Dispatcher"          daemon [_thread_blocked, id=9885, stack(0x00007fd878e72000,0x00007fd878f72000) (1024K)]
  0x00007fd8980cd390 JavaThread "Service Thread"             daemon [_thread_blocked, id=9886, stack(0x00007fd878d72000,0x00007fd878e72000) (1024K)]
  0x00007fd8980cec10 JavaThread "Monitor Deflation Thread"   daemon [_thread_blocked, id=9887, stack(0x00007fd878c72000,0x00007fd878d72000) (1024K)]
  0x00007fd8980d0a10 JavaThread "C2 CompilerThread0"         daemon [_thread_in_native, id=9888, stack(0x00007fd878b72000,0x00007fd878c72000) (1024K)]
  0x00007fd8980d2400 JavaThread "C1 CompilerThread0"         daemon [_thread_in_native, id=9889, stack(0x00007fd878a72000,0x00007fd878b72000) (1024K)]
  0x00007fd89810b8c0 JavaThread "Notification Thread"        daemon [_thread_blocked, id=9890, stack(0x00007fd878972000,0x00007fd878a72000) (1024K)]
  0x00007fd89810e210 JavaThread "Common-Cleaner"             daemon [_thread_blocked, id=9891, stack(0x00007fd878872000,0x00007fd878972000) (1024K)]
=>0x00007fd830086d30 JavaThread "C2 CompilerThread1"         daemon [_thread_in_native, id=9892, stack(0x00007fd878754000,0x00007fd878854000) (1024K)]
Total: 11

Other Threads:
  0x00007fd8980bef70 VMThread "VM Thread"                           [id=9882, stack(0x00007fd8790f4000,0x00007fd8791f4000) (1024K)]
  0x00007fd8980aea30 WatcherThread "VM Periodic Task Thread"        [id=9881, stack(0x00007fd8792f6000,0x00007fd8793f6000) (1024K)]
  0x00007fd898051b50 WorkerThread "GC Thread#0"                     [id=9873, stack(0x00007fd89c235000,0x00007fd89c335000) (1024K)]
  0x00007fd854007c90 WorkerThread "GC Thread#1"                     [id=9896, stack(0x00007fd878300000,0x00007fd878400000) (1024K)]
  0x00007fd854008930 WorkerThread "GC Thread#2"                     [id=9897, stack(0x00007fd8781ff000,0x00007fd8782ff000) (1024K)]
  0x00007fd854009670 WorkerThread "GC Thread#3"                     [id=9898, stack(0x00007fd8780fe000,0x00007fd8781fe000) (1024K)]
  0x00007fd85400a3d0 WorkerThread "GC Thread#4"                     [id=9899, stack(0x00007fd84ff00000,0x00007fd850000000) (1024K)]
  0x00007fd85400b150 WorkerThread "GC Thread#5"                     [id=9900, stack(0x00007fd841f00000,0x00007fd842000000) (1024K)]
  0x00007fd8980604f0 ConcurrentGCThread "G1 Main Marker"            [id=9874, stack(0x00007fd89c134000,0x00007fd89c234000) (1024K)]
  0x00007fd8980616c0 WorkerThread "G1 Conc#0"                       [id=9875, stack(0x00007fd89c033000,0x00007fd89c133000) (1024K)]
  0x00007fd89809fcd0 ConcurrentGCThread "G1 Refine#0"               [id=9876, stack(0x00007fd8794f8000,0x00007fd8795f8000) (1024K)]
  0x00007fd8980a0ec0 ConcurrentGCThread "G1 Service"                [id=9877, stack(0x00007fd8793f7000,0x00007fd8794f7000) (1024K)]
Total: 12

Threads with active compile tasks:
C2 CompilerThread0  2804 3355       4       org.codehaus.plexus.util.xml.pull.MXParser::parseEndTag (438 bytes)
C1 CompilerThread0  2804 3419       3       java.lang.invoke.TypeConvertingMethodAdapter::convertType (269 bytes)
C2 CompilerThread1  2804 3354       4       org.codehaus.plexus.util.xml.pull.MXParser::parseStartTag (1205 bytes)
Total: 3

VM state: not at safepoint (normal execution)

VM Mutex/Monitor currently owned by a thread: None

Heap address: 0x00000006e8000000, size: 4480 MB, Compressed Oops mode: Zero based, Oop shift amount: 3

CDS archive(s) mapped at: [0x0000000069000000-0x0000000069d8c000-0x0000000069d8c000), size 14204928, SharedBaseAddress: 0x0000000069000000, ArchiveRelocationMode: 1.
Compressed class space mapped at: 0x000000006a000000-0x00000000aa000000, reserved size: 1073741824
UseCompressedClassPointers 1, UseCompactObjectHeaders 0
Narrow klass pointer bits 32, Max shift 3
Narrow klass base: 0x0000000069000000, Narrow klass shift: 0
Encoding Range: [0x0000000069000000 - 0x0000000169000000), (4294967296 bytes)
Klass Range:    [0x0000000069001000 - 0x00000000aa000000), (1090514944 bytes)
Klass ID Range:  [4096 - 1090519033) (1090514937)
Protection zone: [0x0000000069000000 - 0x0000000069001000), (4096 bytes)

GC Precious Log:
 CardTable entry size: 512
 Card Set container configuration: InlinePtr #cards 4 size 8 Array Of Cards #cards 32 size 80 Howl #buckets 8 coarsen threshold 7372 Howl Bitmap #cards 1024 size 144 coarsen threshold 921 Card regions per heap region 1 cards per card region 8192
 CPUs: 8 total, 8 available
 Memory: 17906M
 Large Page Support: Disabled
 NUMA Support: Disabled
 Compressed Oops: Enabled (Zero based)
 Heap Region Size: 4M
 Heap Min Capacity: 8M
 Heap Initial Capacity: 280M
 Heap Max Capacity: 4480M
 Pre-touch: Disabled
 Parallel Workers: 8
 Concurrent Workers: 2
 Concurrent Refinement Workers: 8
 Periodic GC: Disabled

Heap:
 garbage-first heap   total reserved 4587520K, committed 290816K, used 34691K [0x00000006e8000000, 0x0000000800000000)
  region size 4096K, 10 young (40960K), 2 survivors (8192K)

Heap Regions: E=young(eden), S=young(survivor), O=old, HS=humongous(starts), HC=humongous(continues), CS=collection set, F=free, TAMS=top-at-mark-start, PB=parsable bottom
|   0|0x00000006e8000000, 0x00000006e8000000, 0x00000006e8400000|  0%| F|  |TAMS 0x00000006e8000000| PB 0x00000006e8000000| Untracked |  0
|   1|0x00000006e8400000, 0x00000006e8400000, 0x00000006e8800000|  0%| F|  |TAMS 0x00000006e8400000| PB 0x00000006e8400000| Untracked |  0
|   2|0x00000006e8800000, 0x00000006e8800000, 0x00000006e8c00000|  0%| F|  |TAMS 0x00000006e8800000| PB 0x00000006e8800000| Untracked |  0
|   3|0x00000006e8c00000, 0x00000006e8c00000, 0x00000006e9000000|  0%| F|  |TAMS 0x00000006e8c00000| PB 0x00000006e8c00000| Untracked |  0
|   4|0x00000006e9000000, 0x00000006e9000000, 0x00000006e9400000|  0%| F|  |TAMS 0x00000006e9000000| PB 0x00000006e9000000| Untracked |  0
|   5|0x00000006e9400000, 0x00000006e9400000, 0x00000006e9800000|  0%| F|  |TAMS 0x00000006e9400000| PB 0x00000006e9400000| Untracked |  0
|   6|0x00000006e9800000, 0x00000006e9800000, 0x00000006e9c00000|  0%| F|  |TAMS 0x00000006e9800000| PB 0x00000006e9800000| Untracked |  0
|   7|0x00000006e9c00000, 0x00000006e9c00000, 0x00000006ea000000|  0%| F|  |TAMS 0x00000006e9c00000| PB 0x00000006e9c00000| Untracked |  0
|   8|0x00000006ea000000, 0x00000006ea000000, 0x00000006ea400000|  0%| F|  |TAMS 0x00000006ea000000| PB 0x00000006ea000000| Untracked |  0
|   9|0x00000006ea400000, 0x00000006ea400000, 0x00000006ea800000|  0%| F|  |TAMS 0x00000006ea400000| PB 0x00000006ea400000| Untracked |  0
|  10|0x00000006ea800000, 0x00000006ea800000, 0x00000006eac00000|  0%| F|  |TAMS 0x00000006ea800000| PB 0x00000006ea800000| Untracked |  0
|  11|0x00000006eac00000, 0x00000006eac00000, 0x00000006eb000000|  0%| F|  |TAMS 0x00000006eac00000| PB 0x00000006eac00000| Untracked |  0
|  12|0x00000006eb000000, 0x00000006eb000000, 0x00000006eb400000|  0%| F|  |TAMS 0x00000006eb000000| PB 0x00000006eb000000| Untracked |  0
|  13|0x00000006eb400000, 0x00000006eb400000, 0x00000006eb800000|  0%| F|  |TAMS 0x00000006eb400000| PB 0x00000006eb400000| Untracked |  0
|  14|0x00000006eb800000, 0x00000006eb800000, 0x00000006ebc00000|  0%| F|  |TAMS 0x00000006eb800000| PB 0x00000006eb800000| Untracked |  0
|  15|0x00000006ebc00000, 0x00000006ebc00000, 0x00000006ec000000|  0%| F|  |TAMS 0x00000006ebc00000| PB 0x00000006ebc00000| Untracked |  0
|  16|0x00000006ec000000, 0x00000006ec000000, 0x00000006ec400000|  0%| F|  |TAMS 0x00000006ec000000| PB 0x00000006ec000000| Untracked |  0
|  17|0x00000006ec400000, 0x00000006ec400000, 0x00000006ec800000|  0%| F|  |TAMS 0x00000006ec400000| PB 0x00000006ec400000| Untracked |  0
|  18|0x00000006ec800000, 0x00000006ec800000, 0x00000006ecc00000|  0%| F|  |TAMS 0x00000006ec800000| PB 0x00000006ec800000| Untracked |  0
|  19|0x00000006ecc00000, 0x00000006ecc00000, 0x00000006ed000000|  0%| F|  |TAMS 0x00000006ecc00000| PB 0x00000006ecc00000| Untracked |  0
|  20|0x00000006ed000000, 0x00000006ed000000, 0x00000006ed400000|  0%| F|  |TAMS 0x00000006ed000000| PB 0x00000006ed000000| Untracked |  0
|  21|0x00000006ed400000, 0x00000006ed400000, 0x00000006ed800000|  0%| F|  |TAMS 0x00000006ed400000| PB 0x00000006ed400000| Untracked |  0
|  22|0x00000006ed800000, 0x00000006ed800000, 0x00000006edc00000|  0%| F|  |TAMS 0x00000006ed800000| PB 0x00000006ed800000| Untracked |  0
|  23|0x00000006edc00000, 0x00000006edc00000, 0x00000006ee000000|  0%| F|  |TAMS 0x00000006edc00000| PB 0x00000006edc00000| Untracked |  0
|  24|0x00000006ee000000, 0x00000006ee000000, 0x00000006ee400000|  0%| F|  |TAMS 0x00000006ee000000| PB 0x00000006ee000000| Untracked |  0
|  25|0x00000006ee400000, 0x00000006ee400000, 0x00000006ee800000|  0%| F|  |TAMS 0x00000006ee400000| PB 0x00000006ee400000| Untracked |  0
|  26|0x00000006ee800000, 0x00000006ee800000, 0x00000006eec00000|  0%| F|  |TAMS 0x00000006ee800000| PB 0x00000006ee800000| Untracked |  0
|  27|0x00000006eec00000, 0x00000006eec00000, 0x00000006ef000000|  0%| F|  |TAMS 0x00000006eec00000| PB 0x00000006eec00000| Untracked |  0
|  28|0x00000006ef000000, 0x00000006ef000000, 0x00000006ef400000|  0%| F|  |TAMS 0x00000006ef000000| PB 0x00000006ef000000| Untracked |  0
|  29|0x00000006ef400000, 0x00000006ef400000, 0x00000006ef800000|  0%| F|  |TAMS 0x00000006ef400000| PB 0x00000006ef400000| Untracked |  0
|  30|0x00000006ef800000, 0x00000006ef800000, 0x00000006efc00000|  0%| F|  |TAMS 0x00000006ef800000| PB 0x00000006ef800000| Untracked |  0
|  31|0x00000006efc00000, 0x00000006efc00000, 0x00000006f0000000|  0%| F|  |TAMS 0x00000006efc00000| PB 0x00000006efc00000| Untracked |  0
|  32|0x00000006f0000000, 0x00000006f0000000, 0x00000006f0400000|  0%| F|  |TAMS 0x00000006f0000000| PB 0x00000006f0000000| Untracked |  0
|  33|0x00000006f0400000, 0x00000006f0400000, 0x00000006f0800000|  0%| F|  |TAMS 0x00000006f0400000| PB 0x00000006f0400000| Untracked |  0
|  34|0x00000006f0800000, 0x00000006f0800000, 0x00000006f0c00000|  0%| F|  |TAMS 0x00000006f0800000| PB 0x00000006f0800000| Untracked |  0
|  35|0x00000006f0c00000, 0x00000006f0c00000, 0x00000006f1000000|  0%| F|  |TAMS 0x00000006f0c00000| PB 0x00000006f0c00000| Untracked |  0
|  36|0x00000006f1000000, 0x00000006f1000000, 0x00000006f1400000|  0%| F|  |TAMS 0x00000006f1000000| PB 0x00000006f1000000| Untracked |  0
|  37|0x00000006f1400000, 0x00000006f1400000, 0x00000006f1800000|  0%| F|  |TAMS 0x00000006f1400000| PB 0x00000006f1400000| Untracked |  0
|  38|0x00000006f1800000, 0x00000006f1800000, 0x00000006f1c00000|  0%| F|  |TAMS 0x00000006f1800000| PB 0x00000006f1800000| Untracked |  0
|  39|0x00000006f1c00000, 0x00000006f1c00000, 0x00000006f2000000|  0%| F|  |TAMS 0x00000006f1c00000| PB 0x00000006f1c00000| Untracked |  0
|  40|0x00000006f2000000, 0x00000006f2000000, 0x00000006f2400000|  0%| F|  |TAMS 0x00000006f2000000| PB 0x00000006f2000000| Untracked |  0
|  41|0x00000006f2400000, 0x00000006f2400000, 0x00000006f2800000|  0%| F|  |TAMS 0x00000006f2400000| PB 0x00000006f2400000| Untracked |  0
|  42|0x00000006f2800000, 0x00000006f2800000, 0x00000006f2c00000|  0%| F|  |TAMS 0x00000006f2800000| PB 0x00000006f2800000| Untracked |  0
|  43|0x00000006f2c00000, 0x00000006f2c00000, 0x00000006f3000000|  0%| F|  |TAMS 0x00000006f2c00000| PB 0x00000006f2c00000| Untracked |  0
|  44|0x00000006f3000000, 0x00000006f3000000, 0x00000006f3400000|  0%| F|  |TAMS 0x00000006f3000000| PB 0x00000006f3000000| Untracked |  0
|  45|0x00000006f3400000, 0x00000006f3400000, 0x00000006f3800000|  0%| F|  |TAMS 0x00000006f3400000| PB 0x00000006f3400000| Untracked |  0
|  46|0x00000006f3800000, 0x00000006f3800000, 0x00000006f3c00000|  0%| F|  |TAMS 0x00000006f3800000| PB 0x00000006f3800000| Untracked |  0
|  47|0x00000006f3c00000, 0x00000006f3c00000, 0x00000006f4000000|  0%| F|  |TAMS 0x00000006f3c00000| PB 0x00000006f3c00000| Untracked |  0
|  48|0x00000006f4000000, 0x00000006f4000000, 0x00000006f4400000|  0%| F|  |TAMS 0x00000006f4000000| PB 0x00000006f4000000| Untracked |  0
|  49|0x00000006f4400000, 0x00000006f4400000, 0x00000006f4800000|  0%| F|  |TAMS 0x00000006f4400000| PB 0x00000006f4400000| Untracked |  0
|  50|0x00000006f4800000, 0x00000006f4800000, 0x00000006f4c00000|  0%| F|  |TAMS 0x00000006f4800000| PB 0x00000006f4800000| Untracked |  0
|  51|0x00000006f4c00000, 0x00000006f4c00000, 0x00000006f5000000|  0%| F|  |TAMS 0x00000006f4c00000| PB 0x00000006f4c00000| Untracked |  0
|  52|0x00000006f5000000, 0x00000006f5000000, 0x00000006f5400000|  0%| F|  |TAMS 0x00000006f5000000| PB 0x00000006f5000000| Untracked |  0
|  53|0x00000006f5400000, 0x00000006f5400000, 0x00000006f5800000|  0%| F|  |TAMS 0x00000006f5400000| PB 0x00000006f5400000| Untracked |  0
|  54|0x00000006f5800000, 0x00000006f5800000, 0x00000006f5c00000|  0%| F|  |TAMS 0x00000006f5800000| PB 0x00000006f5800000| Untracked |  0
|  55|0x00000006f5c00000, 0x00000006f5c00000, 0x00000006f6000000|  0%| F|  |TAMS 0x00000006f5c00000| PB 0x00000006f5c00000| Untracked |  0
|  56|0x00000006f6000000, 0x00000006f60bffd0, 0x00000006f6400000| 18%| S|CS|TAMS 0x00000006f6000000| PB 0x00000006f6000000| Complete |  0
|  57|0x00000006f6400000, 0x00000006f6800000, 0x00000006f6800000|100%| S|CS|TAMS 0x00000006f6400000| PB 0x00000006f6400000| Complete |  0
|  58|0x00000006f6800000, 0x00000006f6800000, 0x00000006f6c00000|  0%| F|  |TAMS 0x00000006f6800000| PB 0x00000006f6800000| Untracked |  0
|  59|0x00000006f6c00000, 0x00000006f6c00000, 0x00000006f7000000|  0%| F|  |TAMS 0x00000006f6c00000| PB 0x00000006f6c00000| Untracked |  0
|  60|0x00000006f7000000, 0x00000006f7000000, 0x00000006f7400000|  0%| F|  |TAMS 0x00000006f7000000| PB 0x00000006f7000000| Untracked |  0
|  61|0x00000006f7400000, 0x00000006f7400000, 0x00000006f7800000|  0%| F|  |TAMS 0x00000006f7400000| PB 0x00000006f7400000| Untracked |  0
|  62|0x00000006f7800000, 0x00000006f78ca5e0, 0x00000006f7c00000| 19%| E|  |TAMS 0x00000006f7800000| PB 0x00000006f7800000| Complete |  0
|  63|0x00000006f7c00000, 0x00000006f8000000, 0x00000006f8000000|100%| E|CS|TAMS 0x00000006f7c00000| PB 0x00000006f7c00000| Complete |  0
|  64|0x00000006f8000000, 0x00000006f8400000, 0x00000006f8400000|100%| E|CS|TAMS 0x00000006f8000000| PB 0x00000006f8000000| Complete |  0
|  65|0x00000006f8400000, 0x00000006f8800000, 0x00000006f8800000|100%| E|CS|TAMS 0x00000006f8400000| PB 0x00000006f8400000| Complete |  0
|  66|0x00000006f8800000, 0x00000006f8c00000, 0x00000006f8c00000|100%| E|CS|TAMS 0x00000006f8800000| PB 0x00000006f8800000| Complete |  0
|  67|0x00000006f8c00000, 0x00000006f9000000, 0x00000006f9000000|100%| E|CS|TAMS 0x00000006f8c00000| PB 0x00000006f8c00000| Complete |  0
|  68|0x00000006f9000000, 0x00000006f9400000, 0x00000006f9400000|100%| E|CS|TAMS 0x00000006f9000000| PB 0x00000006f9000000| Complete |  0
|  69|0x00000006f9400000, 0x00000006f9800000, 0x00000006f9800000|100%| E|CS|TAMS 0x00000006f9400000| PB 0x00000006f9400000| Complete |  0
|1119|0x00000007ffc00000, 0x00000007ffd20fd8, 0x0000000800000000| 28%| O|  |TAMS 0x00000007ffc00000| PB 0x00000007ffc00000| Untracked |  0

Card table byte_map: [0x00007fd89c3a2000,0x00007fd89cc62000] _byte_map_base: 0x00007fd898c62000

Marking Bits: (CMBitMap*) 0x00007fd8980527a0
 Bits: [0x00007fd87be00000, 0x00007fd880400000)

Polling page: 0x00007fd89fb00000

Metaspace:
Metaspace        used 15052K, committed 15296K, reserved 1114112K
 class space     used 1477K, committed 1600K, reserved 1048576K

Usage:
  Non-class:     13.26 MB used.
      Class:      1.44 MB used.
       Both:     14.70 MB used.

Virtual space:
  Non-class space:       64.00 MB reserved,      13.38 MB ( 21%) committed,  1 nodes.
      Class space:        1.00 GB reserved,       1.56 MB ( <1%) committed,  1 nodes.
             Both:        1.06 GB reserved,      14.94 MB (  1%) committed. 

Chunk freelists:
   Non-Class:  2.12 MB
       Class:  14.45 MB
        Both:  16.58 MB

MaxMetaspaceSize: unlimited
CompressedClassSpaceSize: 1.00 GB
Initial GC threshold: 21.00 MB
Current GC threshold: 21.00 MB
CDS: on
 - commit_granule_bytes: 65536.
 - commit_granule_words: 8192.
 - virtual_space_node_default_size: 8388608.
 - enlarge_chunks_in_place: 1.
UseCompressedClassPointers 1, UseCompactObjectHeaders 0
Narrow klass pointer bits 32, Max shift 3
Narrow klass base: 0x0000000069000000, Narrow klass shift: 0
Encoding Range: [0x0000000069000000 - 0x0000000169000000), (4294967296 bytes)
Klass Range:    [0x0000000069001000 - 0x00000000aa000000), (1090514944 bytes)
Klass ID Range:  [4096 - 1090519033) (1090514937)
Protection zone: [0x0000000069000000 - 0x0000000069001000), (4096 bytes)


Internal statistics:

num_allocs_failed_limit: 0.
num_arena_births: 158.
num_arena_deaths: 0.
num_vsnodes_births: 2.
num_vsnodes_deaths: 0.
num_space_committed: 239.
num_space_uncommitted: 0.
num_chunks_returned_to_freelist: 0.
num_chunks_taken_from_freelist: 675.
num_chunk_merges: 0.
num_chunk_splits: 467.
num_chunks_enlarged: 369.
num_inconsistent_stats: 0.

CodeHeap 'non-profiled nmethods': size=120032Kb used=942Kb max_used=942Kb free=119089Kb
 bounds [0x00007fd887ec8000, 0x00007fd888138000, 0x00007fd88f400000]
CodeHeap 'profiled nmethods': size=120028Kb used=5327Kb max_used=5327Kb free=114700Kb
 bounds [0x00007fd880400000, 0x00007fd880940000, 0x00007fd887937000]
CodeHeap 'non-nmethods': size=5700Kb used=1453Kb max_used=1511Kb free=4246Kb
 bounds [0x00007fd887937000, 0x00007fd887ba7000, 0x00007fd887ec8000]
CodeCache: size=245760Kb, used=7722Kb, max_used=7780Kb, free=238035Kb
 total_blobs=3925, nmethods=3406, adapters=423, full_count=0
Compilation: enabled, stopped_count=0, restarted_count=0

Compilation events (20 events):
Event: 2.738 Thread 0x00007fd8980d2400 nmethod 3345 0x00007fd88090be88 code [0x00007fd88090bf80, 0x00007fd88090c338]
Event: 2.739 Thread 0x00007fd830086d30 3346       4       java.lang.ClassNotFoundException::<init> (7 bytes)
Event: 2.744 Thread 0x00007fd830086d30 nmethod 3346 0x00007fd887faf908 code [0x00007fd887fafa00, 0x00007fd887fb0348]
Event: 2.744 Thread 0x00007fd8980d2400 3347       3       org.eclipse.sisu.inject.RankedSequence::iterator (9 bytes)
Event: 2.744 Thread 0x00007fd8980d2400 nmethod 3347 0x00007fd88090c388 code [0x00007fd88090c480, 0x00007fd88090c718]
Event: 2.744 Thread 0x00007fd8980d2400 3348       3       org.eclipse.sisu.inject.RankedSequence$Itr::<init> (22 bytes)
Event: 2.745 Thread 0x00007fd8980d2400 nmethod 3348 0x00007fd88090c788 code [0x00007fd88090c880, 0x00007fd88090ca58]
Event: 2.745 Thread 0x00007fd8980d2400 3349       3       org.eclipse.sisu.inject.LocatedBeans::iterator (9 bytes)
Event: 2.745 Thread 0x00007fd830086d30 3354       4       org.codehaus.plexus.util.xml.pull.MXParser::parseStartTag (1205 bytes)
Event: 2.745 Thread 0x00007fd8980d2400 nmethod 3349 0x00007fd88090ca88 code [0x00007fd88090cb80, 0x00007fd88090cd28]
Event: 2.745 Thread 0x00007fd8980d2400 3350       3       org.eclipse.sisu.inject.LocatedBeans$Itr::<init> (57 bytes)
Event: 2.745 Thread 0x00007fd8980d0a10 3355       4       org.codehaus.plexus.util.xml.pull.MXParser::parseEndTag (438 bytes)
Event: 2.746 Thread 0x00007fd8980d2400 nmethod 3350 0x00007fd88090cd88 code [0x00007fd88090ce80, 0x00007fd88090d790]
Event: 2.746 Thread 0x00007fd8980d2400 3358       3       org.codehaus.plexus.util.xml.Xpp3Dom::getChildCount (20 bytes)
Event: 2.747 Thread 0x00007fd8980d2400 nmethod 3358 0x00007fd88090d808 code [0x00007fd88090d900, 0x00007fd88090db20]
Event: 2.747 Thread 0x00007fd8980d2400 3356       3       org.codehaus.plexus.util.xml.pull.MXParser::getAttributeCount (15 bytes)
Event: 2.747 Thread 0x00007fd8980d2400 nmethod 3356 0x00007fd88090db88 code [0x00007fd88090dc80, 0x00007fd88090dde0]
Event: 2.747 Thread 0x00007fd8980d2400 3357       3       org.apache.maven.model.io.xpp3.MavenXpp3Reader::nextTag (64 bytes)
Event: 2.749 Thread 0x00007fd8980d2400 nmethod 3357 0x00007fd88090de88 code [0x00007fd88090df80, 0x00007fd88090ea38]
Event: 2.749 Thread 0x00007fd8980d2400 3360       3       sun.nio.cs.UTF_8$Decoder::decodeArrayLoop (688 bytes)

GC Heap Usage History (2 events):
Event: 1.652 {heap Before GC invocations=0 (full 0):
 garbage-first heap   total reserved 4587520K, committed 290816K, used 50307K [0x00000006e8000000, 0x0000000800000000)
  region size 4096K, 12 young (49152K), 0 survivors (0K)
}
Event: 1.660 {heap After GC invocations=1 (full 0):
 garbage-first heap   total reserved 4587520K, committed 290816K, used 6019K [0x00000006e8000000, 0x0000000800000000)
  region size 4096K, 2 young (8192K), 2 survivors (8192K)
}

Metaspace Usage History (2 events):
Event: 1.652 {metaspace Before GC invocations=0 (full 0):
 Metaspace       used 9801K, committed 9920K, reserved 1114112K
  class space    used 884K, committed 960K, reserved 1048576K
}
Event: 1.660 {metaspace After GC invocations=1 (full 0):
 Metaspace       used 9801K, committed 9920K, reserved 1114112K
  class space    used 884K, committed 960K, reserved 1048576K
}

Dll operation events (8 events):
Event: 0.003 Loaded shared library /usr/lib/apache-netbeans/jdk/lib/libjava.so
Event: 0.027 Loaded shared library /usr/lib/apache-netbeans/jdk/lib/libsimdsort.so
Event: 0.043 Loaded shared library /usr/lib/apache-netbeans/jdk/lib/libnio.so
Event: 0.048 Loaded shared library /usr/lib/apache-netbeans/jdk/lib/libzip.so
Event: 0.058 Loaded shared library /usr/lib/apache-netbeans/jdk/lib/libnet.so
Event: 0.198 Loaded shared library /usr/lib/apache-netbeans/jdk/lib/libjimage.so
Event: 0.214 Loaded shared library /tmp/jansi-2.4.2-c180be424ceef1c4-libjansi.so
Event: 0.230 Loaded shared library /usr/lib/apache-netbeans/jdk/lib/libverify.so

Deoptimization events (20 events):
Event: 2.676 Thread 0x00007fd89802b6b0 Uncommon trap: trap_request=0xffffffc6 fr.pc=0x00007fd887f2b7c4 relative=0x00000000000009c4
Event: 2.676 Thread 0x00007fd89802b6b0 Uncommon trap: reason=bimorphic_or_optimized_type_check action=maybe_recompile pc=0x00007fd887f2b7c4 method=java.util.HashMap.putVal(ILjava/lang/Object;Ljava/lang/Object;ZZ)Ljava/lang/Object; @ 56 c2
Event: 2.676 Thread 0x00007fd89802b6b0 DEOPT PACKING pc=0x00007fd887f2b7c4 sp=0x00007fd89dffdc80
Event: 2.676 Thread 0x00007fd89802b6b0 DEOPT UNPACKING pc=0x00007fd887a58af9 sp=0x00007fd89dffdc08 mode 2
Event: 2.677 Thread 0x00007fd89802b6b0 Uncommon trap: trap_request=0xffffffc6 fr.pc=0x00007fd887f2b7c4 relative=0x00000000000009c4
Event: 2.677 Thread 0x00007fd89802b6b0 Uncommon trap: reason=bimorphic_or_optimized_type_check action=maybe_recompile pc=0x00007fd887f2b7c4 method=java.util.HashMap.putVal(ILjava/lang/Object;Ljava/lang/Object;ZZ)Ljava/lang/Object; @ 56 c2
Event: 2.677 Thread 0x00007fd89802b6b0 DEOPT PACKING pc=0x00007fd887f2b7c4 sp=0x00007fd89dffdc80
Event: 2.677 Thread 0x00007fd89802b6b0 DEOPT UNPACKING pc=0x00007fd887a58af9 sp=0x00007fd89dffdc08 mode 2
Event: 2.748 Thread 0x00007fd89802b6b0 Uncommon trap: trap_request=0xffffff45 fr.pc=0x00007fd887f1a868 relative=0x00000000000005e8
Event: 2.748 Thread 0x00007fd89802b6b0 Uncommon trap: reason=unstable_if action=reinterpret pc=0x00007fd887f1a868 method=java.lang.String.decodeASCII([BI[CII)I @ 13 c2
Event: 2.748 Thread 0x00007fd89802b6b0 DEOPT PACKING pc=0x00007fd887f1a868 sp=0x00007fd89dffca30
Event: 2.748 Thread 0x00007fd89802b6b0 DEOPT UNPACKING pc=0x00007fd887a58af9 sp=0x00007fd89dffc878 mode 2
Event: 2.749 Thread 0x00007fd89802b6b0 Uncommon trap: trap_request=0xffffff45 fr.pc=0x00007fd887f19ae4 relative=0x00000000000001e4
Event: 2.749 Thread 0x00007fd89802b6b0 Uncommon trap: reason=unstable_if action=reinterpret pc=0x00007fd887f19ae4 method=java.lang.StringUTF16.compress([CI[BII)I @ 20 c2
Event: 2.749 Thread 0x00007fd89802b6b0 DEOPT PACKING pc=0x00007fd887f19ae4 sp=0x00007fd89dffcb60
Event: 2.749 Thread 0x00007fd89802b6b0 DEOPT UNPACKING pc=0x00007fd887a58af9 sp=0x00007fd89dffcaf0 mode 2
Event: 2.750 Thread 0x00007fd89802b6b0 Uncommon trap: trap_request=0xffffff45 fr.pc=0x00007fd887f213b8 relative=0x00000000000002b8
Event: 2.750 Thread 0x00007fd89802b6b0 Uncommon trap: reason=unstable_if action=reinterpret pc=0x00007fd887f213b8 method=java.lang.String.decodeASCII([BI[CII)I @ 13 c2
Event: 2.750 Thread 0x00007fd89802b6b0 DEOPT PACKING pc=0x00007fd887f213b8 sp=0x00007fd89dffc6d0
Event: 2.750 Thread 0x00007fd89802b6b0 DEOPT UNPACKING pc=0x00007fd887a58af9 sp=0x00007fd89dffc620 mode 2

Classes loaded (20 events):
Event: 2.621 Loading class java/util/Spliterator$OfPrimitive
Event: 2.621 Loading class java/util/Spliterator$OfPrimitive done
Event: 2.621 Loading class java/util/Spliterator$OfInt done
Event: 2.621 Loading class java/util/Spliterators$EmptySpliterator$OfInt done
Event: 2.621 Loading class java/util/stream/IntPipeline$Head
Event: 2.621 Loading class java/util/stream/IntPipeline
Event: 2.621 Loading class java/util/stream/IntPipeline done
Event: 2.621 Loading class java/util/stream/IntPipeline$Head done
Event: 2.727 Loading class sun/nio/ch/FileLockImpl
Event: 2.727 Loading class sun/nio/ch/FileLockImpl done
Event: 2.727 Loading class sun/nio/ch/FileLockTable
Event: 2.727 Loading class sun/nio/ch/FileLockTable done
Event: 2.727 Loading class sun/nio/ch/FileKey
Event: 2.727 Loading class sun/nio/ch/FileKey done
Event: 2.727 Loading class sun/nio/ch/FileLockTable$FileLockReference
Event: 2.727 Loading class sun/nio/ch/FileLockTable$FileLockReference done
Event: 2.728 Loading class java/util/AbstractMap$2
Event: 2.728 Loading class java/util/AbstractMap$2 done
Event: 2.728 Loading class java/util/AbstractMap$ValueIterator
Event: 2.728 Loading class java/util/AbstractMap$ValueIterator done

Classes unloaded (0 events):
No events

Classes redefined (0 events):
No events

Internal exceptions (20 events):
Event: 0.736 Thread 0x00007fd89802b6b0 Exception <a 'java/lang/NoSuchMethodError'{0x00000006f86666c0}: 'int java.lang.invoke.DirectMethodHandle$Holder.invokeStaticInit(java.lang.Object, java.lang.Object)'> (0x00000006f86666c0) 
thrown [src/hotspot/share/interpreter/linkResolver.cpp, line 803]
Event: 0.748 Thread 0x00007fd89802b6b0 Exception <a 'java/lang/NoClassDefFoundError'{0x00000006f86a0078}: javax/enterprise/inject/Typed> (0x00000006f86a0078) 
thrown [src/hotspot/share/classfile/systemDictionary.cpp, line 316]
Event: 1.763 Thread 0x00007fd89802b6b0 Exception <a 'java/lang/NoSuchMethodError'{0x00000006f97f2360}: 'void java.lang.invoke.DirectMethodHandle$Holder.invokeStaticInit(java.lang.Object, java.lang.Object, java.lang.Object)'> (0x00000006f97f2360) 
thrown [src/hotspot/share/interpreter/linkResolver.cpp, line 803]
Event: 1.774 Thread 0x00007fd89802b6b0 Exception <a 'java/lang/ExceptionInInitializerError'{0x00000006f9041940}> (0x00000006f9041940) 
thrown [src/hotspot/share/oops/instanceKlass.cpp, line 1355]
Event: 1.795 Thread 0x00007fd89802b6b0 Exception <a 'java/lang/NoSuchMethodError'{0x00000006f90ae7a0}: 'long java.lang.invoke.DelegatingMethodHandle$Holder.reinvoke_L(java.lang.Object, java.lang.Object, java.lang.Object)'> (0x00000006f90ae7a0) 
thrown [src/hotspot/share/interpreter/linkResolver.cpp, line 803]
Event: 1.815 Thread 0x00007fd89802b6b0 Exception <a 'java/lang/NoSuchMethodError'{0x00000006f912f5b8}: 'long java.lang.invoke.DelegatingMethodHandle$Holder.reinvoke_L(java.lang.Object, java.lang.Object, int)'> (0x00000006f912f5b8) 
thrown [src/hotspot/share/interpreter/linkResolver.cpp, line 803]
Event: 1.819 Thread 0x00007fd89802b6b0 Exception <a 'java/lang/NoSuchMethodError'{0x00000006f9147750}: 'java.lang.Object java.lang.invoke.DirectMethodHandle$Holder.invokeStatic(java.lang.Object, java.lang.Object, java.lang.Object, java.lang.Object, int)'> (0x00000006f9147750) 
thrown [src/hotspot/share/interpreter/linkResolver.cpp, line 803]
Event: 1.821 Thread 0x00007fd89802b6b0 Exception <a 'java/lang/NoSuchMethodError'{0x00000006f9158f38}: 'java.lang.Object java.lang.invoke.DirectMethodHandle$Holder.invokeSpecial(java.lang.Object, java.lang.Object, java.lang.Object, java.lang.Object, long)'> (0x00000006f9158f38) 
thrown [src/hotspot/share/interpreter/linkResolver.cpp, line 803]
Event: 1.829 Thread 0x00007fd89802b6b0 Exception <a 'java/lang/NoSuchMethodError'{0x00000006f91aa0c0}: 'java.lang.Object java.lang.invoke.Invokers$Holder.invokeExact_MT(java.lang.Object, java.lang.Object, java.lang.Object, java.lang.Object, java.lang.Object, java.lang.Object)'> (0x00000006f91aa0c0) 
thrown [src/hotspot/share/interpreter/linkResolver.cpp, line 803]
Event: 1.832 Thread 0x00007fd89802b6b0 Implicit null exception at 0x00007fd887f4169a to 0x00007fd887f4182c
Event: 1.836 Thread 0x00007fd89802b6b0 Exception <a 'java/lang/NoSuchMethodError'{0x00000006f91c97d8}: 'java.lang.Object java.lang.invoke.Invokers$Holder.invokeExact_MT(java.lang.Object, int, java.lang.Object)'> (0x00000006f91c97d8) 
thrown [src/hotspot/share/interpreter/linkResolver.cpp, line 803]
Event: 2.219 Thread 0x00007fd89802b6b0 Exception <a 'java/lang/NoSuchMethodError'{0x00000006f89a3f00}: 'void java.lang.invoke.Invokers$Holder.invokeExact_MT(java.lang.Object, java.lang.Object, java.lang.Object, java.lang.Object)'> (0x00000006f89a3f00) 
thrown [src/hotspot/share/interpreter/linkResolver.cpp, line 803]
Event: 2.242 Thread 0x00007fd89802b6b0 Exception <a 'java/lang/NoClassDefFoundError'{0x00000006f8a33500}: com/google/inject/servlet/ServletModuleTargetVisitor> (0x00000006f8a33500) 
thrown [src/hotspot/share/classfile/systemDictionary.cpp, line 316]
Event: 2.354 Thread 0x00007fd89802b6b0 Exception <a 'java/lang/NoSuchMethodError'{0x00000006f84cfb78}: 'void java.lang.invoke.DirectMethodHandle$Holder.invokeVirtual(java.lang.Object, java.lang.Object)'> (0x00000006f84cfb78) 
thrown [src/hotspot/share/interpreter/linkResolver.cpp, line 803]
Event: 2.580 Thread 0x00007fd89802b6b0 Exception <a 'java/lang/NoSuchMethodError'{0x00000006f820de68}: 'void java.lang.invoke.DirectMethodHandle$Holder.invokeSpecial(java.lang.Object, java.lang.Object, java.lang.Object, java.lang.Object, java.lang.Object)'> (0x00000006f820de68) 
thrown [src/hotspot/share/interpreter/linkResolver.cpp, line 803]
Event: 2.586 Thread 0x00007fd89802b6b0 Exception <a 'java/lang/NoSuchMethodError'{0x00000006f8243da0}: 'java.lang.Object java.lang.invoke.DirectMethodHandle$Holder.invokeVirtual(java.lang.Object, java.lang.Object, java.lang.Object)'> (0x00000006f8243da0) 
thrown [src/hotspot/share/interpreter/linkResolver.cpp, line 803]
Event: 2.590 Thread 0x00007fd89802b6b0 Exception <a 'java/lang/NoSuchMethodError'{0x00000006f826b230}: 'void java.lang.invoke.DirectMethodHandle$Holder.invokeSpecial(java.lang.Object, java.lang.Object, java.lang.Object, java.lang.Object, java.lang.Object, java.lang.Object)'> (0x00000006f826b230) 
thrown [src/hotspot/share/interpreter/linkResolver.cpp, line 803]
Event: 2.634 Thread 0x00007fd89802b6b0 Exception <a 'java/lang/NoSuchMethodError'{0x00000006f838bb70}: 'void java.lang.invoke.DirectMethodHandle$Holder.invokeVirtual(java.lang.Object, java.lang.Object, int)'> (0x00000006f838bb70) 
thrown [src/hotspot/share/interpreter/linkResolver.cpp, line 803]
Event: 2.635 Thread 0x00007fd89802b6b0 Exception <a 'java/lang/NoSuchMethodError'{0x00000006f8394360}: 'void java.lang.invoke.DirectMethodHandle$Holder.invokeSpecial(java.lang.Object, java.lang.Object, java.lang.Object, int)'> (0x00000006f8394360) 
thrown [src/hotspot/share/interpreter/linkResolver.cpp, line 803]
Event: 2.635 Thread 0x00007fd89802b6b0 Exception <a 'java/lang/NoSuchMethodError'{0x00000006f839c6f8}: 'void java.lang.invoke.DelegatingMethodHandle$Holder.reinvoke_L(java.lang.Object, java.lang.Object, int)'> (0x00000006f839c6f8) 
thrown [src/hotspot/share/interpreter/linkResolver.cpp, line 803]

VM Operations (20 events):
Event: 1.831 Executing non-safepoint VM operation: HandshakeAllThreads (Deoptimize)
Event: 1.831 Executing non-safepoint VM operation: HandshakeAllThreads (Deoptimize) done
Event: 1.890 Executing non-safepoint VM operation: HandshakeAllThreads (Deoptimize)
Event: 1.890 Executing non-safepoint VM operation: HandshakeAllThreads (Deoptimize) done
Event: 1.892 Executing non-safepoint VM operation: HandshakeAllThreads (Deoptimize)
Event: 1.892 Executing non-safepoint VM operation: HandshakeAllThreads (Deoptimize) done
Event: 1.968 Executing non-safepoint VM operation: HandshakeAllThreads (Deoptimize)
Event: 1.968 Executing non-safepoint VM operation: HandshakeAllThreads (Deoptimize) done
Event: 2.211 Executing non-safepoint VM operation: HandshakeAllThreads (Deoptimize)
Event: 2.211 Executing non-safepoint VM operation: HandshakeAllThreads (Deoptimize) done
Event: 2.372 Executing non-safepoint VM operation: HandshakeAllThreads (Deoptimize)
Event: 2.372 Executing non-safepoint VM operation: HandshakeAllThreads (Deoptimize) done
Event: 2.419 Executing non-safepoint VM operation: HandshakeAllThreads (Deoptimize)
Event: 2.419 Executing non-safepoint VM operation: HandshakeAllThreads (Deoptimize) done
Event: 2.472 Executing non-safepoint VM operation: HandshakeAllThreads (Deoptimize)
Event: 2.472 Executing non-safepoint VM operation: HandshakeAllThreads (Deoptimize) done
Event: 2.526 Executing non-safepoint VM operation: HandshakeAllThreads (Deoptimize)
Event: 2.526 Executing non-safepoint VM operation: HandshakeAllThreads (Deoptimize) done
Event: 2.528 Executing non-safepoint VM operation: HandshakeAllThreads (Deoptimize)
Event: 2.528 Executing non-safepoint VM operation: HandshakeAllThreads (Deoptimize) done

Memory protections (14 events):
Event: 0.003 Protecting memory [0x00007fd89df00000,0x00007fd89df04000] with protection modes 0
Event: 0.012 Protecting memory [0x0000000069000000,0x0000000069001000] with protection modes 0
Event: 0.025 Protecting memory [0x00007fd8791f5000,0x00007fd8791f9000] with protection modes 0
Event: 0.025 Protecting memory [0x00007fd878f72000,0x00007fd878f76000] with protection modes 0
Event: 0.025 Protecting memory [0x00007fd878e72000,0x00007fd878e76000] with protection modes 0
Event: 0.025 Protecting memory [0x00007fd878d72000,0x00007fd878d76000] with protection modes 0
Event: 0.025 Protecting memory [0x00007fd878c72000,0x00007fd878c76000] with protection modes 0
Event: 0.025 Protecting memory [0x00007fd878b72000,0x00007fd878b76000] with protection modes 0
Event: 0.026 Protecting memory [0x00007fd878a72000,0x00007fd878a76000] with protection modes 0
Event: 0.039 Protecting memory [0x00007fd878972000,0x00007fd878976000] with protection modes 0
Event: 0.041 Protecting memory [0x00007fd878872000,0x00007fd878876000] with protection modes 0
Event: 0.105 Protecting memory [0x00007fd878754000,0x00007fd878758000] with protection modes 0
Event: 0.191 Protecting memory [0x00007fd878654000,0x00007fd878658000] with protection modes 0
Event: 0.801 Protecting memory [0x00007fd878654000,0x00007fd878658000] with protection modes 0

Nmethod flushes (0 events):
No events

Events (15 events):
Event: 0.015 Thread 0x00007fd89802b6b0 Thread added: 0x00007fd89802b6b0
Event: 0.024 Thread 0x00007fd89802b6b0 Thread added: 0x00007fd8980c8d10
Event: 0.025 Thread 0x00007fd89802b6b0 Thread added: 0x00007fd8980c9f00
Event: 0.025 Thread 0x00007fd89802b6b0 Thread added: 0x00007fd8980cba70
Event: 0.025 Thread 0x00007fd89802b6b0 Thread added: 0x00007fd8980cd390
Event: 0.025 Thread 0x00007fd89802b6b0 Thread added: 0x00007fd8980cec10
Event: 0.025 Thread 0x00007fd89802b6b0 Thread added: 0x00007fd8980d0a10
Event: 0.026 Thread 0x00007fd89802b6b0 Thread added: 0x00007fd8980d2400
Event: 0.039 Thread 0x00007fd89802b6b0 Thread added: 0x00007fd89810b8c0
Event: 0.041 Thread 0x00007fd89802b6b0 Thread added: 0x00007fd89810e210
Event: 0.105 Thread 0x00007fd8980d2400 Thread added: 0x00007fd830086d30
Event: 0.191 Thread 0x00007fd89802b6b0 Thread added: 0x00007fd898319f50
Event: 0.209 Thread 0x00007fd898319f50 Thread exited: 0x00007fd898319f50
Event: 0.801 Thread 0x00007fd8980d2400 Thread added: 0x00007fd83051d1e0
Event: 2.723 Thread 0x00007fd83051d1e0 Thread exited: 0x00007fd83051d1e0


Dynamic libraries:
69000000-69001000 ---p 00000000 00:00 0 
69001000-69d8c000 rw-p 00001000 00:22 383280                             /usr/lib/apache-netbeans/jdk/lib/server/classes.jsa
69d8c000-6a000000 ---p 00000000 00:00 0 
6a000000-6a040000 rw-p 00000000 00:00 0 
6a040000-6a190000 rw-p 00000000 00:00 0 
6a190000-aa000000 ---p 00000000 00:00 0 
6e8000000-6f9800000 rw-p 00000000 00:00 0 
6f9800000-7ffc00000 ---p 00000000 00:00 0 
7ffc00000-7ffd21000 rw-p 00dbf000 00:22 383280                           /usr/lib/apache-netbeans/jdk/lib/server/classes.jsa
7ffd21000-800000000 rw-p 00000000 00:00 0 
564270edc000-564270edd000 r--p 00000000 00:22 382840                     /usr/lib/apache-netbeans/jdk/bin/java
564270edd000-564270ede000 r-xp 00001000 00:22 382840                     /usr/lib/apache-netbeans/jdk/bin/java
564270ede000-564270edf000 r--p 00002000 00:22 382840                     /usr/lib/apache-netbeans/jdk/bin/java
564270edf000-564270ee0000 r--p 00002000 00:22 382840                     /usr/lib/apache-netbeans/jdk/bin/java
564270ee0000-564270ee1000 rw-p 00003000 00:22 382840                     /usr/lib/apache-netbeans/jdk/bin/java
56429da4e000-56429da97000 rw-p 00000000 00:00 0                          [heap]
7fd804000000-7fd804021000 rw-p 00000000 00:00 0 
7fd804021000-7fd808000000 ---p 00000000 00:00 0 
7fd80c000000-7fd80c021000 rw-p 00000000 00:00 0 
7fd80c021000-7fd810000000 ---p 00000000 00:00 0 
7fd810000000-7fd810021000 rw-p 00000000 00:00 0 
7fd810021000-7fd814000000 ---p 00000000 00:00 0 
7fd814000000-7fd814021000 rw-p 00000000 00:00 0 
7fd814021000-7fd818000000 ---p 00000000 00:00 0 
7fd818000000-7fd818021000 rw-p 00000000 00:00 0 
7fd818021000-7fd81c000000 ---p 00000000 00:00 0 
7fd81c000000-7fd81c84a000 rw-p 00000000 00:00 0 
7fd81c84a000-7fd820000000 ---p 00000000 00:00 0 
7fd820000000-7fd8204ca000 rw-p 00000000 00:00 0 
7fd8204ca000-7fd824000000 ---p 00000000 00:00 0 
7fd824000000-7fd824021000 rw-p 00000000 00:00 0 
7fd824021000-7fd828000000 ---p 00000000 00:00 0 
7fd828000000-7fd828021000 rw-p 00000000 00:00 0 
7fd828021000-7fd82c000000 ---p 00000000 00:00 0 
7fd82c000000-7fd82c5d3000 rw-p 00000000 00:00 0 
7fd82c5d3000-7fd830000000 ---p 00000000 00:00 0 
7fd830000000-7fd8307b9000 rw-p 00000000 00:00 0 
7fd8307b9000-7fd834000000 ---p 00000000 00:00 0 
7fd834000000-7fd834021000 rw-p 00000000 00:00 0 
7fd834021000-7fd838000000 ---p 00000000 00:00 0 
7fd838000000-7fd838021000 rw-p 00000000 00:00 0 
7fd838021000-7fd83c000000 ---p 00000000 00:00 0 
7fd83c000000-7fd83c021000 rw-p 00000000 00:00 0 
7fd83c021000-7fd840000000 ---p 00000000 00:00 0 
7fd841eff000-7fd841f00000 ---p 00000000 00:00 0 
7fd841f00000-7fd842000000 rw-p 00000000 00:00 0 
7fd842000000-7fd84fe70000 r--p 00000000 00:22 1467629                    /usr/lib/locale/locale-archive
7fd84feff000-7fd84ff00000 ---p 00000000 00:00 0 
7fd84ff00000-7fd850000000 rw-p 00000000 00:00 0 
7fd850000000-7fd850380000 rw-p 00000000 00:00 0 
7fd850380000-7fd850400000 ---p 00000000 00:00 0 
7fd850400000-7fd850de0000 rw-p 00000000 00:00 0 
7fd850de0000-7fd854000000 ---p 00000000 00:00 0 
7fd854000000-7fd854021000 rw-p 00000000 00:00 0 
7fd854021000-7fd858000000 ---p 00000000 00:00 0 
7fd858000000-7fd858021000 rw-p 00000000 00:00 0 
7fd858021000-7fd85c000000 ---p 00000000 00:00 0 
7fd85c000000-7fd85c021000 rw-p 00000000 00:00 0 
7fd85c021000-7fd860000000 ---p 00000000 00:00 0 
7fd860000000-7fd860021000 rw-p 00000000 00:00 0 
7fd860021000-7fd864000000 ---p 00000000 00:00 0 
7fd864000000-7fd864021000 rw-p 00000000 00:00 0 
7fd864021000-7fd868000000 ---p 00000000 00:00 0 
7fd868000000-7fd868021000 rw-p 00000000 00:00 0 
7fd868021000-7fd86c000000 ---p 00000000 00:00 0 
7fd86c000000-7fd86c021000 rw-p 00000000 00:00 0 
7fd86c021000-7fd870000000 ---p 00000000 00:00 0 
7fd870000000-7fd870021000 rw-p 00000000 00:00 0 
7fd870021000-7fd874000000 ---p 00000000 00:00 0 
7fd874000000-7fd874021000 rw-p 00000000 00:00 0 
7fd874021000-7fd878000000 ---p 00000000 00:00 0 
7fd8780fd000-7fd8780fe000 ---p 00000000 00:00 0 
7fd8780fe000-7fd8781fe000 rw-p 00000000 00:00 0 
7fd8781fe000-7fd8781ff000 ---p 00000000 00:00 0 
7fd8781ff000-7fd8782ff000 rw-p 00000000 00:00 0 
7fd8782ff000-7fd878300000 ---p 00000000 00:00 0 
7fd878300000-7fd878400000 rw-p 00000000 00:00 0 
7fd878400000-7fd878403000 r-xp 00000000 00:2b 319                        /tmp/jansi-2.4.2-c180be424ceef1c4-libjansi.so
7fd878403000-7fd878602000 ---p 00003000 00:2b 319                        /tmp/jansi-2.4.2-c180be424ceef1c4-libjansi.so
7fd878602000-7fd878603000 r--p 00002000 00:2b 319                        /tmp/jansi-2.4.2-c180be424ceef1c4-libjansi.so
7fd878603000-7fd878604000 rw-p 00003000 00:2b 319                        /tmp/jansi-2.4.2-c180be424ceef1c4-libjansi.so
7fd878642000-7fd878646000 r--p 00000000 00:22 383270                     /usr/lib/apache-netbeans/jdk/lib/libverify.so
7fd878646000-7fd87864f000 r-xp 00004000 00:22 383270                     /usr/lib/apache-netbeans/jdk/lib/libverify.so
7fd87864f000-7fd878651000 r--p 0000d000 00:22 383270                     /usr/lib/apache-netbeans/jdk/lib/libverify.so
7fd878651000-7fd878653000 r--p 0000e000 00:22 383270                     /usr/lib/apache-netbeans/jdk/lib/libverify.so
7fd878653000-7fd878654000 rw-p 00010000 00:22 383270                     /usr/lib/apache-netbeans/jdk/lib/libverify.so
7fd878654000-7fd878658000 ---p 00000000 00:00 0 
7fd878658000-7fd878754000 rw-p 00000000 00:00 0 
7fd878754000-7fd878758000 ---p 00000000 00:00 0 
7fd878758000-7fd878854000 rw-p 00000000 00:00 0 
7fd878854000-7fd878856000 r--p 00000000 00:22 383271                     /usr/lib/apache-netbeans/jdk/lib/libzip.so
7fd878856000-7fd878868000 r-xp 00002000 00:22 383271                     /usr/lib/apache-netbeans/jdk/lib/libzip.so
7fd878868000-7fd878870000 r--p 00014000 00:22 383271                     /usr/lib/apache-netbeans/jdk/lib/libzip.so
7fd878870000-7fd878871000 r--p 0001b000 00:22 383271                     /usr/lib/apache-netbeans/jdk/lib/libzip.so
7fd878871000-7fd878872000 rw-p 0001c000 00:22 383271                     /usr/lib/apache-netbeans/jdk/lib/libzip.so
7fd878872000-7fd878876000 ---p 00000000 00:00 0 
7fd878876000-7fd878972000 rw-p 00000000 00:00 0 
7fd878972000-7fd878976000 ---p 00000000 00:00 0 
7fd878976000-7fd878a72000 rw-p 00000000 00:00 0 
7fd878a72000-7fd878a76000 ---p 00000000 00:00 0 
7fd878a76000-7fd878b72000 rw-p 00000000 00:00 0 
7fd878b72000-7fd878b76000 ---p 00000000 00:00 0 
7fd878b76000-7fd878c72000 rw-p 00000000 00:00 0 
7fd878c72000-7fd878c76000 ---p 00000000 00:00 0 
7fd878c76000-7fd878d72000 rw-p 00000000 00:00 0 
7fd878d72000-7fd878d76000 ---p 00000000 00:00 0 
7fd878d76000-7fd878e72000 rw-p 00000000 00:00 0 
7fd878e72000-7fd878e76000 ---p 00000000 00:00 0 
7fd878e76000-7fd878f72000 rw-p 00000000 00:00 0 
7fd878f72000-7fd878f76000 ---p 00000000 00:00 0 
7fd878f76000-7fd879072000 rw-p 00000000 00:00 0 
7fd879072000-7fd8790f3000 rw-p 00000000 00:00 0 
7fd8790f3000-7fd8790f4000 ---p 00000000 00:00 0 
7fd8790f4000-7fd8791f4000 rw-p 00000000 00:00 0 
7fd8791f4000-7fd8791f5000 ---p 00000000 00:00 0 
7fd8791f5000-7fd8791f9000 ---p 00000000 00:00 0 
7fd8791f9000-7fd8792f5000 rw-p 00000000 00:00 0 
7fd8792f5000-7fd8792f6000 ---p 00000000 00:00 0 
7fd8792f6000-7fd8793f6000 rw-p 00000000 00:00 0 
7fd8793f6000-7fd8793f7000 ---p 00000000 00:00 0 
7fd8793f7000-7fd8794f7000 rw-p 00000000 00:00 0 
7fd8794f7000-7fd8794f8000 ---p 00000000 00:00 0 
7fd8794f8000-7fd8795f8000 rw-p 00000000 00:00 0 
7fd8795f8000-7fd87c260000 rw-p 00000000 00:00 0 
7fd87c260000-7fd8803f0000 ---p 00000000 00:00 0 
7fd8803f0000-7fd880400000 rw-p 00000000 00:00 0 
7fd880400000-7fd880940000 rwxp 00000000 00:00 0 
7fd880940000-7fd887937000 ---p 00000000 00:00 0 
7fd887937000-7fd887ba7000 rwxp 00000000 00:00 0 
7fd887ba7000-7fd887ec8000 ---p 00000000 00:00 0 
7fd887ec8000-7fd888138000 rwxp 00000000 00:00 0 
7fd888138000-7fd88f400000 ---p 00000000 00:00 0 
7fd88f400000-7fd897f19000 r--s 00000000 00:22 383272                     /usr/lib/apache-netbeans/jdk/lib/modules
7fd897f22000-7fd897f23000 r--p 00000000 00:22 383267                     /usr/lib/apache-netbeans/jdk/lib/libsimdsort.so
7fd897f23000-7fd897f5c000 r-xp 00001000 00:22 383267                     /usr/lib/apache-netbeans/jdk/lib/libsimdsort.so
7fd897f5c000-7fd897f62000 r--p 0003a000 00:22 383267                     /usr/lib/apache-netbeans/jdk/lib/libsimdsort.so
7fd897f62000-7fd897f63000 r--p 0003f000 00:22 383267                     /usr/lib/apache-netbeans/jdk/lib/libsimdsort.so
7fd897f63000-7fd897f64000 rw-p 00040000 00:22 383267                     /usr/lib/apache-netbeans/jdk/lib/libsimdsort.so
7fd897f64000-7fd8987cf000 rw-p 00000000 00:00 0 
7fd8987cf000-7fd89c000000 ---p 00000000 00:00 0 
7fd89c005000-7fd89c00c000 r--s 00000000 00:22 1505679                    /usr/lib64/gconv/gconv-modules.cache
7fd89c00c000-7fd89c00f000 r--p 00000000 00:22 383261                     /usr/lib/apache-netbeans/jdk/lib/libnet.so
7fd89c00f000-7fd89c017000 r-xp 00003000 00:22 383261                     /usr/lib/apache-netbeans/jdk/lib/libnet.so
7fd89c017000-7fd89c019000 r--p 0000b000 00:22 383261                     /usr/lib/apache-netbeans/jdk/lib/libnet.so
7fd89c019000-7fd89c01a000 r--p 0000c000 00:22 383261                     /usr/lib/apache-netbeans/jdk/lib/libnet.so
7fd89c01a000-7fd89c01b000 rw-p 0000d000 00:22 383261                     /usr/lib/apache-netbeans/jdk/lib/libnet.so
7fd89c01b000-7fd89c023000 r--p 00000000 00:22 383262                     /usr/lib/apache-netbeans/jdk/lib/libnio.so
7fd89c023000-7fd89c02c000 r-xp 00008000 00:22 383262                     /usr/lib/apache-netbeans/jdk/lib/libnio.so
7fd89c02c000-7fd89c030000 r--p 00011000 00:22 383262                     /usr/lib/apache-netbeans/jdk/lib/libnio.so
7fd89c030000-7fd89c031000 r--p 00015000 00:22 383262                     /usr/lib/apache-netbeans/jdk/lib/libnio.so
7fd89c031000-7fd89c032000 rw-p 00016000 00:22 383262                     /usr/lib/apache-netbeans/jdk/lib/libnio.so
7fd89c032000-7fd89c033000 ---p 00000000 00:00 0 
7fd89c033000-7fd89c133000 rw-p 00000000 00:00 0 
7fd89c133000-7fd89c134000 ---p 00000000 00:00 0 
7fd89c134000-7fd89c234000 rw-p 00000000 00:00 0 
7fd89c234000-7fd89c235000 ---p 00000000 00:00 0 
7fd89c235000-7fd89c335000 rw-p 00000000 00:00 0 
7fd89c335000-7fd89c42e000 rw-p 00000000 00:00 0 
7fd89c42e000-7fd89cc60000 ---p 00000000 00:00 0 
7fd89cc60000-7fd89ccee000 rw-p 00000000 00:00 0 
7fd89ccee000-7fd89d520000 ---p 00000000 00:00 0 
7fd89d520000-7fd89dd2f000 rw-p 00000000 00:00 0 
7fd89dd2f000-7fd89de15000 ---p 00000000 00:00 0 
7fd89de15000-7fd89de20000 rw-p 00000000 00:00 0 
7fd89de20000-7fd89df00000 ---p 00000000 00:00 0 
7fd89df00000-7fd89df04000 ---p 00000000 00:00 0 
7fd89df04000-7fd89e000000 rw-p 00000000 00:00 0 
7fd89e000000-7fd89e2e2000 r--p 00000000 00:22 383285                     /usr/lib/apache-netbeans/jdk/lib/server/libjvm.so
7fd89e2e2000-7fd89f2e2000 r-xp 002e2000 00:22 383285                     /usr/lib/apache-netbeans/jdk/lib/server/libjvm.so
7fd89f2e2000-7fd89f5f2000 r--p 012e2000 00:22 383285                     /usr/lib/apache-netbeans/jdk/lib/server/libjvm.so
7fd89f5f2000-7fd89f6dd000 r--p 015f2000 00:22 383285                     /usr/lib/apache-netbeans/jdk/lib/server/libjvm.so
7fd89f6dd000-7fd89f708000 rw-p 016dd000 00:22 383285                     /usr/lib/apache-netbeans/jdk/lib/server/libjvm.so
7fd89f708000-7fd89f784000 rw-p 00000000 00:00 0 
7fd89f789000-7fd89f7b2000 rw-p 00000000 00:00 0 
7fd89f7b2000-7fd89f7b9000 ---p 00000000 00:00 0 
7fd89f7b9000-7fd89f7c7000 r--p 00000000 00:22 383247                     /usr/lib/apache-netbeans/jdk/lib/libjava.so
7fd89f7c7000-7fd89f7d5000 r-xp 0000e000 00:22 383247                     /usr/lib/apache-netbeans/jdk/lib/libjava.so
7fd89f7d5000-7fd89f7da000 r--p 0001c000 00:22 383247                     /usr/lib/apache-netbeans/jdk/lib/libjava.so
7fd89f7da000-7fd89f7db000 r--p 00021000 00:22 383247                     /usr/lib/apache-netbeans/jdk/lib/libjava.so
7fd89f7db000-7fd89f7dc000 rw-p 00022000 00:22 383247                     /usr/lib/apache-netbeans/jdk/lib/libjava.so
7fd89f7dc000-7fd89f7dd000 rw-p 00000000 00:00 0 
7fd89f7dd000-7fd89f7e1000 r--p 00000000 00:22 383251                     /usr/lib/apache-netbeans/jdk/lib/libjimage.so
7fd89f7e1000-7fd89f7f9000 r-xp 00004000 00:22 383251                     /usr/lib/apache-netbeans/jdk/lib/libjimage.so
7fd89f7f9000-7fd89f7ff000 r--p 0001c000 00:22 383251                     /usr/lib/apache-netbeans/jdk/lib/libjimage.so
7fd89f7ff000-7fd89f801000 r--p 00021000 00:22 383251                     /usr/lib/apache-netbeans/jdk/lib/libjimage.so
7fd89f801000-7fd89f802000 rw-p 00023000 00:22 383251                     /usr/lib/apache-netbeans/jdk/lib/libjimage.so
7fd89f802000-7fd89f87f000 r-xp 00000000 00:22 1467676                    /usr/lib64/libm.so.6
7fd89f87f000-7fd89f8ef000 r--p 0007d000 00:22 1467676                    /usr/lib64/libm.so.6
7fd89f8ef000-7fd89f8f0000 r--p 000ec000 00:22 1467676                    /usr/lib64/libm.so.6
7fd89f8f0000-7fd89f8f1000 rw-p 000ed000 00:22 1467676                    /usr/lib64/libm.so.6
7fd89f8f1000-7fd89f8f2000 r-xp 00000000 00:22 1467684                    /usr/lib64/librt.so.1
7fd89f8f2000-7fd89f8f3000 r--p 00001000 00:22 1467684                    /usr/lib64/librt.so.1
7fd89f8f3000-7fd89f8f4000 r--p 00001000 00:22 1467684                    /usr/lib64/librt.so.1
7fd89f8f4000-7fd89f8f7000 rw-p 00000000 00:00 0 
7fd89f8f7000-7fd89f8f8000 r-xp 00000000 00:22 1467682                    /usr/lib64/libpthread.so.0
7fd89f8f8000-7fd89f8f9000 r--p 00001000 00:22 1467682                    /usr/lib64/libpthread.so.0
7fd89f8f9000-7fd89f8fa000 r--p 00001000 00:22 1467682                    /usr/lib64/libpthread.so.0
7fd89f8fa000-7fd89f8fb000 rw-p 00000000 00:00 0 
7fd89f8fb000-7fd89f8fc000 r-xp 00000000 00:22 1467675                    /usr/lib64/libdl.so.2
7fd89f8fc000-7fd89f8fd000 r--p 00001000 00:22 1467675                    /usr/lib64/libdl.so.2
7fd89f8fd000-7fd89f8fe000 r--p 00001000 00:22 1467675                    /usr/lib64/libdl.so.2
7fd89f8fe000-7fd89f8ff000 rw-p 00000000 00:00 0 
7fd89f8ff000-7fd89fa6d000 r-xp 00000000 00:22 1467674                    /usr/lib64/libc.so.6
7fd89fa6d000-7fd89fae2000 r--p 0016e000 00:22 1467674                    /usr/lib64/libc.so.6
7fd89fae2000-7fd89fae6000 r--p 001e2000 00:22 1467674                    /usr/lib64/libc.so.6
7fd89fae6000-7fd89fae8000 rw-p 001e6000 00:22 1467674                    /usr/lib64/libc.so.6
7fd89fae8000-7fd89faf0000 rw-p 00000000 00:00 0 
7fd89faf4000-7fd89faf5000 r-xp 00000000 00:22 1467686                    /usr/lib64/libutil.so.1
7fd89faf5000-7fd89faf6000 r--p 00001000 00:22 1467686                    /usr/lib64/libutil.so.1
7fd89faf6000-7fd89faf7000 r--p 00001000 00:22 1467686                    /usr/lib64/libutil.so.1
7fd89faf7000-7fd89faf8000 rw-p 00000000 00:00 0 
7fd89faf8000-7fd89fb00000 rw-s 00000000 00:2b 317                        /tmp/hsperfdata_bilal/9836
7fd89fb00000-7fd89fb01000 ---p 00000000 00:00 0 
7fd89fb01000-7fd89fb02000 r--p 00000000 00:00 0 
7fd89fb02000-7fd89fb03000 ---p 00000000 00:00 0 
7fd89fb03000-7fd89fb06000 r--p 00000000 00:22 383252                     /usr/lib/apache-netbeans/jdk/lib/libjli.so
7fd89fb06000-7fd89fb17000 r-xp 00003000 00:22 383252                     /usr/lib/apache-netbeans/jdk/lib/libjli.so
7fd89fb17000-7fd89fb1e000 r--p 00014000 00:22 383252                     /usr/lib/apache-netbeans/jdk/lib/libjli.so
7fd89fb1e000-7fd89fb1f000 r--p 0001a000 00:22 383252                     /usr/lib/apache-netbeans/jdk/lib/libjli.so
7fd89fb1f000-7fd89fb20000 rw-p 0001b000 00:22 383252                     /usr/lib/apache-netbeans/jdk/lib/libjli.so
7fd89fb20000-7fd89fb22000 rw-p 00000000 00:00 0 
7fd89fb22000-7fd89fb24000 r--p 00000000 00:00 0                          [vvar]
7fd89fb24000-7fd89fb26000 r--p 00000000 00:00 0                          [vvar_vclock]
7fd89fb26000-7fd89fb28000 r-xp 00000000 00:00 0                          [vdso]
7fd89fb28000-7fd89fb51000 r-xp 00000000 00:22 1467671                    /usr/lib64/ld-linux-x86-64.so.2
7fd89fb51000-7fd89fb5c000 r--p 00029000 00:22 1467671                    /usr/lib64/ld-linux-x86-64.so.2
7fd89fb5c000-7fd89fb5e000 r--p 00034000 00:22 1467671                    /usr/lib64/ld-linux-x86-64.so.2
7fd89fb5e000-7fd89fb5f000 rw-p 00036000 00:22 1467671                    /usr/lib64/ld-linux-x86-64.so.2
7fd89fb5f000-7fd89fb60000 rw-p 00000000 00:00 0 
7ffc7b1ac000-7ffc7b1cd000 rw-p 00000000 00:00 0                          [stack]
ffffffffff600000-ffffffffff601000 --xp 00000000 00:00 0                  [vsyscall]
Total number of mappings: 231

JVMTI agents: none


VM Arguments:
jvm_args: --enable-native-access=ALL-UNNAMED -Dclassworlds.conf=/usr/lib/apache-netbeans/java/maven/bin/m2.conf -Dmaven.home=/usr/lib/apache-netbeans/java/maven -Dlibrary.jansi.path=/usr/lib/apache-netbeans/java/maven/lib/jansi-native -Dmaven.multiModuleProjectDirectory=/home/bilal/NetBeansProjects/Project-UAS-PBO-Restaurant 
java_command: org.codehaus.plexus.classworlds.launcher.Launcher -Dnetbeans.deploy=true -Dexec.vmArgs= -Dexec.appArgs= -Dmaven.ext.class.path=/usr/lib/apache-netbeans/java/maven-nblib/netbeans-eventspy.jar --no-transfer-progress package
java_class_path (initial): /usr/lib/apache-netbeans/java/maven/boot/plexus-classworlds-2.9.0.jar
Launcher Type: SUN_STANDARD

[Global flags]
     intx CICompilerCount                          = 4                                         {product} {ergonomic}
     uint ConcGCThreads                            = 2                                         {product} {ergonomic}
     uint G1ConcRefinementThreads                  = 8                                         {product} {ergonomic}
   size_t G1HeapRegionSize                         = 4194304                                   {product} {ergonomic}
   size_t InitialHeapSize                          = 293601280                                 {product} {ergonomic}
   size_t MarkStackSize                            = 4194304                                   {product} {ergonomic}
   size_t MarkStackSizeMax                         = 536870912                                 {product} {ergonomic}
   size_t MaxHeapSize                              = 4697620480                                {product} {ergonomic}
   size_t MaxNewSize                               = 2818572288                                {product} {ergonomic}
   size_t MinHeapDeltaBytes                        = 4194304                                   {product} {ergonomic}
   size_t MinHeapSize                              = 8388608                                   {product} {ergonomic}
    uintx NonNMethodCodeHeapSize                   = 5836800                                {pd product} {ergonomic}
    uintx NonProfiledCodeHeapSize                  = 122912768                              {pd product} {ergonomic}
    uintx ProfiledCodeHeapSize                     = 122908672                              {pd product} {ergonomic}
    uintx ReservedCodeCacheSize                    = 251658240                              {pd product} {ergonomic}
     bool SegmentedCodeCache                       = true                                      {product} {ergonomic}
   size_t SoftMaxHeapSize                          = 4697620480                             {manageable} {ergonomic}
     bool UseCompressedOops                        = true                           {product lp64_product} {ergonomic}
     bool UseG1GC                                  = true                                      {product} {ergonomic}

Logging:
Log output configuration:
 #0: stdout all=warning uptime,level,tags foldmultilines=false
 #1: stderr all=off uptime,level,tags foldmultilines=false

Release file:
IMPLEMENTOR="Eclipse Adoptium"
IMPLEMENTOR_VERSION="Temurin-25.0.1+8"
JAVA_RUNTIME_VERSION="25.0.1+8-LTS"
JAVA_VERSION="25.0.1"
JAVA_VERSION_DATE="2025-10-21"
LIBC="gnu"
MODULES="java.base java.compiler java.datatransfer java.xml java.prefs java.desktop java.instrument java.logging java.management java.security.sasl java.naming java.rmi java.management.rmi java.net.http java.scripting java.security.jgss java.transaction.xa java.sql java.sql.rowset java.xml.crypto java.se java.smartcardio jdk.accessibility jdk.internal.jvmstat jdk.attach jdk.charsets jdk.internal.opt jdk.zipfs jdk.compiler jdk.crypto.cryptoki jdk.crypto.ec jdk.dynalink jdk.internal.ed jdk.editpad jdk.internal.vm.ci jdk.graal.compiler jdk.graal.compiler.management jdk.hotspot.agent jdk.httpserver jdk.incubator.vector jdk.internal.le jdk.internal.md jdk.jartool jdk.javadoc jdk.jcmd jdk.management jdk.management.agent jdk.jconsole jdk.jdeps jdk.jdwp.agent jdk.jdi jdk.jfr jdk.jlink jdk.jpackage jdk.jshell jdk.jsobject jdk.jstatd jdk.localedata jdk.management.jfr jdk.naming.dns jdk.naming.rmi jdk.net jdk.nio.mapmode jdk.sctp jdk.security.auth jdk.security.jgss jdk.unsupported jdk.unsupported.desktop jdk.xml.dom"
OS_ARCH="x86_64"
OS_NAME="Linux"
SOURCE=".:git:61d6a2c1b35e"
BUILD_SOURCE="git:839fa0b45d809157cffd3dc8515aad262a4a1776"
BUILD_SOURCE_REPO="https://github.com/adoptium/temurin-build.git"
SOURCE_REPO="https://github.com/adoptium/jdk25u.git"
FULL_VERSION="25.0.1+8-LTS"
SEMANTIC_VERSION="25.0.1+8"
BUILD_INFO="OS: Linux Version: 6.8.0-1036-azure"
JVM_VARIANT="Hotspot"
JVM_VERSION="25.0.1+8-LTS"
IMAGE_TYPE="JDK"

Environment Variables:
JAVA_HOME=/usr/lib/apache-netbeans/jdk
PATH=/home/bilal/.local/bin:/home/bilal/bin:/usr/local/bin:/usr/bin:/var/lib/snapd/snap/bin:/usr/local/sbin
USERNAME=bilal
SHELL=/bin/bash
DISPLAY=:0
LANG=en_US.UTF-8

Active Locale:
LC_ALL=en_US.UTF-8
LC_COLLATE=en_US.UTF-8
LC_CTYPE=en_US.UTF-8
LC_MESSAGES=en_US.UTF-8
LC_MONETARY=en_US.UTF-8
LC_NUMERIC=en_US.UTF-8
LC_TIME=en_US.UTF-8

Signal Handlers:
   SIGSEGV: crash_handler in libjvm.so, mask=11100100010111111101111111111110, flags=SA_RESTART|SA_SIGINFO, unblocked
    SIGBUS: crash_handler in libjvm.so, mask=11100100010111111101111111111110, flags=SA_RESTART|SA_SIGINFO, unblocked
    SIGFPE: crash_handler in libjvm.so, mask=11100100010111111101111111111110, flags=SA_RESTART|SA_SIGINFO, unblocked
   SIGPIPE: javaSignalHandler in libjvm.so, mask=11100100010111111101111111111110, flags=SA_RESTART|SA_SIGINFO, blocked
   SIGXFSZ: javaSignalHandler in libjvm.so, mask=11100100010111111101111111111110, flags=SA_RESTART|SA_SIGINFO, blocked
    SIGILL: crash_handler in libjvm.so, mask=11100100010111111101111111111110, flags=SA_RESTART|SA_SIGINFO, unblocked
   SIGUSR2: SR_handler in libjvm.so, mask=00000000000000000000000000000000, flags=SA_RESTART|SA_SIGINFO, blocked
    SIGHUP: UserHandler in libjvm.so, mask=11100100010111111101111111111110, flags=SA_RESTART|SA_SIGINFO, blocked
    SIGINT: SIG_IGN, mask=00000000000000000000000000000000, flags=none, blocked
   SIGTERM: UserHandler in libjvm.so, mask=11100100010111111101111111111110, flags=SA_RESTART|SA_SIGINFO, blocked
   SIGQUIT: UserHandler in libjvm.so, mask=11100100010111111101111111111110, flags=SA_RESTART|SA_SIGINFO, blocked
   SIGTRAP: crash_handler in libjvm.so, mask=11100100010111111101111111111110, flags=SA_RESTART|SA_SIGINFO, unblocked


Compilation memory statistics disabled.

Periodic native trim disabled

---------------  S Y S T E M  ---------------

OS:
Fedora release 42 (Adams)
uname: Linux 6.14.0-63.fc42.x86_64 #1 SMP PREEMPT_DYNAMIC Mon Mar 24 19:53:37 UTC 2025 x86_64
OS uptime: 0 days 0:27 hours
libc: glibc 2.41 NPTL 2.41 
rlimit (soft/hard): STACK 8192k/infinity , CORE infinity/infinity , NPROC 71241/71241 , NOFILE 524288/524288 , AS infinity/infinity , CPU infinity/infinity , DATA infinity/infinity , FSIZE infinity/infinity , MEMLOCK 8192k/8192k
load average: 2.34 2.82 2.28

/proc/meminfo:
MemTotal:       18336688 kB
MemFree:          993076 kB
MemAvailable:    6024260 kB
Buffers:            2576 kB
Cached:          7393660 kB
SwapCached:            0 kB
Active:          4385328 kB
Inactive:       11834140 kB
Active(anon):    3335880 kB
Inactive(anon):  7660740 kB
Active(file):    1049448 kB
Inactive(file):  4173400 kB
Unevictable:        5844 kB
Mlocked:            5844 kB
SwapTotal:       8388604 kB
SwapFree:        8137724 kB
Zswap:                 0 kB
Zswapped:              0 kB
Dirty:             31004 kB
Writeback:             0 kB
AnonPages:       8829688 kB
Mapped:          1113692 kB
Shmem:           2168484 kB
KReclaimable:     149040 kB
Slab:             356248 kB
SReclaimable:     149040 kB
SUnreclaim:       207208 kB
KernelStack:       25360 kB
PageTables:        71824 kB
SecPageTables:      4184 kB
NFS_Unstable:          0 kB
Bounce:                0 kB
WritebackTmp:          0 kB
CommitLimit:    17556948 kB
Committed_AS:   23565844 kB
VmallocTotal:   34359738367 kB
VmallocUsed:      121852 kB
VmallocChunk:          0 kB
Percpu:             8416 kB
HardwareCorrupted:     0 kB
AnonHugePages:         0 kB
ShmemHugePages:        0 kB
ShmemPmdMapped:        0 kB
FileHugePages:         0 kB
FilePmdMapped:         0 kB
CmaTotal:              0 kB
CmaFree:               0 kB
Unaccepted:            0 kB
HugePages_Total:       0
HugePages_Free:        0
HugePages_Rsvd:        0
HugePages_Surp:        0
Hugepagesize:       2048 kB
Hugetlb:               0 kB
DirectMap4k:      530004 kB
DirectMap2M:    17229824 kB
DirectMap1G:     2097152 kB

/sys/kernel/mm/transparent_hugepage/enabled: always [madvise] never
/sys/kernel/mm/transparent_hugepage/hpage_pmd_size: 2097152
/sys/kernel/mm/transparent_hugepage/shmem_enabled: always within_size advise [never] deny force
/sys/kernel/mm/transparent_hugepage/defrag (defrag/compaction efforts parameter): always defer defer+madvise [madvise] never

Process Memory:
Virtual Size: 8104892K (peak: 8170400K)
Resident Set Size: 149192K (peak: 149192K) (anon: 122624K, file: 26568K, shmem: 0K)
Swapped out: 0K
C-Heap outstanding allocations: 45277K, retained: 10706K
glibc malloc tunables: (default)

/proc/sys/kernel/threads-max (system-wide limit on the number of threads): 142482
/proc/sys/vm/max_map_count (maximum number of memory map areas a process may have): 1048576
/proc/sys/vm/swappiness (control to define how aggressively the kernel swaps out anonymous memory): 60
/proc/sys/kernel/pid_max (system-wide limit on number of process identifiers): 4194304

container information not found.
Steal ticks since vm start: 0
Steal ticks percentage since vm start:  0.000

CPU: total 8 (initial active 8) (8 cores per cpu, 2 threads per core) family 23 model 24 stepping 1 microcode 0x8108109, cx8, cmov, fxsr, ht, mmx, 3dnowpref, sse, sse2, sse3, ssse3, sse4a, sse4.1, sse4.2, popcnt, lzcnt, tsc, tscinvbit, avx, avx2, aes, clmul, bmi1, bmi2, adx, sha, fma, vzeroupper, clflush, clflushopt, rdtscp, f16c
CPU Model and flags from /proc/cpuinfo:
model name	: AMD Ryzen 5 3500U with Radeon Vega Mobile Gfx
flags		: fpu vme de pse tsc msr pae mce cx8 apic sep mtrr pge mca cmov pat pse36 clflush mmx fxsr sse sse2 ht syscall nx mmxext fxsr_opt pdpe1gb rdtscp lm constant_tsc rep_good nopl nonstop_tsc cpuid extd_apicid aperfmperf rapl pni pclmulqdq monitor ssse3 fma cx16 sse4_1 sse4_2 movbe popcnt aes xsave avx f16c rdrand lahf_lm cmp_legacy svm extapic cr8_legacy abm sse4a misalignsse 3dnowprefetch osvw skinit wdt tce topoext perfctr_core perfctr_nb bpext perfctr_llc mwaitx cpb hw_pstate ssbd ibpb vmmcall fsgsbase bmi1 avx2 smep bmi2 rdseed adx smap clflushopt sha_ni xsaveopt xsavec xgetbv1 clzero irperf xsaveerptr arat npt lbrv svm_lock nrip_save tsc_scale vmcb_clean flushbyasid decodeassists pausefilter pfthreshold avic v_vmsave_vmload vgif overflow_recov succor smca sev sev_es

Online cpus: 0-7
Offline cpus: 
BIOS frequency limitation: 2100000
Frequency switch latency (ns): 0
Available cpu frequencies: 2100000 1700000 1400000 
Current governor: schedutil
Core performance/turbo boost: 1

Memory: 4k page, physical 18336688k(6024296k free), swap 8388604k(8137724k free)
Page Sizes: 4k

vm_info: OpenJDK 64-Bit Server VM (25.0.1+8-LTS) for linux-amd64 JRE (25.0.1+8-LTS), built on 2025-10-21T00:00:00Z with gcc 14.2.0

END.
