#
# A fatal error has been detected by the Java Runtime Environment:
#
#  SIGSEGV (0xb) at pc=0x00007f7cd8406ca9, pid=9753, tid=9793
#
# JRE version: OpenJDK Runtime Environment Temurin-25.0.1+8 (25.0.1+8) (build 25.0.1+8-LTS)
# Java VM: OpenJDK 64-Bit Server VM Temurin-25.0.1+8 (25.0.1+8-LTS, mixed mode, sharing, tiered, compressed oops, compressed class ptrs, g1 gc, linux-amd64)
# Problematic frame:
# J 29 c1 java.util.HashMap.getNode(Ljava/lang/Object;)Ljava/util/HashMap$Node; java.base@25.0.1 (150 bytes) @ 0x00007f7cd8406ca9 [0x00007f7cd8406780+0x0000000000000529]
#
# Core dump will be written. Default location: Core dumps may be processed with "/usr/lib/systemd/systemd-coredump %P %u %g %s %t %c %h" (or dumping to /home/bilal/NetBeansProjects/Project-UAS-PBO-Restaurant/core.9753)
#
# If you would like to submit a bug report, please visit:
#   https://github.com/adoptium/adoptium-support/issues
#

---------------  S U M M A R Y ------------

Command Line: --enable-native-access=ALL-UNNAMED -Dclassworlds.conf=/usr/lib/apache-netbeans/java/maven/bin/m2.conf -Dmaven.home=/usr/lib/apache-netbeans/java/maven -Dlibrary.jansi.path=/usr/lib/apache-netbeans/java/maven/lib/jansi-native -Dmaven.multiModuleProjectDirectory=/home/bilal/NetBeansProjects/Project-UAS-PBO-Restaurant org.codehaus.plexus.classworlds.launcher.Launcher -Dnetbeans.deploy=true -Dexec.vmArgs= -Dexec.appArgs= -Dmaven.ext.class.path=/usr/lib/apache-netbeans/java/maven-nblib/netbeans-eventspy.jar --no-transfer-progress package

Host: AMD Ryzen 5 3500U with Radeon Vega Mobile Gfx, 8 cores, 17G, Fedora release 42 (Adams)
Time: Thu Jan 15 15:27:01 2026 WIB elapsed time: 0.102818 seconds (0d 0h 0m 0s)

---------------  T H R E A D  ---------------

Current thread (0x00007f7cf002b6b0):  JavaThread "main"             [_thread_in_Java, id=9793, stack(0x00007f7cf7811000,0x00007f7cf7911000) (1024K)]

Stack: [0x00007f7cf7811000,0x00007f7cf7911000],  sp=0x00007f7cf790e570,  free space=1013k
Native frames: (J=compiled Java code, j=interpreted, Vv=VM code, C=native code)
J 29 c1 java.util.HashMap.getNode(Ljava/lang/Object;)Ljava/util/HashMap$Node; java.base@25.0.1 (150 bytes) @ 0x00007f7cd8406ca9 [0x00007f7cd8406780+0x0000000000000529]
j  java.util.LinkedHashMap.get(Ljava/lang/Object;)Ljava/lang/Object;+2 java.base@25.0.1
j  java.util.jar.Attributes.get(Ljava/lang/Object;)Ljava/lang/Object;+5 java.base@25.0.1
j  java.util.jar.Attributes.getValue(Ljava/util/jar/Attributes$Name;)Ljava/lang/String;+2 java.base@25.0.1
j  jdk.internal.loader.BuiltinClassLoader.isSealed(Ljava/lang/String;Ljava/util/jar/Manifest;)Z+57 java.base@25.0.1
j  jdk.internal.loader.BuiltinClassLoader.getAndVerifyPackage(Ljava/lang/String;Ljava/util/jar/Manifest;Ljava/net/URL;)Ljava/lang/Package;+70 java.base@25.0.1
j  jdk.internal.loader.BuiltinClassLoader.defineOrCheckPackage(Ljava/lang/String;Ljava/util/jar/Manifest;Ljava/net/URL;)Ljava/lang/Package;+4 java.base@25.0.1
j  jdk.internal.loader.ClassLoaders$AppClassLoader.defineOrCheckPackage(Ljava/lang/String;Ljava/util/jar/Manifest;Ljava/net/URL;)Ljava/lang/Package;+4 java.base@25.0.1
j  jdk.internal.loader.BuiltinClassLoader.defineClass(Ljava/lang/String;Ljdk/internal/loader/Resource;)Ljava/lang/Class;+40 java.base@25.0.1
j  jdk.internal.loader.BuiltinClassLoader.findClassOnClassPathOrNull(Ljava/lang/String;)Ljava/lang/Class;+30 java.base@25.0.1
j  jdk.internal.loader.BuiltinClassLoader.loadClassOrNull(Ljava/lang/String;Z)Ljava/lang/Class;+111 java.base@25.0.1
j  jdk.internal.loader.BuiltinClassLoader.loadClass(Ljava/lang/String;Z)Ljava/lang/Class;+3 java.base@25.0.1
j  java.lang.ClassLoader.loadClass(Ljava/lang/String;)Ljava/lang/Class;+3 java.base@25.0.1
v  ~StubRoutines::call_stub 0x00007f7cdf937fa6
V  [libjvm.so+0xa21640]  JavaCalls::call_helper(JavaValue*, methodHandle const&, JavaCallArguments*, JavaThread*)+0x2b0
V  [libjvm.so+0xa231cf]  JavaCalls::call_virtual(JavaValue*, Handle, Klass*, Symbol*, Symbol*, Handle, JavaThread*)+0x1ef
V  [libjvm.so+0x1128bce]  SystemDictionary::load_instance_class_impl(Symbol*, Handle, JavaThread*)+0x17e
V  [libjvm.so+0x112706c]  SystemDictionary::load_instance_class(Symbol*, Handle, JavaThread*)+0x1c
V  [libjvm.so+0x1127cc8]  SystemDictionary::resolve_instance_class_or_null(Symbol*, Handle, JavaThread*)+0xb18
V  [libjvm.so+0x112917a]  SystemDictionary::resolve_or_fail(Symbol*, Handle, bool, JavaThread*)+0x4a
V  [libjvm.so+0x766852]  ConstantPool::klass_at_impl(constantPoolHandle const&, int, JavaThread*)+0x222
V  [libjvm.so+0xded6c8]  Method::resolved_checked_exceptions_impl(Method*, JavaThread*)+0x1b8
V  [libjvm.so+0xf0b7a7]  Reflection::new_method(methodHandle const&, bool, JavaThread*)+0xb7
V  [libjvm.so+0xb27795]  get_class_declared_methods_helper(JNIEnv_*, _jclass*, unsigned char, bool, Klass*, JavaThread*) [clone .isra.0]+0x3a5
V  [libjvm.so+0xb27c1c]  JVM_GetClassDeclaredMethods+0x8c
j  java.lang.Class.getDeclaredMethods0(Z)[Ljava/lang/reflect/Method;+0 java.base@25.0.1
j  java.lang.Class.privateGetDeclaredMethods(Z)[Ljava/lang/reflect/Method;+30 java.base@25.0.1
j  java.lang.Class.getMethodsRecursive(Ljava/lang/String;[Ljava/lang/Class;ZZ)Ljava/lang/PublicMethods$MethodList;+3 java.base@25.0.1
j  java.lang.Class.findMethod(ZLjava/lang/String;[Ljava/lang/Class;)Ljava/lang/reflect/Method;+5 java.base@25.0.1
j  java.lang.System$1.findMethod(Ljava/lang/Class;ZLjava/lang/String;[Ljava/lang/Class;)Ljava/lang/reflect/Method;+5 java.base@25.0.1
j  jdk.internal.misc.MethodFinder.findMainMethod(Ljava/lang/Class;)Ljava/lang/reflect/Method;+16 java.base@25.0.1
j  sun.launcher.LauncherHelper.validateMainMethod(Ljava/lang/Class;)V+3 java.base@25.0.1
j  sun.launcher.LauncherHelper.checkAndLoadMain(ZILjava/lang/String;)Ljava/lang/Class;+80 java.base@25.0.1
v  ~StubRoutines::call_stub 0x00007f7cdf937fa6
V  [libjvm.so+0xa21640]  JavaCalls::call_helper(JavaValue*, methodHandle const&, JavaCallArguments*, JavaThread*)+0x2b0
V  [libjvm.so+0xaeb0b6]  jni_invoke_static(JNIEnv_*, JavaValue*, _jobject*, JNICallType, _jmethodID*, JNI_ArgumentPusher*, JavaThread*) [clone .constprop.1]+0x396
V  [libjvm.so+0xaebfd4]  jni_CallStaticObjectMethod+0x164
C  [libjli.so+0xaf63]  JavaMain+0x653
C  [libjli.so+0xed49]  ThreadJavaMain+0x9
C  [libc.so.6+0x71f14]  start_thread+0x2e4

siginfo: si_signo: 11 (SIGSEGV), si_code: 1 (SEGV_MAPERR), si_addr: 0x0000000000bb024c

Registers:
RAX=0x0000000000000027, RBX=0x00000000918dd2d1, RCX=0x00000000592cb680, RDX=0x0000000000bb0240
RSP=0x00007f7cf790e570, RBP=0x00007f7cf790e660, RSI=0x00007f7ca8013e90, RDI=0x00000007ffc041a8
R8 =0x0000000000000000, R9 =0x00000006f944fc18, R10=0x0000000059000000, R11=0x00007f7cd84067a0
R12=0x0000000000000000, R13=0x00007f7cd8406984, R14=0x00007f7cf790e560, R15=0x00007f7cf002b6b0
RIP=0x00007f7cd8406ca9, EFLAGS=0x0000000000010246, CSGSFS=0x002b000000000033, ERR=0x0000000000000004
  TRAPNO=0x000000000000000e

XMM[0]=0x0000000000000000 0x0000000000000000
XMM[1]=0x0000000000000000 0x00007f7ca8028098
XMM[2]=0x0000000000000000 0x00007f7cf002b6b0
XMM[3]=0x0000000000000000 0x4045000000000000
XMM[4]=0x0000000000000000 0x00007f7cf002b6b0
XMM[5]=0x0000000000000000 0x4059000000000000
XMM[6]=0x2d73646c726f7773 0x73616c632d737578
XMM[7]=0x76616a2f736e6165 0x6274656e2d656863
XMM[8]=0x0000000000000000 0x0000000000000000
XMM[9]=0x0000000000000005 0x0000000000000005
XMM[10]=0x0000000000000002 0x0000000000000002
XMM[11]=0xffffffffffffffff 0xffffffffffffffff
XMM[12]=0x0000000000000001 0x0000000000000001
XMM[13]=0x0000000000000000 0x0000000000000000
XMM[14]=0x0000000000000000 0x0000000000000000
XMM[15]=0x0000000000000000 0x0000000000000000
  MXCSR=0x00001fa2


Register to memory mapping:

RAX=0x0000000000000027 is an unknown value
RBX=0x00000000918dd2d1 is pointing into metadata
RCX=0x00000000592cb680 is a pointer to class: 
java.util.HashMap$TreeNode {0x00000000592cb680}
 - instance size:     7
 - klass size:        74
 - access:            final synchronized 
 - flags:             rewritten has_nonstatic_fields defined_by_boot_loader has_localvariable_table has_final_method 
 - state:             loaded
 - name:              'java/util/HashMap$TreeNode'
 - super:             'java/util/LinkedHashMap$Entry'
 - sub:               
 - arrays:            null
 - methods:           Array<T>(0x0000000059976d58)
 - method ordering:   Array<T>(0x00000000596b90b8)
 - local interfaces:  Array<T>(0x0000000059678428)
 - trans. interfaces: Array<T>(0x0000000059975c48)
 - secondary supers: Array<T>(0x0000000059975c48)
 - hash_slot:         0
 - secondary bitmap: 0x0000000800000000
 - constants:         constant pool [250] {0x0000000059976540} for 'java/util/HashMap$TreeNode' cache=0x00000000592cbbe8
 - class loader data:  loader data: 0x00007f7cf00a7f50 of 'bootstrap'
 - source file:       'HashMap.java'
 - generic signature: '<K:Ljava/lang/Object;V:Ljava/lang/Object;>Ljava/util/LinkedHashMap$Entry<TK;TV;>;'
 - inner classes:     Array<T>(0x00000000596b8b48)
 - nest members:     Array<T>(0x0000000059678420)
 - permitted subclasses:     Array<T>(0x0000000059678420)
 - java mirror:       a 'java/lang/Class'{0x00000007ffca7380} = 'java/util/HashMap$TreeNode'
 - vtable length      5  (start addr: 0x00000000592cb858)
 - itable length      9 (start addr: 0x00000000592cb880)
 - ---- static fields (1 words):
 - static final synthetic '$assertionsDisabled' 'Z' @120 
 - ---- non-static fields (11 words):
 - final 'hash' 'I' @12 
 - final 'key' 'Ljava/lang/Object;' @16 
 - 'value' 'Ljava/lang/Object;' @20 
 - 'next' 'Ljava/util/HashMap$Node;' @24 
 - 'before' 'Ljava/util/LinkedHashMap$Entry;' @28 
 - 'after' 'Ljava/util/LinkedHashMap$Entry;' @32 
 - 'parent' 'Ljava/util/HashMap$TreeNode;' @36 
 - 'left' 'Ljava/util/HashMap$TreeNode;' @40 
 - 'right' 'Ljava/util/HashMap$TreeNode;' @44 
 - 'prev' 'Ljava/util/HashMap$TreeNode;' @48 
 - 'red' 'Z' @52 
 - non-static oop maps (1 entries): 16-48 
RDX=0x0000000000bb0240 is an unknown value
RSP=0x00007f7cf790e570 is pointing into the stack for thread: 0x00007f7cf002b6b0
RBP=0x00007f7cf790e660 is pointing into the stack for thread: 0x00007f7cf002b6b0
RSI=0x00007f7ca8013e90 is pointing into metadata
RDI=0x00000007ffc041a8 is an oop: java.util.jar.Attributes$Name 
{0x00000007ffc041a8} - klass: 'java/util/jar/Attributes$Name' - flags: 

 - ---- fields (total size 3 words):
 - private final 'hashCode' 'I' @12  -1853013156 (0x918d435c)
 - private final 'name' 'Ljava/lang/String;' @16  "Sealed"{0x00000007ffc04190} (0xfff80832)
R8 =0x0 is null
R9 =0x00000006f944fc18 is an oop: [B 
{0x00000006f944fc18} - klass: {type array byte} - flags: is_cloneable_fast 

 - length: 41
 -   0: 6f o
 -   1: 72 r
 -   2: 67 g
 -   3: 2f /
 -   4: 63 c
 -   5: 6f o
 -   6: 64 d
 -   7: 65 e
 -   8: 68 h
 -   9: 61 a
 -  10: 75 u
 -  11: 73 s
 -  12: 2f /
 -  13: 70 p
 -  14: 6c l
 -  15: 65 e
 -  16: 78 x
 -  17: 75 u
 -  18: 73 s
 -  19: 2f /
 -  20: 63 c
 -  21: 6c l
 -  22: 61 a
 -  23: 73 s
 -  24: 73 s
 -  25: 77 w
 -  26: 6f o
 -  27: 72 r
 -  28: 6c l
 -  29: 64 d
 -  30: 73 s
 -  31: 2f /
 -  32: 6c l
 -  33: 61 a
 -  34: 75 u
 -  35: 6e n
 -  36: 63 c
 -  37: 68 h
 -  38: 65 e
 -  39: 72 r
 -  40: 2f /
R10=0x0000000059000000 points into nKlass protection zone
R11=0x00007f7cd84067a0 is at entry_point+14 in (nmethod*)0x00007f7cd8406688
Compiled method (c1) 124   29       3       java.util.HashMap::getNode (150 bytes)
 total in heap  [0x00007f7cd8406688,0x00007f7cd8407210] = 2952
 main code      [0x00007f7cd8406780,0x00007f7cd84071a0] = 2592
 stub code      [0x00007f7cd84071a0,0x00007f7cd8407210] = 112
 mutable data [0x00007f7c8803fc40,0x00007f7c8803fd28] = 232
 relocation     [0x00007f7c8803fc40,0x00007f7c8803fd18] = 216
 metadata       [0x00007f7c8803fd18,0x00007f7c8803fd28] = 16
 immutable data [0x00007f7c8803f9b0,0x00007f7c8803fc38] = 648
 dependencies   [0x00007f7c8803f9b0,0x00007f7c8803f9b8] = 8
 nul chk table  [0x00007f7c8803f9b8,0x00007f7c8803f9f8] = 64
 scopes pcs     [0x00007f7c8803f9f8,0x00007f7c8803fb28] = 304
 scopes data    [0x00007f7c8803fb28,0x00007f7c8803fc38] = 272
R12=0x0 is null
R13=0x00007f7cd8406984 is at entry_point+498 in (nmethod*)0x00007f7cd8406688
Compiled method (c1) 124   29       3       java.util.HashMap::getNode (150 bytes)
 total in heap  [0x00007f7cd8406688,0x00007f7cd8407210] = 2952
 main code      [0x00007f7cd8406780,0x00007f7cd84071a0] = 2592
 stub code      [0x00007f7cd84071a0,0x00007f7cd8407210] = 112
 mutable data [0x00007f7c8803fc40,0x00007f7c8803fd28] = 232
 relocation     [0x00007f7c8803fc40,0x00007f7c8803fd18] = 216
 metadata       [0x00007f7c8803fd18,0x00007f7c8803fd28] = 16
 immutable data [0x00007f7c8803f9b0,0x00007f7c8803fc38] = 648
 dependencies   [0x00007f7c8803f9b0,0x00007f7c8803f9b8] = 8
 nul chk table  [0x00007f7c8803f9b8,0x00007f7c8803f9f8] = 64
 scopes pcs     [0x00007f7c8803f9f8,0x00007f7c8803fb28] = 304
 scopes data    [0x00007f7c8803fb28,0x00007f7c8803fc38] = 272
R14=0x00007f7cf790e560 is pointing into the stack for thread: 0x00007f7cf002b6b0
R15=0x00007f7cf002b6b0 is a thread

Top of Stack: (sp=0x00007f7cf790e570)
0x00007f7cf790e570:   00007f7cdf93f5d2 00000006f944fc18   ....|.....D.....
0x00007f7cf790e580:   00007f7cf790e5e8 00007f7cdf93f5d2   ....|.......|...
0x00007f7cf790e590:   0000000000000000 0000000000000000   ................
0x00007f7cf790e5a0:   fffffffffffffff7 0000000059ca25f2   .........%.Y....
0x00007f7cf790e5b0:   0000000000000004 918dd2d10000001f   ................
0x00007f7cf790e5c0:   00000006f943f548 00000007ffc041a8   H.C......A......
0x00007f7cf790e5d0:   00000000591f7e70 0000000000000000   p~.Y............
0x00007f7cf790e5e0:   00007f7cf790e600 00007f7cf790e658   ....|...X...|...
0x00007f7cf790e5f0:   00007f7cf790e660 00007f7cdf93f5d2   `...|.......|...
0x00007f7cf790e600:   00007f7cdf93f5d2 00000007ffc041a8   ....|....A......
0x00007f7cf790e610:   00000006f943d198 fffffffffffffff7   ..C.............
0x00007f7cf790e620:   000000005988199a 0000000000000004   ...Y............
0x00007f7cf790e630:   0000000059244d18 0000000000000000   .M$Y............
0x00007f7cf790e640:   00000007ffca4358 0000000059244cc0   XC.......L$Y....
0x00007f7cf790e650:   fffffffffffffff5 00007f7cf790e678   ........x...|...
0x00007f7cf790e660:   00007f7cf790e6d0 00007f7cdf93fad0   ....|.......|...
0x00007f7cf790e670:   0000000000000000 00000007ffc041a8   .........A......
0x00007f7cf790e680:   00000006f943d198 fffffffffffffff7   ..C.............
0x00007f7cf790e690:   000000005992c505 0000000000000003   ...Y............
0x00007f7cf790e6a0:   000000005929ce80 0000000000000000   ..)Y............
0x00007f7cf790e6b0:   00000007ffcad0d8 000000005929d0d8   ..........)Y....
0x00007f7cf790e6c0:   fffffffffffffff5 00007f7cf790e6e0   ............|...
0x00007f7cf790e6d0:   00007f7cf790e738 00007f7cdf93f5d2   8...|.......|...
0x00007f7cf790e6e0:   00000007ffc041a8 00000006f943d168   .A......h.C.....
0x00007f7cf790e6f0:   fffffffffffffff7 000000005992c6fa   ...........Y....
0x00007f7cf790e700:   0000000000000003 000000005929ce80   ..........)Y....
0x00007f7cf790e710:   0000000000000000 00000007ffcad0d8   ................
0x00007f7cf790e720:   000000005929d290 fffffffffffffff5   ..)Y............
0x00007f7cf790e730:   00007f7cf790e748 00007f7cf790e7a0   H...|.......|...
0x00007f7cf790e740:   00007f7cdf93f5d2 00000007ffc041a8   ....|....A......
0x00007f7cf790e750:   00000006f943d168 fffffffffffffff7   h.C.............
0x00007f7cf790e760:   00000000597a3f99 0000000000000006   .?zY............

Instructions: (pc=0x00007f7cd8406ca9)
  0x00007f7cd8406ba9:   b8 90 3e 01 a8 7c 7f 00 00 75 0c 80 88 11 02 00
  0x00007f7cd8406bb9:   00 01 e9 a6 00 00 00 8b 4f 08 41 ba 00 00 00 59
  0x00007f7cd8406bc9:   49 03 ca 48 3b 88 20 02 00 00 75 0d 48 83 80 28
  0x00007f7cd8406bd9:   02 00 00 01 e9 60 00 00 00 48 3b 88 30 02 00 00
  0x00007f7cd8406be9:   75 0d 48 83 80 38 02 00 00 01 e9 4a 00 00 00 48
  0x00007f7cd8406bf9:   83 b8 20 02 00 00 00 75 17 48 89 88 20 02 00 00
  0x00007f7cd8406c09:   48 c7 80 28 02 00 00 01 00 00 00 e9 29 00 00 00
  0x00007f7cd8406c19:   48 83 b8 30 02 00 00 00 75 17 48 89 88 30 02 00
  0x00007f7cd8406c29:   00 48 c7 80 38 02 00 00 01 00 00 00 e9 08 00 00
  0x00007f7cd8406c39:   00 48 83 80 18 02 00 00 01 48 b9 80 b6 2c 59 00
  0x00007f7cd8406c49:   00 00 00 8b 5f 08 41 ba 00 00 00 59 49 03 da 48
  0x00007f7cd8406c59:   3b cb 0f 85 05 00 00 00 e9 05 00 00 00 48 33 f6
  0x00007f7cd8406c69:   eb 05 be 01 00 00 00 85 f6 48 be 90 3e 01 a8 7c
  0x00007f7cd8406c79:   7f 00 00 bb 58 02 00 00 75 05 bb 48 02 00 00 48
  0x00007f7cd8406c89:   8b 04 1e 48 8d 40 01 48 89 04 1e 0f 85 4b 02 00
  0x00007f7cd8406c99:   00 66 0f 1f 44 00 00 8b 5c 24 4c 48 8b 7c 24 58
=>0x00007f7cd8406ca9:   8b 72 0c 3b f3 48 be 90 3e 01 a8 7c 7f 00 00 b8
  0x00007f7cd8406cb9:   d8 02 00 00 74 05 b8 c8 02 00 00 48 8b 0c 06 48
  0x00007f7cd8406cc9:   8d 49 01 48 89 0c 06 0f 84 09 00 00 00 89 5c 24
  0x00007f7cd8406cd9:   4c e9 54 01 00 00 8b 72 10 48 c1 e6 03 48 3b f7
  0x00007f7cd8406ce9:   48 b8 90 3e 01 a8 7c 7f 00 00 b9 e8 02 00 00 74
  0x00007f7cd8406cf9:   05 b9 f8 02 00 00 4c 8b 04 08 4d 8d 40 01 4c 89
  0x00007f7cd8406d09:   04 08 0f 84 a1 01 00 00 48 85 ff 48 b8 90 3e 01
  0x00007f7cd8406d19:   a8 7c 7f 00 00 b9 18 03 00 00 75 05 b9 08 03 00
  0x00007f7cd8406d29:   00 4c 8b 04 08 4d 8d 40 01 4c 89 04 08 0f 85 09
  0x00007f7cd8406d39:   00 00 00 89 5c 24 4c e9 ee 00 00 00 48 89 54 24
  0x00007f7cd8406d49:   68 89 5c 24 4c 48 3b 07 48 8b c7 48 b9 90 3e 01
  0x00007f7cd8406d59:   a8 7c 7f 00 00 8b 40 08 41 ba 00 00 00 59 49 03
  0x00007f7cd8406d69:   c2 48 3b 81 30 03 00 00 75 0d 48 83 81 38 03 00
  0x00007f7cd8406d79:   00 01 e9 60 00 00 00 48 3b 81 40 03 00 00 75 0d
  0x00007f7cd8406d89:   48 83 81 48 03 00 00 01 e9 4a 00 00 00 48 83 b9
  0x00007f7cd8406d99:   30 03 00 00 00 75 17 48 89 81 30 03 00 00 48 c7


Stack slot to memory mapping:

stack at sp + 0 slots: 0x00007f7cdf93f5d2 is at code_begin+1682 in an Interpreter codelet
return entry points  [0x00007f7cdf93ef40, 0x00007f7cdf93fbb8]  3192 bytes
stack at sp + 1 slots: 0x00000006f944fc18 is an oop: [B 
{0x00000006f944fc18} - klass: {type array byte} - flags: is_cloneable_fast 

 - length: 41
 -   0: 6f o
 -   1: 72 r
 -   2: 67 g
 -   3: 2f /
 -   4: 63 c
 -   5: 6f o
 -   6: 64 d
 -   7: 65 e
 -   8: 68 h
 -   9: 61 a
 -  10: 75 u
 -  11: 73 s
 -  12: 2f /
 -  13: 70 p
 -  14: 6c l
 -  15: 65 e
 -  16: 78 x
 -  17: 75 u
 -  18: 73 s
 -  19: 2f /
 -  20: 63 c
 -  21: 6c l
 -  22: 61 a
 -  23: 73 s
 -  24: 73 s
 -  25: 77 w
 -  26: 6f o
 -  27: 72 r
 -  28: 6c l
 -  29: 64 d
 -  30: 73 s
 -  31: 2f /
 -  32: 6c l
 -  33: 61 a
 -  34: 75 u
 -  35: 6e n
 -  36: 63 c
 -  37: 68 h
 -  38: 65 e
 -  39: 72 r
 -  40: 2f /
stack at sp + 2 slots: 0x00007f7cf790e5e8 is pointing into the stack for thread: 0x00007f7cf002b6b0
stack at sp + 3 slots: 0x00007f7cdf93f5d2 is at code_begin+1682 in an Interpreter codelet
return entry points  [0x00007f7cdf93ef40, 0x00007f7cdf93fbb8]  3192 bytes
stack at sp + 4 slots: 0x0 is null
stack at sp + 5 slots: 0x0 is null
stack at sp + 6 slots: 0xfffffffffffffff7 is an unknown value
stack at sp + 7 slots: 0x0000000059ca25f2 is pointing into metadata

Lock stack of current Java thread (top to bottom):
LockStack[0]: java.lang.Object 
{0x00000006f944f6b0} - klass: 'java/lang/Object' - flags: 

 - ---- fields (total size 2 words):


Compiled method (c1) 141   29       3       java.util.HashMap::getNode (150 bytes)
 total in heap  [0x00007f7cd8406688,0x00007f7cd8407210] = 2952
 main code      [0x00007f7cd8406780,0x00007f7cd84071a0] = 2592
 stub code      [0x00007f7cd84071a0,0x00007f7cd8407210] = 112
 mutable data [0x00007f7c8803fc40,0x00007f7c8803fd28] = 232
 relocation     [0x00007f7c8803fc40,0x00007f7c8803fd18] = 216
 metadata       [0x00007f7c8803fd18,0x00007f7c8803fd28] = 16
 immutable data [0x00007f7c8803f9b0,0x00007f7c8803fc38] = 648
 dependencies   [0x00007f7c8803f9b0,0x00007f7c8803f9b8] = 8
 nul chk table  [0x00007f7c8803f9b8,0x00007f7c8803f9f8] = 64
 scopes pcs     [0x00007f7c8803f9f8,0x00007f7c8803fb28] = 304
 scopes data    [0x00007f7c8803fb28,0x00007f7c8803fc38] = 272

[Constant Pool (empty)]

[MachCode]
[Instructions begin]
  0x00007f7cd8406780: 660f 1f84 | 0000 0000 | 0066 0f1f | 8400 0000 | 0000 448b | 5608 443b 

  0x00007f7cd8406798: ;   {runtime_call Shared Runtime ic_miss_blob}
  0x00007f7cd8406798: 5008 0f85 | 40ec 5707 
[Verified Entry Point]
  0x00007f7cd84067a0: 8984 2400 | c0fe ff55 | 4881 ec80 | 0000 0090 | 4181 7f20 | 0100 0000 

  0x00007f7cd84067b8: ;   {runtime_call Stub::method_entry_barrier}
  0x00007f7cd84067b8: 7405 e8a1 | 6756 0748 | 8954 2458 

  0x00007f7cd84067c4: ;   {metadata(method data for {method} {0x0000000059470d00} 'getNode' '(Ljava/lang/Object;)Ljava/util/HashMap$Node;' in 'java/util/HashMap')}
  0x00007f7cd84067c4: 48bf 903e | 01a8 7c7f | 0000 8b9f | 9000 0000 | 83c3 0289 | 9f90 0000 | 0081 e3fe | 0700 0085 
  0x00007f7cd84067e4: db0f 8492 | 0800 008b | 7e14 48c1 | e703 4885 

  0x00007f7cd84067f4: ;   {metadata(method data for {method} {0x0000000059470d00} 'getNode' '(Ljava/lang/Object;)Ljava/util/HashMap$Node;' in 'java/util/HashMap')}
  0x00007f7cd84067f4: ff48 be90 | 3e01 a87c | 7f00 00bb | d800 0000 | 7405 bbe8 | 0000 0048 | 8b04 1e48 | 8d40 0148 
  0x00007f7cd8406814: 8904 1e0f | 84ab 0600 | 008b 770c 

  0x00007f7cd8406820: ;   {metadata(method data for {method} {0x0000000059470d00} 'getNode' '(Ljava/lang/Object;)Ljava/util/HashMap$Node;' in 'java/util/HashMap')}
  0x00007f7cd8406820: 85f6 48bb | 903e 01a8 | 7c7f 0000 | b8f8 0000 | 007e 05b8 | 0801 0000 | 488b 0c03 | 488d 4901 
  0x00007f7cd8406840: 4889 0c03 | 0f8e 7e06 | 0000 ffce 

  0x00007f7cd840684c: ;   {metadata(method data for {method} {0x0000000059470d00} 'getNode' '(Ljava/lang/Object;)Ljava/util/HashMap$Node;' in 'java/util/HashMap')}
  0x00007f7cd840684c: 48bb 903e | 01a8 7c7f | 0000 4883 | 8318 0100 

  0x00007f7cd840685c: ;   {metadata(method data for {method} {0x0000000059471178} 'hash' '(Ljava/lang/Object;)I' in 'java/util/HashMap')}
  0x00007f7cd840685c: 0001 48bb | 881f 01a8 | 7c7f 0000 | 8b83 9000 | 0000 83c0 | 0289 8390 | 0000 0025 | feff 1f00 
  0x00007f7cd840687c: 85c0 0f84 | 1f08 0000 

  0x00007f7cd8406884: ;   {metadata(method data for {method} {0x0000000059471178} 'hash' '(Ljava/lang/Object;)I' in 'java/util/HashMap')}
  0x00007f7cd8406884: 4885 d248 | bb88 1f01 | a87c 7f00 | 00b8 d800 | 0000 7505 | b8e8 0000 | 0048 8b0c | 0348 8d49 
  0x00007f7cd84068a4: 0148 890c | 030f 8523 

  0x00007f7cd84068ac: ;   {metadata(method data for {method} {0x0000000059471178} 'hash' '(Ljava/lang/Object;)I' in 'java/util/HashMap')}
  0x00007f7cd84068ac: 0000 0048 | bb88 1f01 | a87c 7f00 | 00ff 83f8 | 0000 00bb | 0000 0000 | 8974 2448 | 4889 7c24 
  0x00007f7cd84068cc: 50e9 c600 | 0000 8974 | 2448 4889 | 7c24 5048 | 3b02 488b 

  0x00007f7cd84068e0: ;   {metadata(method data for {method} {0x0000000059471178} 'hash' '(Ljava/lang/Object;)I' in 'java/util/HashMap')}
  0x00007f7cd84068e0: da48 b888 | 1f01 a87c | 7f00 008b | 5b08 41ba | 0000 0059 | 4903 da48 | 3b98 1801 | 0000 750d 
  0x00007f7cd8406900: 4883 8020 | 0100 0001 | e960 0000 | 0048 3b98 | 2801 0000 | 750d 4883 | 8030 0100 | 0001 e94a 
  0x00007f7cd8406920: 0000 0048 | 83b8 1801 | 0000 0075 | 1748 8998 | 1801 0000 | 48c7 8020 | 0100 0001 | 0000 00e9 
  0x00007f7cd8406940: 2900 0000 | 4883 b828 | 0100 0000 | 7517 4889 | 9828 0100 | 0048 c780 | 3001 0000 | 0100 0000 
  0x00007f7cd8406960: e908 0000 | 0048 8380 | 1001 0000 | 0148 8bf2 | 0f1f 4400 | 0048 b820 | ff03 887c 

  0x00007f7cd840697c: ;   {virtual_call}
  0x00007f7cd840697c: 7f00 00e8 

  0x00007f7cd8406980: ; ImmutableOopMap {[80]=Oop [88]=Oop }
                      ;*invokevirtual hashCode {reexecute=0 rethrow=0 return_oop=0}
                      ; - java.util.HashMap::hash@9 (line 338)
                      ; - java.util.HashMap::getNode@23 (line 577)
  0x00007f7cd8406980: 6c9a 6507 

  0x00007f7cd8406984: ;   {post_call_nop}
  0x00007f7cd8406984: 0f1f 8400 | fc02 0000 | 488b d0c1 | ea10 4833 | d048 8bda | 8b74 2448 | 488b 7c24 | 5048 23f3 
  0x00007f7cd84069a4: 3b77 0c0f | 831c 0700 | 0048 63f6 | 8b7c b710 | 48c1 e703 

  0x00007f7cd84069b8: ;   {metadata(method data for {method} {0x0000000059470d00} 'getNode' '(Ljava/lang/Object;)Ljava/util/HashMap$Node;' in 'java/util/HashMap')}
  0x00007f7cd84069b8: 4885 ff48 | ba90 3e01 | a87c 7f00 | 00be 2801 | 0000 7405 | be38 0100 | 0048 8b04 | 3248 8d40 
  0x00007f7cd84069d8: 0148 8904 | 320f 84e5 | 0400 008b | 570c 3bd3 

  0x00007f7cd84069e8: ;   {metadata(method data for {method} {0x0000000059470d00} 'getNode' '(Ljava/lang/Object;)Ljava/util/HashMap$Node;' in 'java/util/HashMap')}
  0x00007f7cd84069e8: 48ba 903e | 01a8 7c7f | 0000 be58 | 0100 0074 | 05be 4801 | 0000 488b | 0432 488d | 4001 4889 
  0x00007f7cd8406a08: 0432 0f84 | 0900 0000 | 895c 244c | e95a 0100 | 0048 8b54 | 2458 8b77 | 1048 c1e6 | 0348 3bf2 
  0x00007f7cd8406a28: ;   {metadata(method data for {method} {0x0000000059470d00} 'getNode' '(Ljava/lang/Object;)Ljava/util/HashMap$Node;' in 'java/util/HashMap')}
  0x00007f7cd8406a28: 48b8 903e | 01a8 7c7f | 0000 b968 | 0100 0074 | 05b9 7801 | 0000 4c8b | 0408 4d8d | 4001 4c89 
  0x00007f7cd8406a48: 0408 0f84 | 1706 0000 

  0x00007f7cd8406a50: ;   {metadata(method data for {method} {0x0000000059470d00} 'getNode' '(Ljava/lang/Object;)Ljava/util/HashMap$Node;' in 'java/util/HashMap')}
  0x00007f7cd8406a50: 4885 d248 | b890 3e01 | a87c 7f00 | 00b9 9801 | 0000 7505 | b988 0100 | 004c 8b04 | 084d 8d40 
  0x00007f7cd8406a70: 014c 8904 | 080f 8509 | 0000 0089 | 5c24 4ce9 | ef00 0000 | 4889 7c24 | 6089 5c24 | 4c48 3b02 
  0x00007f7cd8406a90: ;   {metadata(method data for {method} {0x0000000059470d00} 'getNode' '(Ljava/lang/Object;)Ljava/util/HashMap$Node;' in 'java/util/HashMap')}
  0x00007f7cd8406a90: 488b c248 | b990 3e01 | a87c 7f00 | 008b 4008 | 41ba 0000 | 0059 4903 | c248 3b81 | b001 0000 
  0x00007f7cd8406ab0: 750d 4883 | 81b8 0100 | 0001 e960 | 0000 0048 | 3b81 c001 | 0000 750d | 4883 81c8 | 0100 0001 
  0x00007f7cd8406ad0: e94a 0000 | 0048 83b9 | b001 0000 | 0075 1748 | 8981 b001 | 0000 48c7 | 81b8 0100 | 0001 0000 
  0x00007f7cd8406af0: 00e9 2900 | 0000 4883 | b9c0 0100 | 0000 7517 | 4889 81c0 | 0100 0048 | c781 c801 | 0000 0100 
  0x00007f7cd8406b10: 0000 e908 | 0000 0048 | 8381 a801 | 0000 0148 | 8bc2 488b | d648 8bf0 | 0f1f 4400 | 0048 b848 
  0x00007f7cd8406b30: ff03 887c 

  0x00007f7cd8406b34: ;   {virtual_call}
  0x00007f7cd8406b34: 7f00 00e8 

  0x00007f7cd8406b38: ; ImmutableOopMap {[88]=Oop [96]=Oop }
                      ;*invokevirtual equals {reexecute=0 rethrow=0 return_oop=0}
                      ; - java.util.HashMap::getNode@63 (line 579)
  0x00007f7cd8406b38: a4ee 5707 

  0x00007f7cd8406b3c: ;   {post_call_nop}
  0x00007f7cd8406b3c: 0f1f 8400 | b404 0001 

  0x00007f7cd8406b44: ;   {metadata(method data for {method} {0x0000000059470d00} 'getNode' '(Ljava/lang/Object;)Ljava/util/HashMap$Node;' in 'java/util/HashMap')}
  0x00007f7cd8406b44: 85c0 48ba | 903e 01a8 | 7c7f 0000 | bee8 0100 | 0075 05be | d801 0000 | 488b 3c32 | 488d 7f01 
  0x00007f7cd8406b64: 4889 3c32 | 488b 7c24 | 600f 85f4 | 0400 008b | 5718 48c1 | e203 4885 

  0x00007f7cd8406b7c: ;   {metadata(method data for {method} {0x0000000059470d00} 'getNode' '(Ljava/lang/Object;)Ljava/util/HashMap$Node;' in 'java/util/HashMap')}
  0x00007f7cd8406b7c: d248 be90 | 3e01 a87c | 7f00 00bb | f801 0000 | 7405 bb08 | 0200 0048 | 8b04 1e48 | 8d40 0148 
  0x00007f7cd8406b9c: 8904 1e0f | 8423 0300 | 0048 85ff 

  0x00007f7cd8406ba8: ;   {metadata(method data for {method} {0x0000000059470d00} 'getNode' '(Ljava/lang/Object;)Ljava/util/HashMap$Node;' in 'java/util/HashMap')}
  0x00007f7cd8406ba8: 48b8 903e | 01a8 7c7f | 0000 750c | 8088 1102 | 0000 01e9 | a600 0000 | 8b4f 0841 | ba00 0000 
  0x00007f7cd8406bc8: 5949 03ca | 483b 8820 | 0200 0075 | 0d48 8380 | 2802 0000 | 01e9 6000 | 0000 483b | 8830 0200 
  0x00007f7cd8406be8: 0075 0d48 | 8380 3802 | 0000 01e9 | 4a00 0000 | 4883 b820 | 0200 0000 | 7517 4889 | 8820 0200 
  0x00007f7cd8406c08: 0048 c780 | 2802 0000 | 0100 0000 | e929 0000 | 0048 83b8 | 3002 0000 | 0075 1748 | 8988 3002 
  0x00007f7cd8406c28: 0000 48c7 | 8038 0200 | 0001 0000 | 00e9 0800 | 0000 4883 | 8018 0200 

  0x00007f7cd8406c40: ;   {metadata('java/util/HashMap$TreeNode')}
  0x00007f7cd8406c40: 0001 48b9 | 80b6 2c59 | 0000 0000 | 8b5f 0841 | ba00 0000 | 5949 03da | 483b cb0f | 8505 0000 
  0x00007f7cd8406c60: 00e9 0500 | 0000 4833 | f6eb 05be | 0100 0000 

  0x00007f7cd8406c70: ;   {metadata(method data for {method} {0x0000000059470d00} 'getNode' '(Ljava/lang/Object;)Ljava/util/HashMap$Node;' in 'java/util/HashMap')}
  0x00007f7cd8406c70: 85f6 48be | 903e 01a8 | 7c7f 0000 | bb58 0200 | 0075 05bb | 4802 0000 | 488b 041e | 488d 4001 
  0x00007f7cd8406c90: 4889 041e | 0f85 4b02 | 0000 660f | 1f44 0000 | 8b5c 244c | 488b 7c24 | 588b 720c 

  0x00007f7cd8406cac: ;   {metadata(method data for {method} {0x0000000059470d00} 'getNode' '(Ljava/lang/Object;)Ljava/util/HashMap$Node;' in 'java/util/HashMap')}
  0x00007f7cd8406cac: 3bf3 48be | 903e 01a8 | 7c7f 0000 | b8d8 0200 | 0074 05b8 | c802 0000 | 488b 0c06 | 488d 4901 
  0x00007f7cd8406ccc: 4889 0c06 | 0f84 0900 | 0000 895c | 244c e954 | 0100 008b | 7210 48c1 | e603 483b 

  0x00007f7cd8406ce8: ;   {metadata(method data for {method} {0x0000000059470d00} 'getNode' '(Ljava/lang/Object;)Ljava/util/HashMap$Node;' in 'java/util/HashMap')}
  0x00007f7cd8406ce8: f748 b890 | 3e01 a87c | 7f00 00b9 | e802 0000 | 7405 b9f8 | 0200 004c | 8b04 084d | 8d40 014c 
  0x00007f7cd8406d08: 8904 080f | 84a1 0100 | 0048 85ff 

  0x00007f7cd8406d14: ;   {metadata(method data for {method} {0x0000000059470d00} 'getNode' '(Ljava/lang/Object;)Ljava/util/HashMap$Node;' in 'java/util/HashMap')}
  0x00007f7cd8406d14: 48b8 903e | 01a8 7c7f | 0000 b918 | 0300 0075 | 05b9 0803 | 0000 4c8b | 0408 4d8d | 4001 4c89 
  0x00007f7cd8406d34: 0408 0f85 | 0900 0000 | 895c 244c | e9ee 0000 | 0048 8954 | 2468 895c | 244c 483b | 0748 8bc7 
  0x00007f7cd8406d54: ;   {metadata(method data for {method} {0x0000000059470d00} 'getNode' '(Ljava/lang/Object;)Ljava/util/HashMap$Node;' in 'java/util/HashMap')}
  0x00007f7cd8406d54: 48b9 903e | 01a8 7c7f | 0000 8b40 | 0841 ba00 | 0000 5949 | 03c2 483b | 8130 0300 | 0075 0d48 
  0x00007f7cd8406d74: 8381 3803 | 0000 01e9 | 6000 0000 | 483b 8140 | 0300 0075 | 0d48 8381 | 4803 0000 | 01e9 4a00 
  0x00007f7cd8406d94: 0000 4883 | b930 0300 | 0000 7517 | 4889 8130 | 0300 0048 | c781 3803 | 0000 0100 | 0000 e929 
  0x00007f7cd8406db4: 0000 0048 | 83b9 4003 | 0000 0075 | 1748 8981 | 4003 0000 | 48c7 8148 | 0300 0001 | 0000 00e9 
  0x00007f7cd8406dd4: 0800 0000 | 4883 8128 | 0300 0001 | 488b d648 | 8bf7 0f1f | 8000 0000 | 0048 b870 | ff03 887c 
  0x00007f7cd8406df4: ;   {virtual_call}
  0x00007f7cd8406df4: 7f00 00e8 

  0x00007f7cd8406df8: ; ImmutableOopMap {[88]=Oop [104]=Oop }
                      ;*invokevirtual equals {reexecute=0 rethrow=0 return_oop=0}
                      ; - java.util.HashMap::getNode@128 (line 586)
  0x00007f7cd8406df8: e4eb 5707 

  0x00007f7cd8406dfc: ;   {post_call_nop}
  0x00007f7cd8406dfc: 0f1f 8400 | 7407 0002 

  0x00007f7cd8406e04: ;   {metadata(method data for {method} {0x0000000059470d00} 'getNode' '(Ljava/lang/Object;)Ljava/util/HashMap$Node;' in 'java/util/HashMap')}
  0x00007f7cd8406e04: 85c0 48b8 | 903e 01a8 | 7c7f 0000 | ba68 0300 | 0075 05ba | 5803 0000 | 488b 0c10 | 488d 4901 
  0x00007f7cd8406e24: 4889 0c10 | 488b 5424 | 680f 857f | 0000 008b | 4218 48c1 | e003 4885 | c0ba 0200 | 0000 7505 
  0x00007f7cd8406e44: ba00 0000 

  0x00007f7cd8406e48: ;   {metadata(method data for {method} {0x0000000059470d00} 'getNode' '(Ljava/lang/Object;)Ljava/util/HashMap$Node;' in 'java/util/HashMap')}
  0x00007f7cd8406e48: 0048 b990 | 3e01 a87c | 7f00 008b | b194 0000 | 0003 f289 | b194 0000 | 0085 d275 | 05be 0200 
  0x00007f7cd8406e68: 0000 81e6 | fe3f 0000 | 85f6 0f84 | 7302 0000 

  0x00007f7cd8406e78: ; ImmutableOopMap {rax=Oop [88]=Oop }
                      ;*ifnonnull {reexecute=1 rethrow=0 return_oop=0}
                      ; - (reexecute) java.util.HashMap::getNode@145 (line 588)
  0x00007f7cd8406e78: 4d8b 5730 

  0x00007f7cd8406e7c: ;   {poll}
  0x00007f7cd8406e7c: 4185 0248 

  0x00007f7cd8406e80: ;   {metadata(method data for {method} {0x0000000059470d00} 'getNode' '(Ljava/lang/Object;)Ljava/util/HashMap$Node;' in 'java/util/HashMap')}
  0x00007f7cd8406e80: 85c0 48ba | 903e 01a8 | 7c7f 0000 | b988 0300 | 0074 05b9 | 7803 0000 | 488b 340a | 488d 7601 
  0x00007f7cd8406ea0: 4889 340a | 0f84 1e00 | 0000 488b | d0e9 eefd | ffff 488b | c248 81c4 | 8000 0000 

  0x00007f7cd8406ebc: ;   {poll_return}
  0x00007f7cd8406ebc: 5d49 3b67 | 280f 8745 | 0200 00c3 

  0x00007f7cd8406ec8: ;   {oop(nullptr)}
  0x00007f7cd8406ec8: 48b8 0000 | 0000 0000 | 0000 4881 | c480 0000 

  0x00007f7cd8406ed8: ;   {poll_return}
  0x00007f7cd8406ed8: 005d 493b | 6728 0f87 | 3e02 0000 | c38b 5c24 | 4c48 8b4c | 2458 4885 

  0x00007f7cd8406ef0: ;   {metadata(method data for {method} {0x0000000059470d00} 'getNode' '(Ljava/lang/Object;)Ljava/util/HashMap$Node;' in 'java/util/HashMap')}
  0x00007f7cd8406ef0: ff48 be90 | 3e01 a87c | 7f00 0075 | 0c80 8e61 | 0200 0001 | e9a6 0000 | 008b 4708 | 41ba 0000 
  0x00007f7cd8406f10: 0059 4903 | c248 3b86 | 7002 0000 | 750d 4883 | 8678 0200 | 0001 e960 | 0000 0048 | 3b86 8002 
  0x00007f7cd8406f30: 0000 750d | 4883 8688 | 0200 0001 | e94a 0000 | 0048 83be | 7002 0000 | 0075 1748 | 8986 7002 
  0x00007f7cd8406f50: 0000 48c7 | 8678 0200 | 0001 0000 | 00e9 2900 | 0000 4883 | be80 0200 | 0000 7517 | 4889 8680 
  0x00007f7cd8406f70: 0200 0048 | c786 8802 | 0000 0100 | 0000 e908 | 0000 0048 | 8386 6802 

  0x00007f7cd8406f88: ;   {metadata('java/util/HashMap$TreeNode')}
  0x00007f7cd8406f88: 0000 0148 | b880 b62c | 5900 0000 | 008b 5708 | 41ba 0000 | 0059 4903 | d248 3bc2 | 0f85 8e01 
  0x00007f7cd8406fa8: 0000 e900 | 0000 0048 | 8bf7 483b | 0648 8bd6 

  0x00007f7cd8406fb8: ;   {metadata(method data for {method} {0x0000000059470d00} 'getNode' '(Ljava/lang/Object;)Ljava/util/HashMap$Node;' in 'java/util/HashMap')}
  0x00007f7cd8406fb8: 48bf 903e | 01a8 7c7f | 0000 8b52 | 0841 ba00 | 0000 5949 | 03d2 483b | 97a0 0200 | 0075 0d48 
  0x00007f7cd8406fd8: 8387 a802 | 0000 01e9 | 6000 0000 | 483b 97b0 | 0200 0075 | 0d48 8387 | b802 0000 | 01e9 4a00 
  0x00007f7cd8406ff8: 0000 4883 | bfa0 0200 | 0000 7517 | 4889 97a0 | 0200 0048 | c787 a802 | 0000 0100 | 0000 e929 
  0x00007f7cd8407018: 0000 0048 | 83bf b002 | 0000 0075 | 1748 8997 | b002 0000 | 48c7 87b8 | 0200 0001 | 0000 00e9 
  0x00007f7cd8407038: 0800 0000 | 4883 8798 | 0200 0001 

  0x00007f7cd8407044: ;   {optimized virtual_call}
  0x00007f7cd8407044: 488b d3e8 

  0x00007f7cd8407048: ; ImmutableOopMap {}
                      ;*invokevirtual getTreeNode {reexecute=0 rethrow=0 return_oop=0}
                      ; - java.util.HashMap::getNode@95 (line 583)
  0x00007f7cd8407048: 94e6 5707 

  0x00007f7cd840704c: ;   {post_call_nop}
  0x00007f7cd840704c: 0f1f 8400 | c409 0004 | 4881 c480 | 0000 005d 

  0x00007f7cd840705c: ;   {poll_return}
  0x00007f7cd840705c: 493b 6728 | 0f87 e000 | 0000 c348 | 8bc7 4881 | c480 0000 

  0x00007f7cd8407070: ;   {poll_return}
  0x00007f7cd8407070: 005d 493b | 6728 0f87 | e000 0000 

  0x00007f7cd840707c: ;   {metadata({method} {0x0000000059470d00} 'getNode' '(Ljava/lang/Object;)Ljava/util/HashMap$Node;' in 'java/util/HashMap')}
  0x00007f7cd840707c: c349 ba00 | 0d47 5900 | 0000 004c | 8954 2408 | 48c7 0424 | ffff ffff 

  0x00007f7cd8407094: ;   {runtime_call C1 Runtime counter_overflow_blob}
  0x00007f7cd8407094: e8c7 0465 

  0x00007f7cd8407098: ; ImmutableOopMap {rsi=Oop rdx=Oop [88]=Oop }
                      ;*synchronization entry
                      ; - java.util.HashMap::getNode@-1 (line 576)
  0x00007f7cd8407098: 07e9 4df7 

  0x00007f7cd840709c: ;   {runtime_call C1 Runtime throw_null_pointer_exception_blob}
  0x00007f7cd840709c: ffff e83d 

  0x00007f7cd84070a0: ; ImmutableOopMap {rdi=Oop rdx=Oop [88]=Oop }
                      ;*arraylength {reexecute=0 rethrow=0 return_oop=0}
                      ; - java.util.HashMap::getNode@10 (line 576)
                      ;   {metadata({method} {0x0000000059471178} 'hash' '(Ljava/lang/Object;)I' in 'java/util/HashMap')}
  0x00007f7cd84070a0: 9c64 0749 | ba78 1147 | 5900 0000 | 004c 8954 | 2408 48c7 | 0424 ffff 

  0x00007f7cd84070b8: ;   {runtime_call C1 Runtime counter_overflow_blob}
  0x00007f7cd84070b8: ffff e8a1 

  0x00007f7cd84070bc: ; ImmutableOopMap {rdx=Oop rdi=Oop [88]=Oop }
                      ;*synchronization entry
                      ; - java.util.HashMap::hash@-1 (line 338)
                      ; - java.util.HashMap::getNode@23 (line 577)
  0x00007f7cd84070bc: 0465 07e9 | c0f7 ffff 

  0x00007f7cd84070c4: ;   {runtime_call C1 Runtime throw_null_pointer_exception_blob}
  0x00007f7cd84070c4: e817 9c64 

  0x00007f7cd84070c8: ; ImmutableOopMap {rdx=Oop [80]=Oop [88]=Oop }
                      ;*invokevirtual hashCode {reexecute=0 rethrow=0 return_oop=0}
                      ; - java.util.HashMap::hash@9 (line 338)
                      ; - java.util.HashMap::getNode@23 (line 577)
  0x00007f7cd84070c8: 0748 8934 | 2448 897c 

  0x00007f7cd84070d0: ;   {runtime_call C1 Runtime throw_range_check_failed_blob}
  0x00007f7cd84070d0: 2408 e809 

  0x00007f7cd84070d4: ; ImmutableOopMap {rdi=Oop [88]=Oop }
                      ;*aaload {reexecute=0 rethrow=0 return_oop=0}
                      ; - java.util.HashMap::getNode@30 (line 577)
                      ;   {runtime_call C1 Runtime throw_null_pointer_exception_blob}
  0x00007f7cd84070d4: 9364 07e8 

  0x00007f7cd84070d8: ; ImmutableOopMap {rdi=Oop [88]=Oop }
                      ;*getfield hash {reexecute=1 rethrow=0 return_oop=0}
                      ; - (reexecute) java.util.HashMap::getNode@37 (line 578)
  0x00007f7cd84070d8: 049c 6407 

  0x00007f7cd84070dc: ;   {runtime_call C1 Runtime throw_null_pointer_exception_blob}
  0x00007f7cd84070dc: e8ff 9b64 

  0x00007f7cd84070e0: ; ImmutableOopMap {rdx=Oop rsi=Oop [88]=Oop [96]=Oop }
                      ;*invokevirtual equals {reexecute=0 rethrow=0 return_oop=0}
                      ; - java.util.HashMap::getNode@63 (line 579)
                      ;   {runtime_call C1 Runtime throw_null_pointer_exception_blob}
  0x00007f7cd84070e0: 07e8 fa9b 

  0x00007f7cd84070e4: ; ImmutableOopMap {rdx=Oop rdi=Oop [88]=Oop }
                      ;*getfield hash {reexecute=1 rethrow=0 return_oop=0}
                      ; - (reexecute) java.util.HashMap::getNode@101 (line 585)
                      ;   {runtime_call C1 Runtime throw_null_pointer_exception_blob}
  0x00007f7cd84070e4: 6407 e8f5 

  0x00007f7cd84070e8: ; ImmutableOopMap {rdi=Oop rsi=Oop [88]=Oop [104]=Oop }
                      ;*invokevirtual equals {reexecute=0 rethrow=0 return_oop=0}
                      ; - java.util.HashMap::getNode@128 (line 586)
                      ;   {metadata({method} {0x0000000059470d00} 'getNode' '(Ljava/lang/Object;)Ljava/util/HashMap$Node;' in 'java/util/HashMap')}
  0x00007f7cd84070e8: 9b64 0749 | ba00 0d47 | 5900 0000 | 004c 8954 | 2408 48c7 | 0424 9100 

  0x00007f7cd8407100: ;   {runtime_call C1 Runtime counter_overflow_blob}
  0x00007f7cd8407100: 0000 e859 

  0x00007f7cd8407104: ; ImmutableOopMap {rax=Oop [88]=Oop }
                      ;*ifnonnull {reexecute=1 rethrow=0 return_oop=0}
                      ; - (reexecute) java.util.HashMap::getNode@145 (line 588)
  0x00007f7cd8407104: 0465 07e9 | 6cfd ffff 

  0x00007f7cd840710c: ;   {internal_word}
  0x00007f7cd840710c: 49ba bd6e | 40d8 7c7f | 0000 4d89 | 9738 0500 

  0x00007f7cd840711c: ;   {runtime_call SafepointBlob}
  0x00007f7cd840711c: 00e9 3e07 

  0x00007f7cd8407120: ;   {internal_word}
  0x00007f7cd8407120: 5807 49ba | da6e 40d8 | 7c7f 0000 | 4d89 9738 

  0x00007f7cd8407130: ;   {runtime_call SafepointBlob}
  0x00007f7cd8407130: 0500 00e9 | 2807 5807 | 4889 3c24 

  0x00007f7cd840713c: ;   {runtime_call C1 Runtime throw_class_cast_exception_blob}
  0x00007f7cd840713c: e81f cd64 

  0x00007f7cd8407140: ; ImmutableOopMap {rcx=Oop [88]=Oop }
                      ;*checkcast {reexecute=0 rethrow=0 return_oop=0}
                      ; - java.util.HashMap::getNode@89 (line 583)
                      ;   {runtime_call C1 Runtime throw_null_pointer_exception_blob}
  0x00007f7cd8407140: 07e8 9a9b 

  0x00007f7cd8407144: ; ImmutableOopMap {rcx=Oop rsi=Oop [88]=Oop }
                      ;*invokevirtual getTreeNode {reexecute=0 rethrow=0 return_oop=0}
                      ; - java.util.HashMap::getNode@95 (line 583)
                      ;   {internal_word}
  0x00007f7cd8407144: 6407 49ba | 5c70 40d8 | 7c7f 0000 | 4d89 9738 

  0x00007f7cd8407154: ;   {runtime_call SafepointBlob}
  0x00007f7cd8407154: 0500 00e9 | 0407 5807 

  0x00007f7cd840715c: ;   {internal_word}
  0x00007f7cd840715c: 49ba 7270 | 40d8 7c7f | 0000 4d89 | 9738 0500 

  0x00007f7cd840716c: ;   {runtime_call SafepointBlob}
  0x00007f7cd840716c: 00e9 ee06 | 5807 498b | 87e0 0500 | 0049 c787 | e005 0000 | 0000 0000 | 49c7 87e8 | 0500 0000 
  0x00007f7cd840718c: 0000 0048 | 81c4 8000 

  0x00007f7cd8407194: ;   {runtime_call C1 Runtime unwind_exception_blob}
  0x00007f7cd8407194: 0000 5de9 | 448c 6407 | f4f4 f4f4 
[Stub Code]
  0x00007f7cd84071a0: ;   {other}
  0x00007f7cd84071a0: 0f1f 4400 

  0x00007f7cd84071a4: ;   {static_stub}
  0x00007f7cd84071a4: 0048 bb00 | 0000 0000 

  0x00007f7cd84071ac: ;   {runtime_call nmethod}
  0x00007f7cd84071ac: 0000 00e9 | fbff ffff 

  0x00007f7cd84071b4: ;   {static_stub}
  0x00007f7cd84071b4: 9048 bb00 | 0000 0000 

  0x00007f7cd84071bc: ;   {runtime_call nmethod}
  0x00007f7cd84071bc: 0000 00e9 | fbff ffff 

  0x00007f7cd84071c4: ;   {static_stub}
  0x00007f7cd84071c4: 9048 bb00 | 0000 0000 

  0x00007f7cd84071cc: ;   {runtime_call nmethod}
  0x00007f7cd84071cc: 0000 00e9 | fbff ffff 

  0x00007f7cd84071d4: ;   {static_stub}
  0x00007f7cd84071d4: 9048 bb00 | 0000 0000 

  0x00007f7cd84071dc: ;   {runtime_call nmethod}
  0x00007f7cd84071dc: 0000 00e9 | fbff ffff 
[Exception Handler]
  0x00007f7cd84071e4: ;   {runtime_call C1 Runtime handle_exception_from_callee_blob}
  0x00007f7cd84071e4: e877 c664 

  0x00007f7cd84071e8: ;   {external_word}
  0x00007f7cd84071e8: 0748 bf2b | c7ce f87c | 7f00 0048 

  0x00007f7cd84071f4: ;   {runtime_call MacroAssembler::debug64(char*, long, long*)}
  0x00007f7cd84071f4: 83e4 f0e8 | c41e 3420 

  0x00007f7cd84071fc: ;   {section_word}
  0x00007f7cd84071fc: f449 bafd | 7140 d87c | 7f00 0041 

  0x00007f7cd8407208: ;   {runtime_call DeoptimizationBlob}
  0x00007f7cd8407208: 52e9 5209 | 5807 f4f4 
[/MachCode]


---------------  P R O C E S S  ---------------

Threads class SMR info:
_java_thread_list=0x00007f7cf010ebf0, length=10, elements={
0x00007f7cf002b6b0, 0x00007f7cf00c8d10, 0x00007f7cf00c9f00, 0x00007f7cf00cba70,
0x00007f7cf00cd390, 0x00007f7cf00cec10, 0x00007f7cf00d0a10, 0x00007f7cf00d2400,
0x00007f7cf010af60, 0x00007f7cf010d8b0
}

Java Threads: ( => current thread )
=>0x00007f7cf002b6b0 JavaThread "main"                              [_thread_in_Java, id=9793, stack(0x00007f7cf7811000,0x00007f7cf7911000) (1024K)]
  0x00007f7cf00c8d10 JavaThread "Reference Handler"          daemon [_thread_blocked, id=9804, stack(0x00007f7cf4e73000,0x00007f7cf4f73000) (1024K)]
  0x00007f7cf00c9f00 JavaThread "Finalizer"                  daemon [_thread_blocked, id=9805, stack(0x00007f7cf4a53000,0x00007f7cf4b53000) (1024K)]
  0x00007f7cf00cba70 JavaThread "Signal Dispatcher"          daemon [_thread_blocked, id=9806, stack(0x00007f7cf4953000,0x00007f7cf4a53000) (1024K)]
  0x00007f7cf00cd390 JavaThread "Service Thread"             daemon [_thread_blocked, id=9807, stack(0x00007f7cf4853000,0x00007f7cf4953000) (1024K)]
  0x00007f7cf00cec10 JavaThread "Monitor Deflation Thread"   daemon [_thread_blocked, id=9808, stack(0x00007f7cf4753000,0x00007f7cf4853000) (1024K)]
  0x00007f7cf00d0a10 JavaThread "C2 CompilerThread0"         daemon [_thread_blocked, id=9809, stack(0x00007f7cf4653000,0x00007f7cf4753000) (1024K)]
  0x00007f7cf00d2400 JavaThread "C1 CompilerThread0"         daemon [_thread_blocked, id=9810, stack(0x00007f7cf4553000,0x00007f7cf4653000) (1024K)]
  0x00007f7cf010af60 JavaThread "Notification Thread"        daemon [_thread_blocked, id=9811, stack(0x00007f7cf4411000,0x00007f7cf4511000) (1024K)]
  0x00007f7cf010d8b0 JavaThread "Common-Cleaner"             daemon [_thread_blocked, id=9812, stack(0x00007f7cf4311000,0x00007f7cf4411000) (1024K)]
Total: 10

Other Threads:
  0x00007f7cf00bef70 VMThread "VM Thread"                           [id=9803, stack(0x00007f7cf4d72000,0x00007f7cf4e72000) (1024K)]
  0x00007f7cf00aea30 WatcherThread "VM Periodic Task Thread"        [id=9802, stack(0x00007f7cf4c71000,0x00007f7cf4d71000) (1024K)]
  0x00007f7cf0051b50 WorkerThread "GC Thread#0"                     [id=9794, stack(0x00007f7cf5bb3000,0x00007f7cf5cb3000) (1024K)]
  0x00007f7cf00604f0 ConcurrentGCThread "G1 Main Marker"            [id=9795, stack(0x00007f7cf5ab2000,0x00007f7cf5bb2000) (1024K)]
  0x00007f7cf00616c0 WorkerThread "G1 Conc#0"                       [id=9796, stack(0x00007f7cf59b1000,0x00007f7cf5ab1000) (1024K)]
  0x00007f7cf009fcd0 ConcurrentGCThread "G1 Refine#0"               [id=9797, stack(0x00007f7cf50a8000,0x00007f7cf51a8000) (1024K)]
  0x00007f7cf00a0ec0 ConcurrentGCThread "G1 Service"                [id=9798, stack(0x00007f7cf4fa7000,0x00007f7cf50a7000) (1024K)]
Total: 7

Threads with active compile tasks:
Total: 0

VM state: not at safepoint (normal execution)

VM Mutex/Monitor currently owned by a thread: None

Heap address: 0x00000006e8000000, size: 4480 MB, Compressed Oops mode: Zero based, Oop shift amount: 3

CDS archive(s) mapped at: [0x0000000059000000-0x0000000059d8c000-0x0000000059d8c000), size 14204928, SharedBaseAddress: 0x0000000059000000, ArchiveRelocationMode: 1.
Compressed class space mapped at: 0x000000005a000000-0x000000009a000000, reserved size: 1073741824
UseCompressedClassPointers 1, UseCompactObjectHeaders 0
Narrow klass pointer bits 32, Max shift 3
Narrow klass base: 0x0000000059000000, Narrow klass shift: 0
Encoding Range: [0x0000000059000000 - 0x0000000159000000), (4294967296 bytes)
Klass Range:    [0x0000000059001000 - 0x000000009a000000), (1090514944 bytes)
Klass ID Range:  [4096 - 1090519033) (1090514937)
Protection zone: [0x0000000059000000 - 0x0000000059001000), (4096 bytes)

GC Precious Log:
 CardTable entry size: 512
 Card Set container configuration: InlinePtr #cards 4 size 8 Array Of Cards #cards 32 size 80 Howl #buckets 8 coarsen threshold 7372 Howl Bitmap #cards 1024 size 144 coarsen threshold 921 Card regions per heap region 1 cards per card region 8192
 CPUs: 8 total, 8 available
 Memory: 17906M
 Large Page Support: Disabled
 NUMA Support: Disabled
 Compressed Oops: Enabled (Zero based)
 Heap Region Size: 4M
 Heap Min Capacity: 8M
 Heap Initial Capacity: 280M
 Heap Max Capacity: 4480M
 Pre-touch: Disabled
 Parallel Workers: 8
 Concurrent Workers: 2
 Concurrent Refinement Workers: 8
 Periodic GC: Disabled

Heap:
 garbage-first heap   total reserved 4587520K, committed 290816K, used 1155K [0x00000006e8000000, 0x0000000800000000)
  region size 4096K, 1 young (4096K), 0 survivors (0K)

Heap Regions: E=young(eden), S=young(survivor), O=old, HS=humongous(starts), HC=humongous(continues), CS=collection set, F=free, TAMS=top-at-mark-start, PB=parsable bottom
|   0|0x00000006e8000000, 0x00000006e8000000, 0x00000006e8400000|  0%| F|  |TAMS 0x00000006e8000000| PB 0x00000006e8000000| Untracked |  0
|   1|0x00000006e8400000, 0x00000006e8400000, 0x00000006e8800000|  0%| F|  |TAMS 0x00000006e8400000| PB 0x00000006e8400000| Untracked |  0
|   2|0x00000006e8800000, 0x00000006e8800000, 0x00000006e8c00000|  0%| F|  |TAMS 0x00000006e8800000| PB 0x00000006e8800000| Untracked |  0
|   3|0x00000006e8c00000, 0x00000006e8c00000, 0x00000006e9000000|  0%| F|  |TAMS 0x00000006e8c00000| PB 0x00000006e8c00000| Untracked |  0
|   4|0x00000006e9000000, 0x00000006e9000000, 0x00000006e9400000|  0%| F|  |TAMS 0x00000006e9000000| PB 0x00000006e9000000| Untracked |  0
|   5|0x00000006e9400000, 0x00000006e9400000, 0x00000006e9800000|  0%| F|  |TAMS 0x00000006e9400000| PB 0x00000006e9400000| Untracked |  0
|   6|0x00000006e9800000, 0x00000006e9800000, 0x00000006e9c00000|  0%| F|  |TAMS 0x00000006e9800000| PB 0x00000006e9800000| Untracked |  0
|   7|0x00000006e9c00000, 0x00000006e9c00000, 0x00000006ea000000|  0%| F|  |TAMS 0x00000006e9c00000| PB 0x00000006e9c00000| Untracked |  0
|   8|0x00000006ea000000, 0x00000006ea000000, 0x00000006ea400000|  0%| F|  |TAMS 0x00000006ea000000| PB 0x00000006ea000000| Untracked |  0
|   9|0x00000006ea400000, 0x00000006ea400000, 0x00000006ea800000|  0%| F|  |TAMS 0x00000006ea400000| PB 0x00000006ea400000| Untracked |  0
|  10|0x00000006ea800000, 0x00000006ea800000, 0x00000006eac00000|  0%| F|  |TAMS 0x00000006ea800000| PB 0x00000006ea800000| Untracked |  0
|  11|0x00000006eac00000, 0x00000006eac00000, 0x00000006eb000000|  0%| F|  |TAMS 0x00000006eac00000| PB 0x00000006eac00000| Untracked |  0
|  12|0x00000006eb000000, 0x00000006eb000000, 0x00000006eb400000|  0%| F|  |TAMS 0x00000006eb000000| PB 0x00000006eb000000| Untracked |  0
|  13|0x00000006eb400000, 0x00000006eb400000, 0x00000006eb800000|  0%| F|  |TAMS 0x00000006eb400000| PB 0x00000006eb400000| Untracked |  0
|  14|0x00000006eb800000, 0x00000006eb800000, 0x00000006ebc00000|  0%| F|  |TAMS 0x00000006eb800000| PB 0x00000006eb800000| Untracked |  0
|  15|0x00000006ebc00000, 0x00000006ebc00000, 0x00000006ec000000|  0%| F|  |TAMS 0x00000006ebc00000| PB 0x00000006ebc00000| Untracked |  0
|  16|0x00000006ec000000, 0x00000006ec000000, 0x00000006ec400000|  0%| F|  |TAMS 0x00000006ec000000| PB 0x00000006ec000000| Untracked |  0
|  17|0x00000006ec400000, 0x00000006ec400000, 0x00000006ec800000|  0%| F|  |TAMS 0x00000006ec400000| PB 0x00000006ec400000| Untracked |  0
|  18|0x00000006ec800000, 0x00000006ec800000, 0x00000006ecc00000|  0%| F|  |TAMS 0x00000006ec800000| PB 0x00000006ec800000| Untracked |  0
|  19|0x00000006ecc00000, 0x00000006ecc00000, 0x00000006ed000000|  0%| F|  |TAMS 0x00000006ecc00000| PB 0x00000006ecc00000| Untracked |  0
|  20|0x00000006ed000000, 0x00000006ed000000, 0x00000006ed400000|  0%| F|  |TAMS 0x00000006ed000000| PB 0x00000006ed000000| Untracked |  0
|  21|0x00000006ed400000, 0x00000006ed400000, 0x00000006ed800000|  0%| F|  |TAMS 0x00000006ed400000| PB 0x00000006ed400000| Untracked |  0
|  22|0x00000006ed800000, 0x00000006ed800000, 0x00000006edc00000|  0%| F|  |TAMS 0x00000006ed800000| PB 0x00000006ed800000| Untracked |  0
|  23|0x00000006edc00000, 0x00000006edc00000, 0x00000006ee000000|  0%| F|  |TAMS 0x00000006edc00000| PB 0x00000006edc00000| Untracked |  0
|  24|0x00000006ee000000, 0x00000006ee000000, 0x00000006ee400000|  0%| F|  |TAMS 0x00000006ee000000| PB 0x00000006ee000000| Untracked |  0
|  25|0x00000006ee400000, 0x00000006ee400000, 0x00000006ee800000|  0%| F|  |TAMS 0x00000006ee400000| PB 0x00000006ee400000| Untracked |  0
|  26|0x00000006ee800000, 0x00000006ee800000, 0x00000006eec00000|  0%| F|  |TAMS 0x00000006ee800000| PB 0x00000006ee800000| Untracked |  0
|  27|0x00000006eec00000, 0x00000006eec00000, 0x00000006ef000000|  0%| F|  |TAMS 0x00000006eec00000| PB 0x00000006eec00000| Untracked |  0
|  28|0x00000006ef000000, 0x00000006ef000000, 0x00000006ef400000|  0%| F|  |TAMS 0x00000006ef000000| PB 0x00000006ef000000| Untracked |  0
|  29|0x00000006ef400000, 0x00000006ef400000, 0x00000006ef800000|  0%| F|  |TAMS 0x00000006ef400000| PB 0x00000006ef400000| Untracked |  0
|  30|0x00000006ef800000, 0x00000006ef800000, 0x00000006efc00000|  0%| F|  |TAMS 0x00000006ef800000| PB 0x00000006ef800000| Untracked |  0
|  31|0x00000006efc00000, 0x00000006efc00000, 0x00000006f0000000|  0%| F|  |TAMS 0x00000006efc00000| PB 0x00000006efc00000| Untracked |  0
|  32|0x00000006f0000000, 0x00000006f0000000, 0x00000006f0400000|  0%| F|  |TAMS 0x00000006f0000000| PB 0x00000006f0000000| Untracked |  0
|  33|0x00000006f0400000, 0x00000006f0400000, 0x00000006f0800000|  0%| F|  |TAMS 0x00000006f0400000| PB 0x00000006f0400000| Untracked |  0
|  34|0x00000006f0800000, 0x00000006f0800000, 0x00000006f0c00000|  0%| F|  |TAMS 0x00000006f0800000| PB 0x00000006f0800000| Untracked |  0
|  35|0x00000006f0c00000, 0x00000006f0c00000, 0x00000006f1000000|  0%| F|  |TAMS 0x00000006f0c00000| PB 0x00000006f0c00000| Untracked |  0
|  36|0x00000006f1000000, 0x00000006f1000000, 0x00000006f1400000|  0%| F|  |TAMS 0x00000006f1000000| PB 0x00000006f1000000| Untracked |  0
|  37|0x00000006f1400000, 0x00000006f1400000, 0x00000006f1800000|  0%| F|  |TAMS 0x00000006f1400000| PB 0x00000006f1400000| Untracked |  0
|  38|0x00000006f1800000, 0x00000006f1800000, 0x00000006f1c00000|  0%| F|  |TAMS 0x00000006f1800000| PB 0x00000006f1800000| Untracked |  0
|  39|0x00000006f1c00000, 0x00000006f1c00000, 0x00000006f2000000|  0%| F|  |TAMS 0x00000006f1c00000| PB 0x00000006f1c00000| Untracked |  0
|  40|0x00000006f2000000, 0x00000006f2000000, 0x00000006f2400000|  0%| F|  |TAMS 0x00000006f2000000| PB 0x00000006f2000000| Untracked |  0
|  41|0x00000006f2400000, 0x00000006f2400000, 0x00000006f2800000|  0%| F|  |TAMS 0x00000006f2400000| PB 0x00000006f2400000| Untracked |  0
|  42|0x00000006f2800000, 0x00000006f2800000, 0x00000006f2c00000|  0%| F|  |TAMS 0x00000006f2800000| PB 0x00000006f2800000| Untracked |  0
|  43|0x00000006f2c00000, 0x00000006f2c00000, 0x00000006f3000000|  0%| F|  |TAMS 0x00000006f2c00000| PB 0x00000006f2c00000| Untracked |  0
|  44|0x00000006f3000000, 0x00000006f3000000, 0x00000006f3400000|  0%| F|  |TAMS 0x00000006f3000000| PB 0x00000006f3000000| Untracked |  0
|  45|0x00000006f3400000, 0x00000006f3400000, 0x00000006f3800000|  0%| F|  |TAMS 0x00000006f3400000| PB 0x00000006f3400000| Untracked |  0
|  46|0x00000006f3800000, 0x00000006f3800000, 0x00000006f3c00000|  0%| F|  |TAMS 0x00000006f3800000| PB 0x00000006f3800000| Untracked |  0
|  47|0x00000006f3c00000, 0x00000006f3c00000, 0x00000006f4000000|  0%| F|  |TAMS 0x00000006f3c00000| PB 0x00000006f3c00000| Untracked |  0
|  48|0x00000006f4000000, 0x00000006f4000000, 0x00000006f4400000|  0%| F|  |TAMS 0x00000006f4000000| PB 0x00000006f4000000| Untracked |  0
|  49|0x00000006f4400000, 0x00000006f4400000, 0x00000006f4800000|  0%| F|  |TAMS 0x00000006f4400000| PB 0x00000006f4400000| Untracked |  0
|  50|0x00000006f4800000, 0x00000006f4800000, 0x00000006f4c00000|  0%| F|  |TAMS 0x00000006f4800000| PB 0x00000006f4800000| Untracked |  0
|  51|0x00000006f4c00000, 0x00000006f4c00000, 0x00000006f5000000|  0%| F|  |TAMS 0x00000006f4c00000| PB 0x00000006f4c00000| Untracked |  0
|  52|0x00000006f5000000, 0x00000006f5000000, 0x00000006f5400000|  0%| F|  |TAMS 0x00000006f5000000| PB 0x00000006f5000000| Untracked |  0
|  53|0x00000006f5400000, 0x00000006f5400000, 0x00000006f5800000|  0%| F|  |TAMS 0x00000006f5400000| PB 0x00000006f5400000| Untracked |  0
|  54|0x00000006f5800000, 0x00000006f5800000, 0x00000006f5c00000|  0%| F|  |TAMS 0x00000006f5800000| PB 0x00000006f5800000| Untracked |  0
|  55|0x00000006f5c00000, 0x00000006f5c00000, 0x00000006f6000000|  0%| F|  |TAMS 0x00000006f5c00000| PB 0x00000006f5c00000| Untracked |  0
|  56|0x00000006f6000000, 0x00000006f6000000, 0x00000006f6400000|  0%| F|  |TAMS 0x00000006f6000000| PB 0x00000006f6000000| Untracked |  0
|  57|0x00000006f6400000, 0x00000006f6400000, 0x00000006f6800000|  0%| F|  |TAMS 0x00000006f6400000| PB 0x00000006f6400000| Untracked |  0
|  58|0x00000006f6800000, 0x00000006f6800000, 0x00000006f6c00000|  0%| F|  |TAMS 0x00000006f6800000| PB 0x00000006f6800000| Untracked |  0
|  59|0x00000006f6c00000, 0x00000006f6c00000, 0x00000006f7000000|  0%| F|  |TAMS 0x00000006f6c00000| PB 0x00000006f6c00000| Untracked |  0
|  60|0x00000006f7000000, 0x00000006f7000000, 0x00000006f7400000|  0%| F|  |TAMS 0x00000006f7000000| PB 0x00000006f7000000| Untracked |  0
|  61|0x00000006f7400000, 0x00000006f7400000, 0x00000006f7800000|  0%| F|  |TAMS 0x00000006f7400000| PB 0x00000006f7400000| Untracked |  0
|  62|0x00000006f7800000, 0x00000006f7800000, 0x00000006f7c00000|  0%| F|  |TAMS 0x00000006f7800000| PB 0x00000006f7800000| Untracked |  0
|  63|0x00000006f7c00000, 0x00000006f7c00000, 0x00000006f8000000|  0%| F|  |TAMS 0x00000006f7c00000| PB 0x00000006f7c00000| Untracked |  0
|  64|0x00000006f8000000, 0x00000006f8000000, 0x00000006f8400000|  0%| F|  |TAMS 0x00000006f8000000| PB 0x00000006f8000000| Untracked |  0
|  65|0x00000006f8400000, 0x00000006f8400000, 0x00000006f8800000|  0%| F|  |TAMS 0x00000006f8400000| PB 0x00000006f8400000| Untracked |  0
|  66|0x00000006f8800000, 0x00000006f8800000, 0x00000006f8c00000|  0%| F|  |TAMS 0x00000006f8800000| PB 0x00000006f8800000| Untracked |  0
|  67|0x00000006f8c00000, 0x00000006f8c00000, 0x00000006f9000000|  0%| F|  |TAMS 0x00000006f8c00000| PB 0x00000006f8c00000| Untracked |  0
|  68|0x00000006f9000000, 0x00000006f9000000, 0x00000006f9400000|  0%| F|  |TAMS 0x00000006f9000000| PB 0x00000006f9000000| Untracked |  0
|  69|0x00000006f9400000, 0x00000006f96e1510, 0x00000006f9800000| 72%| E|  |TAMS 0x00000006f9400000| PB 0x00000006f9400000| Complete |  0
|1119|0x00000007ffc00000, 0x00000007ffd20fd8, 0x0000000800000000| 28%| O|  |TAMS 0x00000007ffc00000| PB 0x00000007ffc00000| Untracked |  0

Card table byte_map: [0x00007f7cf5cb3000,0x00007f7cf6573000] _byte_map_base: 0x00007f7cf2573000

Marking Bits: (CMBitMap*) 0x00007f7cf00527a0
 Bits: [0x00007f7cd3e00000, 0x00007f7cd8400000)

Polling page: 0x00007f7cf947d000

Metaspace:
Metaspace        used 191K, committed 384K, reserved 1114112K
 class space     used 5K, committed 128K, reserved 1048576K

Usage:
  Non-class:    185.87 KB used.
      Class:      5.62 KB used.
       Both:    191.48 KB used.

Virtual space:
  Non-class space:       64.00 MB reserved,     256.00 KB ( <1%) committed,  1 nodes.
      Class space:        1.00 GB reserved,     128.00 KB ( <1%) committed,  1 nodes.
             Both:        1.06 GB reserved,     384.00 KB ( <1%) committed. 

Chunk freelists:
   Non-Class:  11.97 MB
       Class:  15.75 MB
        Both:  27.72 MB

MaxMetaspaceSize: unlimited
CompressedClassSpaceSize: 1.00 GB
Initial GC threshold: 21.00 MB
Current GC threshold: 21.00 MB
CDS: on
 - commit_granule_bytes: 65536.
 - commit_granule_words: 8192.
 - virtual_space_node_default_size: 8388608.
 - enlarge_chunks_in_place: 1.
UseCompressedClassPointers 1, UseCompactObjectHeaders 0
Narrow klass pointer bits 32, Max shift 3
Narrow klass base: 0x0000000059000000, Narrow klass shift: 0
Encoding Range: [0x0000000059000000 - 0x0000000159000000), (4294967296 bytes)
Klass Range:    [0x0000000059001000 - 0x000000009a000000), (1090514944 bytes)
Klass ID Range:  [4096 - 1090519033) (1090514937)
Protection zone: [0x0000000059000000 - 0x0000000059001000), (4096 bytes)


Internal statistics:

num_allocs_failed_limit: 0.
num_arena_births: 4.
num_arena_deaths: 0.
num_vsnodes_births: 2.
num_vsnodes_deaths: 0.
num_space_committed: 6.
num_space_uncommitted: 0.
num_chunks_returned_to_freelist: 0.
num_chunks_taken_from_freelist: 6.
num_chunk_merges: 0.
num_chunk_splits: 6.
num_chunks_enlarged: 4.
num_inconsistent_stats: 0.

CodeHeap 'non-profiled nmethods': size=120032Kb used=16Kb max_used=16Kb free=120015Kb
 bounds [0x00007f7cdfec8000, 0x00007f7ce0138000, 0x00007f7ce7400000]
CodeHeap 'profiled nmethods': size=120028Kb used=56Kb max_used=56Kb free=119971Kb
 bounds [0x00007f7cd8400000, 0x00007f7cd8670000, 0x00007f7cdf937000]
CodeHeap 'non-nmethods': size=5700Kb used=1240Kb max_used=1240Kb free=4460Kb
 bounds [0x00007f7cdf937000, 0x00007f7cdfba7000, 0x00007f7cdfec8000]
CodeCache: size=245760Kb, used=1312Kb, max_used=1312Kb, free=244446Kb
 total_blobs=405, nmethods=71, adapters=239, full_count=0
Compilation: enabled, stopped_count=0, restarted_count=0

Compilation events (20 events):
Event: 0.083 Thread 0x00007f7cf00d2400 nmethod 58 0x00007f7cd840b188 code [0x00007f7cd840b280, 0x00007f7cd840b598]
Event: 0.083 Thread 0x00007f7cf00d2400   59       3       jdk.internal.misc.Unsafe::getShortUnaligned (12 bytes)
Event: 0.084 Thread 0x00007f7cf00d2400 nmethod 59 0x00007f7cd840b608 code [0x00007f7cd840b700, 0x00007f7cd840b928]
Event: 0.084 Thread 0x00007f7cf00d2400   60       3       jdk.internal.misc.Unsafe::getShortUnaligned (33 bytes)
Event: 0.084 Thread 0x00007f7cf00d2400 nmethod 60 0x00007f7cd840b988 code [0x00007f7cd840ba80, 0x00007f7cd840be10]
Event: 0.084 Thread 0x00007f7cf00d2400   61       3       jdk.internal.misc.Unsafe::convEndian (16 bytes)
Event: 0.084 Thread 0x00007f7cf00d2400 nmethod 61 0x00007f7cd840be88 code [0x00007f7cd840bf80, 0x00007f7cd840c120]
Event: 0.084 Thread 0x00007f7cf00d2400   62       3       java.lang.Short::toUnsignedInt (5 bytes)
Event: 0.084 Thread 0x00007f7cf00d2400 nmethod 62 0x00007f7cd840c188 code [0x00007f7cd840c280, 0x00007f7cd840c368]
Event: 0.088 Thread 0x00007f7cf00d2400   63       3       java.lang.String::charAt (25 bytes)
Event: 0.089 Thread 0x00007f7cf00d2400 nmethod 63 0x00007f7cd840c488 code [0x00007f7cd840c580, 0x00007f7cd840c978]
Event: 0.089 Thread 0x00007f7cf00d2400   64       3       java.lang.StringLatin1::charAt (15 bytes)
Event: 0.089 Thread 0x00007f7cf00d2400 nmethod 64 0x00007f7cd840c988 code [0x00007f7cd840ca80, 0x00007f7cd840cc40]
Event: 0.089 Thread 0x00007f7cf00d2400   65       3       java.lang.String::checkIndex (10 bytes)
Event: 0.089 Thread 0x00007f7cf00d2400 nmethod 65 0x00007f7cd840cc88 code [0x00007f7cd840cd80, 0x00007f7cd840cea8]
Event: 0.089 Thread 0x00007f7cf00d2400   66       3       java.lang.String::length (11 bytes)
Event: 0.090 Thread 0x00007f7cf00d2400 nmethod 66 0x00007f7cd840cf88 code [0x00007f7cd840d080, 0x00007f7cd840d290]
Event: 0.095 Thread 0x00007f7cf00d2400   68       3       jdk.internal.util.ArraysSupport::unsignedHashCode (36 bytes)
Event: 0.096 Thread 0x00007f7cf00d2400 nmethod 68 0x00007f7cd840d308 code [0x00007f7cd840d400, 0x00007f7cd840d610]
Event: 0.100 Thread 0x00007f7cf00d2400   69       3       jdk.internal.misc.Unsafe::getIntUnaligned (83 bytes)

GC Heap Usage History (0 events):
No events

Metaspace Usage History (0 events):
No events

Dll operation events (4 events):
Event: 0.004 Loaded shared library /usr/lib/apache-netbeans/jdk/lib/libjava.so
Event: 0.037 Loaded shared library /usr/lib/apache-netbeans/jdk/lib/libsimdsort.so
Event: 0.074 Loaded shared library /usr/lib/apache-netbeans/jdk/lib/libnio.so
Event: 0.087 Loaded shared library /usr/lib/apache-netbeans/jdk/lib/libzip.so

Deoptimization events (0 events):
No events

Classes loaded (6 events):
Event: 0.065 Loading class jdk/internal/vm/PostVMInitHook
Event: 0.065 Loading class jdk/internal/vm/PostVMInitHook done
Event: 0.098 Loading class java/net/URLClassLoader
Event: 0.099 Loading class java/net/URLClassLoader done
Event: 0.099 Loading class java/lang/reflect/InvocationTargetException
Event: 0.099 Loading class java/lang/reflect/InvocationTargetException done

Classes unloaded (0 events):
No events

Classes redefined (0 events):
No events

Internal exceptions (0 events):
No events

VM Operations (2 events):
Event: 0.091 Executing non-safepoint VM operation: HandshakeAllThreads (Deoptimize)
Event: 0.091 Executing non-safepoint VM operation: HandshakeAllThreads (Deoptimize) done

Memory protections (11 events):
Event: 0.003 Protecting memory [0x00007f7cf7811000,0x00007f7cf7815000] with protection modes 0
Event: 0.016 Protecting memory [0x0000000059000000,0x0000000059001000] with protection modes 0
Event: 0.033 Protecting memory [0x00007f7cf4e73000,0x00007f7cf4e77000] with protection modes 0
Event: 0.033 Protecting memory [0x00007f7cf4a53000,0x00007f7cf4a57000] with protection modes 0
Event: 0.034 Protecting memory [0x00007f7cf4953000,0x00007f7cf4957000] with protection modes 0
Event: 0.034 Protecting memory [0x00007f7cf4853000,0x00007f7cf4857000] with protection modes 0
Event: 0.034 Protecting memory [0x00007f7cf4753000,0x00007f7cf4757000] with protection modes 0
Event: 0.035 Protecting memory [0x00007f7cf4653000,0x00007f7cf4657000] with protection modes 0
Event: 0.035 Protecting memory [0x00007f7cf4553000,0x00007f7cf4557000] with protection modes 0
Event: 0.065 Protecting memory [0x00007f7cf4411000,0x00007f7cf4415000] with protection modes 0
Event: 0.070 Protecting memory [0x00007f7cf4311000,0x00007f7cf4315000] with protection modes 0

Nmethod flushes (0 events):
No events

Events (10 events):
Event: 0.020 Thread 0x00007f7cf002b6b0 Thread added: 0x00007f7cf002b6b0
Event: 0.033 Thread 0x00007f7cf002b6b0 Thread added: 0x00007f7cf00c8d10
Event: 0.033 Thread 0x00007f7cf002b6b0 Thread added: 0x00007f7cf00c9f00
Event: 0.034 Thread 0x00007f7cf002b6b0 Thread added: 0x00007f7cf00cba70
Event: 0.034 Thread 0x00007f7cf002b6b0 Thread added: 0x00007f7cf00cd390
Event: 0.034 Thread 0x00007f7cf002b6b0 Thread added: 0x00007f7cf00cec10
Event: 0.035 Thread 0x00007f7cf002b6b0 Thread added: 0x00007f7cf00d0a10
Event: 0.035 Thread 0x00007f7cf002b6b0 Thread added: 0x00007f7cf00d2400
Event: 0.065 Thread 0x00007f7cf002b6b0 Thread added: 0x00007f7cf010af60
Event: 0.070 Thread 0x00007f7cf002b6b0 Thread added: 0x00007f7cf010d8b0


Dynamic libraries:
59000000-59001000 ---p 00000000 00:00 0 
59001000-59d8c000 rw-p 00001000 00:22 383280                             /usr/lib/apache-netbeans/jdk/lib/server/classes.jsa
59d8c000-5a000000 ---p 00000000 00:00 0 
5a000000-5a010000 rw-p 00000000 00:00 0 
5a010000-5a040000 ---p 00000000 00:00 0 
5a040000-5a050000 rw-p 00000000 00:00 0 
5a050000-9a000000 ---p 00000000 00:00 0 
6e8000000-6f9800000 rw-p 00000000 00:00 0 
6f9800000-7ffc00000 ---p 00000000 00:00 0 
7ffc00000-7ffd21000 rw-p 00dbf000 00:22 383280                           /usr/lib/apache-netbeans/jdk/lib/server/classes.jsa
7ffd21000-800000000 rw-p 00000000 00:00 0 
55b1e2be4000-55b1e2be5000 r--p 00000000 00:22 382840                     /usr/lib/apache-netbeans/jdk/bin/java
55b1e2be5000-55b1e2be6000 r-xp 00001000 00:22 382840                     /usr/lib/apache-netbeans/jdk/bin/java
55b1e2be6000-55b1e2be7000 r--p 00002000 00:22 382840                     /usr/lib/apache-netbeans/jdk/bin/java
55b1e2be7000-55b1e2be8000 r--p 00002000 00:22 382840                     /usr/lib/apache-netbeans/jdk/bin/java
55b1e2be8000-55b1e2be9000 rw-p 00003000 00:22 382840                     /usr/lib/apache-netbeans/jdk/bin/java
55b1f5676000-55b1f56bf000 rw-p 00000000 00:00 0                          [heap]
7f7c7c000000-7f7c7c021000 rw-p 00000000 00:00 0 
7f7c7c021000-7f7c80000000 ---p 00000000 00:00 0 
7f7c80000000-7f7c80021000 rw-p 00000000 00:00 0 
7f7c80021000-7f7c84000000 ---p 00000000 00:00 0 
7f7c84000000-7f7c840d2000 rw-p 00000000 00:00 0 
7f7c840d2000-7f7c88000000 ---p 00000000 00:00 0 
7f7c88000000-7f7c88045000 rw-p 00000000 00:00 0 
7f7c88045000-7f7c8c000000 ---p 00000000 00:00 0 
7f7c8c000000-7f7c8c021000 rw-p 00000000 00:00 0 
7f7c8c021000-7f7c90000000 ---p 00000000 00:00 0 
7f7c90000000-7f7c90021000 rw-p 00000000 00:00 0 
7f7c90021000-7f7c94000000 ---p 00000000 00:00 0 
7f7c94000000-7f7c94021000 rw-p 00000000 00:00 0 
7f7c94021000-7f7c98000000 ---p 00000000 00:00 0 
7f7c9a000000-7f7ca7e70000 r--p 00000000 00:22 1467629                    /usr/lib/locale/locale-archive
7f7ca8000000-7f7ca8030000 rw-p 00000000 00:00 0 
7f7ca8030000-7f7ca8400000 ---p 00000000 00:00 0 
7f7ca8400000-7f7ca8410000 rw-p 00000000 00:00 0 
7f7ca8410000-7f7cac000000 ---p 00000000 00:00 0 
7f7cac000000-7f7cac021000 rw-p 00000000 00:00 0 
7f7cac021000-7f7cb0000000 ---p 00000000 00:00 0 
7f7cb0000000-7f7cb0021000 rw-p 00000000 00:00 0 
7f7cb0021000-7f7cb4000000 ---p 00000000 00:00 0 
7f7cb4000000-7f7cb4021000 rw-p 00000000 00:00 0 
7f7cb4021000-7f7cb8000000 ---p 00000000 00:00 0 
7f7cb8000000-7f7cb8021000 rw-p 00000000 00:00 0 
7f7cb8021000-7f7cbc000000 ---p 00000000 00:00 0 
7f7cbc000000-7f7cbc021000 rw-p 00000000 00:00 0 
7f7cbc021000-7f7cc0000000 ---p 00000000 00:00 0 
7f7cc0000000-7f7cc0021000 rw-p 00000000 00:00 0 
7f7cc0021000-7f7cc4000000 ---p 00000000 00:00 0 
7f7cc4000000-7f7cc4021000 rw-p 00000000 00:00 0 
7f7cc4021000-7f7cc8000000 ---p 00000000 00:00 0 
7f7cc8000000-7f7cc8021000 rw-p 00000000 00:00 0 
7f7cc8021000-7f7ccc000000 ---p 00000000 00:00 0 
7f7ccc000000-7f7ccc021000 rw-p 00000000 00:00 0 
7f7ccc021000-7f7cd0000000 ---p 00000000 00:00 0 
7f7cd1ad3000-7f7cd4260000 rw-p 00000000 00:00 0 
7f7cd4260000-7f7cd83f0000 ---p 00000000 00:00 0 
7f7cd83f0000-7f7cd8400000 rw-p 00000000 00:00 0 
7f7cd8400000-7f7cd8670000 rwxp 00000000 00:00 0 
7f7cd8670000-7f7cdf937000 ---p 00000000 00:00 0 
7f7cdf937000-7f7cdfba7000 rwxp 00000000 00:00 0 
7f7cdfba7000-7f7cdfec8000 ---p 00000000 00:00 0 
7f7cdfec8000-7f7ce0138000 rwxp 00000000 00:00 0 
7f7ce0138000-7f7ce7400000 ---p 00000000 00:00 0 
7f7ce7400000-7f7ceff19000 r--s 00000000 00:22 383272                     /usr/lib/apache-netbeans/jdk/lib/modules
7f7cf0000000-7f7cf0167000 rw-p 00000000 00:00 0 
7f7cf0167000-7f7cf4000000 ---p 00000000 00:00 0 
7f7cf4127000-7f7cf42f3000 rw-p 00000000 00:00 0 
7f7cf42f3000-7f7cf42f5000 r--p 00000000 00:22 383271                     /usr/lib/apache-netbeans/jdk/lib/libzip.so
7f7cf42f5000-7f7cf4307000 r-xp 00002000 00:22 383271                     /usr/lib/apache-netbeans/jdk/lib/libzip.so
7f7cf4307000-7f7cf430f000 r--p 00014000 00:22 383271                     /usr/lib/apache-netbeans/jdk/lib/libzip.so
7f7cf430f000-7f7cf4310000 r--p 0001b000 00:22 383271                     /usr/lib/apache-netbeans/jdk/lib/libzip.so
7f7cf4310000-7f7cf4311000 rw-p 0001c000 00:22 383271                     /usr/lib/apache-netbeans/jdk/lib/libzip.so
7f7cf4311000-7f7cf4315000 ---p 00000000 00:00 0 
7f7cf4315000-7f7cf4411000 rw-p 00000000 00:00 0 
7f7cf4411000-7f7cf4415000 ---p 00000000 00:00 0 
7f7cf4415000-7f7cf4511000 rw-p 00000000 00:00 0 
7f7cf4511000-7f7cf4512000 r--p 00000000 00:22 383267                     /usr/lib/apache-netbeans/jdk/lib/libsimdsort.so
7f7cf4512000-7f7cf454b000 r-xp 00001000 00:22 383267                     /usr/lib/apache-netbeans/jdk/lib/libsimdsort.so
7f7cf454b000-7f7cf4551000 r--p 0003a000 00:22 383267                     /usr/lib/apache-netbeans/jdk/lib/libsimdsort.so
7f7cf4551000-7f7cf4552000 r--p 0003f000 00:22 383267                     /usr/lib/apache-netbeans/jdk/lib/libsimdsort.so
7f7cf4552000-7f7cf4553000 rw-p 00040000 00:22 383267                     /usr/lib/apache-netbeans/jdk/lib/libsimdsort.so
7f7cf4553000-7f7cf4557000 ---p 00000000 00:00 0 
7f7cf4557000-7f7cf4653000 rw-p 00000000 00:00 0 
7f7cf4653000-7f7cf4657000 ---p 00000000 00:00 0 
7f7cf4657000-7f7cf4753000 rw-p 00000000 00:00 0 
7f7cf4753000-7f7cf4757000 ---p 00000000 00:00 0 
7f7cf4757000-7f7cf4853000 rw-p 00000000 00:00 0 
7f7cf4853000-7f7cf4857000 ---p 00000000 00:00 0 
7f7cf4857000-7f7cf4953000 rw-p 00000000 00:00 0 
7f7cf4953000-7f7cf4957000 ---p 00000000 00:00 0 
7f7cf4957000-7f7cf4a53000 rw-p 00000000 00:00 0 
7f7cf4a53000-7f7cf4a57000 ---p 00000000 00:00 0 
7f7cf4a57000-7f7cf4b53000 rw-p 00000000 00:00 0 
7f7cf4b53000-7f7cf4c70000 rw-p 00000000 00:00 0 
7f7cf4c70000-7f7cf4c71000 ---p 00000000 00:00 0 
7f7cf4c71000-7f7cf4d71000 rw-p 00000000 00:00 0 
7f7cf4d71000-7f7cf4d72000 ---p 00000000 00:00 0 
7f7cf4d72000-7f7cf4e72000 rw-p 00000000 00:00 0 
7f7cf4e72000-7f7cf4e73000 ---p 00000000 00:00 0 
7f7cf4e73000-7f7cf4e77000 ---p 00000000 00:00 0 
7f7cf4e77000-7f7cf4f73000 rw-p 00000000 00:00 0 
7f7cf4f80000-7f7cf4f83000 r--p 00000000 00:22 383261                     /usr/lib/apache-netbeans/jdk/lib/libnet.so
7f7cf4f83000-7f7cf4f8b000 r-xp 00003000 00:22 383261                     /usr/lib/apache-netbeans/jdk/lib/libnet.so
7f7cf4f8b000-7f7cf4f8d000 r--p 0000b000 00:22 383261                     /usr/lib/apache-netbeans/jdk/lib/libnet.so
7f7cf4f8d000-7f7cf4f8e000 r--p 0000c000 00:22 383261                     /usr/lib/apache-netbeans/jdk/lib/libnet.so
7f7cf4f8e000-7f7cf4f8f000 rw-p 0000d000 00:22 383261                     /usr/lib/apache-netbeans/jdk/lib/libnet.so
7f7cf4f8f000-7f7cf4f97000 r--p 00000000 00:22 383262                     /usr/lib/apache-netbeans/jdk/lib/libnio.so
7f7cf4f97000-7f7cf4fa0000 r-xp 00008000 00:22 383262                     /usr/lib/apache-netbeans/jdk/lib/libnio.so
7f7cf4fa0000-7f7cf4fa4000 r--p 00011000 00:22 383262                     /usr/lib/apache-netbeans/jdk/lib/libnio.so
7f7cf4fa4000-7f7cf4fa5000 r--p 00015000 00:22 383262                     /usr/lib/apache-netbeans/jdk/lib/libnio.so
7f7cf4fa5000-7f7cf4fa6000 rw-p 00016000 00:22 383262                     /usr/lib/apache-netbeans/jdk/lib/libnio.so
7f7cf4fa6000-7f7cf4fa7000 ---p 00000000 00:00 0 
7f7cf4fa7000-7f7cf50a7000 rw-p 00000000 00:00 0 
7f7cf50a7000-7f7cf50a8000 ---p 00000000 00:00 0 
7f7cf50a8000-7f7cf51a8000 rw-p 00000000 00:00 0 
7f7cf51a8000-7f7cf59b0000 rw-p 00000000 00:00 0 
7f7cf59b0000-7f7cf59b1000 ---p 00000000 00:00 0 
7f7cf59b1000-7f7cf5ab1000 rw-p 00000000 00:00 0 
7f7cf5ab1000-7f7cf5ab2000 ---p 00000000 00:00 0 
7f7cf5ab2000-7f7cf5bb2000 rw-p 00000000 00:00 0 
7f7cf5bb2000-7f7cf5bb3000 ---p 00000000 00:00 0 
7f7cf5bb3000-7f7cf5cb3000 rw-p 00000000 00:00 0 
7f7cf5cb3000-7f7cf5d3f000 rw-p 00000000 00:00 0 
7f7cf5d3f000-7f7cf6571000 ---p 00000000 00:00 0 
7f7cf6571000-7f7cf65ff000 rw-p 00000000 00:00 0 
7f7cf65ff000-7f7cf6e31000 ---p 00000000 00:00 0 
7f7cf6e31000-7f7cf7640000 rw-p 00000000 00:00 0 
7f7cf7640000-7f7cf7726000 ---p 00000000 00:00 0 
7f7cf7726000-7f7cf772b000 rw-p 00000000 00:00 0 
7f7cf772b000-7f7cf7811000 ---p 00000000 00:00 0 
7f7cf7811000-7f7cf7815000 ---p 00000000 00:00 0 
7f7cf7815000-7f7cf7911000 rw-p 00000000 00:00 0 
7f7cf7911000-7f7cf798e000 r-xp 00000000 00:22 1467676                    /usr/lib64/libm.so.6
7f7cf798e000-7f7cf79fe000 r--p 0007d000 00:22 1467676                    /usr/lib64/libm.so.6
7f7cf79fe000-7f7cf79ff000 r--p 000ec000 00:22 1467676                    /usr/lib64/libm.so.6
7f7cf79ff000-7f7cf7a00000 rw-p 000ed000 00:22 1467676                    /usr/lib64/libm.so.6
7f7cf7a00000-7f7cf7ce2000 r--p 00000000 00:22 383285                     /usr/lib/apache-netbeans/jdk/lib/server/libjvm.so
7f7cf7ce2000-7f7cf8ce2000 r-xp 002e2000 00:22 383285                     /usr/lib/apache-netbeans/jdk/lib/server/libjvm.so
7f7cf8ce2000-7f7cf8ff2000 r--p 012e2000 00:22 383285                     /usr/lib/apache-netbeans/jdk/lib/server/libjvm.so
7f7cf8ff2000-7f7cf90dd000 r--p 015f2000 00:22 383285                     /usr/lib/apache-netbeans/jdk/lib/server/libjvm.so
7f7cf90dd000-7f7cf9108000 rw-p 016dd000 00:22 383285                     /usr/lib/apache-netbeans/jdk/lib/server/libjvm.so
7f7cf9108000-7f7cf9184000 rw-p 00000000 00:00 0 
7f7cf9188000-7f7cf921e000 rw-p 00000000 00:00 0 
7f7cf921e000-7f7cf9225000 ---p 00000000 00:00 0 
7f7cf9225000-7f7cf9233000 r--p 00000000 00:22 383247                     /usr/lib/apache-netbeans/jdk/lib/libjava.so
7f7cf9233000-7f7cf9241000 r-xp 0000e000 00:22 383247                     /usr/lib/apache-netbeans/jdk/lib/libjava.so
7f7cf9241000-7f7cf9246000 r--p 0001c000 00:22 383247                     /usr/lib/apache-netbeans/jdk/lib/libjava.so
7f7cf9246000-7f7cf9247000 r--p 00021000 00:22 383247                     /usr/lib/apache-netbeans/jdk/lib/libjava.so
7f7cf9247000-7f7cf9248000 rw-p 00022000 00:22 383247                     /usr/lib/apache-netbeans/jdk/lib/libjava.so
7f7cf9248000-7f7cf9249000 rw-p 00000000 00:00 0 
7f7cf9249000-7f7cf924d000 r--p 00000000 00:22 383251                     /usr/lib/apache-netbeans/jdk/lib/libjimage.so
7f7cf924d000-7f7cf9265000 r-xp 00004000 00:22 383251                     /usr/lib/apache-netbeans/jdk/lib/libjimage.so
7f7cf9265000-7f7cf926b000 r--p 0001c000 00:22 383251                     /usr/lib/apache-netbeans/jdk/lib/libjimage.so
7f7cf926b000-7f7cf926d000 r--p 00021000 00:22 383251                     /usr/lib/apache-netbeans/jdk/lib/libjimage.so
7f7cf926d000-7f7cf926e000 rw-p 00023000 00:22 383251                     /usr/lib/apache-netbeans/jdk/lib/libjimage.so
7f7cf926e000-7f7cf926f000 r-xp 00000000 00:22 1467684                    /usr/lib64/librt.so.1
7f7cf926f000-7f7cf9270000 r--p 00001000 00:22 1467684                    /usr/lib64/librt.so.1
7f7cf9270000-7f7cf9271000 r--p 00001000 00:22 1467684                    /usr/lib64/librt.so.1
7f7cf9271000-7f7cf9274000 rw-p 00000000 00:00 0 
7f7cf9274000-7f7cf9275000 r-xp 00000000 00:22 1467682                    /usr/lib64/libpthread.so.0
7f7cf9275000-7f7cf9276000 r--p 00001000 00:22 1467682                    /usr/lib64/libpthread.so.0
7f7cf9276000-7f7cf9277000 r--p 00001000 00:22 1467682                    /usr/lib64/libpthread.so.0
7f7cf9277000-7f7cf9278000 rw-p 00000000 00:00 0 
7f7cf9278000-7f7cf9279000 r-xp 00000000 00:22 1467675                    /usr/lib64/libdl.so.2
7f7cf9279000-7f7cf927a000 r--p 00001000 00:22 1467675                    /usr/lib64/libdl.so.2
7f7cf927a000-7f7cf927b000 r--p 00001000 00:22 1467675                    /usr/lib64/libdl.so.2
7f7cf927b000-7f7cf927c000 rw-p 00000000 00:00 0 
7f7cf927c000-7f7cf93ea000 r-xp 00000000 00:22 1467674                    /usr/lib64/libc.so.6
7f7cf93ea000-7f7cf945f000 r--p 0016e000 00:22 1467674                    /usr/lib64/libc.so.6
7f7cf945f000-7f7cf9463000 r--p 001e2000 00:22 1467674                    /usr/lib64/libc.so.6
7f7cf9463000-7f7cf9465000 rw-p 001e6000 00:22 1467674                    /usr/lib64/libc.so.6
7f7cf9465000-7f7cf946d000 rw-p 00000000 00:00 0 
7f7cf946e000-7f7cf9475000 r--s 00000000 00:22 1505679                    /usr/lib64/gconv/gconv-modules.cache
7f7cf9475000-7f7cf947d000 rw-s 00000000 00:2b 312                        /tmp/hsperfdata_bilal/9753
7f7cf947d000-7f7cf947e000 ---p 00000000 00:00 0 
7f7cf947e000-7f7cf947f000 r--p 00000000 00:00 0 
7f7cf947f000-7f7cf9480000 ---p 00000000 00:00 0 
7f7cf9480000-7f7cf9483000 r--p 00000000 00:22 383252                     /usr/lib/apache-netbeans/jdk/lib/libjli.so
7f7cf9483000-7f7cf9494000 r-xp 00003000 00:22 383252                     /usr/lib/apache-netbeans/jdk/lib/libjli.so
7f7cf9494000-7f7cf949b000 r--p 00014000 00:22 383252                     /usr/lib/apache-netbeans/jdk/lib/libjli.so
7f7cf949b000-7f7cf949c000 r--p 0001a000 00:22 383252                     /usr/lib/apache-netbeans/jdk/lib/libjli.so
7f7cf949c000-7f7cf949d000 rw-p 0001b000 00:22 383252                     /usr/lib/apache-netbeans/jdk/lib/libjli.so
7f7cf949d000-7f7cf949f000 rw-p 00000000 00:00 0 
7f7cf949f000-7f7cf94a1000 r--p 00000000 00:00 0                          [vvar]
7f7cf94a1000-7f7cf94a3000 r--p 00000000 00:00 0                          [vvar_vclock]
7f7cf94a3000-7f7cf94a5000 r-xp 00000000 00:00 0                          [vdso]
7f7cf94a5000-7f7cf94ce000 r-xp 00000000 00:22 1467671                    /usr/lib64/ld-linux-x86-64.so.2
7f7cf94ce000-7f7cf94d9000 r--p 00029000 00:22 1467671                    /usr/lib64/ld-linux-x86-64.so.2
7f7cf94d9000-7f7cf94db000 r--p 00034000 00:22 1467671                    /usr/lib64/ld-linux-x86-64.so.2
7f7cf94db000-7f7cf94dc000 rw-p 00036000 00:22 1467671                    /usr/lib64/ld-linux-x86-64.so.2
7f7cf94dc000-7f7cf94dd000 rw-p 00000000 00:00 0 
7ffd00ec5000-7ffd00ee6000 rw-p 00000000 00:00 0                          [stack]
ffffffffff600000-ffffffffff601000 --xp 00000000 00:00 0                  [vsyscall]
Total number of mappings: 193

JVMTI agents: none


VM Arguments:
jvm_args: --enable-native-access=ALL-UNNAMED -Dclassworlds.conf=/usr/lib/apache-netbeans/java/maven/bin/m2.conf -Dmaven.home=/usr/lib/apache-netbeans/java/maven -Dlibrary.jansi.path=/usr/lib/apache-netbeans/java/maven/lib/jansi-native -Dmaven.multiModuleProjectDirectory=/home/bilal/NetBeansProjects/Project-UAS-PBO-Restaurant 
java_command: org.codehaus.plexus.classworlds.launcher.Launcher -Dnetbeans.deploy=true -Dexec.vmArgs= -Dexec.appArgs= -Dmaven.ext.class.path=/usr/lib/apache-netbeans/java/maven-nblib/netbeans-eventspy.jar --no-transfer-progress package
java_class_path (initial): /usr/lib/apache-netbeans/java/maven/boot/plexus-classworlds-2.9.0.jar
Launcher Type: SUN_STANDARD

[Global flags]
     intx CICompilerCount                          = 4                                         {product} {ergonomic}
     uint ConcGCThreads                            = 2                                         {product} {ergonomic}
     uint G1ConcRefinementThreads                  = 8                                         {product} {ergonomic}
   size_t G1HeapRegionSize                         = 4194304                                   {product} {ergonomic}
   size_t InitialHeapSize                          = 293601280                                 {product} {ergonomic}
   size_t MarkStackSize                            = 4194304                                   {product} {ergonomic}
   size_t MarkStackSizeMax                         = 536870912                                 {product} {ergonomic}
   size_t MaxHeapSize                              = 4697620480                                {product} {ergonomic}
   size_t MaxNewSize                               = 2818572288                                {product} {ergonomic}
   size_t MinHeapDeltaBytes                        = 4194304                                   {product} {ergonomic}
   size_t MinHeapSize                              = 8388608                                   {product} {ergonomic}
    uintx NonNMethodCodeHeapSize                   = 5836800                                {pd product} {ergonomic}
    uintx NonProfiledCodeHeapSize                  = 122912768                              {pd product} {ergonomic}
    uintx ProfiledCodeHeapSize                     = 122908672                              {pd product} {ergonomic}
    uintx ReservedCodeCacheSize                    = 251658240                              {pd product} {ergonomic}
     bool SegmentedCodeCache                       = true                                      {product} {ergonomic}
   size_t SoftMaxHeapSize                          = 4697620480                             {manageable} {ergonomic}
     bool UseCompressedOops                        = true                           {product lp64_product} {ergonomic}
     bool UseG1GC                                  = true                                      {product} {ergonomic}

Logging:
Log output configuration:
 #0: stdout all=warning uptime,level,tags foldmultilines=false
 #1: stderr all=off uptime,level,tags foldmultilines=false

Release file:
<release file has not been read>
Environment Variables:
JAVA_HOME=/usr/lib/apache-netbeans/jdk
PATH=/home/bilal/.local/bin:/home/bilal/bin:/usr/local/bin:/usr/bin:/var/lib/snapd/snap/bin:/usr/local/sbin
USERNAME=bilal
SHELL=/bin/bash
DISPLAY=:0
LANG=en_US.UTF-8

Active Locale:
LC_ALL=en_US.UTF-8
LC_COLLATE=en_US.UTF-8
LC_CTYPE=en_US.UTF-8
LC_MESSAGES=en_US.UTF-8
LC_MONETARY=en_US.UTF-8
LC_NUMERIC=en_US.UTF-8
LC_TIME=en_US.UTF-8

Signal Handlers:
   SIGSEGV: crash_handler in libjvm.so, mask=11100100010111111101111111111110, flags=SA_RESTART|SA_SIGINFO, unblocked
    SIGBUS: crash_handler in libjvm.so, mask=11100100010111111101111111111110, flags=SA_RESTART|SA_SIGINFO, unblocked
    SIGFPE: crash_handler in libjvm.so, mask=11100100010111111101111111111110, flags=SA_RESTART|SA_SIGINFO, unblocked
   SIGPIPE: javaSignalHandler in libjvm.so, mask=11100100010111111101111111111110, flags=SA_RESTART|SA_SIGINFO, blocked
   SIGXFSZ: javaSignalHandler in libjvm.so, mask=11100100010111111101111111111110, flags=SA_RESTART|SA_SIGINFO, blocked
    SIGILL: crash_handler in libjvm.so, mask=11100100010111111101111111111110, flags=SA_RESTART|SA_SIGINFO, unblocked
   SIGUSR2: SR_handler in libjvm.so, mask=00000000000000000000000000000000, flags=SA_RESTART|SA_SIGINFO, blocked
    SIGHUP: UserHandler in libjvm.so, mask=11100100010111111101111111111110, flags=SA_RESTART|SA_SIGINFO, blocked
    SIGINT: SIG_IGN, mask=00000000000000000000000000000000, flags=none, blocked
   SIGTERM: UserHandler in libjvm.so, mask=11100100010111111101111111111110, flags=SA_RESTART|SA_SIGINFO, blocked
   SIGQUIT: UserHandler in libjvm.so, mask=11100100010111111101111111111110, flags=SA_RESTART|SA_SIGINFO, blocked
   SIGTRAP: crash_handler in libjvm.so, mask=11100100010111111101111111111110, flags=SA_RESTART|SA_SIGINFO, unblocked


Compilation memory statistics disabled.

Periodic native trim disabled

---------------  S Y S T E M  ---------------

OS:
Fedora release 42 (Adams)
uname: Linux 6.14.0-63.fc42.x86_64 #1 SMP PREEMPT_DYNAMIC Mon Mar 24 19:53:37 UTC 2025 x86_64
OS uptime: 0 days 0:27 hours
libc: glibc 2.41 NPTL 2.41 
rlimit (soft/hard): STACK 8192k/infinity , CORE infinity/infinity , NPROC 71241/71241 , NOFILE 524288/524288 , AS infinity/infinity , CPU infinity/infinity , DATA infinity/infinity , FSIZE infinity/infinity , MEMLOCK 8192k/8192k
load average: 2.68 2.90 2.30

/proc/meminfo:
MemTotal:       18336688 kB
MemFree:         1141488 kB
MemAvailable:    6200428 kB
Buffers:            2576 kB
Cached:          7421204 kB
SwapCached:            0 kB
Active:          4147032 kB
Inactive:       11864084 kB
Active(anon):    3097624 kB
Inactive(anon):  7663068 kB
Active(file):    1049408 kB
Inactive(file):  4201016 kB
Unevictable:        5844 kB
Mlocked:            5844 kB
SwapTotal:       8388604 kB
SwapFree:        8137724 kB
Zswap:                 0 kB
Zswapped:              0 kB
Dirty:            113460 kB
Writeback:             0 kB
AnonPages:       8593556 kB
Mapped:          1113956 kB
Shmem:           2168464 kB
KReclaimable:     149396 kB
Slab:             356148 kB
SReclaimable:     149396 kB
SUnreclaim:       206752 kB
KernelStack:       25376 kB
PageTables:        71264 kB
SecPageTables:      4184 kB
NFS_Unstable:          0 kB
Bounce:                0 kB
WritebackTmp:          0 kB
CommitLimit:    17556948 kB
Committed_AS:   23508996 kB
VmallocTotal:   34359738367 kB
VmallocUsed:      121820 kB
VmallocChunk:          0 kB
Percpu:             8416 kB
HardwareCorrupted:     0 kB
AnonHugePages:         0 kB
ShmemHugePages:        0 kB
ShmemPmdMapped:        0 kB
FileHugePages:         0 kB
FilePmdMapped:         0 kB
CmaTotal:              0 kB
CmaFree:               0 kB
Unaccepted:            0 kB
HugePages_Total:       0
HugePages_Free:        0
HugePages_Rsvd:        0
HugePages_Surp:        0
Hugepagesize:       2048 kB
Hugetlb:               0 kB
DirectMap4k:      530004 kB
DirectMap2M:    17229824 kB
DirectMap1G:     2097152 kB

/sys/kernel/mm/transparent_hugepage/enabled: always [madvise] never
/sys/kernel/mm/transparent_hugepage/hpage_pmd_size: 2097152
/sys/kernel/mm/transparent_hugepage/shmem_enabled: always within_size advise [never] deny force
/sys/kernel/mm/transparent_hugepage/defrag (defrag/compaction efforts parameter): always defer defer+madvise [madvise] never

Process Memory:
Virtual Size: 7641892K (peak: 7641968K)
Resident Set Size: 48392K (peak: 48392K) (anon: 23552K, file: 24840K, shmem: 0K)
Swapped out: 0K
C-Heap outstanding allocations: 25661K, retained: 1998K
glibc malloc tunables: (default)

/proc/sys/kernel/threads-max (system-wide limit on the number of threads): 142482
/proc/sys/vm/max_map_count (maximum number of memory map areas a process may have): 1048576
/proc/sys/vm/swappiness (control to define how aggressively the kernel swaps out anonymous memory): 60
/proc/sys/kernel/pid_max (system-wide limit on number of process identifiers): 4194304

container information not found.
Steal ticks since vm start: 0
Steal ticks percentage since vm start:  0.000

CPU: total 8 (initial active 8) (8 cores per cpu, 2 threads per core) family 23 model 24 stepping 1 microcode 0x8108109, cx8, cmov, fxsr, ht, mmx, 3dnowpref, sse, sse2, sse3, ssse3, sse4a, sse4.1, sse4.2, popcnt, lzcnt, tsc, tscinvbit, avx, avx2, aes, clmul, bmi1, bmi2, adx, sha, fma, vzeroupper, clflush, clflushopt, rdtscp, f16c
CPU Model and flags from /proc/cpuinfo:
model name	: AMD Ryzen 5 3500U with Radeon Vega Mobile Gfx
flags		: fpu vme de pse tsc msr pae mce cx8 apic sep mtrr pge mca cmov pat pse36 clflush mmx fxsr sse sse2 ht syscall nx mmxext fxsr_opt pdpe1gb rdtscp lm constant_tsc rep_good nopl nonstop_tsc cpuid extd_apicid aperfmperf rapl pni pclmulqdq monitor ssse3 fma cx16 sse4_1 sse4_2 movbe popcnt aes xsave avx f16c rdrand lahf_lm cmp_legacy svm extapic cr8_legacy abm sse4a misalignsse 3dnowprefetch osvw skinit wdt tce topoext perfctr_core perfctr_nb bpext perfctr_llc mwaitx cpb hw_pstate ssbd ibpb vmmcall fsgsbase bmi1 avx2 smep bmi2 rdseed adx smap clflushopt sha_ni xsaveopt xsavec xgetbv1 clzero irperf xsaveerptr arat npt lbrv svm_lock nrip_save tsc_scale vmcb_clean flushbyasid decodeassists pausefilter pfthreshold avic v_vmsave_vmload vgif overflow_recov succor smca sev sev_es

Online cpus: 0-7
Offline cpus: 
BIOS frequency limitation: 2100000
Frequency switch latency (ns): 0
Available cpu frequencies: 2100000 1700000 1400000 
Current governor: schedutil
Core performance/turbo boost: 1

Memory: 4k page, physical 18336688k(6200696k free), swap 8388604k(8137724k free)
Page Sizes: 4k

vm_info: OpenJDK 64-Bit Server VM (25.0.1+8-LTS) for linux-amd64 JRE (25.0.1+8-LTS), built on 2025-10-21T00:00:00Z with gcc 14.2.0

END.
